[0.704s] Invoking command in '/home/labdoo/ros2_ws/build/turtlesim': CMAKE_PREFIX_PATH=/opt/ros/iron /usr/bin/cmake --build /home/labdoo/ros2_ws/build/turtlesim -- -j4 -l4
[0.773s] [  0%] Built target turtlesim__rosidl_generator_type_description
[0.785s] [  0%] Built target ament_cmake_python_copy_turtlesim
[0.806s] [  1%] Built target turtlesim__cpp
[0.824s] [ 24%] Built target turtlesim__rosidl_generator_c
[0.871s] [ 32%] Built target turtlesim__rosidl_typesupport_cpp
[0.885s] [ 41%] Built target turtlesim__rosidl_typesupport_fastrtps_c
[0.923s] [ 49%] Built target turtlesim__rosidl_typesupport_fastrtps_cpp
[0.924s] [ 67%] Built target turtlesim__rosidl_typesupport_c
[0.924s] [ 67%] Built target turtlesim__rosidl_typesupport_introspection_c
[0.982s] [ 75%] Built target turtlesim__rosidl_typesupport_introspection_cpp
[1.007s] [ 77%] Built target turtle_teleop_key
[1.021s] [ 83%] Built target turtlesim_node
[1.049s] [ 84%] Built target draw_square
[1.063s] [ 84%] Built target turtlesim
[1.064s] [ 86%] Built target mimic
[1.086s] [ 86%] Built target turtlesim__py
[1.115s] [ 94%] Built target turtlesim__rosidl_generator_py
[1.162s] [ 96%] Built target turtlesim__rosidl_typesupport_fastrtps_c__pyext
[1.170s] [ 98%] Built target turtlesim__rosidl_typesupport_introspection_c__pyext
[1.175s] [100%] Built target turtlesim__rosidl_typesupport_c__pyext
[1.400s] running egg_info
[1.401s] writing turtlesim.egg-info/PKG-INFO
[1.401s] writing dependency_links to turtlesim.egg-info/dependency_links.txt
[1.402s] writing top-level names to turtlesim.egg-info/top_level.txt
[1.407s] reading manifest file 'turtlesim.egg-info/SOURCES.txt'
[1.408s] writing manifest file 'turtlesim.egg-info/SOURCES.txt'
[1.453s] [100%] Built target ament_cmake_python_build_turtlesim_egg
[1.468s] Invoked command in '/home/labdoo/ros2_ws/build/turtlesim' returned '0': CMAKE_PREFIX_PATH=/opt/ros/iron /usr/bin/cmake --build /home/labdoo/ros2_ws/build/turtlesim -- -j4 -l4
[1.727s] Invoking command in '/home/labdoo/ros2_ws/build/turtlesim': CMAKE_PREFIX_PATH=/opt/ros/iron /usr/bin/cmake --install /home/labdoo/ros2_ws/build/turtlesim
[1.736s] -- Install configuration: ""
[1.737s] -- Up-to-date: /home/labdoo/ros2_ws/install/turtlesim/share/ament_index/resource_index/rosidl_interfaces/turtlesim
[1.737s] -- Up-to-date: /home/labdoo/ros2_ws/install/turtlesim/share/turtlesim/action/RotateAbsolute.json
[1.737s] -- Up-to-date: /home/labdoo/ros2_ws/install/turtlesim/share/turtlesim/msg/Color.json
[1.738s] -- Up-to-date: /home/labdoo/ros2_ws/install/turtlesim/share/turtlesim/msg/Pose.json
[1.738s] -- Up-to-date: /home/labdoo/ros2_ws/install/turtlesim/share/turtlesim/srv/Kill.json
[1.738s] -- Up-to-date: /home/labdoo/ros2_ws/install/turtlesim/share/turtlesim/srv/SetPen.json
[1.739s] -- Up-to-date: /home/labdoo/ros2_ws/install/turtlesim/share/turtlesim/srv/Spawn.json
[1.739s] -- Up-to-date: /home/labdoo/ros2_ws/install/turtlesim/share/turtlesim/srv/TeleportAbsolute.json
[1.739s] -- Up-to-date: /home/labdoo/ros2_ws/install/turtlesim/share/turtlesim/srv/TeleportRelative.json
[1.740s] -- Up-to-date: /home/labdoo/ros2_ws/install/turtlesim/include/turtlesim/turtlesim
[1.740s] -- Up-to-date: /home/labdoo/ros2_ws/install/turtlesim/include/turtlesim/turtlesim/msg
[1.740s] -- Up-to-date: /home/labdoo/ros2_ws/install/turtlesim/include/turtlesim/turtlesim/msg/color.h
[1.740s] -- Up-to-date: /home/labdoo/ros2_ws/install/turtlesim/include/turtlesim/turtlesim/msg/pose.h
[1.741s] -- Up-to-date: /home/labdoo/ros2_ws/install/turtlesim/include/turtlesim/turtlesim/msg/detail
[1.741s] -- Up-to-date: /home/labdoo/ros2_ws/install/turtlesim/include/turtlesim/turtlesim/msg/detail/pose__type_support.h
[1.741s] -- Installing: /home/labdoo/ros2_ws/install/turtlesim/include/turtlesim/turtlesim/msg/detail/color__type_support.c
[1.741s] -- Up-to-date: /home/labdoo/ros2_ws/install/turtlesim/include/turtlesim/turtlesim/msg/detail/pose__functions.c
[1.741s] -- Up-to-date: /home/labdoo/ros2_ws/install/turtlesim/include/turtlesim/turtlesim/msg/detail/pose__struct.h
[1.742s] -- Up-to-date: /home/labdoo/ros2_ws/install/turtlesim/include/turtlesim/turtlesim/msg/detail/pose__description.c
[1.742s] -- Up-to-date: /home/labdoo/ros2_ws/install/turtlesim/include/turtlesim/turtlesim/msg/detail/color__functions.c
[1.742s] -- Up-to-date: /home/labdoo/ros2_ws/install/turtlesim/include/turtlesim/turtlesim/msg/detail/color__struct.h
[1.743s] -- Up-to-date: /home/labdoo/ros2_ws/install/turtlesim/include/turtlesim/turtlesim/msg/detail/color__type_support.h
[1.743s] -- Up-to-date: /home/labdoo/ros2_ws/install/turtlesim/include/turtlesim/turtlesim/msg/detail/color__functions.h
[1.743s] -- Installing: /home/labdoo/ros2_ws/install/turtlesim/include/turtlesim/turtlesim/msg/detail/pose__type_support.c
[1.744s] -- Up-to-date: /home/labdoo/ros2_ws/install/turtlesim/include/turtlesim/turtlesim/msg/detail/color__description.c
[1.744s] -- Up-to-date: /home/labdoo/ros2_ws/install/turtlesim/include/turtlesim/turtlesim/msg/detail/pose__functions.h
[1.745s] -- Up-to-date: /home/labdoo/ros2_ws/install/turtlesim/include/turtlesim/turtlesim/msg/rosidl_generator_c__visibility_control.h
[1.745s] -- Up-to-date: /home/labdoo/ros2_ws/install/turtlesim/include/turtlesim/turtlesim/srv
[1.745s] -- Up-to-date: /home/labdoo/ros2_ws/install/turtlesim/include/turtlesim/turtlesim/srv/spawn.h
[1.745s] -- Up-to-date: /home/labdoo/ros2_ws/install/turtlesim/include/turtlesim/turtlesim/srv/set_pen.h
[1.746s] -- Up-to-date: /home/labdoo/ros2_ws/install/turtlesim/include/turtlesim/turtlesim/srv/teleport_relative.h
[1.746s] -- Up-to-date: /home/labdoo/ros2_ws/install/turtlesim/include/turtlesim/turtlesim/srv/teleport_absolute.h
[1.746s] -- Up-to-date: /home/labdoo/ros2_ws/install/turtlesim/include/turtlesim/turtlesim/srv/detail
[1.746s] -- Up-to-date: /home/labdoo/ros2_ws/install/turtlesim/include/turtlesim/turtlesim/srv/detail/teleport_absolute__functions.h
[1.747s] -- Up-to-date: /home/labdoo/ros2_ws/install/turtlesim/include/turtlesim/turtlesim/srv/detail/spawn__type_support.h
[1.747s] -- Up-to-date: /home/labdoo/ros2_ws/install/turtlesim/include/turtlesim/turtlesim/srv/detail/set_pen__description.c
[1.747s] -- Up-to-date: /home/labdoo/ros2_ws/install/turtlesim/include/turtlesim/turtlesim/srv/detail/set_pen__functions.h
[1.747s] -- Up-to-date: /home/labdoo/ros2_ws/install/turtlesim/include/turtlesim/turtlesim/srv/detail/teleport_absolute__functions.c
[1.748s] -- Up-to-date: /home/labdoo/ros2_ws/install/turtlesim/include/turtlesim/turtlesim/srv/detail/kill__functions.c
[1.748s] -- Up-to-date: /home/labdoo/ros2_ws/install/turtlesim/include/turtlesim/turtlesim/srv/detail/teleport_relative__functions.h
[1.748s] -- Up-to-date: /home/labdoo/ros2_ws/install/turtlesim/include/turtlesim/turtlesim/srv/detail/set_pen__struct.h
[1.748s] -- Up-to-date: /home/labdoo/ros2_ws/install/turtlesim/include/turtlesim/turtlesim/srv/detail/spawn__description.c
[1.748s] -- Up-to-date: /home/labdoo/ros2_ws/install/turtlesim/include/turtlesim/turtlesim/srv/detail/teleport_absolute__struct.h
[1.749s] -- Up-to-date: /home/labdoo/ros2_ws/install/turtlesim/include/turtlesim/turtlesim/srv/detail/kill__type_support.h
[1.749s] -- Installing: /home/labdoo/ros2_ws/install/turtlesim/include/turtlesim/turtlesim/srv/detail/teleport_relative__type_support.c
[1.749s] -- Up-to-date: /home/labdoo/ros2_ws/install/turtlesim/include/turtlesim/turtlesim/srv/detail/set_pen__type_support.h
[1.750s] -- Up-to-date: /home/labdoo/ros2_ws/install/turtlesim/include/turtlesim/turtlesim/srv/detail/teleport_absolute__type_support.h
[1.750s] -- Up-to-date: /home/labdoo/ros2_ws/install/turtlesim/include/turtlesim/turtlesim/srv/detail/spawn__functions.c
[1.750s] -- Up-to-date: /home/labdoo/ros2_ws/install/turtlesim/include/turtlesim/turtlesim/srv/detail/spawn__struct.h
[1.750s] -- Installing: /home/labdoo/ros2_ws/install/turtlesim/include/turtlesim/turtlesim/srv/detail/set_pen__type_support.c
[1.750s] -- Up-to-date: /home/labdoo/ros2_ws/install/turtlesim/include/turtlesim/turtlesim/srv/detail/teleport_relative__struct.h
[1.751s] -- Up-to-date: /home/labdoo/ros2_ws/install/turtlesim/include/turtlesim/turtlesim/srv/detail/kill__description.c
[1.754s] -- Up-to-date: /home/labdoo/ros2_ws/install/turtlesim/include/turtlesim/turtlesim/srv/detail/teleport_absolute__description.c
[1.754s] -- Installing: /home/labdoo/ros2_ws/install/turtlesim/include/turtlesim/turtlesim/srv/detail/teleport_absolute__type_support.c
[1.754s] -- Up-to-date: /home/labdoo/ros2_ws/install/turtlesim/include/turtlesim/turtlesim/srv/detail/kill__struct.h
[1.754s] -- Installing: /home/labdoo/ros2_ws/install/turtlesim/include/turtlesim/turtlesim/srv/detail/spawn__type_support.c
[1.754s] -- Up-to-date: /home/labdoo/ros2_ws/install/turtlesim/include/turtlesim/turtlesim/srv/detail/set_pen__functions.c
[1.754s] -- Up-to-date: /home/labdoo/ros2_ws/install/turtlesim/include/turtlesim/turtlesim/srv/detail/teleport_relative__functions.c
[1.755s] -- Up-to-date: /home/labdoo/ros2_ws/install/turtlesim/include/turtlesim/turtlesim/srv/detail/spawn__functions.h
[1.755s] -- Installing: /home/labdoo/ros2_ws/install/turtlesim/include/turtlesim/turtlesim/srv/detail/kill__type_support.c
[1.755s] -- Up-to-date: /home/labdoo/ros2_ws/install/turtlesim/include/turtlesim/turtlesim/srv/detail/teleport_relative__type_support.h
[1.755s] -- Up-to-date: /home/labdoo/ros2_ws/install/turtlesim/include/turtlesim/turtlesim/srv/detail/teleport_relative__description.c
[1.755s] -- Up-to-date: /home/labdoo/ros2_ws/install/turtlesim/include/turtlesim/turtlesim/srv/detail/kill__functions.h
[1.755s] -- Up-to-date: /home/labdoo/ros2_ws/install/turtlesim/include/turtlesim/turtlesim/srv/kill.h
[1.756s] -- Up-to-date: /home/labdoo/ros2_ws/install/turtlesim/include/turtlesim/turtlesim/action
[1.756s] -- Up-to-date: /home/labdoo/ros2_ws/install/turtlesim/include/turtlesim/turtlesim/action/detail
[1.756s] -- Up-to-date: /home/labdoo/ros2_ws/install/turtlesim/include/turtlesim/turtlesim/action/detail/rotate_absolute__functions.c
[1.756s] -- Up-to-date: /home/labdoo/ros2_ws/install/turtlesim/include/turtlesim/turtlesim/action/detail/rotate_absolute__type_support.h
[1.756s] -- Up-to-date: /home/labdoo/ros2_ws/install/turtlesim/include/turtlesim/turtlesim/action/detail/rotate_absolute__struct.h
[1.756s] -- Installing: /home/labdoo/ros2_ws/install/turtlesim/include/turtlesim/turtlesim/action/detail/rotate_absolute__type_support.c
[1.756s] -- Up-to-date: /home/labdoo/ros2_ws/install/turtlesim/include/turtlesim/turtlesim/action/detail/rotate_absolute__description.c
[1.757s] -- Up-to-date: /home/labdoo/ros2_ws/install/turtlesim/include/turtlesim/turtlesim/action/detail/rotate_absolute__functions.h
[1.757s] -- Up-to-date: /home/labdoo/ros2_ws/install/turtlesim/include/turtlesim/turtlesim/action/rotate_absolute.h
[1.757s] -- Up-to-date: /home/labdoo/ros2_ws/install/turtlesim/share/turtlesim/environment/library_path.sh
[1.757s] -- Up-to-date: /home/labdoo/ros2_ws/install/turtlesim/share/turtlesim/environment/library_path.dsv
[1.757s] -- Up-to-date: /home/labdoo/ros2_ws/install/turtlesim/lib/libturtlesim__rosidl_generator_c.so
[1.757s] -- Up-to-date: /home/labdoo/ros2_ws/install/turtlesim/include/turtlesim/turtlesim
[1.758s] -- Up-to-date: /home/labdoo/ros2_ws/install/turtlesim/include/turtlesim/turtlesim/msg
[1.758s] -- Up-to-date: /home/labdoo/ros2_ws/install/turtlesim/include/turtlesim/turtlesim/msg/rosidl_typesupport_fastrtps_c__visibility_control.h
[1.758s] -- Up-to-date: /home/labdoo/ros2_ws/install/turtlesim/include/turtlesim/turtlesim/msg/detail
[1.758s] -- Up-to-date: /home/labdoo/ros2_ws/install/turtlesim/include/turtlesim/turtlesim/msg/detail/pose__rosidl_typesupport_fastrtps_c.h
[1.758s] -- Up-to-date: /home/labdoo/ros2_ws/install/turtlesim/include/turtlesim/turtlesim/msg/detail/color__rosidl_typesupport_fastrtps_c.h
[1.758s] -- Up-to-date: /home/labdoo/ros2_ws/install/turtlesim/include/turtlesim/turtlesim/srv
[1.758s] -- Up-to-date: /home/labdoo/ros2_ws/install/turtlesim/include/turtlesim/turtlesim/srv/detail
[1.759s] -- Up-to-date: /home/labdoo/ros2_ws/install/turtlesim/include/turtlesim/turtlesim/srv/detail/teleport_absolute__rosidl_typesupport_fastrtps_c.h
[1.759s] -- Up-to-date: /home/labdoo/ros2_ws/install/turtlesim/include/turtlesim/turtlesim/srv/detail/teleport_relative__rosidl_typesupport_fastrtps_c.h
[1.759s] -- Up-to-date: /home/labdoo/ros2_ws/install/turtlesim/include/turtlesim/turtlesim/srv/detail/spawn__rosidl_typesupport_fastrtps_c.h
[1.759s] -- Up-to-date: /home/labdoo/ros2_ws/install/turtlesim/include/turtlesim/turtlesim/srv/detail/kill__rosidl_typesupport_fastrtps_c.h
[1.759s] -- Up-to-date: /home/labdoo/ros2_ws/install/turtlesim/include/turtlesim/turtlesim/srv/detail/set_pen__rosidl_typesupport_fastrtps_c.h
[1.759s] -- Up-to-date: /home/labdoo/ros2_ws/install/turtlesim/include/turtlesim/turtlesim/action
[1.760s] -- Up-to-date: /home/labdoo/ros2_ws/install/turtlesim/include/turtlesim/turtlesim/action/detail
[1.760s] -- Up-to-date: /home/labdoo/ros2_ws/install/turtlesim/include/turtlesim/turtlesim/action/detail/rotate_absolute__rosidl_typesupport_fastrtps_c.h
[1.760s] -- Up-to-date: /home/labdoo/ros2_ws/install/turtlesim/lib/libturtlesim__rosidl_typesupport_fastrtps_c.so
[1.760s] -- Up-to-date: /home/labdoo/ros2_ws/install/turtlesim/include/turtlesim/turtlesim
[1.760s] -- Up-to-date: /home/labdoo/ros2_ws/install/turtlesim/include/turtlesim/turtlesim/msg
[1.760s] -- Up-to-date: /home/labdoo/ros2_ws/install/turtlesim/include/turtlesim/turtlesim/msg/detail
[1.761s] -- Up-to-date: /home/labdoo/ros2_ws/install/turtlesim/include/turtlesim/turtlesim/msg/detail/pose__traits.hpp
[1.761s] -- Up-to-date: /home/labdoo/ros2_ws/install/turtlesim/include/turtlesim/turtlesim/msg/detail/pose__builder.hpp
[1.761s] -- Up-to-date: /home/labdoo/ros2_ws/install/turtlesim/include/turtlesim/turtlesim/msg/detail/color__traits.hpp
[1.761s] -- Up-to-date: /home/labdoo/ros2_ws/install/turtlesim/include/turtlesim/turtlesim/msg/detail/pose__struct.hpp
[1.761s] -- Up-to-date: /home/labdoo/ros2_ws/install/turtlesim/include/turtlesim/turtlesim/msg/detail/color__builder.hpp
[1.761s] -- Up-to-date: /home/labdoo/ros2_ws/install/turtlesim/include/turtlesim/turtlesim/msg/detail/color__struct.hpp
[1.762s] -- Up-to-date: /home/labdoo/ros2_ws/install/turtlesim/include/turtlesim/turtlesim/msg/color.hpp
[1.762s] -- Up-to-date: /home/labdoo/ros2_ws/install/turtlesim/include/turtlesim/turtlesim/msg/pose.hpp
[1.762s] -- Up-to-date: /home/labdoo/ros2_ws/install/turtlesim/include/turtlesim/turtlesim/srv
[1.762s] -- Up-to-date: /home/labdoo/ros2_ws/install/turtlesim/include/turtlesim/turtlesim/srv/spawn.hpp
[1.762s] -- Up-to-date: /home/labdoo/ros2_ws/install/turtlesim/include/turtlesim/turtlesim/srv/kill.hpp
[1.762s] -- Up-to-date: /home/labdoo/ros2_ws/install/turtlesim/include/turtlesim/turtlesim/srv/detail
[1.762s] -- Up-to-date: /home/labdoo/ros2_ws/install/turtlesim/include/turtlesim/turtlesim/srv/detail/teleport_relative__builder.hpp
[1.763s] -- Up-to-date: /home/labdoo/ros2_ws/install/turtlesim/include/turtlesim/turtlesim/srv/detail/teleport_absolute__builder.hpp
[1.763s] -- Up-to-date: /home/labdoo/ros2_ws/install/turtlesim/include/turtlesim/turtlesim/srv/detail/set_pen__builder.hpp
[1.763s] -- Up-to-date: /home/labdoo/ros2_ws/install/turtlesim/include/turtlesim/turtlesim/srv/detail/teleport_absolute__traits.hpp
[1.763s] -- Up-to-date: /home/labdoo/ros2_ws/install/turtlesim/include/turtlesim/turtlesim/srv/detail/teleport_relative__struct.hpp
[1.763s] -- Up-to-date: /home/labdoo/ros2_ws/install/turtlesim/include/turtlesim/turtlesim/srv/detail/kill__traits.hpp
[1.763s] -- Up-to-date: /home/labdoo/ros2_ws/install/turtlesim/include/turtlesim/turtlesim/srv/detail/spawn__builder.hpp
[1.764s] -- Up-to-date: /home/labdoo/ros2_ws/install/turtlesim/include/turtlesim/turtlesim/srv/detail/set_pen__struct.hpp
[1.764s] -- Up-to-date: /home/labdoo/ros2_ws/install/turtlesim/include/turtlesim/turtlesim/srv/detail/set_pen__traits.hpp
[1.764s] -- Up-to-date: /home/labdoo/ros2_ws/install/turtlesim/include/turtlesim/turtlesim/srv/detail/kill__struct.hpp
[1.764s] -- Up-to-date: /home/labdoo/ros2_ws/install/turtlesim/include/turtlesim/turtlesim/srv/detail/teleport_absolute__struct.hpp
[1.764s] -- Up-to-date: /home/labdoo/ros2_ws/install/turtlesim/include/turtlesim/turtlesim/srv/detail/spawn__struct.hpp
[1.764s] -- Up-to-date: /home/labdoo/ros2_ws/install/turtlesim/include/turtlesim/turtlesim/srv/detail/spawn__traits.hpp
[1.765s] -- Up-to-date: /home/labdoo/ros2_ws/install/turtlesim/include/turtlesim/turtlesim/srv/detail/teleport_relative__traits.hpp
[1.765s] -- Up-to-date: /home/labdoo/ros2_ws/install/turtlesim/include/turtlesim/turtlesim/srv/detail/kill__builder.hpp
[1.765s] -- Up-to-date: /home/labdoo/ros2_ws/install/turtlesim/include/turtlesim/turtlesim/srv/teleport_relative.hpp
[1.765s] -- Up-to-date: /home/labdoo/ros2_ws/install/turtlesim/include/turtlesim/turtlesim/srv/teleport_absolute.hpp
[1.765s] -- Up-to-date: /home/labdoo/ros2_ws/install/turtlesim/include/turtlesim/turtlesim/srv/set_pen.hpp
[1.765s] -- Up-to-date: /home/labdoo/ros2_ws/install/turtlesim/include/turtlesim/turtlesim/action
[1.766s] -- Up-to-date: /home/labdoo/ros2_ws/install/turtlesim/include/turtlesim/turtlesim/action/detail
[1.766s] -- Up-to-date: /home/labdoo/ros2_ws/install/turtlesim/include/turtlesim/turtlesim/action/detail/rotate_absolute__builder.hpp
[1.766s] -- Up-to-date: /home/labdoo/ros2_ws/install/turtlesim/include/turtlesim/turtlesim/action/detail/rotate_absolute__struct.hpp
[1.766s] -- Up-to-date: /home/labdoo/ros2_ws/install/turtlesim/include/turtlesim/turtlesim/action/detail/rotate_absolute__traits.hpp
[1.766s] -- Up-to-date: /home/labdoo/ros2_ws/install/turtlesim/include/turtlesim/turtlesim/action/rotate_absolute.hpp
[1.766s] -- Up-to-date: /home/labdoo/ros2_ws/install/turtlesim/include/turtlesim/turtlesim
[1.767s] -- Up-to-date: /home/labdoo/ros2_ws/install/turtlesim/include/turtlesim/turtlesim/msg
[1.767s] -- Up-to-date: /home/labdoo/ros2_ws/install/turtlesim/include/turtlesim/turtlesim/msg/rosidl_typesupport_fastrtps_cpp__visibility_control.h
[1.767s] -- Up-to-date: /home/labdoo/ros2_ws/install/turtlesim/include/turtlesim/turtlesim/msg/detail
[1.767s] -- Up-to-date: /home/labdoo/ros2_ws/install/turtlesim/include/turtlesim/turtlesim/msg/detail/dds_fastrtps
[1.767s] -- Up-to-date: /home/labdoo/ros2_ws/install/turtlesim/include/turtlesim/turtlesim/msg/detail/pose__rosidl_typesupport_fastrtps_cpp.hpp
[1.767s] -- Up-to-date: /home/labdoo/ros2_ws/install/turtlesim/include/turtlesim/turtlesim/msg/detail/color__rosidl_typesupport_fastrtps_cpp.hpp
[1.768s] -- Up-to-date: /home/labdoo/ros2_ws/install/turtlesim/include/turtlesim/turtlesim/srv
[1.768s] -- Up-to-date: /home/labdoo/ros2_ws/install/turtlesim/include/turtlesim/turtlesim/srv/detail
[1.768s] -- Up-to-date: /home/labdoo/ros2_ws/install/turtlesim/include/turtlesim/turtlesim/srv/detail/kill__rosidl_typesupport_fastrtps_cpp.hpp
[1.768s] -- Up-to-date: /home/labdoo/ros2_ws/install/turtlesim/include/turtlesim/turtlesim/srv/detail/teleport_relative__rosidl_typesupport_fastrtps_cpp.hpp
[1.768s] -- Up-to-date: /home/labdoo/ros2_ws/install/turtlesim/include/turtlesim/turtlesim/srv/detail/dds_fastrtps
[1.768s] -- Up-to-date: /home/labdoo/ros2_ws/install/turtlesim/include/turtlesim/turtlesim/srv/detail/teleport_absolute__rosidl_typesupport_fastrtps_cpp.hpp
[1.769s] -- Up-to-date: /home/labdoo/ros2_ws/install/turtlesim/include/turtlesim/turtlesim/srv/detail/set_pen__rosidl_typesupport_fastrtps_cpp.hpp
[1.769s] -- Up-to-date: /home/labdoo/ros2_ws/install/turtlesim/include/turtlesim/turtlesim/srv/detail/spawn__rosidl_typesupport_fastrtps_cpp.hpp
[1.769s] -- Up-to-date: /home/labdoo/ros2_ws/install/turtlesim/include/turtlesim/turtlesim/action
[1.769s] -- Up-to-date: /home/labdoo/ros2_ws/install/turtlesim/include/turtlesim/turtlesim/action/detail
[1.769s] -- Up-to-date: /home/labdoo/ros2_ws/install/turtlesim/include/turtlesim/turtlesim/action/detail/dds_fastrtps
[1.769s] -- Up-to-date: /home/labdoo/ros2_ws/install/turtlesim/include/turtlesim/turtlesim/action/detail/rotate_absolute__rosidl_typesupport_fastrtps_cpp.hpp
[1.770s] -- Up-to-date: /home/labdoo/ros2_ws/install/turtlesim/lib/libturtlesim__rosidl_typesupport_fastrtps_cpp.so
[1.770s] -- Up-to-date: /home/labdoo/ros2_ws/install/turtlesim/include/turtlesim/turtlesim
[1.770s] -- Up-to-date: /home/labdoo/ros2_ws/install/turtlesim/include/turtlesim/turtlesim/msg
[1.770s] -- Up-to-date: /home/labdoo/ros2_ws/install/turtlesim/include/turtlesim/turtlesim/msg/rosidl_typesupport_introspection_c__visibility_control.h
[1.770s] -- Up-to-date: /home/labdoo/ros2_ws/install/turtlesim/include/turtlesim/turtlesim/msg/detail
[1.770s] -- Up-to-date: /home/labdoo/ros2_ws/install/turtlesim/include/turtlesim/turtlesim/msg/detail/color__rosidl_typesupport_introspection_c.h
[1.771s] -- Installing: /home/labdoo/ros2_ws/install/turtlesim/include/turtlesim/turtlesim/msg/detail/color__type_support.c
[1.771s] -- Installing: /home/labdoo/ros2_ws/install/turtlesim/include/turtlesim/turtlesim/msg/detail/pose__type_support.c
[1.771s] -- Up-to-date: /home/labdoo/ros2_ws/install/turtlesim/include/turtlesim/turtlesim/msg/detail/pose__rosidl_typesupport_introspection_c.h
[1.771s] -- Up-to-date: /home/labdoo/ros2_ws/install/turtlesim/include/turtlesim/turtlesim/srv
[1.771s] -- Up-to-date: /home/labdoo/ros2_ws/install/turtlesim/include/turtlesim/turtlesim/srv/detail
[1.771s] -- Up-to-date: /home/labdoo/ros2_ws/install/turtlesim/include/turtlesim/turtlesim/srv/detail/teleport_absolute__rosidl_typesupport_introspection_c.h
[1.772s] -- Installing: /home/labdoo/ros2_ws/install/turtlesim/include/turtlesim/turtlesim/srv/detail/teleport_relative__type_support.c
[1.772s] -- Up-to-date: /home/labdoo/ros2_ws/install/turtlesim/include/turtlesim/turtlesim/srv/detail/kill__rosidl_typesupport_introspection_c.h
[1.772s] -- Installing: /home/labdoo/ros2_ws/install/turtlesim/include/turtlesim/turtlesim/srv/detail/set_pen__type_support.c
[1.772s] -- Up-to-date: /home/labdoo/ros2_ws/install/turtlesim/include/turtlesim/turtlesim/srv/detail/teleport_relative__rosidl_typesupport_introspection_c.h
[1.772s] -- Installing: /home/labdoo/ros2_ws/install/turtlesim/include/turtlesim/turtlesim/srv/detail/teleport_absolute__type_support.c
[1.772s] -- Installing: /home/labdoo/ros2_ws/install/turtlesim/include/turtlesim/turtlesim/srv/detail/spawn__type_support.c
[1.773s] -- Up-to-date: /home/labdoo/ros2_ws/install/turtlesim/include/turtlesim/turtlesim/srv/detail/set_pen__rosidl_typesupport_introspection_c.h
[1.773s] -- Installing: /home/labdoo/ros2_ws/install/turtlesim/include/turtlesim/turtlesim/srv/detail/kill__type_support.c
[1.773s] -- Up-to-date: /home/labdoo/ros2_ws/install/turtlesim/include/turtlesim/turtlesim/srv/detail/spawn__rosidl_typesupport_introspection_c.h
[1.773s] -- Up-to-date: /home/labdoo/ros2_ws/install/turtlesim/include/turtlesim/turtlesim/action
[1.773s] -- Up-to-date: /home/labdoo/ros2_ws/install/turtlesim/include/turtlesim/turtlesim/action/detail
[1.773s] -- Up-to-date: /home/labdoo/ros2_ws/install/turtlesim/include/turtlesim/turtlesim/action/detail/rotate_absolute__rosidl_typesupport_introspection_c.h
[1.774s] -- Installing: /home/labdoo/ros2_ws/install/turtlesim/include/turtlesim/turtlesim/action/detail/rotate_absolute__type_support.c
[1.774s] -- Up-to-date: /home/labdoo/ros2_ws/install/turtlesim/lib/libturtlesim__rosidl_typesupport_introspection_c.so
[1.774s] -- Up-to-date: /home/labdoo/ros2_ws/install/turtlesim/lib/libturtlesim__rosidl_typesupport_c.so
[1.774s] -- Up-to-date: /home/labdoo/ros2_ws/install/turtlesim/include/turtlesim/turtlesim
[1.774s] -- Up-to-date: /home/labdoo/ros2_ws/install/turtlesim/include/turtlesim/turtlesim/msg
[1.774s] -- Up-to-date: /home/labdoo/ros2_ws/install/turtlesim/include/turtlesim/turtlesim/msg/detail
[1.774s] -- Up-to-date: /home/labdoo/ros2_ws/install/turtlesim/include/turtlesim/turtlesim/msg/detail/color__type_support.cpp
[1.775s] -- Up-to-date: /home/labdoo/ros2_ws/install/turtlesim/include/turtlesim/turtlesim/msg/detail/pose__type_support.cpp
[1.775s] -- Up-to-date: /home/labdoo/ros2_ws/install/turtlesim/include/turtlesim/turtlesim/msg/detail/color__rosidl_typesupport_introspection_cpp.hpp
[1.775s] -- Up-to-date: /home/labdoo/ros2_ws/install/turtlesim/include/turtlesim/turtlesim/msg/detail/pose__rosidl_typesupport_introspection_cpp.hpp
[1.775s] -- Up-to-date: /home/labdoo/ros2_ws/install/turtlesim/include/turtlesim/turtlesim/srv
[1.775s] -- Up-to-date: /home/labdoo/ros2_ws/install/turtlesim/include/turtlesim/turtlesim/srv/detail
[1.775s] -- Up-to-date: /home/labdoo/ros2_ws/install/turtlesim/include/turtlesim/turtlesim/srv/detail/kill__rosidl_typesupport_introspection_cpp.hpp
[1.776s] -- Up-to-date: /home/labdoo/ros2_ws/install/turtlesim/include/turtlesim/turtlesim/srv/detail/spawn__rosidl_typesupport_introspection_cpp.hpp
[1.776s] -- Up-to-date: /home/labdoo/ros2_ws/install/turtlesim/include/turtlesim/turtlesim/srv/detail/set_pen__rosidl_typesupport_introspection_cpp.hpp
[1.776s] -- Up-to-date: /home/labdoo/ros2_ws/install/turtlesim/include/turtlesim/turtlesim/srv/detail/teleport_absolute__rosidl_typesupport_introspection_cpp.hpp
[1.776s] -- Up-to-date: /home/labdoo/ros2_ws/install/turtlesim/include/turtlesim/turtlesim/srv/detail/teleport_relative__rosidl_typesupport_introspection_cpp.hpp
[1.776s] -- Up-to-date: /home/labdoo/ros2_ws/install/turtlesim/include/turtlesim/turtlesim/srv/detail/kill__type_support.cpp
[1.776s] -- Up-to-date: /home/labdoo/ros2_ws/install/turtlesim/include/turtlesim/turtlesim/srv/detail/spawn__type_support.cpp
[1.777s] -- Up-to-date: /home/labdoo/ros2_ws/install/turtlesim/include/turtlesim/turtlesim/srv/detail/teleport_relative__type_support.cpp
[1.777s] -- Up-to-date: /home/labdoo/ros2_ws/install/turtlesim/include/turtlesim/turtlesim/srv/detail/teleport_absolute__type_support.cpp
[1.777s] -- Up-to-date: /home/labdoo/ros2_ws/install/turtlesim/include/turtlesim/turtlesim/srv/detail/set_pen__type_support.cpp
[1.777s] -- Up-to-date: /home/labdoo/ros2_ws/install/turtlesim/include/turtlesim/turtlesim/action
[1.777s] -- Up-to-date: /home/labdoo/ros2_ws/install/turtlesim/include/turtlesim/turtlesim/action/detail
[1.777s] -- Up-to-date: /home/labdoo/ros2_ws/install/turtlesim/include/turtlesim/turtlesim/action/detail/rotate_absolute__type_support.cpp
[1.778s] -- Up-to-date: /home/labdoo/ros2_ws/install/turtlesim/include/turtlesim/turtlesim/action/detail/rotate_absolute__rosidl_typesupport_introspection_cpp.hpp
[1.778s] -- Up-to-date: /home/labdoo/ros2_ws/install/turtlesim/lib/libturtlesim__rosidl_typesupport_introspection_cpp.so
[1.778s] -- Up-to-date: /home/labdoo/ros2_ws/install/turtlesim/lib/libturtlesim__rosidl_typesupport_cpp.so
[1.778s] -- Up-to-date: /home/labdoo/ros2_ws/install/turtlesim/share/turtlesim/environment/pythonpath.sh
[1.778s] -- Up-to-date: /home/labdoo/ros2_ws/install/turtlesim/share/turtlesim/environment/pythonpath.dsv
[1.778s] -- Up-to-date: /home/labdoo/ros2_ws/install/turtlesim/lib/python3.10/site-packages/turtlesim-1.6.1-py3.10.egg-info
[1.779s] -- Installing: /home/labdoo/ros2_ws/install/turtlesim/lib/python3.10/site-packages/turtlesim-1.6.1-py3.10.egg-info/dependency_links.txt
[1.779s] -- Installing: /home/labdoo/ros2_ws/install/turtlesim/lib/python3.10/site-packages/turtlesim-1.6.1-py3.10.egg-info/SOURCES.txt
[1.779s] -- Installing: /home/labdoo/ros2_ws/install/turtlesim/lib/python3.10/site-packages/turtlesim-1.6.1-py3.10.egg-info/top_level.txt
[1.779s] -- Installing: /home/labdoo/ros2_ws/install/turtlesim/lib/python3.10/site-packages/turtlesim-1.6.1-py3.10.egg-info/PKG-INFO
[1.779s] -- Up-to-date: /home/labdoo/ros2_ws/install/turtlesim/lib/python3.10/site-packages/turtlesim
[1.779s] -- Up-to-date: /home/labdoo/ros2_ws/install/turtlesim/lib/python3.10/site-packages/turtlesim/_turtlesim_s.ep.rosidl_typesupport_fastrtps_c.c
[1.779s] -- Up-to-date: /home/labdoo/ros2_ws/install/turtlesim/lib/python3.10/site-packages/turtlesim/_turtlesim_s.ep.rosidl_typesupport_introspection_c.c
[1.780s] -- Up-to-date: /home/labdoo/ros2_ws/install/turtlesim/lib/python3.10/site-packages/turtlesim/turtlesim_s__rosidl_typesupport_c.cpython-310-x86_64-linux-gnu.so
[1.780s] -- Up-to-date: /home/labdoo/ros2_ws/install/turtlesim/lib/python3.10/site-packages/turtlesim/msg
[1.780s] -- Up-to-date: /home/labdoo/ros2_ws/install/turtlesim/lib/python3.10/site-packages/turtlesim/msg/_color.py
[1.780s] -- Up-to-date: /home/labdoo/ros2_ws/install/turtlesim/lib/python3.10/site-packages/turtlesim/msg/_pose.py
[1.780s] -- Up-to-date: /home/labdoo/ros2_ws/install/turtlesim/lib/python3.10/site-packages/turtlesim/msg/_pose_s.c
[1.780s] -- Up-to-date: /home/labdoo/ros2_ws/install/turtlesim/lib/python3.10/site-packages/turtlesim/msg/_color_s.c
[1.781s] -- Up-to-date: /home/labdoo/ros2_ws/install/turtlesim/lib/python3.10/site-packages/turtlesim/msg/__init__.py
[1.781s] -- Up-to-date: /home/labdoo/ros2_ws/install/turtlesim/lib/python3.10/site-packages/turtlesim/srv
[1.781s] -- Up-to-date: /home/labdoo/ros2_ws/install/turtlesim/lib/python3.10/site-packages/turtlesim/srv/_teleport_relative.py
[1.781s] -- Up-to-date: /home/labdoo/ros2_ws/install/turtlesim/lib/python3.10/site-packages/turtlesim/srv/_spawn_s.c
[1.781s] -- Up-to-date: /home/labdoo/ros2_ws/install/turtlesim/lib/python3.10/site-packages/turtlesim/srv/_kill_s.c
[1.782s] -- Up-to-date: /home/labdoo/ros2_ws/install/turtlesim/lib/python3.10/site-packages/turtlesim/srv/_teleport_relative_s.c
[1.782s] -- Up-to-date: /home/labdoo/ros2_ws/install/turtlesim/lib/python3.10/site-packages/turtlesim/srv/_spawn.py
[1.782s] -- Up-to-date: /home/labdoo/ros2_ws/install/turtlesim/lib/python3.10/site-packages/turtlesim/srv/_teleport_absolute.py
[1.782s] -- Up-to-date: /home/labdoo/ros2_ws/install/turtlesim/lib/python3.10/site-packages/turtlesim/srv/_set_pen_s.c
[1.782s] -- Up-to-date: /home/labdoo/ros2_ws/install/turtlesim/lib/python3.10/site-packages/turtlesim/srv/_set_pen.py
[1.782s] -- Up-to-date: /home/labdoo/ros2_ws/install/turtlesim/lib/python3.10/site-packages/turtlesim/srv/_kill.py
[1.783s] -- Up-to-date: /home/labdoo/ros2_ws/install/turtlesim/lib/python3.10/site-packages/turtlesim/srv/__init__.py
[1.783s] -- Up-to-date: /home/labdoo/ros2_ws/install/turtlesim/lib/python3.10/site-packages/turtlesim/srv/_teleport_absolute_s.c
[1.783s] -- Up-to-date: /home/labdoo/ros2_ws/install/turtlesim/lib/python3.10/site-packages/turtlesim/action
[1.783s] -- Up-to-date: /home/labdoo/ros2_ws/install/turtlesim/lib/python3.10/site-packages/turtlesim/action/_rotate_absolute_s.c
[1.783s] -- Up-to-date: /home/labdoo/ros2_ws/install/turtlesim/lib/python3.10/site-packages/turtlesim/action/_rotate_absolute.py
[1.783s] -- Up-to-date: /home/labdoo/ros2_ws/install/turtlesim/lib/python3.10/site-packages/turtlesim/action/__init__.py
[1.783s] -- Up-to-date: /home/labdoo/ros2_ws/install/turtlesim/lib/python3.10/site-packages/turtlesim/_turtlesim_s.ep.rosidl_typesupport_c.c
[1.784s] -- Up-to-date: /home/labdoo/ros2_ws/install/turtlesim/lib/python3.10/site-packages/turtlesim/libturtlesim__rosidl_generator_py.so
[1.784s] -- Up-to-date: /home/labdoo/ros2_ws/install/turtlesim/lib/python3.10/site-packages/turtlesim/turtlesim_s__rosidl_typesupport_introspection_c.cpython-310-x86_64-linux-gnu.so
[1.784s] -- Up-to-date: /home/labdoo/ros2_ws/install/turtlesim/lib/python3.10/site-packages/turtlesim/__init__.py
[1.784s] -- Up-to-date: /home/labdoo/ros2_ws/install/turtlesim/lib/python3.10/site-packages/turtlesim/turtlesim_s__rosidl_typesupport_fastrtps_c.cpython-310-x86_64-linux-gnu.so
[1.805s] Listing '/home/labdoo/ros2_ws/install/turtlesim/lib/python3.10/site-packages/turtlesim'...
[1.806s] Listing '/home/labdoo/ros2_ws/install/turtlesim/lib/python3.10/site-packages/turtlesim/action'...
[1.806s] Listing '/home/labdoo/ros2_ws/install/turtlesim/lib/python3.10/site-packages/turtlesim/msg'...
[1.806s] Listing '/home/labdoo/ros2_ws/install/turtlesim/lib/python3.10/site-packages/turtlesim/srv'...
[1.814s] -- Up-to-date: /home/labdoo/ros2_ws/install/turtlesim/lib/python3.10/site-packages/turtlesim/turtlesim_s__rosidl_typesupport_fastrtps_c.cpython-310-x86_64-linux-gnu.so
[1.815s] -- Up-to-date: /home/labdoo/ros2_ws/install/turtlesim/lib/python3.10/site-packages/turtlesim/turtlesim_s__rosidl_typesupport_introspection_c.cpython-310-x86_64-linux-gnu.so
[1.815s] -- Up-to-date: /home/labdoo/ros2_ws/install/turtlesim/lib/python3.10/site-packages/turtlesim/turtlesim_s__rosidl_typesupport_c.cpython-310-x86_64-linux-gnu.so
[1.816s] -- Up-to-date: /home/labdoo/ros2_ws/install/turtlesim/lib/libturtlesim__rosidl_generator_py.so
[1.816s] -- Up-to-date: /home/labdoo/ros2_ws/install/turtlesim/share/turtlesim/action/RotateAbsolute.idl
[1.817s] -- Up-to-date: /home/labdoo/ros2_ws/install/turtlesim/share/turtlesim/msg/Color.idl
[1.817s] -- Up-to-date: /home/labdoo/ros2_ws/install/turtlesim/share/turtlesim/msg/Pose.idl
[1.817s] -- Up-to-date: /home/labdoo/ros2_ws/install/turtlesim/share/turtlesim/srv/Kill.idl
[1.817s] -- Up-to-date: /home/labdoo/ros2_ws/install/turtlesim/share/turtlesim/srv/SetPen.idl
[1.817s] -- Up-to-date: /home/labdoo/ros2_ws/install/turtlesim/share/turtlesim/srv/Spawn.idl
[1.817s] -- Up-to-date: /home/labdoo/ros2_ws/install/turtlesim/share/turtlesim/srv/TeleportAbsolute.idl
[1.818s] -- Up-to-date: /home/labdoo/ros2_ws/install/turtlesim/share/turtlesim/srv/TeleportRelative.idl
[1.818s] -- Up-to-date: /home/labdoo/ros2_ws/install/turtlesim/share/turtlesim/action/RotateAbsolute.action
[1.818s] -- Up-to-date: /home/labdoo/ros2_ws/install/turtlesim/share/turtlesim/msg/Color.msg
[1.818s] -- Up-to-date: /home/labdoo/ros2_ws/install/turtlesim/share/turtlesim/msg/Pose.msg
[1.818s] -- Up-to-date: /home/labdoo/ros2_ws/install/turtlesim/share/turtlesim/srv/Kill.srv
[1.818s] -- Up-to-date: /home/labdoo/ros2_ws/install/turtlesim/share/turtlesim/srv/Kill_Request.msg
[1.818s] -- Up-to-date: /home/labdoo/ros2_ws/install/turtlesim/share/turtlesim/srv/Kill_Response.msg
[1.819s] -- Up-to-date: /home/labdoo/ros2_ws/install/turtlesim/share/turtlesim/srv/SetPen.srv
[1.819s] -- Up-to-date: /home/labdoo/ros2_ws/install/turtlesim/share/turtlesim/srv/SetPen_Request.msg
[1.819s] -- Up-to-date: /home/labdoo/ros2_ws/install/turtlesim/share/turtlesim/srv/SetPen_Response.msg
[1.819s] -- Up-to-date: /home/labdoo/ros2_ws/install/turtlesim/share/turtlesim/srv/Spawn.srv
[1.819s] -- Up-to-date: /home/labdoo/ros2_ws/install/turtlesim/share/turtlesim/srv/Spawn_Request.msg
[1.819s] -- Up-to-date: /home/labdoo/ros2_ws/install/turtlesim/share/turtlesim/srv/Spawn_Response.msg
[1.819s] -- Up-to-date: /home/labdoo/ros2_ws/install/turtlesim/share/turtlesim/srv/TeleportAbsolute.srv
[1.819s] -- Up-to-date: /home/labdoo/ros2_ws/install/turtlesim/share/turtlesim/srv/TeleportAbsolute_Request.msg
[1.819s] -- Up-to-date: /home/labdoo/ros2_ws/install/turtlesim/share/turtlesim/srv/TeleportAbsolute_Response.msg
[1.820s] -- Up-to-date: /home/labdoo/ros2_ws/install/turtlesim/share/turtlesim/srv/TeleportRelative.srv
[1.820s] -- Up-to-date: /home/labdoo/ros2_ws/install/turtlesim/share/turtlesim/srv/TeleportRelative_Request.msg
[1.820s] -- Up-to-date: /home/labdoo/ros2_ws/install/turtlesim/share/turtlesim/srv/TeleportRelative_Response.msg
[1.820s] -- Up-to-date: /home/labdoo/ros2_ws/install/turtlesim/lib/turtlesim/turtlesim_node
[1.820s] -- Up-to-date: /home/labdoo/ros2_ws/install/turtlesim/lib/turtlesim/turtle_teleop_key
[1.821s] -- Up-to-date: /home/labdoo/ros2_ws/install/turtlesim/lib/turtlesim/draw_square
[1.821s] -- Up-to-date: /home/labdoo/ros2_ws/install/turtlesim/lib/turtlesim/mimic
[1.822s] -- Up-to-date: /home/labdoo/ros2_ws/install/turtlesim/share/turtlesim/images
[1.822s] -- Up-to-date: /home/labdoo/ros2_ws/install/turtlesim/share/turtlesim/images/iron.png
[1.822s] -- Up-to-date: /home/labdoo/ros2_ws/install/turtlesim/share/turtlesim/images/humble.png
[1.822s] -- Up-to-date: /home/labdoo/ros2_ws/install/turtlesim/share/turtlesim/images/rolling.png
[1.823s] -- Up-to-date: /home/labdoo/ros2_ws/install/turtlesim/share/turtlesim/images/ardent.png
[1.823s] -- Up-to-date: /home/labdoo/ros2_ws/install/turtlesim/share/turtlesim/images/eloquent.png
[1.823s] -- Up-to-date: /home/labdoo/ros2_ws/install/turtlesim/share/turtlesim/images/bouncy.png
[1.823s] -- Up-to-date: /home/labdoo/ros2_ws/install/turtlesim/share/turtlesim/images/foxy.png
[1.823s] -- Up-to-date: /home/labdoo/ros2_ws/install/turtlesim/share/turtlesim/images/dashing.png
[1.823s] -- Up-to-date: /home/labdoo/ros2_ws/install/turtlesim/share/turtlesim/images/crystal.png
[1.824s] -- Up-to-date: /home/labdoo/ros2_ws/install/turtlesim/share/turtlesim/images/galactic.png
[1.824s] -- Up-to-date: /home/labdoo/ros2_ws/install/turtlesim/share/turtlesim/launch
[1.824s] -- Up-to-date: /home/labdoo/ros2_ws/install/turtlesim/share/turtlesim/launch/multisim.launch.py
[1.824s] -- Up-to-date: /home/labdoo/ros2_ws/install/turtlesim/share/ament_index/resource_index/package_run_dependencies/turtlesim
[1.824s] -- Up-to-date: /home/labdoo/ros2_ws/install/turtlesim/share/ament_index/resource_index/parent_prefix_path/turtlesim
[1.824s] -- Up-to-date: /home/labdoo/ros2_ws/install/turtlesim/share/turtlesim/environment/ament_prefix_path.sh
[1.824s] -- Up-to-date: /home/labdoo/ros2_ws/install/turtlesim/share/turtlesim/environment/ament_prefix_path.dsv
[1.824s] -- Up-to-date: /home/labdoo/ros2_ws/install/turtlesim/share/turtlesim/environment/path.sh
[1.824s] -- Up-to-date: /home/labdoo/ros2_ws/install/turtlesim/share/turtlesim/environment/path.dsv
[1.825s] -- Up-to-date: /home/labdoo/ros2_ws/install/turtlesim/share/turtlesim/local_setup.bash
[1.825s] -- Up-to-date: /home/labdoo/ros2_ws/install/turtlesim/share/turtlesim/local_setup.sh
[1.825s] -- Up-to-date: /home/labdoo/ros2_ws/install/turtlesim/share/turtlesim/local_setup.zsh
[1.825s] -- Up-to-date: /home/labdoo/ros2_ws/install/turtlesim/share/turtlesim/local_setup.dsv
[1.825s] -- Installing: /home/labdoo/ros2_ws/install/turtlesim/share/turtlesim/package.dsv
[1.825s] -- Up-to-date: /home/labdoo/ros2_ws/install/turtlesim/share/ament_index/resource_index/packages/turtlesim
[1.826s] -- Up-to-date: /home/labdoo/ros2_ws/install/turtlesim/share/turtlesim/cmake/export_turtlesim__rosidl_generator_cExport.cmake
[1.826s] -- Up-to-date: /home/labdoo/ros2_ws/install/turtlesim/share/turtlesim/cmake/export_turtlesim__rosidl_generator_cExport-noconfig.cmake
[1.826s] -- Up-to-date: /home/labdoo/ros2_ws/install/turtlesim/share/turtlesim/cmake/export_turtlesim__rosidl_typesupport_fastrtps_cExport.cmake
[1.826s] -- Up-to-date: /home/labdoo/ros2_ws/install/turtlesim/share/turtlesim/cmake/export_turtlesim__rosidl_typesupport_fastrtps_cExport-noconfig.cmake
[1.826s] -- Up-to-date: /home/labdoo/ros2_ws/install/turtlesim/share/turtlesim/cmake/export_turtlesim__rosidl_generator_cppExport.cmake
[1.826s] -- Up-to-date: /home/labdoo/ros2_ws/install/turtlesim/share/turtlesim/cmake/export_turtlesim__rosidl_typesupport_fastrtps_cppExport.cmake
[1.827s] -- Up-to-date: /home/labdoo/ros2_ws/install/turtlesim/share/turtlesim/cmake/export_turtlesim__rosidl_typesupport_fastrtps_cppExport-noconfig.cmake
[1.827s] -- Up-to-date: /home/labdoo/ros2_ws/install/turtlesim/share/turtlesim/cmake/turtlesim__rosidl_typesupport_introspection_cExport.cmake
[1.827s] -- Up-to-date: /home/labdoo/ros2_ws/install/turtlesim/share/turtlesim/cmake/turtlesim__rosidl_typesupport_introspection_cExport-noconfig.cmake
[1.827s] -- Up-to-date: /home/labdoo/ros2_ws/install/turtlesim/share/turtlesim/cmake/turtlesim__rosidl_typesupport_cExport.cmake
[1.827s] -- Up-to-date: /home/labdoo/ros2_ws/install/turtlesim/share/turtlesim/cmake/turtlesim__rosidl_typesupport_cExport-noconfig.cmake
[1.827s] -- Up-to-date: /home/labdoo/ros2_ws/install/turtlesim/share/turtlesim/cmake/turtlesim__rosidl_typesupport_introspection_cppExport.cmake
[1.828s] -- Up-to-date: /home/labdoo/ros2_ws/install/turtlesim/share/turtlesim/cmake/turtlesim__rosidl_typesupport_introspection_cppExport-noconfig.cmake
[1.828s] -- Up-to-date: /home/labdoo/ros2_ws/install/turtlesim/share/turtlesim/cmake/turtlesim__rosidl_typesupport_cppExport.cmake
[1.828s] -- Up-to-date: /home/labdoo/ros2_ws/install/turtlesim/share/turtlesim/cmake/turtlesim__rosidl_typesupport_cppExport-noconfig.cmake
[1.828s] -- Up-to-date: /home/labdoo/ros2_ws/install/turtlesim/share/turtlesim/cmake/export_turtlesim__rosidl_generator_pyExport.cmake
[1.828s] -- Up-to-date: /home/labdoo/ros2_ws/install/turtlesim/share/turtlesim/cmake/export_turtlesim__rosidl_generator_pyExport-noconfig.cmake
[1.828s] -- Up-to-date: /home/labdoo/ros2_ws/install/turtlesim/share/turtlesim/cmake/rosidl_cmake-extras.cmake
[1.828s] -- Up-to-date: /home/labdoo/ros2_ws/install/turtlesim/share/turtlesim/cmake/ament_cmake_export_dependencies-extras.cmake
[1.828s] -- Up-to-date: /home/labdoo/ros2_ws/install/turtlesim/share/turtlesim/cmake/ament_cmake_export_include_directories-extras.cmake
[1.828s] -- Up-to-date: /home/labdoo/ros2_ws/install/turtlesim/share/turtlesim/cmake/ament_cmake_export_libraries-extras.cmake
[1.828s] -- Up-to-date: /home/labdoo/ros2_ws/install/turtlesim/share/turtlesim/cmake/ament_cmake_export_targets-extras.cmake
[1.828s] -- Up-to-date: /home/labdoo/ros2_ws/install/turtlesim/share/turtlesim/cmake/rosidl_cmake_export_typesupport_targets-extras.cmake
[1.828s] -- Up-to-date: /home/labdoo/ros2_ws/install/turtlesim/share/turtlesim/cmake/rosidl_cmake_export_typesupport_libraries-extras.cmake
[1.829s] -- Up-to-date: /home/labdoo/ros2_ws/install/turtlesim/share/turtlesim/cmake/turtlesimConfig.cmake
[1.829s] -- Up-to-date: /home/labdoo/ros2_ws/install/turtlesim/share/turtlesim/cmake/turtlesimConfig-version.cmake
[1.829s] -- Up-to-date: /home/labdoo/ros2_ws/install/turtlesim/share/turtlesim/package.xml
[1.831s] Invoked command in '/home/labdoo/ros2_ws/build/turtlesim' returned '0': CMAKE_PREFIX_PATH=/opt/ros/iron /usr/bin/cmake --install /home/labdoo/ros2_ws/build/turtlesim
