[1.985s] Invoking command in '/home/labdoo/ros2_ws/src/py_pubsub': PYTHONPATH=/home/labdoo/ros2_ws/build/py_pubsub/prefix_override:/home/labdoo/ros2_ws/install/py_pubsub/lib/python3.10/site-packages:${PYTHONPATH} /usr/bin/python3 setup.py egg_info --egg-base ../../build/py_pubsub build --build-base /home/labdoo/ros2_ws/build/py_pubsub/build install --record /home/labdoo/ros2_ws/build/py_pubsub/install.log --single-version-externally-managed
[2.450s] running egg_info
[2.451s] writing ../../build/py_pubsub/py_pubsub.egg-info/PKG-INFO
[2.452s] writing dependency_links to ../../build/py_pubsub/py_pubsub.egg-info/dependency_links.txt
[2.453s] writing entry points to ../../build/py_pubsub/py_pubsub.egg-info/entry_points.txt
[2.453s] writing requirements to ../../build/py_pubsub/py_pubsub.egg-info/requires.txt
[2.454s] writing top-level names to ../../build/py_pubsub/py_pubsub.egg-info/top_level.txt
[2.457s] reading manifest file '../../build/py_pubsub/py_pubsub.egg-info/SOURCES.txt'
[2.458s] adding license file 'LICENSE'
[2.459s] writing manifest file '../../build/py_pubsub/py_pubsub.egg-info/SOURCES.txt'
[2.459s] running build
[2.459s] running build_py
[2.460s] running install
[2.460s] /usr/lib/python3/dist-packages/setuptools/command/install.py:34: SetuptoolsDeprecationWarning: setup.py install is deprecated. Use build and pip and other standards-based tools.
[2.461s]   warnings.warn(
[2.461s] running install_lib
[2.462s] running install_data
[2.463s] running install_egg_info
[2.466s] removing '/home/labdoo/ros2_ws/install/py_pubsub/lib/python3.10/site-packages/py_pubsub-0.0.0-py3.10.egg-info' (and everything under it)
[2.467s] Copying ../../build/py_pubsub/py_pubsub.egg-info to /home/labdoo/ros2_ws/install/py_pubsub/lib/python3.10/site-packages/py_pubsub-0.0.0-py3.10.egg-info
[2.468s] running install_scripts
[2.499s] writing list of installed files to '/home/labdoo/ros2_ws/build/py_pubsub/install.log'
[2.543s] Invoked command in '/home/labdoo/ros2_ws/src/py_pubsub' returned '0': PYTHONPATH=/home/labdoo/ros2_ws/build/py_pubsub/prefix_override:/home/labdoo/ros2_ws/install/py_pubsub/lib/python3.10/site-packages:${PYTHONPATH} /usr/bin/python3 setup.py egg_info --egg-base ../../build/py_pubsub build --build-base /home/labdoo/ros2_ws/build/py_pubsub/build install --record /home/labdoo/ros2_ws/build/py_pubsub/install.log --single-version-externally-managed
