[2.769s] Invoking command in '/home/labdoo/ros2_ws/src/examples/rclpy/topics/pointcloud_publisher': PYTHONPATH=/home/labdoo/ros2_ws/build/examples_rclpy_pointcloud_publisher/prefix_override:/home/labdoo/ros2_ws/install/examples_rclpy_pointcloud_publisher/lib/python3.10/site-packages:${PYTHONPATH} /usr/bin/python3 setup.py egg_info --egg-base ../../../../../build/examples_rclpy_pointcloud_publisher build --build-base /home/labdoo/ros2_ws/build/examples_rclpy_pointcloud_publisher/build install --record /home/labdoo/ros2_ws/build/examples_rclpy_pointcloud_publisher/install.log --single-version-externally-managed
[3.421s] running egg_info
[3.423s] writing ../../../../../build/examples_rclpy_pointcloud_publisher/examples_rclpy_pointcloud_publisher.egg-info/PKG-INFO
[3.423s] writing dependency_links to ../../../../../build/examples_rclpy_pointcloud_publisher/examples_rclpy_pointcloud_publisher.egg-info/dependency_links.txt
[3.424s] writing entry points to ../../../../../build/examples_rclpy_pointcloud_publisher/examples_rclpy_pointcloud_publisher.egg-info/entry_points.txt
[3.425s] writing requirements to ../../../../../build/examples_rclpy_pointcloud_publisher/examples_rclpy_pointcloud_publisher.egg-info/requires.txt
[3.425s] writing top-level names to ../../../../../build/examples_rclpy_pointcloud_publisher/examples_rclpy_pointcloud_publisher.egg-info/top_level.txt
[3.432s] reading manifest file '../../../../../build/examples_rclpy_pointcloud_publisher/examples_rclpy_pointcloud_publisher.egg-info/SOURCES.txt'
[3.432s] writing manifest file '../../../../../build/examples_rclpy_pointcloud_publisher/examples_rclpy_pointcloud_publisher.egg-info/SOURCES.txt'
[3.433s] running build
[3.433s] running build_py
[3.434s] running install
[3.434s] running install_lib
[3.434s] /usr/lib/python3/dist-packages/setuptools/command/install.py:34: SetuptoolsDeprecationWarning: setup.py install is deprecated. Use build and pip and other standards-based tools.
[3.434s]   warnings.warn(
[3.435s] running install_data
[3.435s] running install_egg_info
[3.438s] removing '/home/labdoo/ros2_ws/install/examples_rclpy_pointcloud_publisher/lib/python3.10/site-packages/examples_rclpy_pointcloud_publisher-0.18.0-py3.10.egg-info' (and everything under it)
[3.441s] Copying ../../../../../build/examples_rclpy_pointcloud_publisher/examples_rclpy_pointcloud_publisher.egg-info to /home/labdoo/ros2_ws/install/examples_rclpy_pointcloud_publisher/lib/python3.10/site-packages/examples_rclpy_pointcloud_publisher-0.18.0-py3.10.egg-info
[3.441s] running install_scripts
[3.474s] Installing pointcloud_publisher script to /home/labdoo/ros2_ws/install/examples_rclpy_pointcloud_publisher/lib/examples_rclpy_pointcloud_publisher
[3.475s] writing list of installed files to '/home/labdoo/ros2_ws/build/examples_rclpy_pointcloud_publisher/install.log'
[3.716s] Invoked command in '/home/labdoo/ros2_ws/src/examples/rclpy/topics/pointcloud_publisher' returned '0': PYTHONPATH=/home/labdoo/ros2_ws/build/examples_rclpy_pointcloud_publisher/prefix_override:/home/labdoo/ros2_ws/install/examples_rclpy_pointcloud_publisher/lib/python3.10/site-packages:${PYTHONPATH} /usr/bin/python3 setup.py egg_info --egg-base ../../../../../build/examples_rclpy_pointcloud_publisher build --build-base /home/labdoo/ros2_ws/build/examples_rclpy_pointcloud_publisher/build install --record /home/labdoo/ros2_ws/build/examples_rclpy_pointcloud_publisher/install.log --single-version-externally-managed
