[2.340s] Invoking command in '/home/labdoo/ros2_ws/build/examples_rclpy_guard_conditions': PYTHONPATH=/home/labdoo/ros2_ws/build/examples_rclpy_guard_conditions/prefix_override:/home/labdoo/ros2_ws/install/examples_rclpy_guard_conditions/lib/python3.10/site-packages:${PYTHONPATH} /usr/bin/python3 setup.py develop --editable --build-directory /home/labdoo/ros2_ws/build/examples_rclpy_guard_conditions/build --no-deps install_data
[3.381s] running develop
[3.383s] /usr/lib/python3/dist-packages/setuptools/command/easy_install.py:158: EasyInstallDeprecationWarning: easy_install command is deprecated. Use build and pip and other standards-based tools.
[3.384s]   warnings.warn(
[3.386s] /usr/lib/python3/dist-packages/setuptools/command/install.py:34: SetuptoolsDeprecationWarning: setup.py install is deprecated. Use build and pip and other standards-based tools.
[3.387s]   warnings.warn(
[3.963s] running egg_info
[3.963s] creating examples_rclpy_guard_conditions.egg-info
[3.966s] writing examples_rclpy_guard_conditions.egg-info/PKG-INFO
[3.969s] writing dependency_links to examples_rclpy_guard_conditions.egg-info/dependency_links.txt
[3.971s] writing entry points to examples_rclpy_guard_conditions.egg-info/entry_points.txt
[3.974s] writing requirements to examples_rclpy_guard_conditions.egg-info/requires.txt
[3.976s] writing top-level names to examples_rclpy_guard_conditions.egg-info/top_level.txt
[3.981s] writing manifest file 'examples_rclpy_guard_conditions.egg-info/SOURCES.txt'
[3.987s] reading manifest file 'examples_rclpy_guard_conditions.egg-info/SOURCES.txt'
[3.989s] writing manifest file 'examples_rclpy_guard_conditions.egg-info/SOURCES.txt'
[3.994s] running build_ext
[3.996s] Creating /home/labdoo/ros2_ws/install/examples_rclpy_guard_conditions/lib/python3.10/site-packages/examples-rclpy-guard-conditions.egg-link (link to .)
[3.999s] Installing trigger_guard_condition script to /home/labdoo/ros2_ws/install/examples_rclpy_guard_conditions/lib/examples_rclpy_guard_conditions
[4.002s] 
[4.002s] Installed /home/labdoo/ros2_ws/build/examples_rclpy_guard_conditions
[4.003s] running install_data
[4.005s] creating /home/labdoo/ros2_ws/install/examples_rclpy_guard_conditions/share/ament_index
[4.006s] creating /home/labdoo/ros2_ws/install/examples_rclpy_guard_conditions/share/ament_index/resource_index
[4.008s] creating /home/labdoo/ros2_ws/install/examples_rclpy_guard_conditions/share/ament_index/resource_index/packages
[4.009s] copying resource/examples_rclpy_guard_conditions -> /home/labdoo/ros2_ws/install/examples_rclpy_guard_conditions/share/ament_index/resource_index/packages
[4.012s] copying package.xml -> /home/labdoo/ros2_ws/install/examples_rclpy_guard_conditions/share/examples_rclpy_guard_conditions
[4.104s] Invoked command in '/home/labdoo/ros2_ws/build/examples_rclpy_guard_conditions' returned '0': PYTHONPATH=/home/labdoo/ros2_ws/build/examples_rclpy_guard_conditions/prefix_override:/home/labdoo/ros2_ws/install/examples_rclpy_guard_conditions/lib/python3.10/site-packages:${PYTHONPATH} /usr/bin/python3 setup.py develop --editable --build-directory /home/labdoo/ros2_ws/build/examples_rclpy_guard_conditions/build --no-deps install_data
