[2.899s] Invoking command in '/home/labdoo/ros2_ws/build/examples_rclpy_minimal_client': PYTHONPATH=/home/labdoo/ros2_ws/build/examples_rclpy_minimal_client/prefix_override:/home/labdoo/ros2_ws/install/examples_rclpy_minimal_client/lib/python3.10/site-packages:${PYTHONPATH} /usr/bin/python3 setup.py develop --editable --build-directory /home/labdoo/ros2_ws/build/examples_rclpy_minimal_client/build --no-deps install_data
[3.951s] running develop
[3.953s] /usr/lib/python3/dist-packages/setuptools/command/easy_install.py:158: EasyInstallDeprecationWarning: easy_install command is deprecated. Use build and pip and other standards-based tools.
[3.953s]   warnings.warn(
[3.957s] /usr/lib/python3/dist-packages/setuptools/command/install.py:34: SetuptoolsDeprecationWarning: setup.py install is deprecated. Use build and pip and other standards-based tools.
[3.957s]   warnings.warn(
[4.873s] running egg_info
[4.873s] creating examples_rclpy_minimal_client.egg-info
[4.873s] writing examples_rclpy_minimal_client.egg-info/PKG-INFO
[4.874s] writing dependency_links to examples_rclpy_minimal_client.egg-info/dependency_links.txt
[4.874s] writing entry points to examples_rclpy_minimal_client.egg-info/entry_points.txt
[4.874s] writing requirements to examples_rclpy_minimal_client.egg-info/requires.txt
[4.874s] writing top-level names to examples_rclpy_minimal_client.egg-info/top_level.txt
[4.884s] writing manifest file 'examples_rclpy_minimal_client.egg-info/SOURCES.txt'
[4.888s] reading manifest file 'examples_rclpy_minimal_client.egg-info/SOURCES.txt'
[4.895s] writing manifest file 'examples_rclpy_minimal_client.egg-info/SOURCES.txt'
[4.898s] running build_ext
[4.900s] Creating /home/labdoo/ros2_ws/install/examples_rclpy_minimal_client/lib/python3.10/site-packages/examples-rclpy-minimal-client.egg-link (link to .)
[4.903s] Installing client script to /home/labdoo/ros2_ws/install/examples_rclpy_minimal_client/lib/examples_rclpy_minimal_client
[4.904s] Installing client_async script to /home/labdoo/ros2_ws/install/examples_rclpy_minimal_client/lib/examples_rclpy_minimal_client
[4.904s] Installing client_async_callback script to /home/labdoo/ros2_ws/install/examples_rclpy_minimal_client/lib/examples_rclpy_minimal_client
[4.904s] Installing client_async_member_function script to /home/labdoo/ros2_ws/install/examples_rclpy_minimal_client/lib/examples_rclpy_minimal_client
[4.904s] 
[4.905s] Installed /home/labdoo/ros2_ws/build/examples_rclpy_minimal_client
[4.905s] running install_data
[4.905s] creating /home/labdoo/ros2_ws/install/examples_rclpy_minimal_client/share/ament_index
[4.905s] creating /home/labdoo/ros2_ws/install/examples_rclpy_minimal_client/share/ament_index/resource_index
[4.905s] creating /home/labdoo/ros2_ws/install/examples_rclpy_minimal_client/share/ament_index/resource_index/packages
[4.906s] copying resource/examples_rclpy_minimal_client -> /home/labdoo/ros2_ws/install/examples_rclpy_minimal_client/share/ament_index/resource_index/packages
[4.916s] copying package.xml -> /home/labdoo/ros2_ws/install/examples_rclpy_minimal_client/share/examples_rclpy_minimal_client
[4.999s] Invoked command in '/home/labdoo/ros2_ws/build/examples_rclpy_minimal_client' returned '0': PYTHONPATH=/home/labdoo/ros2_ws/build/examples_rclpy_minimal_client/prefix_override:/home/labdoo/ros2_ws/install/examples_rclpy_minimal_client/lib/python3.10/site-packages:${PYTHONPATH} /usr/bin/python3 setup.py develop --editable --build-directory /home/labdoo/ros2_ws/build/examples_rclpy_minimal_client/build --no-deps install_data
