[0.124s] Invoking command in '/home/labdoo/ros2_ws/build/turtlesim': AMENT_PREFIX_PATH=/home/labdoo/ros2_ws/install/ament_cmake:/home/labdoo/ros2_ws/install/ament_cmake_gen_version_h:/home/labdoo/ros2_ws/install/ament_cmake_test:/home/labdoo/ros2_ws/install/ament_cmake_target_dependencies:/home/labdoo/ros2_ws/install/ament_cmake_export_targets:/home/labdoo/ros2_ws/install/ament_cmake_export_interfaces:/home/labdoo/ros2_ws/install/ament_cmake_export_dependencies:/home/labdoo/ros2_ws/install/ament_cmake_version:/home/labdoo/ros2_ws/install/ament_cmake_python:/home/labdoo/ros2_ws/install/ament_cmake_libraries:/home/labdoo/ros2_ws/install/ament_cmake_include_directories:/home/labdoo/ros2_ws/install/ament_cmake_export_link_flags:/home/labdoo/ros2_ws/install/ament_cmake_export_libraries:/home/labdoo/ros2_ws/install/ament_cmake_export_include_directories:/home/labdoo/ros2_ws/install/ament_cmake_export_definitions:/home/labdoo/ros2_ws/install/ament_cmake_core:${AMENT_PREFIX_PATH} CMAKE_PREFIX_PATH=/home/labdoo/ros2_ws/install/ament_cmake:/home/labdoo/ros2_ws/install/ament_cmake_gen_version_h:/home/labdoo/ros2_ws/install/ament_cmake_test:/home/labdoo/ros2_ws/install/ament_cmake_target_dependencies:/home/labdoo/ros2_ws/install/ament_cmake_export_targets:/home/labdoo/ros2_ws/install/ament_cmake_export_interfaces:/home/labdoo/ros2_ws/install/ament_cmake_export_dependencies:/home/labdoo/ros2_ws/install/ament_cmake_version:/home/labdoo/ros2_ws/install/ament_cmake_python:/home/labdoo/ros2_ws/install/ament_cmake_libraries:/home/labdoo/ros2_ws/install/ament_cmake_include_directories:/home/labdoo/ros2_ws/install/ament_cmake_export_link_flags:/home/labdoo/ros2_ws/install/ament_cmake_export_libraries:/home/labdoo/ros2_ws/install/ament_cmake_export_include_directories:/home/labdoo/ros2_ws/install/ament_cmake_export_definitions:/home/labdoo/ros2_ws/install/ament_cmake_core:/opt/ros/iron PYTHONPATH=/home/labdoo/ros2_ws/install/ament_cmake_test/lib/python3.10/site-packages:${PYTHONPATH} /usr/bin/cmake --build /home/labdoo/ros2_ws/build/turtlesim -- -j4 -l4
[0.205s] [  0%] Built target turtlesim__rosidl_generator_type_description
[0.222s] [  0%] Built target ament_cmake_python_copy_turtlesim
[0.238s] [  1%] Built target turtlesim__cpp
[0.256s] [ 24%] Built target turtlesim__rosidl_generator_c
[0.318s] [ 41%] Built target turtlesim__rosidl_typesupport_cpp
[0.318s] [ 41%] Built target turtlesim__rosidl_typesupport_fastrtps_c
[0.346s] [ 49%] Built target turtlesim__rosidl_typesupport_fastrtps_cpp
[0.375s] [ 58%] Built target turtlesim__rosidl_typesupport_introspection_c
[0.389s] [ 67%] Built target turtlesim__rosidl_typesupport_c
[0.414s] [ 75%] Built target turtlesim__rosidl_typesupport_introspection_cpp
[0.453s] [ 81%] Built target turtlesim_node
[0.462s] [ 83%] Built target turtle_teleop_key
[0.484s] [ 84%] Built target draw_square
[0.504s] [ 84%] Built target turtlesim
[0.523s] [ 86%] Built target mimic
[0.547s] [ 86%] Built target turtlesim__py
[0.573s] [ 94%] Built target turtlesim__rosidl_generator_py
[0.613s] [ 96%] Built target turtlesim__rosidl_typesupport_introspection_c__pyext
[0.613s] [ 98%] Built target turtlesim__rosidl_typesupport_c__pyext
[0.626s] [100%] Built target turtlesim__rosidl_typesupport_fastrtps_c__pyext
[0.810s] running egg_info
[0.811s] writing turtlesim.egg-info/PKG-INFO
[0.811s] writing dependency_links to turtlesim.egg-info/dependency_links.txt
[0.812s] writing top-level names to turtlesim.egg-info/top_level.txt
[0.817s] reading manifest file 'turtlesim.egg-info/SOURCES.txt'
[0.818s] writing manifest file 'turtlesim.egg-info/SOURCES.txt'
[0.861s] [100%] Built target ament_cmake_python_build_turtlesim_egg
[0.956s] Invoked command in '/home/labdoo/ros2_ws/build/turtlesim' returned '0': AMENT_PREFIX_PATH=/home/labdoo/ros2_ws/install/ament_cmake:/home/labdoo/ros2_ws/install/ament_cmake_gen_version_h:/home/labdoo/ros2_ws/install/ament_cmake_test:/home/labdoo/ros2_ws/install/ament_cmake_target_dependencies:/home/labdoo/ros2_ws/install/ament_cmake_export_targets:/home/labdoo/ros2_ws/install/ament_cmake_export_interfaces:/home/labdoo/ros2_ws/install/ament_cmake_export_dependencies:/home/labdoo/ros2_ws/install/ament_cmake_version:/home/labdoo/ros2_ws/install/ament_cmake_python:/home/labdoo/ros2_ws/install/ament_cmake_libraries:/home/labdoo/ros2_ws/install/ament_cmake_include_directories:/home/labdoo/ros2_ws/install/ament_cmake_export_link_flags:/home/labdoo/ros2_ws/install/ament_cmake_export_libraries:/home/labdoo/ros2_ws/install/ament_cmake_export_include_directories:/home/labdoo/ros2_ws/install/ament_cmake_export_definitions:/home/labdoo/ros2_ws/install/ament_cmake_core:${AMENT_PREFIX_PATH} CMAKE_PREFIX_PATH=/home/labdoo/ros2_ws/install/ament_cmake:/home/labdoo/ros2_ws/install/ament_cmake_gen_version_h:/home/labdoo/ros2_ws/install/ament_cmake_test:/home/labdoo/ros2_ws/install/ament_cmake_target_dependencies:/home/labdoo/ros2_ws/install/ament_cmake_export_targets:/home/labdoo/ros2_ws/install/ament_cmake_export_interfaces:/home/labdoo/ros2_ws/install/ament_cmake_export_dependencies:/home/labdoo/ros2_ws/install/ament_cmake_version:/home/labdoo/ros2_ws/install/ament_cmake_python:/home/labdoo/ros2_ws/install/ament_cmake_libraries:/home/labdoo/ros2_ws/install/ament_cmake_include_directories:/home/labdoo/ros2_ws/install/ament_cmake_export_link_flags:/home/labdoo/ros2_ws/install/ament_cmake_export_libraries:/home/labdoo/ros2_ws/install/ament_cmake_export_include_directories:/home/labdoo/ros2_ws/install/ament_cmake_export_definitions:/home/labdoo/ros2_ws/install/ament_cmake_core:/opt/ros/iron PYTHONPATH=/home/labdoo/ros2_ws/install/ament_cmake_test/lib/python3.10/site-packages:${PYTHONPATH} /usr/bin/cmake --build /home/labdoo/ros2_ws/build/turtlesim -- -j4 -l4
[1.195s] Invoking command in '/home/labdoo/ros2_ws/build/turtlesim': AMENT_PREFIX_PATH=/home/labdoo/ros2_ws/install/ament_cmake:/home/labdoo/ros2_ws/install/ament_cmake_gen_version_h:/home/labdoo/ros2_ws/install/ament_cmake_test:/home/labdoo/ros2_ws/install/ament_cmake_target_dependencies:/home/labdoo/ros2_ws/install/ament_cmake_export_targets:/home/labdoo/ros2_ws/install/ament_cmake_export_interfaces:/home/labdoo/ros2_ws/install/ament_cmake_export_dependencies:/home/labdoo/ros2_ws/install/ament_cmake_version:/home/labdoo/ros2_ws/install/ament_cmake_python:/home/labdoo/ros2_ws/install/ament_cmake_libraries:/home/labdoo/ros2_ws/install/ament_cmake_include_directories:/home/labdoo/ros2_ws/install/ament_cmake_export_link_flags:/home/labdoo/ros2_ws/install/ament_cmake_export_libraries:/home/labdoo/ros2_ws/install/ament_cmake_export_include_directories:/home/labdoo/ros2_ws/install/ament_cmake_export_definitions:/home/labdoo/ros2_ws/install/ament_cmake_core:${AMENT_PREFIX_PATH} CMAKE_PREFIX_PATH=/home/labdoo/ros2_ws/install/ament_cmake:/home/labdoo/ros2_ws/install/ament_cmake_gen_version_h:/home/labdoo/ros2_ws/install/ament_cmake_test:/home/labdoo/ros2_ws/install/ament_cmake_target_dependencies:/home/labdoo/ros2_ws/install/ament_cmake_export_targets:/home/labdoo/ros2_ws/install/ament_cmake_export_interfaces:/home/labdoo/ros2_ws/install/ament_cmake_export_dependencies:/home/labdoo/ros2_ws/install/ament_cmake_version:/home/labdoo/ros2_ws/install/ament_cmake_python:/home/labdoo/ros2_ws/install/ament_cmake_libraries:/home/labdoo/ros2_ws/install/ament_cmake_include_directories:/home/labdoo/ros2_ws/install/ament_cmake_export_link_flags:/home/labdoo/ros2_ws/install/ament_cmake_export_libraries:/home/labdoo/ros2_ws/install/ament_cmake_export_include_directories:/home/labdoo/ros2_ws/install/ament_cmake_export_definitions:/home/labdoo/ros2_ws/install/ament_cmake_core:/opt/ros/iron PYTHONPATH=/home/labdoo/ros2_ws/install/ament_cmake_test/lib/python3.10/site-packages:${PYTHONPATH} /usr/bin/cmake --install /home/labdoo/ros2_ws/build/turtlesim
[1.207s] -- Install configuration: ""
[1.207s] -- Up-to-date: /home/labdoo/ros2_ws/install/turtlesim/share/ament_index/resource_index/rosidl_interfaces/turtlesim
[1.207s] -- Up-to-date: /home/labdoo/ros2_ws/install/turtlesim/share/turtlesim/action/RotateAbsolute.json
[1.207s] -- Up-to-date: /home/labdoo/ros2_ws/install/turtlesim/share/turtlesim/msg/Color.json
[1.207s] -- Up-to-date: /home/labdoo/ros2_ws/install/turtlesim/share/turtlesim/msg/Pose.json
[1.208s] -- Up-to-date: /home/labdoo/ros2_ws/install/turtlesim/share/turtlesim/srv/Kill.json
[1.208s] -- Up-to-date: /home/labdoo/ros2_ws/install/turtlesim/share/turtlesim/srv/SetPen.json
[1.208s] -- Up-to-date: /home/labdoo/ros2_ws/install/turtlesim/share/turtlesim/srv/Spawn.json
[1.208s] -- Up-to-date: /home/labdoo/ros2_ws/install/turtlesim/share/turtlesim/srv/TeleportAbsolute.json
[1.208s] -- Up-to-date: /home/labdoo/ros2_ws/install/turtlesim/share/turtlesim/srv/TeleportRelative.json
[1.208s] -- Up-to-date: /home/labdoo/ros2_ws/install/turtlesim/include/turtlesim/turtlesim
[1.209s] -- Up-to-date: /home/labdoo/ros2_ws/install/turtlesim/include/turtlesim/turtlesim/msg
[1.209s] -- Up-to-date: /home/labdoo/ros2_ws/install/turtlesim/include/turtlesim/turtlesim/msg/color.h
[1.209s] -- Up-to-date: /home/labdoo/ros2_ws/install/turtlesim/include/turtlesim/turtlesim/msg/pose.h
[1.209s] -- Up-to-date: /home/labdoo/ros2_ws/install/turtlesim/include/turtlesim/turtlesim/msg/detail
[1.209s] -- Up-to-date: /home/labdoo/ros2_ws/install/turtlesim/include/turtlesim/turtlesim/msg/detail/pose__type_support.h
[1.209s] -- Installing: /home/labdoo/ros2_ws/install/turtlesim/include/turtlesim/turtlesim/msg/detail/color__type_support.c
[1.209s] -- Up-to-date: /home/labdoo/ros2_ws/install/turtlesim/include/turtlesim/turtlesim/msg/detail/pose__functions.c
[1.210s] -- Up-to-date: /home/labdoo/ros2_ws/install/turtlesim/include/turtlesim/turtlesim/msg/detail/pose__struct.h
[1.210s] -- Up-to-date: /home/labdoo/ros2_ws/install/turtlesim/include/turtlesim/turtlesim/msg/detail/pose__description.c
[1.210s] -- Up-to-date: /home/labdoo/ros2_ws/install/turtlesim/include/turtlesim/turtlesim/msg/detail/color__functions.c
[1.210s] -- Up-to-date: /home/labdoo/ros2_ws/install/turtlesim/include/turtlesim/turtlesim/msg/detail/color__struct.h
[1.210s] -- Up-to-date: /home/labdoo/ros2_ws/install/turtlesim/include/turtlesim/turtlesim/msg/detail/color__type_support.h
[1.210s] -- Up-to-date: /home/labdoo/ros2_ws/install/turtlesim/include/turtlesim/turtlesim/msg/detail/color__functions.h
[1.210s] -- Installing: /home/labdoo/ros2_ws/install/turtlesim/include/turtlesim/turtlesim/msg/detail/pose__type_support.c
[1.210s] -- Up-to-date: /home/labdoo/ros2_ws/install/turtlesim/include/turtlesim/turtlesim/msg/detail/color__description.c
[1.210s] -- Up-to-date: /home/labdoo/ros2_ws/install/turtlesim/include/turtlesim/turtlesim/msg/detail/pose__functions.h
[1.211s] -- Up-to-date: /home/labdoo/ros2_ws/install/turtlesim/include/turtlesim/turtlesim/msg/rosidl_generator_c__visibility_control.h
[1.211s] -- Up-to-date: /home/labdoo/ros2_ws/install/turtlesim/include/turtlesim/turtlesim/srv
[1.211s] -- Up-to-date: /home/labdoo/ros2_ws/install/turtlesim/include/turtlesim/turtlesim/srv/spawn.h
[1.211s] -- Up-to-date: /home/labdoo/ros2_ws/install/turtlesim/include/turtlesim/turtlesim/srv/set_pen.h
[1.211s] -- Up-to-date: /home/labdoo/ros2_ws/install/turtlesim/include/turtlesim/turtlesim/srv/teleport_relative.h
[1.211s] -- Up-to-date: /home/labdoo/ros2_ws/install/turtlesim/include/turtlesim/turtlesim/srv/teleport_absolute.h
[1.211s] -- Up-to-date: /home/labdoo/ros2_ws/install/turtlesim/include/turtlesim/turtlesim/srv/detail
[1.211s] -- Up-to-date: /home/labdoo/ros2_ws/install/turtlesim/include/turtlesim/turtlesim/srv/detail/teleport_absolute__functions.h
[1.212s] -- Up-to-date: /home/labdoo/ros2_ws/install/turtlesim/include/turtlesim/turtlesim/srv/detail/spawn__type_support.h
[1.212s] -- Up-to-date: /home/labdoo/ros2_ws/install/turtlesim/include/turtlesim/turtlesim/srv/detail/set_pen__description.c
[1.212s] -- Up-to-date: /home/labdoo/ros2_ws/install/turtlesim/include/turtlesim/turtlesim/srv/detail/set_pen__functions.h
[1.212s] -- Up-to-date: /home/labdoo/ros2_ws/install/turtlesim/include/turtlesim/turtlesim/srv/detail/teleport_absolute__functions.c
[1.212s] -- Up-to-date: /home/labdoo/ros2_ws/install/turtlesim/include/turtlesim/turtlesim/srv/detail/kill__functions.c
[1.212s] -- Up-to-date: /home/labdoo/ros2_ws/install/turtlesim/include/turtlesim/turtlesim/srv/detail/teleport_relative__functions.h
[1.212s] -- Up-to-date: /home/labdoo/ros2_ws/install/turtlesim/include/turtlesim/turtlesim/srv/detail/set_pen__struct.h
[1.212s] -- Up-to-date: /home/labdoo/ros2_ws/install/turtlesim/include/turtlesim/turtlesim/srv/detail/spawn__description.c
[1.212s] -- Up-to-date: /home/labdoo/ros2_ws/install/turtlesim/include/turtlesim/turtlesim/srv/detail/teleport_absolute__struct.h
[1.212s] -- Up-to-date: /home/labdoo/ros2_ws/install/turtlesim/include/turtlesim/turtlesim/srv/detail/kill__type_support.h
[1.212s] -- Installing: /home/labdoo/ros2_ws/install/turtlesim/include/turtlesim/turtlesim/srv/detail/teleport_relative__type_support.c
[1.213s] -- Up-to-date: /home/labdoo/ros2_ws/install/turtlesim/include/turtlesim/turtlesim/srv/detail/set_pen__type_support.h
[1.213s] -- Up-to-date: /home/labdoo/ros2_ws/install/turtlesim/include/turtlesim/turtlesim/srv/detail/teleport_absolute__type_support.h
[1.213s] -- Up-to-date: /home/labdoo/ros2_ws/install/turtlesim/include/turtlesim/turtlesim/srv/detail/spawn__functions.c
[1.213s] -- Up-to-date: /home/labdoo/ros2_ws/install/turtlesim/include/turtlesim/turtlesim/srv/detail/spawn__struct.h
[1.213s] -- Installing: /home/labdoo/ros2_ws/install/turtlesim/include/turtlesim/turtlesim/srv/detail/set_pen__type_support.c
[1.213s] -- Up-to-date: /home/labdoo/ros2_ws/install/turtlesim/include/turtlesim/turtlesim/srv/detail/teleport_relative__struct.h
[1.213s] -- Up-to-date: /home/labdoo/ros2_ws/install/turtlesim/include/turtlesim/turtlesim/srv/detail/kill__description.c
[1.213s] -- Up-to-date: /home/labdoo/ros2_ws/install/turtlesim/include/turtlesim/turtlesim/srv/detail/teleport_absolute__description.c
[1.213s] -- Installing: /home/labdoo/ros2_ws/install/turtlesim/include/turtlesim/turtlesim/srv/detail/teleport_absolute__type_support.c
[1.214s] -- Up-to-date: /home/labdoo/ros2_ws/install/turtlesim/include/turtlesim/turtlesim/srv/detail/kill__struct.h
[1.214s] -- Installing: /home/labdoo/ros2_ws/install/turtlesim/include/turtlesim/turtlesim/srv/detail/spawn__type_support.c
[1.214s] -- Up-to-date: /home/labdoo/ros2_ws/install/turtlesim/include/turtlesim/turtlesim/srv/detail/set_pen__functions.c
[1.214s] -- Up-to-date: /home/labdoo/ros2_ws/install/turtlesim/include/turtlesim/turtlesim/srv/detail/teleport_relative__functions.c
[1.214s] -- Up-to-date: /home/labdoo/ros2_ws/install/turtlesim/include/turtlesim/turtlesim/srv/detail/spawn__functions.h
[1.214s] -- Installing: /home/labdoo/ros2_ws/install/turtlesim/include/turtlesim/turtlesim/srv/detail/kill__type_support.c
[1.214s] -- Up-to-date: /home/labdoo/ros2_ws/install/turtlesim/include/turtlesim/turtlesim/srv/detail/teleport_relative__type_support.h
[1.214s] -- Up-to-date: /home/labdoo/ros2_ws/install/turtlesim/include/turtlesim/turtlesim/srv/detail/teleport_relative__description.c
[1.214s] -- Up-to-date: /home/labdoo/ros2_ws/install/turtlesim/include/turtlesim/turtlesim/srv/detail/kill__functions.h
[1.214s] -- Up-to-date: /home/labdoo/ros2_ws/install/turtlesim/include/turtlesim/turtlesim/srv/kill.h
[1.214s] -- Up-to-date: /home/labdoo/ros2_ws/install/turtlesim/include/turtlesim/turtlesim/action
[1.215s] -- Up-to-date: /home/labdoo/ros2_ws/install/turtlesim/include/turtlesim/turtlesim/action/detail
[1.215s] -- Up-to-date: /home/labdoo/ros2_ws/install/turtlesim/include/turtlesim/turtlesim/action/detail/rotate_absolute__functions.c
[1.215s] -- Up-to-date: /home/labdoo/ros2_ws/install/turtlesim/include/turtlesim/turtlesim/action/detail/rotate_absolute__type_support.h
[1.215s] -- Up-to-date: /home/labdoo/ros2_ws/install/turtlesim/include/turtlesim/turtlesim/action/detail/rotate_absolute__struct.h
[1.215s] -- Installing: /home/labdoo/ros2_ws/install/turtlesim/include/turtlesim/turtlesim/action/detail/rotate_absolute__type_support.c
[1.215s] -- Up-to-date: /home/labdoo/ros2_ws/install/turtlesim/include/turtlesim/turtlesim/action/detail/rotate_absolute__description.c
[1.215s] -- Up-to-date: /home/labdoo/ros2_ws/install/turtlesim/include/turtlesim/turtlesim/action/detail/rotate_absolute__functions.h
[1.215s] -- Up-to-date: /home/labdoo/ros2_ws/install/turtlesim/include/turtlesim/turtlesim/action/rotate_absolute.h
[1.215s] -- Up-to-date: /home/labdoo/ros2_ws/install/turtlesim/share/turtlesim/environment/library_path.sh
[1.215s] -- Up-to-date: /home/labdoo/ros2_ws/install/turtlesim/share/turtlesim/environment/library_path.dsv
[1.216s] -- Up-to-date: /home/labdoo/ros2_ws/install/turtlesim/lib/libturtlesim__rosidl_generator_c.so
[1.216s] -- Up-to-date: /home/labdoo/ros2_ws/install/turtlesim/include/turtlesim/turtlesim
[1.216s] -- Up-to-date: /home/labdoo/ros2_ws/install/turtlesim/include/turtlesim/turtlesim/msg
[1.216s] -- Up-to-date: /home/labdoo/ros2_ws/install/turtlesim/include/turtlesim/turtlesim/msg/rosidl_typesupport_fastrtps_c__visibility_control.h
[1.216s] -- Up-to-date: /home/labdoo/ros2_ws/install/turtlesim/include/turtlesim/turtlesim/msg/detail
[1.216s] -- Up-to-date: /home/labdoo/ros2_ws/install/turtlesim/include/turtlesim/turtlesim/msg/detail/pose__rosidl_typesupport_fastrtps_c.h
[1.216s] -- Up-to-date: /home/labdoo/ros2_ws/install/turtlesim/include/turtlesim/turtlesim/msg/detail/color__rosidl_typesupport_fastrtps_c.h
[1.216s] -- Up-to-date: /home/labdoo/ros2_ws/install/turtlesim/include/turtlesim/turtlesim/srv
[1.216s] -- Up-to-date: /home/labdoo/ros2_ws/install/turtlesim/include/turtlesim/turtlesim/srv/detail
[1.216s] -- Up-to-date: /home/labdoo/ros2_ws/install/turtlesim/include/turtlesim/turtlesim/srv/detail/teleport_absolute__rosidl_typesupport_fastrtps_c.h
[1.217s] -- Up-to-date: /home/labdoo/ros2_ws/install/turtlesim/include/turtlesim/turtlesim/srv/detail/teleport_relative__rosidl_typesupport_fastrtps_c.h
[1.217s] -- Up-to-date: /home/labdoo/ros2_ws/install/turtlesim/include/turtlesim/turtlesim/srv/detail/spawn__rosidl_typesupport_fastrtps_c.h
[1.217s] -- Up-to-date: /home/labdoo/ros2_ws/install/turtlesim/include/turtlesim/turtlesim/srv/detail/kill__rosidl_typesupport_fastrtps_c.h
[1.217s] -- Up-to-date: /home/labdoo/ros2_ws/install/turtlesim/include/turtlesim/turtlesim/srv/detail/set_pen__rosidl_typesupport_fastrtps_c.h
[1.217s] -- Up-to-date: /home/labdoo/ros2_ws/install/turtlesim/include/turtlesim/turtlesim/action
[1.217s] -- Up-to-date: /home/labdoo/ros2_ws/install/turtlesim/include/turtlesim/turtlesim/action/detail
[1.217s] -- Up-to-date: /home/labdoo/ros2_ws/install/turtlesim/include/turtlesim/turtlesim/action/detail/rotate_absolute__rosidl_typesupport_fastrtps_c.h
[1.217s] -- Up-to-date: /home/labdoo/ros2_ws/install/turtlesim/lib/libturtlesim__rosidl_typesupport_fastrtps_c.so
[1.217s] -- Up-to-date: /home/labdoo/ros2_ws/install/turtlesim/include/turtlesim/turtlesim
[1.218s] -- Up-to-date: /home/labdoo/ros2_ws/install/turtlesim/include/turtlesim/turtlesim/msg
[1.218s] -- Up-to-date: /home/labdoo/ros2_ws/install/turtlesim/include/turtlesim/turtlesim/msg/detail
[1.218s] -- Up-to-date: /home/labdoo/ros2_ws/install/turtlesim/include/turtlesim/turtlesim/msg/detail/pose__traits.hpp
[1.218s] -- Up-to-date: /home/labdoo/ros2_ws/install/turtlesim/include/turtlesim/turtlesim/msg/detail/pose__builder.hpp
[1.218s] -- Up-to-date: /home/labdoo/ros2_ws/install/turtlesim/include/turtlesim/turtlesim/msg/detail/color__traits.hpp
[1.218s] -- Up-to-date: /home/labdoo/ros2_ws/install/turtlesim/include/turtlesim/turtlesim/msg/detail/pose__struct.hpp
[1.218s] -- Up-to-date: /home/labdoo/ros2_ws/install/turtlesim/include/turtlesim/turtlesim/msg/detail/color__builder.hpp
[1.219s] -- Up-to-date: /home/labdoo/ros2_ws/install/turtlesim/include/turtlesim/turtlesim/msg/detail/color__struct.hpp
[1.219s] -- Up-to-date: /home/labdoo/ros2_ws/install/turtlesim/include/turtlesim/turtlesim/msg/color.hpp
[1.219s] -- Up-to-date: /home/labdoo/ros2_ws/install/turtlesim/include/turtlesim/turtlesim/msg/pose.hpp
[1.219s] -- Up-to-date: /home/labdoo/ros2_ws/install/turtlesim/include/turtlesim/turtlesim/srv
[1.219s] -- Up-to-date: /home/labdoo/ros2_ws/install/turtlesim/include/turtlesim/turtlesim/srv/spawn.hpp
[1.219s] -- Up-to-date: /home/labdoo/ros2_ws/install/turtlesim/include/turtlesim/turtlesim/srv/kill.hpp
[1.219s] -- Up-to-date: /home/labdoo/ros2_ws/install/turtlesim/include/turtlesim/turtlesim/srv/detail
[1.219s] -- Up-to-date: /home/labdoo/ros2_ws/install/turtlesim/include/turtlesim/turtlesim/srv/detail/teleport_relative__builder.hpp
[1.219s] -- Up-to-date: /home/labdoo/ros2_ws/install/turtlesim/include/turtlesim/turtlesim/srv/detail/teleport_absolute__builder.hpp
[1.219s] -- Up-to-date: /home/labdoo/ros2_ws/install/turtlesim/include/turtlesim/turtlesim/srv/detail/set_pen__builder.hpp
[1.219s] -- Up-to-date: /home/labdoo/ros2_ws/install/turtlesim/include/turtlesim/turtlesim/srv/detail/teleport_absolute__traits.hpp
[1.220s] -- Up-to-date: /home/labdoo/ros2_ws/install/turtlesim/include/turtlesim/turtlesim/srv/detail/teleport_relative__struct.hpp
[1.220s] -- Up-to-date: /home/labdoo/ros2_ws/install/turtlesim/include/turtlesim/turtlesim/srv/detail/kill__traits.hpp
[1.220s] -- Up-to-date: /home/labdoo/ros2_ws/install/turtlesim/include/turtlesim/turtlesim/srv/detail/spawn__builder.hpp
[1.220s] -- Up-to-date: /home/labdoo/ros2_ws/install/turtlesim/include/turtlesim/turtlesim/srv/detail/set_pen__struct.hpp
[1.220s] -- Up-to-date: /home/labdoo/ros2_ws/install/turtlesim/include/turtlesim/turtlesim/srv/detail/set_pen__traits.hpp
[1.220s] -- Up-to-date: /home/labdoo/ros2_ws/install/turtlesim/include/turtlesim/turtlesim/srv/detail/kill__struct.hpp
[1.220s] -- Up-to-date: /home/labdoo/ros2_ws/install/turtlesim/include/turtlesim/turtlesim/srv/detail/teleport_absolute__struct.hpp
[1.220s] -- Up-to-date: /home/labdoo/ros2_ws/install/turtlesim/include/turtlesim/turtlesim/srv/detail/spawn__struct.hpp
[1.220s] -- Up-to-date: /home/labdoo/ros2_ws/install/turtlesim/include/turtlesim/turtlesim/srv/detail/spawn__traits.hpp
[1.220s] -- Up-to-date: /home/labdoo/ros2_ws/install/turtlesim/include/turtlesim/turtlesim/srv/detail/teleport_relative__traits.hpp
[1.221s] -- Up-to-date: /home/labdoo/ros2_ws/install/turtlesim/include/turtlesim/turtlesim/srv/detail/kill__builder.hpp
[1.221s] -- Up-to-date: /home/labdoo/ros2_ws/install/turtlesim/include/turtlesim/turtlesim/srv/teleport_relative.hpp
[1.221s] -- Up-to-date: /home/labdoo/ros2_ws/install/turtlesim/include/turtlesim/turtlesim/srv/teleport_absolute.hpp
[1.221s] -- Up-to-date: /home/labdoo/ros2_ws/install/turtlesim/include/turtlesim/turtlesim/srv/set_pen.hpp
[1.221s] -- Up-to-date: /home/labdoo/ros2_ws/install/turtlesim/include/turtlesim/turtlesim/action
[1.221s] -- Up-to-date: /home/labdoo/ros2_ws/install/turtlesim/include/turtlesim/turtlesim/action/detail
[1.221s] -- Up-to-date: /home/labdoo/ros2_ws/install/turtlesim/include/turtlesim/turtlesim/action/detail/rotate_absolute__builder.hpp
[1.221s] -- Up-to-date: /home/labdoo/ros2_ws/install/turtlesim/include/turtlesim/turtlesim/action/detail/rotate_absolute__struct.hpp
[1.221s] -- Up-to-date: /home/labdoo/ros2_ws/install/turtlesim/include/turtlesim/turtlesim/action/detail/rotate_absolute__traits.hpp
[1.221s] -- Up-to-date: /home/labdoo/ros2_ws/install/turtlesim/include/turtlesim/turtlesim/action/rotate_absolute.hpp
[1.222s] -- Up-to-date: /home/labdoo/ros2_ws/install/turtlesim/include/turtlesim/turtlesim
[1.222s] -- Up-to-date: /home/labdoo/ros2_ws/install/turtlesim/include/turtlesim/turtlesim/msg
[1.222s] -- Up-to-date: /home/labdoo/ros2_ws/install/turtlesim/include/turtlesim/turtlesim/msg/rosidl_typesupport_fastrtps_cpp__visibility_control.h
[1.222s] -- Up-to-date: /home/labdoo/ros2_ws/install/turtlesim/include/turtlesim/turtlesim/msg/detail
[1.222s] -- Up-to-date: /home/labdoo/ros2_ws/install/turtlesim/include/turtlesim/turtlesim/msg/detail/dds_fastrtps
[1.222s] -- Up-to-date: /home/labdoo/ros2_ws/install/turtlesim/include/turtlesim/turtlesim/msg/detail/pose__rosidl_typesupport_fastrtps_cpp.hpp
[1.222s] -- Up-to-date: /home/labdoo/ros2_ws/install/turtlesim/include/turtlesim/turtlesim/msg/detail/color__rosidl_typesupport_fastrtps_cpp.hpp
[1.222s] -- Up-to-date: /home/labdoo/ros2_ws/install/turtlesim/include/turtlesim/turtlesim/srv
[1.222s] -- Up-to-date: /home/labdoo/ros2_ws/install/turtlesim/include/turtlesim/turtlesim/srv/detail
[1.222s] -- Up-to-date: /home/labdoo/ros2_ws/install/turtlesim/include/turtlesim/turtlesim/srv/detail/kill__rosidl_typesupport_fastrtps_cpp.hpp
[1.222s] -- Up-to-date: /home/labdoo/ros2_ws/install/turtlesim/include/turtlesim/turtlesim/srv/detail/teleport_relative__rosidl_typesupport_fastrtps_cpp.hpp
[1.223s] -- Up-to-date: /home/labdoo/ros2_ws/install/turtlesim/include/turtlesim/turtlesim/srv/detail/dds_fastrtps
[1.223s] -- Up-to-date: /home/labdoo/ros2_ws/install/turtlesim/include/turtlesim/turtlesim/srv/detail/teleport_absolute__rosidl_typesupport_fastrtps_cpp.hpp
[1.223s] -- Up-to-date: /home/labdoo/ros2_ws/install/turtlesim/include/turtlesim/turtlesim/srv/detail/set_pen__rosidl_typesupport_fastrtps_cpp.hpp
[1.223s] -- Up-to-date: /home/labdoo/ros2_ws/install/turtlesim/include/turtlesim/turtlesim/srv/detail/spawn__rosidl_typesupport_fastrtps_cpp.hpp
[1.223s] -- Up-to-date: /home/labdoo/ros2_ws/install/turtlesim/include/turtlesim/turtlesim/action
[1.223s] -- Up-to-date: /home/labdoo/ros2_ws/install/turtlesim/include/turtlesim/turtlesim/action/detail
[1.223s] -- Up-to-date: /home/labdoo/ros2_ws/install/turtlesim/include/turtlesim/turtlesim/action/detail/dds_fastrtps
[1.223s] -- Up-to-date: /home/labdoo/ros2_ws/install/turtlesim/include/turtlesim/turtlesim/action/detail/rotate_absolute__rosidl_typesupport_fastrtps_cpp.hpp
[1.223s] -- Up-to-date: /home/labdoo/ros2_ws/install/turtlesim/lib/libturtlesim__rosidl_typesupport_fastrtps_cpp.so
[1.223s] -- Up-to-date: /home/labdoo/ros2_ws/install/turtlesim/include/turtlesim/turtlesim
[1.223s] -- Up-to-date: /home/labdoo/ros2_ws/install/turtlesim/include/turtlesim/turtlesim/msg
[1.224s] -- Up-to-date: /home/labdoo/ros2_ws/install/turtlesim/include/turtlesim/turtlesim/msg/rosidl_typesupport_introspection_c__visibility_control.h
[1.224s] -- Up-to-date: /home/labdoo/ros2_ws/install/turtlesim/include/turtlesim/turtlesim/msg/detail
[1.224s] -- Up-to-date: /home/labdoo/ros2_ws/install/turtlesim/include/turtlesim/turtlesim/msg/detail/color__rosidl_typesupport_introspection_c.h
[1.224s] -- Installing: /home/labdoo/ros2_ws/install/turtlesim/include/turtlesim/turtlesim/msg/detail/color__type_support.c
[1.224s] -- Installing: /home/labdoo/ros2_ws/install/turtlesim/include/turtlesim/turtlesim/msg/detail/pose__type_support.c
[1.224s] -- Up-to-date: /home/labdoo/ros2_ws/install/turtlesim/include/turtlesim/turtlesim/msg/detail/pose__rosidl_typesupport_introspection_c.h
[1.224s] -- Up-to-date: /home/labdoo/ros2_ws/install/turtlesim/include/turtlesim/turtlesim/srv
[1.224s] -- Up-to-date: /home/labdoo/ros2_ws/install/turtlesim/include/turtlesim/turtlesim/srv/detail
[1.224s] -- Up-to-date: /home/labdoo/ros2_ws/install/turtlesim/include/turtlesim/turtlesim/srv/detail/teleport_absolute__rosidl_typesupport_introspection_c.h
[1.224s] -- Installing: /home/labdoo/ros2_ws/install/turtlesim/include/turtlesim/turtlesim/srv/detail/teleport_relative__type_support.c
[1.224s] -- Up-to-date: /home/labdoo/ros2_ws/install/turtlesim/include/turtlesim/turtlesim/srv/detail/kill__rosidl_typesupport_introspection_c.h
[1.225s] -- Installing: /home/labdoo/ros2_ws/install/turtlesim/include/turtlesim/turtlesim/srv/detail/set_pen__type_support.c
[1.225s] -- Up-to-date: /home/labdoo/ros2_ws/install/turtlesim/include/turtlesim/turtlesim/srv/detail/teleport_relative__rosidl_typesupport_introspection_c.h
[1.225s] -- Installing: /home/labdoo/ros2_ws/install/turtlesim/include/turtlesim/turtlesim/srv/detail/teleport_absolute__type_support.c
[1.225s] -- Installing: /home/labdoo/ros2_ws/install/turtlesim/include/turtlesim/turtlesim/srv/detail/spawn__type_support.c
[1.225s] -- Up-to-date: /home/labdoo/ros2_ws/install/turtlesim/include/turtlesim/turtlesim/srv/detail/set_pen__rosidl_typesupport_introspection_c.h
[1.225s] -- Installing: /home/labdoo/ros2_ws/install/turtlesim/include/turtlesim/turtlesim/srv/detail/kill__type_support.c
[1.225s] -- Up-to-date: /home/labdoo/ros2_ws/install/turtlesim/include/turtlesim/turtlesim/srv/detail/spawn__rosidl_typesupport_introspection_c.h
[1.225s] -- Up-to-date: /home/labdoo/ros2_ws/install/turtlesim/include/turtlesim/turtlesim/action
[1.225s] -- Up-to-date: /home/labdoo/ros2_ws/install/turtlesim/include/turtlesim/turtlesim/action/detail
[1.225s] -- Up-to-date: /home/labdoo/ros2_ws/install/turtlesim/include/turtlesim/turtlesim/action/detail/rotate_absolute__rosidl_typesupport_introspection_c.h
[1.225s] -- Installing: /home/labdoo/ros2_ws/install/turtlesim/include/turtlesim/turtlesim/action/detail/rotate_absolute__type_support.c
[1.226s] -- Up-to-date: /home/labdoo/ros2_ws/install/turtlesim/lib/libturtlesim__rosidl_typesupport_introspection_c.so
[1.226s] -- Up-to-date: /home/labdoo/ros2_ws/install/turtlesim/lib/libturtlesim__rosidl_typesupport_c.so
[1.226s] -- Up-to-date: /home/labdoo/ros2_ws/install/turtlesim/include/turtlesim/turtlesim
[1.227s] -- Up-to-date: /home/labdoo/ros2_ws/install/turtlesim/include/turtlesim/turtlesim/msg
[1.227s] -- Up-to-date: /home/labdoo/ros2_ws/install/turtlesim/include/turtlesim/turtlesim/msg/detail
[1.227s] -- Up-to-date: /home/labdoo/ros2_ws/install/turtlesim/include/turtlesim/turtlesim/msg/detail/color__type_support.cpp
[1.227s] -- Up-to-date: /home/labdoo/ros2_ws/install/turtlesim/include/turtlesim/turtlesim/msg/detail/pose__type_support.cpp
[1.227s] -- Up-to-date: /home/labdoo/ros2_ws/install/turtlesim/include/turtlesim/turtlesim/msg/detail/color__rosidl_typesupport_introspection_cpp.hpp
[1.227s] -- Up-to-date: /home/labdoo/ros2_ws/install/turtlesim/include/turtlesim/turtlesim/msg/detail/pose__rosidl_typesupport_introspection_cpp.hpp
[1.227s] -- Up-to-date: /home/labdoo/ros2_ws/install/turtlesim/include/turtlesim/turtlesim/srv
[1.227s] -- Up-to-date: /home/labdoo/ros2_ws/install/turtlesim/include/turtlesim/turtlesim/srv/detail
[1.227s] -- Up-to-date: /home/labdoo/ros2_ws/install/turtlesim/include/turtlesim/turtlesim/srv/detail/kill__rosidl_typesupport_introspection_cpp.hpp
[1.228s] -- Up-to-date: /home/labdoo/ros2_ws/install/turtlesim/include/turtlesim/turtlesim/srv/detail/spawn__rosidl_typesupport_introspection_cpp.hpp
[1.228s] -- Up-to-date: /home/labdoo/ros2_ws/install/turtlesim/include/turtlesim/turtlesim/srv/detail/set_pen__rosidl_typesupport_introspection_cpp.hpp
[1.228s] -- Up-to-date: /home/labdoo/ros2_ws/install/turtlesim/include/turtlesim/turtlesim/srv/detail/teleport_absolute__rosidl_typesupport_introspection_cpp.hpp
[1.228s] -- Up-to-date: /home/labdoo/ros2_ws/install/turtlesim/include/turtlesim/turtlesim/srv/detail/teleport_relative__rosidl_typesupport_introspection_cpp.hpp
[1.228s] -- Up-to-date: /home/labdoo/ros2_ws/install/turtlesim/include/turtlesim/turtlesim/srv/detail/kill__type_support.cpp
[1.228s] -- Up-to-date: /home/labdoo/ros2_ws/install/turtlesim/include/turtlesim/turtlesim/srv/detail/spawn__type_support.cpp
[1.228s] -- Up-to-date: /home/labdoo/ros2_ws/install/turtlesim/include/turtlesim/turtlesim/srv/detail/teleport_relative__type_support.cpp
[1.228s] -- Up-to-date: /home/labdoo/ros2_ws/install/turtlesim/include/turtlesim/turtlesim/srv/detail/teleport_absolute__type_support.cpp
[1.228s] -- Up-to-date: /home/labdoo/ros2_ws/install/turtlesim/include/turtlesim/turtlesim/srv/detail/set_pen__type_support.cpp
[1.228s] -- Up-to-date: /home/labdoo/ros2_ws/install/turtlesim/include/turtlesim/turtlesim/action
[1.228s] -- Up-to-date: /home/labdoo/ros2_ws/install/turtlesim/include/turtlesim/turtlesim/action/detail
[1.229s] -- Up-to-date: /home/labdoo/ros2_ws/install/turtlesim/include/turtlesim/turtlesim/action/detail/rotate_absolute__type_support.cpp
[1.229s] -- Up-to-date: /home/labdoo/ros2_ws/install/turtlesim/include/turtlesim/turtlesim/action/detail/rotate_absolute__rosidl_typesupport_introspection_cpp.hpp
[1.229s] -- Up-to-date: /home/labdoo/ros2_ws/install/turtlesim/lib/libturtlesim__rosidl_typesupport_introspection_cpp.so
[1.229s] -- Up-to-date: /home/labdoo/ros2_ws/install/turtlesim/lib/libturtlesim__rosidl_typesupport_cpp.so
[1.229s] -- Up-to-date: /home/labdoo/ros2_ws/install/turtlesim/share/turtlesim/environment/pythonpath.sh
[1.229s] -- Up-to-date: /home/labdoo/ros2_ws/install/turtlesim/share/turtlesim/environment/pythonpath.dsv
[1.229s] -- Up-to-date: /home/labdoo/ros2_ws/install/turtlesim/lib/python3.10/site-packages/turtlesim-1.6.1-py3.10.egg-info
[1.229s] -- Installing: /home/labdoo/ros2_ws/install/turtlesim/lib/python3.10/site-packages/turtlesim-1.6.1-py3.10.egg-info/dependency_links.txt
[1.229s] -- Installing: /home/labdoo/ros2_ws/install/turtlesim/lib/python3.10/site-packages/turtlesim-1.6.1-py3.10.egg-info/SOURCES.txt
[1.230s] -- Installing: /home/labdoo/ros2_ws/install/turtlesim/lib/python3.10/site-packages/turtlesim-1.6.1-py3.10.egg-info/top_level.txt
[1.230s] -- Installing: /home/labdoo/ros2_ws/install/turtlesim/lib/python3.10/site-packages/turtlesim-1.6.1-py3.10.egg-info/PKG-INFO
[1.230s] -- Up-to-date: /home/labdoo/ros2_ws/install/turtlesim/lib/python3.10/site-packages/turtlesim
[1.230s] -- Up-to-date: /home/labdoo/ros2_ws/install/turtlesim/lib/python3.10/site-packages/turtlesim/_turtlesim_s.ep.rosidl_typesupport_fastrtps_c.c
[1.230s] -- Up-to-date: /home/labdoo/ros2_ws/install/turtlesim/lib/python3.10/site-packages/turtlesim/_turtlesim_s.ep.rosidl_typesupport_introspection_c.c
[1.231s] -- Up-to-date: /home/labdoo/ros2_ws/install/turtlesim/lib/python3.10/site-packages/turtlesim/turtlesim_s__rosidl_typesupport_c.cpython-310-x86_64-linux-gnu.so
[1.231s] -- Up-to-date: /home/labdoo/ros2_ws/install/turtlesim/lib/python3.10/site-packages/turtlesim/msg
[1.231s] -- Up-to-date: /home/labdoo/ros2_ws/install/turtlesim/lib/python3.10/site-packages/turtlesim/msg/_color.py
[1.231s] -- Up-to-date: /home/labdoo/ros2_ws/install/turtlesim/lib/python3.10/site-packages/turtlesim/msg/_pose.py
[1.231s] -- Up-to-date: /home/labdoo/ros2_ws/install/turtlesim/lib/python3.10/site-packages/turtlesim/msg/_pose_s.c
[1.231s] -- Up-to-date: /home/labdoo/ros2_ws/install/turtlesim/lib/python3.10/site-packages/turtlesim/msg/_color_s.c
[1.231s] -- Up-to-date: /home/labdoo/ros2_ws/install/turtlesim/lib/python3.10/site-packages/turtlesim/msg/__init__.py
[1.231s] -- Up-to-date: /home/labdoo/ros2_ws/install/turtlesim/lib/python3.10/site-packages/turtlesim/srv
[1.231s] -- Up-to-date: /home/labdoo/ros2_ws/install/turtlesim/lib/python3.10/site-packages/turtlesim/srv/_teleport_relative.py
[1.231s] -- Up-to-date: /home/labdoo/ros2_ws/install/turtlesim/lib/python3.10/site-packages/turtlesim/srv/_spawn_s.c
[1.232s] -- Up-to-date: /home/labdoo/ros2_ws/install/turtlesim/lib/python3.10/site-packages/turtlesim/srv/_kill_s.c
[1.232s] -- Up-to-date: /home/labdoo/ros2_ws/install/turtlesim/lib/python3.10/site-packages/turtlesim/srv/_teleport_relative_s.c
[1.232s] -- Up-to-date: /home/labdoo/ros2_ws/install/turtlesim/lib/python3.10/site-packages/turtlesim/srv/_spawn.py
[1.232s] -- Up-to-date: /home/labdoo/ros2_ws/install/turtlesim/lib/python3.10/site-packages/turtlesim/srv/_teleport_absolute.py
[1.232s] -- Up-to-date: /home/labdoo/ros2_ws/install/turtlesim/lib/python3.10/site-packages/turtlesim/srv/_set_pen_s.c
[1.232s] -- Up-to-date: /home/labdoo/ros2_ws/install/turtlesim/lib/python3.10/site-packages/turtlesim/srv/_set_pen.py
[1.232s] -- Up-to-date: /home/labdoo/ros2_ws/install/turtlesim/lib/python3.10/site-packages/turtlesim/srv/_kill.py
[1.232s] -- Up-to-date: /home/labdoo/ros2_ws/install/turtlesim/lib/python3.10/site-packages/turtlesim/srv/__init__.py
[1.232s] -- Up-to-date: /home/labdoo/ros2_ws/install/turtlesim/lib/python3.10/site-packages/turtlesim/srv/_teleport_absolute_s.c
[1.232s] -- Up-to-date: /home/labdoo/ros2_ws/install/turtlesim/lib/python3.10/site-packages/turtlesim/action
[1.232s] -- Up-to-date: /home/labdoo/ros2_ws/install/turtlesim/lib/python3.10/site-packages/turtlesim/action/_rotate_absolute_s.c
[1.232s] -- Up-to-date: /home/labdoo/ros2_ws/install/turtlesim/lib/python3.10/site-packages/turtlesim/action/_rotate_absolute.py
[1.232s] -- Up-to-date: /home/labdoo/ros2_ws/install/turtlesim/lib/python3.10/site-packages/turtlesim/action/__init__.py
[1.233s] -- Up-to-date: /home/labdoo/ros2_ws/install/turtlesim/lib/python3.10/site-packages/turtlesim/_turtlesim_s.ep.rosidl_typesupport_c.c
[1.233s] -- Up-to-date: /home/labdoo/ros2_ws/install/turtlesim/lib/python3.10/site-packages/turtlesim/libturtlesim__rosidl_generator_py.so
[1.233s] -- Up-to-date: /home/labdoo/ros2_ws/install/turtlesim/lib/python3.10/site-packages/turtlesim/turtlesim_s__rosidl_typesupport_introspection_c.cpython-310-x86_64-linux-gnu.so
[1.233s] -- Up-to-date: /home/labdoo/ros2_ws/install/turtlesim/lib/python3.10/site-packages/turtlesim/__init__.py
[1.233s] -- Up-to-date: /home/labdoo/ros2_ws/install/turtlesim/lib/python3.10/site-packages/turtlesim/turtlesim_s__rosidl_typesupport_fastrtps_c.cpython-310-x86_64-linux-gnu.so
[1.274s] Listing '/home/labdoo/ros2_ws/install/turtlesim/lib/python3.10/site-packages/turtlesim'...
[1.274s] Listing '/home/labdoo/ros2_ws/install/turtlesim/lib/python3.10/site-packages/turtlesim/action'...
[1.274s] Listing '/home/labdoo/ros2_ws/install/turtlesim/lib/python3.10/site-packages/turtlesim/msg'...
[1.274s] Listing '/home/labdoo/ros2_ws/install/turtlesim/lib/python3.10/site-packages/turtlesim/srv'...
[1.281s] -- Up-to-date: /home/labdoo/ros2_ws/install/turtlesim/lib/python3.10/site-packages/turtlesim/turtlesim_s__rosidl_typesupport_fastrtps_c.cpython-310-x86_64-linux-gnu.so
[1.282s] -- Up-to-date: /home/labdoo/ros2_ws/install/turtlesim/lib/python3.10/site-packages/turtlesim/turtlesim_s__rosidl_typesupport_introspection_c.cpython-310-x86_64-linux-gnu.so
[1.282s] -- Up-to-date: /home/labdoo/ros2_ws/install/turtlesim/lib/python3.10/site-packages/turtlesim/turtlesim_s__rosidl_typesupport_c.cpython-310-x86_64-linux-gnu.so
[1.283s] -- Up-to-date: /home/labdoo/ros2_ws/install/turtlesim/lib/libturtlesim__rosidl_generator_py.so
[1.283s] -- Up-to-date: /home/labdoo/ros2_ws/install/turtlesim/share/turtlesim/action/RotateAbsolute.idl
[1.284s] -- Up-to-date: /home/labdoo/ros2_ws/install/turtlesim/share/turtlesim/msg/Color.idl
[1.284s] -- Up-to-date: /home/labdoo/ros2_ws/install/turtlesim/share/turtlesim/msg/Pose.idl
[1.284s] -- Up-to-date: /home/labdoo/ros2_ws/install/turtlesim/share/turtlesim/srv/Kill.idl
[1.284s] -- Up-to-date: /home/labdoo/ros2_ws/install/turtlesim/share/turtlesim/srv/SetPen.idl
[1.284s] -- Up-to-date: /home/labdoo/ros2_ws/install/turtlesim/share/turtlesim/srv/Spawn.idl
[1.285s] -- Up-to-date: /home/labdoo/ros2_ws/install/turtlesim/share/turtlesim/srv/TeleportAbsolute.idl
[1.285s] -- Up-to-date: /home/labdoo/ros2_ws/install/turtlesim/share/turtlesim/srv/TeleportRelative.idl
[1.285s] -- Up-to-date: /home/labdoo/ros2_ws/install/turtlesim/share/turtlesim/action/RotateAbsolute.action
[1.285s] -- Up-to-date: /home/labdoo/ros2_ws/install/turtlesim/share/turtlesim/msg/Color.msg
[1.285s] -- Up-to-date: /home/labdoo/ros2_ws/install/turtlesim/share/turtlesim/msg/Pose.msg
[1.285s] -- Up-to-date: /home/labdoo/ros2_ws/install/turtlesim/share/turtlesim/srv/Kill.srv
[1.285s] -- Up-to-date: /home/labdoo/ros2_ws/install/turtlesim/share/turtlesim/srv/Kill_Request.msg
[1.285s] -- Up-to-date: /home/labdoo/ros2_ws/install/turtlesim/share/turtlesim/srv/Kill_Response.msg
[1.286s] -- Up-to-date: /home/labdoo/ros2_ws/install/turtlesim/share/turtlesim/srv/SetPen.srv
[1.286s] -- Up-to-date: /home/labdoo/ros2_ws/install/turtlesim/share/turtlesim/srv/SetPen_Request.msg
[1.286s] -- Up-to-date: /home/labdoo/ros2_ws/install/turtlesim/share/turtlesim/srv/SetPen_Response.msg
[1.286s] -- Up-to-date: /home/labdoo/ros2_ws/install/turtlesim/share/turtlesim/srv/Spawn.srv
[1.286s] -- Up-to-date: /home/labdoo/ros2_ws/install/turtlesim/share/turtlesim/srv/Spawn_Request.msg
[1.286s] -- Up-to-date: /home/labdoo/ros2_ws/install/turtlesim/share/turtlesim/srv/Spawn_Response.msg
[1.286s] -- Up-to-date: /home/labdoo/ros2_ws/install/turtlesim/share/turtlesim/srv/TeleportAbsolute.srv
[1.286s] -- Up-to-date: /home/labdoo/ros2_ws/install/turtlesim/share/turtlesim/srv/TeleportAbsolute_Request.msg
[1.286s] -- Up-to-date: /home/labdoo/ros2_ws/install/turtlesim/share/turtlesim/srv/TeleportAbsolute_Response.msg
[1.286s] -- Up-to-date: /home/labdoo/ros2_ws/install/turtlesim/share/turtlesim/srv/TeleportRelative.srv
[1.286s] -- Up-to-date: /home/labdoo/ros2_ws/install/turtlesim/share/turtlesim/srv/TeleportRelative_Request.msg
[1.286s] -- Up-to-date: /home/labdoo/ros2_ws/install/turtlesim/share/turtlesim/srv/TeleportRelative_Response.msg
[1.287s] -- Up-to-date: /home/labdoo/ros2_ws/install/turtlesim/lib/turtlesim/turtlesim_node
[1.287s] -- Up-to-date: /home/labdoo/ros2_ws/install/turtlesim/lib/turtlesim/turtle_teleop_key
[1.288s] -- Up-to-date: /home/labdoo/ros2_ws/install/turtlesim/lib/turtlesim/draw_square
[1.288s] -- Up-to-date: /home/labdoo/ros2_ws/install/turtlesim/lib/turtlesim/mimic
[1.289s] -- Up-to-date: /home/labdoo/ros2_ws/install/turtlesim/share/turtlesim/images
[1.289s] -- Up-to-date: /home/labdoo/ros2_ws/install/turtlesim/share/turtlesim/images/iron.png
[1.289s] -- Up-to-date: /home/labdoo/ros2_ws/install/turtlesim/share/turtlesim/images/humble.png
[1.289s] -- Up-to-date: /home/labdoo/ros2_ws/install/turtlesim/share/turtlesim/images/rolling.png
[1.289s] -- Up-to-date: /home/labdoo/ros2_ws/install/turtlesim/share/turtlesim/images/ardent.png
[1.290s] -- Up-to-date: /home/labdoo/ros2_ws/install/turtlesim/share/turtlesim/images/eloquent.png
[1.290s] -- Up-to-date: /home/labdoo/ros2_ws/install/turtlesim/share/turtlesim/images/bouncy.png
[1.290s] -- Up-to-date: /home/labdoo/ros2_ws/install/turtlesim/share/turtlesim/images/foxy.png
[1.290s] -- Up-to-date: /home/labdoo/ros2_ws/install/turtlesim/share/turtlesim/images/dashing.png
[1.290s] -- Up-to-date: /home/labdoo/ros2_ws/install/turtlesim/share/turtlesim/images/crystal.png
[1.290s] -- Up-to-date: /home/labdoo/ros2_ws/install/turtlesim/share/turtlesim/images/galactic.png
[1.290s] -- Up-to-date: /home/labdoo/ros2_ws/install/turtlesim/share/turtlesim/launch
[1.291s] -- Up-to-date: /home/labdoo/ros2_ws/install/turtlesim/share/turtlesim/launch/multisim.launch.py
[1.291s] -- Up-to-date: /home/labdoo/ros2_ws/install/turtlesim/share/ament_index/resource_index/package_run_dependencies/turtlesim
[1.291s] -- Up-to-date: /home/labdoo/ros2_ws/install/turtlesim/share/ament_index/resource_index/parent_prefix_path/turtlesim
[1.291s] -- Up-to-date: /home/labdoo/ros2_ws/install/turtlesim/share/turtlesim/environment/ament_prefix_path.sh
[1.291s] -- Up-to-date: /home/labdoo/ros2_ws/install/turtlesim/share/turtlesim/environment/ament_prefix_path.dsv
[1.291s] -- Up-to-date: /home/labdoo/ros2_ws/install/turtlesim/share/turtlesim/environment/path.sh
[1.291s] -- Up-to-date: /home/labdoo/ros2_ws/install/turtlesim/share/turtlesim/environment/path.dsv
[1.291s] -- Up-to-date: /home/labdoo/ros2_ws/install/turtlesim/share/turtlesim/local_setup.bash
[1.291s] -- Up-to-date: /home/labdoo/ros2_ws/install/turtlesim/share/turtlesim/local_setup.sh
[1.291s] -- Up-to-date: /home/labdoo/ros2_ws/install/turtlesim/share/turtlesim/local_setup.zsh
[1.291s] -- Up-to-date: /home/labdoo/ros2_ws/install/turtlesim/share/turtlesim/local_setup.dsv
[1.292s] -- Installing: /home/labdoo/ros2_ws/install/turtlesim/share/turtlesim/package.dsv
[1.292s] -- Up-to-date: /home/labdoo/ros2_ws/install/turtlesim/share/ament_index/resource_index/packages/turtlesim
[1.292s] -- Up-to-date: /home/labdoo/ros2_ws/install/turtlesim/share/turtlesim/cmake/export_turtlesim__rosidl_generator_cExport.cmake
[1.292s] -- Up-to-date: /home/labdoo/ros2_ws/install/turtlesim/share/turtlesim/cmake/export_turtlesim__rosidl_generator_cExport-noconfig.cmake
[1.292s] -- Up-to-date: /home/labdoo/ros2_ws/install/turtlesim/share/turtlesim/cmake/export_turtlesim__rosidl_typesupport_fastrtps_cExport.cmake
[1.292s] -- Up-to-date: /home/labdoo/ros2_ws/install/turtlesim/share/turtlesim/cmake/export_turtlesim__rosidl_typesupport_fastrtps_cExport-noconfig.cmake
[1.292s] -- Up-to-date: /home/labdoo/ros2_ws/install/turtlesim/share/turtlesim/cmake/export_turtlesim__rosidl_generator_cppExport.cmake
[1.293s] -- Up-to-date: /home/labdoo/ros2_ws/install/turtlesim/share/turtlesim/cmake/export_turtlesim__rosidl_typesupport_fastrtps_cppExport.cmake
[1.293s] -- Up-to-date: /home/labdoo/ros2_ws/install/turtlesim/share/turtlesim/cmake/export_turtlesim__rosidl_typesupport_fastrtps_cppExport-noconfig.cmake
[1.293s] -- Up-to-date: /home/labdoo/ros2_ws/install/turtlesim/share/turtlesim/cmake/turtlesim__rosidl_typesupport_introspection_cExport.cmake
[1.293s] -- Up-to-date: /home/labdoo/ros2_ws/install/turtlesim/share/turtlesim/cmake/turtlesim__rosidl_typesupport_introspection_cExport-noconfig.cmake
[1.294s] -- Up-to-date: /home/labdoo/ros2_ws/install/turtlesim/share/turtlesim/cmake/turtlesim__rosidl_typesupport_cExport.cmake
[1.294s] -- Up-to-date: /home/labdoo/ros2_ws/install/turtlesim/share/turtlesim/cmake/turtlesim__rosidl_typesupport_cExport-noconfig.cmake
[1.294s] -- Up-to-date: /home/labdoo/ros2_ws/install/turtlesim/share/turtlesim/cmake/turtlesim__rosidl_typesupport_introspection_cppExport.cmake
[1.294s] -- Up-to-date: /home/labdoo/ros2_ws/install/turtlesim/share/turtlesim/cmake/turtlesim__rosidl_typesupport_introspection_cppExport-noconfig.cmake
[1.295s] -- Up-to-date: /home/labdoo/ros2_ws/install/turtlesim/share/turtlesim/cmake/turtlesim__rosidl_typesupport_cppExport.cmake
[1.295s] -- Up-to-date: /home/labdoo/ros2_ws/install/turtlesim/share/turtlesim/cmake/turtlesim__rosidl_typesupport_cppExport-noconfig.cmake
[1.295s] -- Up-to-date: /home/labdoo/ros2_ws/install/turtlesim/share/turtlesim/cmake/export_turtlesim__rosidl_generator_pyExport.cmake
[1.295s] -- Up-to-date: /home/labdoo/ros2_ws/install/turtlesim/share/turtlesim/cmake/export_turtlesim__rosidl_generator_pyExport-noconfig.cmake
[1.295s] -- Up-to-date: /home/labdoo/ros2_ws/install/turtlesim/share/turtlesim/cmake/rosidl_cmake-extras.cmake
[1.296s] -- Up-to-date: /home/labdoo/ros2_ws/install/turtlesim/share/turtlesim/cmake/ament_cmake_export_dependencies-extras.cmake
[1.296s] -- Up-to-date: /home/labdoo/ros2_ws/install/turtlesim/share/turtlesim/cmake/ament_cmake_export_include_directories-extras.cmake
[1.296s] -- Up-to-date: /home/labdoo/ros2_ws/install/turtlesim/share/turtlesim/cmake/ament_cmake_export_libraries-extras.cmake
[1.296s] -- Up-to-date: /home/labdoo/ros2_ws/install/turtlesim/share/turtlesim/cmake/ament_cmake_export_targets-extras.cmake
[1.296s] -- Up-to-date: /home/labdoo/ros2_ws/install/turtlesim/share/turtlesim/cmake/rosidl_cmake_export_typesupport_targets-extras.cmake
[1.296s] -- Up-to-date: /home/labdoo/ros2_ws/install/turtlesim/share/turtlesim/cmake/rosidl_cmake_export_typesupport_libraries-extras.cmake
[1.296s] -- Up-to-date: /home/labdoo/ros2_ws/install/turtlesim/share/turtlesim/cmake/turtlesimConfig.cmake
[1.296s] -- Up-to-date: /home/labdoo/ros2_ws/install/turtlesim/share/turtlesim/cmake/turtlesimConfig-version.cmake
[1.296s] -- Up-to-date: /home/labdoo/ros2_ws/install/turtlesim/share/turtlesim/package.xml
[1.299s] Invoked command in '/home/labdoo/ros2_ws/build/turtlesim' returned '0': AMENT_PREFIX_PATH=/home/labdoo/ros2_ws/install/ament_cmake:/home/labdoo/ros2_ws/install/ament_cmake_gen_version_h:/home/labdoo/ros2_ws/install/ament_cmake_test:/home/labdoo/ros2_ws/install/ament_cmake_target_dependencies:/home/labdoo/ros2_ws/install/ament_cmake_export_targets:/home/labdoo/ros2_ws/install/ament_cmake_export_interfaces:/home/labdoo/ros2_ws/install/ament_cmake_export_dependencies:/home/labdoo/ros2_ws/install/ament_cmake_version:/home/labdoo/ros2_ws/install/ament_cmake_python:/home/labdoo/ros2_ws/install/ament_cmake_libraries:/home/labdoo/ros2_ws/install/ament_cmake_include_directories:/home/labdoo/ros2_ws/install/ament_cmake_export_link_flags:/home/labdoo/ros2_ws/install/ament_cmake_export_libraries:/home/labdoo/ros2_ws/install/ament_cmake_export_include_directories:/home/labdoo/ros2_ws/install/ament_cmake_export_definitions:/home/labdoo/ros2_ws/install/ament_cmake_core:${AMENT_PREFIX_PATH} CMAKE_PREFIX_PATH=/home/labdoo/ros2_ws/install/ament_cmake:/home/labdoo/ros2_ws/install/ament_cmake_gen_version_h:/home/labdoo/ros2_ws/install/ament_cmake_test:/home/labdoo/ros2_ws/install/ament_cmake_target_dependencies:/home/labdoo/ros2_ws/install/ament_cmake_export_targets:/home/labdoo/ros2_ws/install/ament_cmake_export_interfaces:/home/labdoo/ros2_ws/install/ament_cmake_export_dependencies:/home/labdoo/ros2_ws/install/ament_cmake_version:/home/labdoo/ros2_ws/install/ament_cmake_python:/home/labdoo/ros2_ws/install/ament_cmake_libraries:/home/labdoo/ros2_ws/install/ament_cmake_include_directories:/home/labdoo/ros2_ws/install/ament_cmake_export_link_flags:/home/labdoo/ros2_ws/install/ament_cmake_export_libraries:/home/labdoo/ros2_ws/install/ament_cmake_export_include_directories:/home/labdoo/ros2_ws/install/ament_cmake_export_definitions:/home/labdoo/ros2_ws/install/ament_cmake_core:/opt/ros/iron PYTHONPATH=/home/labdoo/ros2_ws/install/ament_cmake_test/lib/python3.10/site-packages:${PYTHONPATH} /usr/bin/cmake --install /home/labdoo/ros2_ws/build/turtlesim
