[3.357s] Invoking command in '/home/labdoo/ros2_ws/src/examples/rclpy/executors': PYTHONPATH=/home/labdoo/ros2_ws/build/examples_rclpy_executors/prefix_override:/home/labdoo/ros2_ws/install/examples_rclpy_executors/lib/python3.10/site-packages:${PYTHONPATH} /usr/bin/python3 setup.py egg_info --egg-base ../../../../build/examples_rclpy_executors build --build-base /home/labdoo/ros2_ws/build/examples_rclpy_executors/build install --record /home/labdoo/ros2_ws/build/examples_rclpy_executors/install.log --single-version-externally-managed
[4.089s] running egg_info
[4.091s] writing ../../../../build/examples_rclpy_executors/examples_rclpy_executors.egg-info/PKG-INFO
[4.091s] writing dependency_links to ../../../../build/examples_rclpy_executors/examples_rclpy_executors.egg-info/dependency_links.txt
[4.091s] writing entry points to ../../../../build/examples_rclpy_executors/examples_rclpy_executors.egg-info/entry_points.txt
[4.091s] writing requirements to ../../../../build/examples_rclpy_executors/examples_rclpy_executors.egg-info/requires.txt
[4.092s] writing top-level names to ../../../../build/examples_rclpy_executors/examples_rclpy_executors.egg-info/top_level.txt
[4.099s] reading manifest file '../../../../build/examples_rclpy_executors/examples_rclpy_executors.egg-info/SOURCES.txt'
[4.102s] writing manifest file '../../../../build/examples_rclpy_executors/examples_rclpy_executors.egg-info/SOURCES.txt'
[4.102s] running build
[4.102s] running build_py
[4.103s] running install
[4.103s] /usr/lib/python3/dist-packages/setuptools/command/install.py:34: SetuptoolsDeprecationWarning: setup.py install is deprecated. Use build and pip and other standards-based tools.
[4.103s]   warnings.warn(
[4.104s] running install_lib
[4.107s] running install_data
[4.109s] running install_egg_info
[4.113s] removing '/home/labdoo/ros2_ws/install/examples_rclpy_executors/lib/python3.10/site-packages/examples_rclpy_executors-0.18.0-py3.10.egg-info' (and everything under it)
[4.113s] Copying ../../../../build/examples_rclpy_executors/examples_rclpy_executors.egg-info to /home/labdoo/ros2_ws/install/examples_rclpy_executors/lib/python3.10/site-packages/examples_rclpy_executors-0.18.0-py3.10.egg-info
[4.115s] running install_scripts
[4.156s] Installing callback_group script to /home/labdoo/ros2_ws/install/examples_rclpy_executors/lib/examples_rclpy_executors
[4.157s] Installing composed script to /home/labdoo/ros2_ws/install/examples_rclpy_executors/lib/examples_rclpy_executors
[4.157s] Installing custom_callback_group script to /home/labdoo/ros2_ws/install/examples_rclpy_executors/lib/examples_rclpy_executors
[4.157s] Installing custom_executor script to /home/labdoo/ros2_ws/install/examples_rclpy_executors/lib/examples_rclpy_executors
[4.158s] Installing listener script to /home/labdoo/ros2_ws/install/examples_rclpy_executors/lib/examples_rclpy_executors
[4.158s] Installing talker script to /home/labdoo/ros2_ws/install/examples_rclpy_executors/lib/examples_rclpy_executors
[4.159s] writing list of installed files to '/home/labdoo/ros2_ws/build/examples_rclpy_executors/install.log'
[4.366s] Invoked command in '/home/labdoo/ros2_ws/src/examples/rclpy/executors' returned '0': PYTHONPATH=/home/labdoo/ros2_ws/build/examples_rclpy_executors/prefix_override:/home/labdoo/ros2_ws/install/examples_rclpy_executors/lib/python3.10/site-packages:${PYTHONPATH} /usr/bin/python3 setup.py egg_info --egg-base ../../../../build/examples_rclpy_executors build --build-base /home/labdoo/ros2_ws/build/examples_rclpy_executors/build install --record /home/labdoo/ros2_ws/build/examples_rclpy_executors/install.log --single-version-externally-managed
