[4.102s] Invoking command in '/home/labdoo/ros2_ws/build/examples_rclpy_minimal_service': PYTHONPATH=/home/labdoo/ros2_ws/build/examples_rclpy_minimal_service/prefix_override:/home/labdoo/ros2_ws/install/examples_rclpy_minimal_service/lib/python3.10/site-packages:${PYTHONPATH} /usr/bin/python3 setup.py develop --uninstall --editable --build-directory /home/labdoo/ros2_ws/build/examples_rclpy_minimal_service/build
[4.970s] running develop
[4.972s] /usr/lib/python3/dist-packages/setuptools/command/easy_install.py:158: EasyInstallDeprecationWarning: easy_install command is deprecated. Use build and pip and other standards-based tools.
[4.974s]   warnings.warn(
[4.974s] /usr/lib/python3/dist-packages/setuptools/command/install.py:34: SetuptoolsDeprecationWarning: setup.py install is deprecated. Use build and pip and other standards-based tools.
[4.975s]   warnings.warn(
[5.621s] Removing /home/labdoo/ros2_ws/install/examples_rclpy_minimal_service/lib/python3.10/site-packages/examples-rclpy-minimal-service.egg-link (link to .)
[6.866s] Invoked command in '/home/labdoo/ros2_ws/build/examples_rclpy_minimal_service' returned '0': PYTHONPATH=/home/labdoo/ros2_ws/build/examples_rclpy_minimal_service/prefix_override:/home/labdoo/ros2_ws/install/examples_rclpy_minimal_service/lib/python3.10/site-packages:${PYTHONPATH} /usr/bin/python3 setup.py develop --uninstall --editable --build-directory /home/labdoo/ros2_ws/build/examples_rclpy_minimal_service/build
[6.869s] Invoking command in '/home/labdoo/ros2_ws/src/examples/rclpy/services/minimal_service': PYTHONPATH=/home/labdoo/ros2_ws/build/examples_rclpy_minimal_service/prefix_override:/home/labdoo/ros2_ws/install/examples_rclpy_minimal_service/lib/python3.10/site-packages:${PYTHONPATH} /usr/bin/python3 setup.py egg_info --egg-base ../../../../../build/examples_rclpy_minimal_service build --build-base /home/labdoo/ros2_ws/build/examples_rclpy_minimal_service/build install --record /home/labdoo/ros2_ws/build/examples_rclpy_minimal_service/install.log --single-version-externally-managed
[7.652s] running egg_info
[7.654s] writing ../../../../../build/examples_rclpy_minimal_service/examples_rclpy_minimal_service.egg-info/PKG-INFO
[7.654s] writing dependency_links to ../../../../../build/examples_rclpy_minimal_service/examples_rclpy_minimal_service.egg-info/dependency_links.txt
[7.655s] writing entry points to ../../../../../build/examples_rclpy_minimal_service/examples_rclpy_minimal_service.egg-info/entry_points.txt
[7.655s] writing requirements to ../../../../../build/examples_rclpy_minimal_service/examples_rclpy_minimal_service.egg-info/requires.txt
[7.655s] writing top-level names to ../../../../../build/examples_rclpy_minimal_service/examples_rclpy_minimal_service.egg-info/top_level.txt
[7.663s] reading manifest file '../../../../../build/examples_rclpy_minimal_service/examples_rclpy_minimal_service.egg-info/SOURCES.txt'
[7.666s] writing manifest file '../../../../../build/examples_rclpy_minimal_service/examples_rclpy_minimal_service.egg-info/SOURCES.txt'
[7.666s] running build
[7.666s] running build_py
[7.667s] creating /home/labdoo/ros2_ws/build/examples_rclpy_minimal_service/build
[7.667s] creating /home/labdoo/ros2_ws/build/examples_rclpy_minimal_service/build/lib
[7.667s] creating /home/labdoo/ros2_ws/build/examples_rclpy_minimal_service/build/lib/examples_rclpy_minimal_service
[7.668s] copying examples_rclpy_minimal_service/service_member_function.py -> /home/labdoo/ros2_ws/build/examples_rclpy_minimal_service/build/lib/examples_rclpy_minimal_service
[7.668s] copying examples_rclpy_minimal_service/__init__.py -> /home/labdoo/ros2_ws/build/examples_rclpy_minimal_service/build/lib/examples_rclpy_minimal_service
[7.668s] copying examples_rclpy_minimal_service/service.py -> /home/labdoo/ros2_ws/build/examples_rclpy_minimal_service/build/lib/examples_rclpy_minimal_service
[7.668s] running install
[7.669s] /usr/lib/python3/dist-packages/setuptools/command/install.py:34: SetuptoolsDeprecationWarning: setup.py install is deprecated. Use build and pip and other standards-based tools.
[7.669s]   warnings.warn(
[7.670s] running install_lib
[7.672s] creating /home/labdoo/ros2_ws/install/examples_rclpy_minimal_service/lib/python3.10/site-packages/examples_rclpy_minimal_service
[7.672s] copying /home/labdoo/ros2_ws/build/examples_rclpy_minimal_service/build/lib/examples_rclpy_minimal_service/service_member_function.py -> /home/labdoo/ros2_ws/install/examples_rclpy_minimal_service/lib/python3.10/site-packages/examples_rclpy_minimal_service
[7.672s] copying /home/labdoo/ros2_ws/build/examples_rclpy_minimal_service/build/lib/examples_rclpy_minimal_service/__init__.py -> /home/labdoo/ros2_ws/install/examples_rclpy_minimal_service/lib/python3.10/site-packages/examples_rclpy_minimal_service
[7.672s] copying /home/labdoo/ros2_ws/build/examples_rclpy_minimal_service/build/lib/examples_rclpy_minimal_service/service.py -> /home/labdoo/ros2_ws/install/examples_rclpy_minimal_service/lib/python3.10/site-packages/examples_rclpy_minimal_service
[7.674s] byte-compiling /home/labdoo/ros2_ws/install/examples_rclpy_minimal_service/lib/python3.10/site-packages/examples_rclpy_minimal_service/service_member_function.py to service_member_function.cpython-310.pyc
[7.675s] byte-compiling /home/labdoo/ros2_ws/install/examples_rclpy_minimal_service/lib/python3.10/site-packages/examples_rclpy_minimal_service/__init__.py to __init__.cpython-310.pyc
[7.675s] byte-compiling /home/labdoo/ros2_ws/install/examples_rclpy_minimal_service/lib/python3.10/site-packages/examples_rclpy_minimal_service/service.py to service.cpython-310.pyc
[7.676s] running install_data
[7.678s] running install_egg_info
[7.683s] Copying ../../../../../build/examples_rclpy_minimal_service/examples_rclpy_minimal_service.egg-info to /home/labdoo/ros2_ws/install/examples_rclpy_minimal_service/lib/python3.10/site-packages/examples_rclpy_minimal_service-0.18.0-py3.10.egg-info
[7.685s] running install_scripts
[7.741s] Installing service script to /home/labdoo/ros2_ws/install/examples_rclpy_minimal_service/lib/examples_rclpy_minimal_service
[7.741s] Installing service_member_function script to /home/labdoo/ros2_ws/install/examples_rclpy_minimal_service/lib/examples_rclpy_minimal_service
[7.742s] writing list of installed files to '/home/labdoo/ros2_ws/build/examples_rclpy_minimal_service/install.log'
[7.995s] Invoked command in '/home/labdoo/ros2_ws/src/examples/rclpy/services/minimal_service' returned '0': PYTHONPATH=/home/labdoo/ros2_ws/build/examples_rclpy_minimal_service/prefix_override:/home/labdoo/ros2_ws/install/examples_rclpy_minimal_service/lib/python3.10/site-packages:${PYTHONPATH} /usr/bin/python3 setup.py egg_info --egg-base ../../../../../build/examples_rclpy_minimal_service build --build-base /home/labdoo/ros2_ws/build/examples_rclpy_minimal_service/build install --record /home/labdoo/ros2_ws/build/examples_rclpy_minimal_service/install.log --single-version-externally-managed
