[2.647s] Invoking command in '/home/labdoo/ros2_ws/src/examples/rclpy/actions/minimal_action_server': PYTHONPATH=/home/labdoo/ros2_ws/build/examples_rclpy_minimal_action_server/prefix_override:/home/labdoo/ros2_ws/install/examples_rclpy_minimal_action_server/lib/python3.10/site-packages:${PYTHONPATH} /usr/bin/python3 setup.py egg_info --egg-base ../../../../../build/examples_rclpy_minimal_action_server build --build-base /home/labdoo/ros2_ws/build/examples_rclpy_minimal_action_server/build install --record /home/labdoo/ros2_ws/build/examples_rclpy_minimal_action_server/install.log --single-version-externally-managed
[3.384s] running egg_info
[3.386s] writing ../../../../../build/examples_rclpy_minimal_action_server/examples_rclpy_minimal_action_server.egg-info/PKG-INFO
[3.387s] writing dependency_links to ../../../../../build/examples_rclpy_minimal_action_server/examples_rclpy_minimal_action_server.egg-info/dependency_links.txt
[3.387s] writing entry points to ../../../../../build/examples_rclpy_minimal_action_server/examples_rclpy_minimal_action_server.egg-info/entry_points.txt
[3.388s] writing requirements to ../../../../../build/examples_rclpy_minimal_action_server/examples_rclpy_minimal_action_server.egg-info/requires.txt
[3.388s] writing top-level names to ../../../../../build/examples_rclpy_minimal_action_server/examples_rclpy_minimal_action_server.egg-info/top_level.txt
[3.395s] reading manifest file '../../../../../build/examples_rclpy_minimal_action_server/examples_rclpy_minimal_action_server.egg-info/SOURCES.txt'
[3.398s] writing manifest file '../../../../../build/examples_rclpy_minimal_action_server/examples_rclpy_minimal_action_server.egg-info/SOURCES.txt'
[3.398s] running build
[3.398s] running build_py
[3.399s] running install
[3.400s] /usr/lib/python3/dist-packages/setuptools/command/install.py:34: SetuptoolsDeprecationWarning: setup.py install is deprecated. Use build and pip and other standards-based tools.
[3.400s]   warnings.warn(
[3.400s] running install_lib
[3.404s] running install_data
[3.405s] running install_egg_info
[3.409s] removing '/home/labdoo/ros2_ws/install/examples_rclpy_minimal_action_server/lib/python3.10/site-packages/examples_rclpy_minimal_action_server-0.18.0-py3.10.egg-info' (and everything under it)
[3.410s] Copying ../../../../../build/examples_rclpy_minimal_action_server/examples_rclpy_minimal_action_server.egg-info to /home/labdoo/ros2_ws/install/examples_rclpy_minimal_action_server/lib/python3.10/site-packages/examples_rclpy_minimal_action_server-0.18.0-py3.10.egg-info
[3.411s] running install_scripts
[3.461s] Installing server script to /home/labdoo/ros2_ws/install/examples_rclpy_minimal_action_server/lib/examples_rclpy_minimal_action_server
[3.461s] Installing server_defer script to /home/labdoo/ros2_ws/install/examples_rclpy_minimal_action_server/lib/examples_rclpy_minimal_action_server
[3.461s] Installing server_not_composable script to /home/labdoo/ros2_ws/install/examples_rclpy_minimal_action_server/lib/examples_rclpy_minimal_action_server
[3.462s] Installing server_queue_goals script to /home/labdoo/ros2_ws/install/examples_rclpy_minimal_action_server/lib/examples_rclpy_minimal_action_server
[3.462s] Installing server_single_goal script to /home/labdoo/ros2_ws/install/examples_rclpy_minimal_action_server/lib/examples_rclpy_minimal_action_server
[3.463s] writing list of installed files to '/home/labdoo/ros2_ws/build/examples_rclpy_minimal_action_server/install.log'
[4.000s] Invoked command in '/home/labdoo/ros2_ws/src/examples/rclpy/actions/minimal_action_server' returned '0': PYTHONPATH=/home/labdoo/ros2_ws/build/examples_rclpy_minimal_action_server/prefix_override:/home/labdoo/ros2_ws/install/examples_rclpy_minimal_action_server/lib/python3.10/site-packages:${PYTHONPATH} /usr/bin/python3 setup.py egg_info --egg-base ../../../../../build/examples_rclpy_minimal_action_server build --build-base /home/labdoo/ros2_ws/build/examples_rclpy_minimal_action_server/build install --record /home/labdoo/ros2_ws/build/examples_rclpy_minimal_action_server/install.log --single-version-externally-managed
