[0.489s] Invoking command in '/home/labdoo/ros2_ws/build/cpp_pubsub': CMAKE_PREFIX_PATH=/opt/ros/iron /usr/bin/cmake --build /home/labdoo/ros2_ws/build/cpp_pubsub -- -j4 -l4
[0.657s] [ 50%] Built target talker
[0.658s] [100%] Built target listener
[0.676s] Invoked command in '/home/labdoo/ros2_ws/build/cpp_pubsub' returned '0': CMAKE_PREFIX_PATH=/opt/ros/iron /usr/bin/cmake --build /home/labdoo/ros2_ws/build/cpp_pubsub -- -j4 -l4
[0.745s] Invoking command in '/home/labdoo/ros2_ws/build/cpp_pubsub': CMAKE_PREFIX_PATH=/opt/ros/iron /usr/bin/cmake --install /home/labdoo/ros2_ws/build/cpp_pubsub
[0.759s] -- Install configuration: ""
[0.760s] -- Up-to-date: /home/labdoo/ros2_ws/install/cpp_pubsub/lib/cpp_pubsub/talker
[0.762s] -- Up-to-date: /home/labdoo/ros2_ws/install/cpp_pubsub/lib/cpp_pubsub/listener
[0.763s] -- Up-to-date: /home/labdoo/ros2_ws/install/cpp_pubsub/share/ament_index/resource_index/package_run_dependencies/cpp_pubsub
[0.763s] -- Up-to-date: /home/labdoo/ros2_ws/install/cpp_pubsub/share/ament_index/resource_index/parent_prefix_path/cpp_pubsub
[0.764s] -- Up-to-date: /home/labdoo/ros2_ws/install/cpp_pubsub/share/cpp_pubsub/environment/ament_prefix_path.sh
[0.765s] -- Up-to-date: /home/labdoo/ros2_ws/install/cpp_pubsub/share/cpp_pubsub/environment/ament_prefix_path.dsv
[0.765s] -- Up-to-date: /home/labdoo/ros2_ws/install/cpp_pubsub/share/cpp_pubsub/environment/path.sh
[0.766s] -- Up-to-date: /home/labdoo/ros2_ws/install/cpp_pubsub/share/cpp_pubsub/environment/path.dsv
[0.766s] -- Up-to-date: /home/labdoo/ros2_ws/install/cpp_pubsub/share/cpp_pubsub/local_setup.bash
[0.766s] -- Up-to-date: /home/labdoo/ros2_ws/install/cpp_pubsub/share/cpp_pubsub/local_setup.sh
[0.766s] -- Up-to-date: /home/labdoo/ros2_ws/install/cpp_pubsub/share/cpp_pubsub/local_setup.zsh
[0.766s] -- Up-to-date: /home/labdoo/ros2_ws/install/cpp_pubsub/share/cpp_pubsub/local_setup.dsv
[0.767s] -- Installing: /home/labdoo/ros2_ws/install/cpp_pubsub/share/cpp_pubsub/package.dsv
[0.767s] -- Up-to-date: /home/labdoo/ros2_ws/install/cpp_pubsub/share/ament_index/resource_index/packages/cpp_pubsub
[0.770s] -- Up-to-date: /home/labdoo/ros2_ws/install/cpp_pubsub/share/cpp_pubsub/cmake/cpp_pubsubConfig.cmake
[0.770s] -- Up-to-date: /home/labdoo/ros2_ws/install/cpp_pubsub/share/cpp_pubsub/cmake/cpp_pubsubConfig-version.cmake
[0.770s] -- Up-to-date: /home/labdoo/ros2_ws/install/cpp_pubsub/share/cpp_pubsub/package.xml
[0.781s] Invoked command in '/home/labdoo/ros2_ws/build/cpp_pubsub' returned '0': CMAKE_PREFIX_PATH=/opt/ros/iron /usr/bin/cmake --install /home/labdoo/ros2_ws/build/cpp_pubsub
