[0.876s] Invoking command in '/home/labdoo/ros2_ws/build/turtlesim': CMAKE_PREFIX_PATH=${CMAKE_PREFIX_PATH}:/home/labdoo/ros2_ws/install/urdf_tutorial:/home/labdoo/ros2_ws/install/py_pubsub:/home/labdoo/ros2_ws/install/launch_testing_examples:/home/labdoo/ros2_ws/install/examples_rclpy_pointcloud_publisher:/home/labdoo/ros2_ws/install/examples_rclpy_minimal_subscriber:/home/labdoo/ros2_ws/install/examples_rclpy_minimal_service:/home/labdoo/ros2_ws/install/examples_rclpy_minimal_publisher:/home/labdoo/ros2_ws/install/examples_rclpy_minimal_client:/home/labdoo/ros2_ws/install/examples_rclpy_minimal_action_server:/home/labdoo/ros2_ws/install/examples_rclpy_minimal_action_client:/home/labdoo/ros2_ws/install/examples_rclpy_guard_conditions:/home/labdoo/ros2_ws/install/examples_rclpy_executors:/opt/ros/iron /usr/bin/cmake --build /home/labdoo/ros2_ws/build/turtlesim -- -j4 -l4
[0.952s] [  0%] Built target turtlesim__rosidl_generator_type_description
[0.964s] [  0%] Built target ament_cmake_python_copy_turtlesim
[0.990s] [  1%] Built target turtlesim__cpp
[1.004s] [ 24%] Built target turtlesim__rosidl_generator_c
[1.066s] [ 33%] Built target turtlesim__rosidl_typesupport_fastrtps_c
[1.078s] [ 41%] Built target turtlesim__rosidl_typesupport_cpp
[1.087s] [ 49%] Built target turtlesim__rosidl_typesupport_fastrtps_cpp
[1.141s] [ 58%] Built target turtlesim__rosidl_typesupport_introspection_c
[1.144s] [ 66%] Built target turtlesim__rosidl_typesupport_introspection_cpp
[1.158s] [ 75%] Built target turtlesim__rosidl_typesupport_c
[1.219s] [ 77%] Built target turtle_teleop_key
[1.232s] [ 83%] Built target turtlesim_node
[1.250s] [ 84%] Built target draw_square
[1.273s] [ 86%] Built target mimic
[1.284s] [ 86%] Built target turtlesim
[1.322s] [ 86%] Built target turtlesim__py
[1.369s] [ 94%] Built target turtlesim__rosidl_generator_py
[1.422s] [ 96%] Built target turtlesim__rosidl_typesupport_fastrtps_c__pyext
[1.427s] [ 98%] Built target turtlesim__rosidl_typesupport_introspection_c__pyext
[1.443s] [100%] Built target turtlesim__rosidl_typesupport_c__pyext
[1.569s] running egg_info
[1.570s] writing turtlesim.egg-info/PKG-INFO
[1.570s] writing dependency_links to turtlesim.egg-info/dependency_links.txt
[1.571s] writing top-level names to turtlesim.egg-info/top_level.txt
[1.577s] reading manifest file 'turtlesim.egg-info/SOURCES.txt'
[1.578s] writing manifest file 'turtlesim.egg-info/SOURCES.txt'
[1.623s] [100%] Built target ament_cmake_python_build_turtlesim_egg
[1.637s] Invoked command in '/home/labdoo/ros2_ws/build/turtlesim' returned '0': CMAKE_PREFIX_PATH=${CMAKE_PREFIX_PATH}:/home/labdoo/ros2_ws/install/urdf_tutorial:/home/labdoo/ros2_ws/install/py_pubsub:/home/labdoo/ros2_ws/install/launch_testing_examples:/home/labdoo/ros2_ws/install/examples_rclpy_pointcloud_publisher:/home/labdoo/ros2_ws/install/examples_rclpy_minimal_subscriber:/home/labdoo/ros2_ws/install/examples_rclpy_minimal_service:/home/labdoo/ros2_ws/install/examples_rclpy_minimal_publisher:/home/labdoo/ros2_ws/install/examples_rclpy_minimal_client:/home/labdoo/ros2_ws/install/examples_rclpy_minimal_action_server:/home/labdoo/ros2_ws/install/examples_rclpy_minimal_action_client:/home/labdoo/ros2_ws/install/examples_rclpy_guard_conditions:/home/labdoo/ros2_ws/install/examples_rclpy_executors:/opt/ros/iron /usr/bin/cmake --build /home/labdoo/ros2_ws/build/turtlesim -- -j4 -l4
[1.946s] Invoking command in '/home/labdoo/ros2_ws/build/turtlesim': CMAKE_PREFIX_PATH=${CMAKE_PREFIX_PATH}:/home/labdoo/ros2_ws/install/urdf_tutorial:/home/labdoo/ros2_ws/install/py_pubsub:/home/labdoo/ros2_ws/install/launch_testing_examples:/home/labdoo/ros2_ws/install/examples_rclpy_pointcloud_publisher:/home/labdoo/ros2_ws/install/examples_rclpy_minimal_subscriber:/home/labdoo/ros2_ws/install/examples_rclpy_minimal_service:/home/labdoo/ros2_ws/install/examples_rclpy_minimal_publisher:/home/labdoo/ros2_ws/install/examples_rclpy_minimal_client:/home/labdoo/ros2_ws/install/examples_rclpy_minimal_action_server:/home/labdoo/ros2_ws/install/examples_rclpy_minimal_action_client:/home/labdoo/ros2_ws/install/examples_rclpy_guard_conditions:/home/labdoo/ros2_ws/install/examples_rclpy_executors:/opt/ros/iron /usr/bin/cmake --install /home/labdoo/ros2_ws/build/turtlesim
[1.957s] -- Install configuration: ""
[1.957s] -- Up-to-date: /home/labdoo/ros2_ws/install/turtlesim/share/ament_index/resource_index/rosidl_interfaces/turtlesim
[1.958s] -- Up-to-date: /home/labdoo/ros2_ws/install/turtlesim/share/turtlesim/action/RotateAbsolute.json
[1.958s] -- Up-to-date: /home/labdoo/ros2_ws/install/turtlesim/share/turtlesim/msg/Color.json
[1.959s] -- Up-to-date: /home/labdoo/ros2_ws/install/turtlesim/share/turtlesim/msg/Pose.json
[1.959s] -- Up-to-date: /home/labdoo/ros2_ws/install/turtlesim/share/turtlesim/srv/Kill.json
[1.959s] -- Up-to-date: /home/labdoo/ros2_ws/install/turtlesim/share/turtlesim/srv/SetPen.json
[1.960s] -- Up-to-date: /home/labdoo/ros2_ws/install/turtlesim/share/turtlesim/srv/Spawn.json
[1.960s] -- Up-to-date: /home/labdoo/ros2_ws/install/turtlesim/share/turtlesim/srv/TeleportAbsolute.json
[1.960s] -- Up-to-date: /home/labdoo/ros2_ws/install/turtlesim/share/turtlesim/srv/TeleportRelative.json
[1.960s] -- Up-to-date: /home/labdoo/ros2_ws/install/turtlesim/include/turtlesim/turtlesim
[1.961s] -- Up-to-date: /home/labdoo/ros2_ws/install/turtlesim/include/turtlesim/turtlesim/msg
[1.961s] -- Up-to-date: /home/labdoo/ros2_ws/install/turtlesim/include/turtlesim/turtlesim/msg/color.h
[1.962s] -- Up-to-date: /home/labdoo/ros2_ws/install/turtlesim/include/turtlesim/turtlesim/msg/pose.h
[1.962s] -- Up-to-date: /home/labdoo/ros2_ws/install/turtlesim/include/turtlesim/turtlesim/msg/detail
[1.963s] -- Up-to-date: /home/labdoo/ros2_ws/install/turtlesim/include/turtlesim/turtlesim/msg/detail/pose__type_support.h
[1.963s] -- Installing: /home/labdoo/ros2_ws/install/turtlesim/include/turtlesim/turtlesim/msg/detail/color__type_support.c
[1.963s] -- Up-to-date: /home/labdoo/ros2_ws/install/turtlesim/include/turtlesim/turtlesim/msg/detail/pose__functions.c
[1.964s] -- Up-to-date: /home/labdoo/ros2_ws/install/turtlesim/include/turtlesim/turtlesim/msg/detail/pose__struct.h
[1.964s] -- Up-to-date: /home/labdoo/ros2_ws/install/turtlesim/include/turtlesim/turtlesim/msg/detail/pose__description.c
[1.964s] -- Up-to-date: /home/labdoo/ros2_ws/install/turtlesim/include/turtlesim/turtlesim/msg/detail/color__functions.c
[1.965s] -- Up-to-date: /home/labdoo/ros2_ws/install/turtlesim/include/turtlesim/turtlesim/msg/detail/color__struct.h
[1.965s] -- Up-to-date: /home/labdoo/ros2_ws/install/turtlesim/include/turtlesim/turtlesim/msg/detail/color__type_support.h
[1.965s] -- Up-to-date: /home/labdoo/ros2_ws/install/turtlesim/include/turtlesim/turtlesim/msg/detail/color__functions.h
[1.966s] -- Installing: /home/labdoo/ros2_ws/install/turtlesim/include/turtlesim/turtlesim/msg/detail/pose__type_support.c
[1.967s] -- Up-to-date: /home/labdoo/ros2_ws/install/turtlesim/include/turtlesim/turtlesim/msg/detail/color__description.c
[1.967s] -- Up-to-date: /home/labdoo/ros2_ws/install/turtlesim/include/turtlesim/turtlesim/msg/detail/pose__functions.h
[1.968s] -- Up-to-date: /home/labdoo/ros2_ws/install/turtlesim/include/turtlesim/turtlesim/msg/rosidl_generator_c__visibility_control.h
[1.968s] -- Up-to-date: /home/labdoo/ros2_ws/install/turtlesim/include/turtlesim/turtlesim/srv
[1.968s] -- Up-to-date: /home/labdoo/ros2_ws/install/turtlesim/include/turtlesim/turtlesim/srv/spawn.h
[1.968s] -- Up-to-date: /home/labdoo/ros2_ws/install/turtlesim/include/turtlesim/turtlesim/srv/set_pen.h
[1.969s] -- Up-to-date: /home/labdoo/ros2_ws/install/turtlesim/include/turtlesim/turtlesim/srv/teleport_relative.h
[1.969s] -- Up-to-date: /home/labdoo/ros2_ws/install/turtlesim/include/turtlesim/turtlesim/srv/teleport_absolute.h
[1.969s] -- Up-to-date: /home/labdoo/ros2_ws/install/turtlesim/include/turtlesim/turtlesim/srv/detail
[1.969s] -- Up-to-date: /home/labdoo/ros2_ws/install/turtlesim/include/turtlesim/turtlesim/srv/detail/teleport_absolute__functions.h
[1.970s] -- Up-to-date: /home/labdoo/ros2_ws/install/turtlesim/include/turtlesim/turtlesim/srv/detail/spawn__type_support.h
[1.971s] -- Up-to-date: /home/labdoo/ros2_ws/install/turtlesim/include/turtlesim/turtlesim/srv/detail/set_pen__description.c
[1.971s] -- Up-to-date: /home/labdoo/ros2_ws/install/turtlesim/include/turtlesim/turtlesim/srv/detail/set_pen__functions.h
[1.971s] -- Up-to-date: /home/labdoo/ros2_ws/install/turtlesim/include/turtlesim/turtlesim/srv/detail/teleport_absolute__functions.c
[1.971s] -- Up-to-date: /home/labdoo/ros2_ws/install/turtlesim/include/turtlesim/turtlesim/srv/detail/kill__functions.c
[1.971s] -- Up-to-date: /home/labdoo/ros2_ws/install/turtlesim/include/turtlesim/turtlesim/srv/detail/teleport_relative__functions.h
[1.971s] -- Up-to-date: /home/labdoo/ros2_ws/install/turtlesim/include/turtlesim/turtlesim/srv/detail/set_pen__struct.h
[1.972s] -- Up-to-date: /home/labdoo/ros2_ws/install/turtlesim/include/turtlesim/turtlesim/srv/detail/spawn__description.c
[1.972s] -- Up-to-date: /home/labdoo/ros2_ws/install/turtlesim/include/turtlesim/turtlesim/srv/detail/teleport_absolute__struct.h
[1.972s] -- Up-to-date: /home/labdoo/ros2_ws/install/turtlesim/include/turtlesim/turtlesim/srv/detail/kill__type_support.h
[1.972s] -- Installing: /home/labdoo/ros2_ws/install/turtlesim/include/turtlesim/turtlesim/srv/detail/teleport_relative__type_support.c
[1.973s] -- Up-to-date: /home/labdoo/ros2_ws/install/turtlesim/include/turtlesim/turtlesim/srv/detail/set_pen__type_support.h
[1.973s] -- Up-to-date: /home/labdoo/ros2_ws/install/turtlesim/include/turtlesim/turtlesim/srv/detail/teleport_absolute__type_support.h
[1.973s] -- Up-to-date: /home/labdoo/ros2_ws/install/turtlesim/include/turtlesim/turtlesim/srv/detail/spawn__functions.c
[1.973s] -- Up-to-date: /home/labdoo/ros2_ws/install/turtlesim/include/turtlesim/turtlesim/srv/detail/spawn__struct.h
[1.973s] -- Installing: /home/labdoo/ros2_ws/install/turtlesim/include/turtlesim/turtlesim/srv/detail/set_pen__type_support.c
[1.973s] -- Up-to-date: /home/labdoo/ros2_ws/install/turtlesim/include/turtlesim/turtlesim/srv/detail/teleport_relative__struct.h
[1.974s] -- Up-to-date: /home/labdoo/ros2_ws/install/turtlesim/include/turtlesim/turtlesim/srv/detail/kill__description.c
[1.974s] -- Up-to-date: /home/labdoo/ros2_ws/install/turtlesim/include/turtlesim/turtlesim/srv/detail/teleport_absolute__description.c
[1.974s] -- Installing: /home/labdoo/ros2_ws/install/turtlesim/include/turtlesim/turtlesim/srv/detail/teleport_absolute__type_support.c
[1.974s] -- Up-to-date: /home/labdoo/ros2_ws/install/turtlesim/include/turtlesim/turtlesim/srv/detail/kill__struct.h
[1.974s] -- Installing: /home/labdoo/ros2_ws/install/turtlesim/include/turtlesim/turtlesim/srv/detail/spawn__type_support.c
[1.974s] -- Up-to-date: /home/labdoo/ros2_ws/install/turtlesim/include/turtlesim/turtlesim/srv/detail/set_pen__functions.c
[1.975s] -- Up-to-date: /home/labdoo/ros2_ws/install/turtlesim/include/turtlesim/turtlesim/srv/detail/teleport_relative__functions.c
[1.975s] -- Up-to-date: /home/labdoo/ros2_ws/install/turtlesim/include/turtlesim/turtlesim/srv/detail/spawn__functions.h
[1.975s] -- Installing: /home/labdoo/ros2_ws/install/turtlesim/include/turtlesim/turtlesim/srv/detail/kill__type_support.c
[1.975s] -- Up-to-date: /home/labdoo/ros2_ws/install/turtlesim/include/turtlesim/turtlesim/srv/detail/teleport_relative__type_support.h
[1.975s] -- Up-to-date: /home/labdoo/ros2_ws/install/turtlesim/include/turtlesim/turtlesim/srv/detail/teleport_relative__description.c
[1.976s] -- Up-to-date: /home/labdoo/ros2_ws/install/turtlesim/include/turtlesim/turtlesim/srv/detail/kill__functions.h
[1.976s] -- Up-to-date: /home/labdoo/ros2_ws/install/turtlesim/include/turtlesim/turtlesim/srv/kill.h
[1.976s] -- Up-to-date: /home/labdoo/ros2_ws/install/turtlesim/include/turtlesim/turtlesim/action
[1.976s] -- Up-to-date: /home/labdoo/ros2_ws/install/turtlesim/include/turtlesim/turtlesim/action/detail
[1.976s] -- Up-to-date: /home/labdoo/ros2_ws/install/turtlesim/include/turtlesim/turtlesim/action/detail/rotate_absolute__functions.c
[1.976s] -- Up-to-date: /home/labdoo/ros2_ws/install/turtlesim/include/turtlesim/turtlesim/action/detail/rotate_absolute__type_support.h
[1.977s] -- Up-to-date: /home/labdoo/ros2_ws/install/turtlesim/include/turtlesim/turtlesim/action/detail/rotate_absolute__struct.h
[1.977s] -- Installing: /home/labdoo/ros2_ws/install/turtlesim/include/turtlesim/turtlesim/action/detail/rotate_absolute__type_support.c
[1.977s] -- Up-to-date: /home/labdoo/ros2_ws/install/turtlesim/include/turtlesim/turtlesim/action/detail/rotate_absolute__description.c
[1.977s] -- Up-to-date: /home/labdoo/ros2_ws/install/turtlesim/include/turtlesim/turtlesim/action/detail/rotate_absolute__functions.h
[1.977s] -- Up-to-date: /home/labdoo/ros2_ws/install/turtlesim/include/turtlesim/turtlesim/action/rotate_absolute.h
[1.977s] -- Up-to-date: /home/labdoo/ros2_ws/install/turtlesim/share/turtlesim/environment/library_path.sh
[1.978s] -- Up-to-date: /home/labdoo/ros2_ws/install/turtlesim/share/turtlesim/environment/library_path.dsv
[1.978s] -- Up-to-date: /home/labdoo/ros2_ws/install/turtlesim/lib/libturtlesim__rosidl_generator_c.so
[1.978s] -- Up-to-date: /home/labdoo/ros2_ws/install/turtlesim/include/turtlesim/turtlesim
[1.978s] -- Up-to-date: /home/labdoo/ros2_ws/install/turtlesim/include/turtlesim/turtlesim/msg
[1.978s] -- Up-to-date: /home/labdoo/ros2_ws/install/turtlesim/include/turtlesim/turtlesim/msg/rosidl_typesupport_fastrtps_c__visibility_control.h
[1.978s] -- Up-to-date: /home/labdoo/ros2_ws/install/turtlesim/include/turtlesim/turtlesim/msg/detail
[1.979s] -- Up-to-date: /home/labdoo/ros2_ws/install/turtlesim/include/turtlesim/turtlesim/msg/detail/pose__rosidl_typesupport_fastrtps_c.h
[1.979s] -- Up-to-date: /home/labdoo/ros2_ws/install/turtlesim/include/turtlesim/turtlesim/msg/detail/color__rosidl_typesupport_fastrtps_c.h
[1.979s] -- Up-to-date: /home/labdoo/ros2_ws/install/turtlesim/include/turtlesim/turtlesim/srv
[1.979s] -- Up-to-date: /home/labdoo/ros2_ws/install/turtlesim/include/turtlesim/turtlesim/srv/detail
[1.979s] -- Up-to-date: /home/labdoo/ros2_ws/install/turtlesim/include/turtlesim/turtlesim/srv/detail/teleport_absolute__rosidl_typesupport_fastrtps_c.h
[1.980s] -- Up-to-date: /home/labdoo/ros2_ws/install/turtlesim/include/turtlesim/turtlesim/srv/detail/teleport_relative__rosidl_typesupport_fastrtps_c.h
[1.980s] -- Up-to-date: /home/labdoo/ros2_ws/install/turtlesim/include/turtlesim/turtlesim/srv/detail/spawn__rosidl_typesupport_fastrtps_c.h
[1.980s] -- Up-to-date: /home/labdoo/ros2_ws/install/turtlesim/include/turtlesim/turtlesim/srv/detail/kill__rosidl_typesupport_fastrtps_c.h
[1.980s] -- Up-to-date: /home/labdoo/ros2_ws/install/turtlesim/include/turtlesim/turtlesim/srv/detail/set_pen__rosidl_typesupport_fastrtps_c.h
[1.980s] -- Up-to-date: /home/labdoo/ros2_ws/install/turtlesim/include/turtlesim/turtlesim/action
[1.980s] -- Up-to-date: /home/labdoo/ros2_ws/install/turtlesim/include/turtlesim/turtlesim/action/detail
[1.981s] -- Up-to-date: /home/labdoo/ros2_ws/install/turtlesim/include/turtlesim/turtlesim/action/detail/rotate_absolute__rosidl_typesupport_fastrtps_c.h
[1.981s] -- Up-to-date: /home/labdoo/ros2_ws/install/turtlesim/lib/libturtlesim__rosidl_typesupport_fastrtps_c.so
[1.981s] -- Up-to-date: /home/labdoo/ros2_ws/install/turtlesim/include/turtlesim/turtlesim
[1.981s] -- Up-to-date: /home/labdoo/ros2_ws/install/turtlesim/include/turtlesim/turtlesim/msg
[1.981s] -- Up-to-date: /home/labdoo/ros2_ws/install/turtlesim/include/turtlesim/turtlesim/msg/detail
[1.981s] -- Up-to-date: /home/labdoo/ros2_ws/install/turtlesim/include/turtlesim/turtlesim/msg/detail/pose__traits.hpp
[1.981s] -- Up-to-date: /home/labdoo/ros2_ws/install/turtlesim/include/turtlesim/turtlesim/msg/detail/pose__builder.hpp
[1.982s] -- Up-to-date: /home/labdoo/ros2_ws/install/turtlesim/include/turtlesim/turtlesim/msg/detail/color__traits.hpp
[1.982s] -- Up-to-date: /home/labdoo/ros2_ws/install/turtlesim/include/turtlesim/turtlesim/msg/detail/pose__struct.hpp
[1.983s] -- Up-to-date: /home/labdoo/ros2_ws/install/turtlesim/include/turtlesim/turtlesim/msg/detail/color__builder.hpp
[1.984s] -- Up-to-date: /home/labdoo/ros2_ws/install/turtlesim/include/turtlesim/turtlesim/msg/detail/color__struct.hpp
[1.984s] -- Up-to-date: /home/labdoo/ros2_ws/install/turtlesim/include/turtlesim/turtlesim/msg/color.hpp
[1.984s] -- Up-to-date: /home/labdoo/ros2_ws/install/turtlesim/include/turtlesim/turtlesim/msg/pose.hpp
[1.984s] -- Up-to-date: /home/labdoo/ros2_ws/install/turtlesim/include/turtlesim/turtlesim/srv
[1.984s] -- Up-to-date: /home/labdoo/ros2_ws/install/turtlesim/include/turtlesim/turtlesim/srv/spawn.hpp
[1.984s] -- Up-to-date: /home/labdoo/ros2_ws/install/turtlesim/include/turtlesim/turtlesim/srv/kill.hpp
[1.985s] -- Up-to-date: /home/labdoo/ros2_ws/install/turtlesim/include/turtlesim/turtlesim/srv/detail
[1.985s] -- Up-to-date: /home/labdoo/ros2_ws/install/turtlesim/include/turtlesim/turtlesim/srv/detail/teleport_relative__builder.hpp
[1.985s] -- Up-to-date: /home/labdoo/ros2_ws/install/turtlesim/include/turtlesim/turtlesim/srv/detail/teleport_absolute__builder.hpp
[1.985s] -- Up-to-date: /home/labdoo/ros2_ws/install/turtlesim/include/turtlesim/turtlesim/srv/detail/set_pen__builder.hpp
[1.985s] -- Up-to-date: /home/labdoo/ros2_ws/install/turtlesim/include/turtlesim/turtlesim/srv/detail/teleport_absolute__traits.hpp
[1.985s] -- Up-to-date: /home/labdoo/ros2_ws/install/turtlesim/include/turtlesim/turtlesim/srv/detail/teleport_relative__struct.hpp
[1.986s] -- Up-to-date: /home/labdoo/ros2_ws/install/turtlesim/include/turtlesim/turtlesim/srv/detail/kill__traits.hpp
[1.986s] -- Up-to-date: /home/labdoo/ros2_ws/install/turtlesim/include/turtlesim/turtlesim/srv/detail/spawn__builder.hpp
[1.986s] -- Up-to-date: /home/labdoo/ros2_ws/install/turtlesim/include/turtlesim/turtlesim/srv/detail/set_pen__struct.hpp
[1.986s] -- Up-to-date: /home/labdoo/ros2_ws/install/turtlesim/include/turtlesim/turtlesim/srv/detail/set_pen__traits.hpp
[1.986s] -- Up-to-date: /home/labdoo/ros2_ws/install/turtlesim/include/turtlesim/turtlesim/srv/detail/kill__struct.hpp
[1.986s] -- Up-to-date: /home/labdoo/ros2_ws/install/turtlesim/include/turtlesim/turtlesim/srv/detail/teleport_absolute__struct.hpp
[1.986s] -- Up-to-date: /home/labdoo/ros2_ws/install/turtlesim/include/turtlesim/turtlesim/srv/detail/spawn__struct.hpp
[1.987s] -- Up-to-date: /home/labdoo/ros2_ws/install/turtlesim/include/turtlesim/turtlesim/srv/detail/spawn__traits.hpp
[1.987s] -- Up-to-date: /home/labdoo/ros2_ws/install/turtlesim/include/turtlesim/turtlesim/srv/detail/teleport_relative__traits.hpp
[1.987s] -- Up-to-date: /home/labdoo/ros2_ws/install/turtlesim/include/turtlesim/turtlesim/srv/detail/kill__builder.hpp
[1.987s] -- Up-to-date: /home/labdoo/ros2_ws/install/turtlesim/include/turtlesim/turtlesim/srv/teleport_relative.hpp
[1.987s] -- Up-to-date: /home/labdoo/ros2_ws/install/turtlesim/include/turtlesim/turtlesim/srv/teleport_absolute.hpp
[1.987s] -- Up-to-date: /home/labdoo/ros2_ws/install/turtlesim/include/turtlesim/turtlesim/srv/set_pen.hpp
[1.988s] -- Up-to-date: /home/labdoo/ros2_ws/install/turtlesim/include/turtlesim/turtlesim/action
[1.988s] -- Up-to-date: /home/labdoo/ros2_ws/install/turtlesim/include/turtlesim/turtlesim/action/detail
[1.988s] -- Up-to-date: /home/labdoo/ros2_ws/install/turtlesim/include/turtlesim/turtlesim/action/detail/rotate_absolute__builder.hpp
[1.988s] -- Up-to-date: /home/labdoo/ros2_ws/install/turtlesim/include/turtlesim/turtlesim/action/detail/rotate_absolute__struct.hpp
[1.988s] -- Up-to-date: /home/labdoo/ros2_ws/install/turtlesim/include/turtlesim/turtlesim/action/detail/rotate_absolute__traits.hpp
[1.988s] -- Up-to-date: /home/labdoo/ros2_ws/install/turtlesim/include/turtlesim/turtlesim/action/rotate_absolute.hpp
[1.989s] -- Up-to-date: /home/labdoo/ros2_ws/install/turtlesim/include/turtlesim/turtlesim
[1.989s] -- Up-to-date: /home/labdoo/ros2_ws/install/turtlesim/include/turtlesim/turtlesim/msg
[1.989s] -- Up-to-date: /home/labdoo/ros2_ws/install/turtlesim/include/turtlesim/turtlesim/msg/rosidl_typesupport_fastrtps_cpp__visibility_control.h
[1.989s] -- Up-to-date: /home/labdoo/ros2_ws/install/turtlesim/include/turtlesim/turtlesim/msg/detail
[1.989s] -- Up-to-date: /home/labdoo/ros2_ws/install/turtlesim/include/turtlesim/turtlesim/msg/detail/dds_fastrtps
[1.989s] -- Up-to-date: /home/labdoo/ros2_ws/install/turtlesim/include/turtlesim/turtlesim/msg/detail/pose__rosidl_typesupport_fastrtps_cpp.hpp
[1.990s] -- Up-to-date: /home/labdoo/ros2_ws/install/turtlesim/include/turtlesim/turtlesim/msg/detail/color__rosidl_typesupport_fastrtps_cpp.hpp
[1.990s] -- Up-to-date: /home/labdoo/ros2_ws/install/turtlesim/include/turtlesim/turtlesim/srv
[1.990s] -- Up-to-date: /home/labdoo/ros2_ws/install/turtlesim/include/turtlesim/turtlesim/srv/detail
[1.990s] -- Up-to-date: /home/labdoo/ros2_ws/install/turtlesim/include/turtlesim/turtlesim/srv/detail/kill__rosidl_typesupport_fastrtps_cpp.hpp
[1.990s] -- Up-to-date: /home/labdoo/ros2_ws/install/turtlesim/include/turtlesim/turtlesim/srv/detail/teleport_relative__rosidl_typesupport_fastrtps_cpp.hpp
[1.990s] -- Up-to-date: /home/labdoo/ros2_ws/install/turtlesim/include/turtlesim/turtlesim/srv/detail/dds_fastrtps
[1.991s] -- Up-to-date: /home/labdoo/ros2_ws/install/turtlesim/include/turtlesim/turtlesim/srv/detail/teleport_absolute__rosidl_typesupport_fastrtps_cpp.hpp
[1.991s] -- Up-to-date: /home/labdoo/ros2_ws/install/turtlesim/include/turtlesim/turtlesim/srv/detail/set_pen__rosidl_typesupport_fastrtps_cpp.hpp
[1.991s] -- Up-to-date: /home/labdoo/ros2_ws/install/turtlesim/include/turtlesim/turtlesim/srv/detail/spawn__rosidl_typesupport_fastrtps_cpp.hpp
[1.991s] -- Up-to-date: /home/labdoo/ros2_ws/install/turtlesim/include/turtlesim/turtlesim/action
[1.991s] -- Up-to-date: /home/labdoo/ros2_ws/install/turtlesim/include/turtlesim/turtlesim/action/detail
[1.991s] -- Up-to-date: /home/labdoo/ros2_ws/install/turtlesim/include/turtlesim/turtlesim/action/detail/dds_fastrtps
[1.992s] -- Up-to-date: /home/labdoo/ros2_ws/install/turtlesim/include/turtlesim/turtlesim/action/detail/rotate_absolute__rosidl_typesupport_fastrtps_cpp.hpp
[1.992s] -- Up-to-date: /home/labdoo/ros2_ws/install/turtlesim/lib/libturtlesim__rosidl_typesupport_fastrtps_cpp.so
[1.992s] -- Up-to-date: /home/labdoo/ros2_ws/install/turtlesim/include/turtlesim/turtlesim
[1.992s] -- Up-to-date: /home/labdoo/ros2_ws/install/turtlesim/include/turtlesim/turtlesim/msg
[1.992s] -- Up-to-date: /home/labdoo/ros2_ws/install/turtlesim/include/turtlesim/turtlesim/msg/rosidl_typesupport_introspection_c__visibility_control.h
[1.992s] -- Up-to-date: /home/labdoo/ros2_ws/install/turtlesim/include/turtlesim/turtlesim/msg/detail
[1.993s] -- Up-to-date: /home/labdoo/ros2_ws/install/turtlesim/include/turtlesim/turtlesim/msg/detail/color__rosidl_typesupport_introspection_c.h
[1.993s] -- Installing: /home/labdoo/ros2_ws/install/turtlesim/include/turtlesim/turtlesim/msg/detail/color__type_support.c
[1.993s] -- Installing: /home/labdoo/ros2_ws/install/turtlesim/include/turtlesim/turtlesim/msg/detail/pose__type_support.c
[1.993s] -- Up-to-date: /home/labdoo/ros2_ws/install/turtlesim/include/turtlesim/turtlesim/msg/detail/pose__rosidl_typesupport_introspection_c.h
[1.993s] -- Up-to-date: /home/labdoo/ros2_ws/install/turtlesim/include/turtlesim/turtlesim/srv
[1.993s] -- Up-to-date: /home/labdoo/ros2_ws/install/turtlesim/include/turtlesim/turtlesim/srv/detail
[1.993s] -- Up-to-date: /home/labdoo/ros2_ws/install/turtlesim/include/turtlesim/turtlesim/srv/detail/teleport_absolute__rosidl_typesupport_introspection_c.h
[1.994s] -- Installing: /home/labdoo/ros2_ws/install/turtlesim/include/turtlesim/turtlesim/srv/detail/teleport_relative__type_support.c
[1.994s] -- Up-to-date: /home/labdoo/ros2_ws/install/turtlesim/include/turtlesim/turtlesim/srv/detail/kill__rosidl_typesupport_introspection_c.h
[1.994s] -- Installing: /home/labdoo/ros2_ws/install/turtlesim/include/turtlesim/turtlesim/srv/detail/set_pen__type_support.c
[1.994s] -- Up-to-date: /home/labdoo/ros2_ws/install/turtlesim/include/turtlesim/turtlesim/srv/detail/teleport_relative__rosidl_typesupport_introspection_c.h
[1.994s] -- Installing: /home/labdoo/ros2_ws/install/turtlesim/include/turtlesim/turtlesim/srv/detail/teleport_absolute__type_support.c
[1.994s] -- Installing: /home/labdoo/ros2_ws/install/turtlesim/include/turtlesim/turtlesim/srv/detail/spawn__type_support.c
[1.995s] -- Up-to-date: /home/labdoo/ros2_ws/install/turtlesim/include/turtlesim/turtlesim/srv/detail/set_pen__rosidl_typesupport_introspection_c.h
[1.995s] -- Installing: /home/labdoo/ros2_ws/install/turtlesim/include/turtlesim/turtlesim/srv/detail/kill__type_support.c
[1.995s] -- Up-to-date: /home/labdoo/ros2_ws/install/turtlesim/include/turtlesim/turtlesim/srv/detail/spawn__rosidl_typesupport_introspection_c.h
[1.995s] -- Up-to-date: /home/labdoo/ros2_ws/install/turtlesim/include/turtlesim/turtlesim/action
[1.995s] -- Up-to-date: /home/labdoo/ros2_ws/install/turtlesim/include/turtlesim/turtlesim/action/detail
[1.995s] -- Up-to-date: /home/labdoo/ros2_ws/install/turtlesim/include/turtlesim/turtlesim/action/detail/rotate_absolute__rosidl_typesupport_introspection_c.h
[1.996s] -- Installing: /home/labdoo/ros2_ws/install/turtlesim/include/turtlesim/turtlesim/action/detail/rotate_absolute__type_support.c
[1.996s] -- Up-to-date: /home/labdoo/ros2_ws/install/turtlesim/lib/libturtlesim__rosidl_typesupport_introspection_c.so
[1.996s] -- Up-to-date: /home/labdoo/ros2_ws/install/turtlesim/lib/libturtlesim__rosidl_typesupport_c.so
[1.996s] -- Up-to-date: /home/labdoo/ros2_ws/install/turtlesim/include/turtlesim/turtlesim
[1.996s] -- Up-to-date: /home/labdoo/ros2_ws/install/turtlesim/include/turtlesim/turtlesim/msg
[1.996s] -- Up-to-date: /home/labdoo/ros2_ws/install/turtlesim/include/turtlesim/turtlesim/msg/detail
[1.997s] -- Up-to-date: /home/labdoo/ros2_ws/install/turtlesim/include/turtlesim/turtlesim/msg/detail/color__type_support.cpp
[1.997s] -- Up-to-date: /home/labdoo/ros2_ws/install/turtlesim/include/turtlesim/turtlesim/msg/detail/pose__type_support.cpp
[1.997s] -- Up-to-date: /home/labdoo/ros2_ws/install/turtlesim/include/turtlesim/turtlesim/msg/detail/color__rosidl_typesupport_introspection_cpp.hpp
[1.997s] -- Up-to-date: /home/labdoo/ros2_ws/install/turtlesim/include/turtlesim/turtlesim/msg/detail/pose__rosidl_typesupport_introspection_cpp.hpp
[1.997s] -- Up-to-date: /home/labdoo/ros2_ws/install/turtlesim/include/turtlesim/turtlesim/srv
[1.997s] -- Up-to-date: /home/labdoo/ros2_ws/install/turtlesim/include/turtlesim/turtlesim/srv/detail
[1.998s] -- Up-to-date: /home/labdoo/ros2_ws/install/turtlesim/include/turtlesim/turtlesim/srv/detail/kill__rosidl_typesupport_introspection_cpp.hpp
[1.998s] -- Up-to-date: /home/labdoo/ros2_ws/install/turtlesim/include/turtlesim/turtlesim/srv/detail/spawn__rosidl_typesupport_introspection_cpp.hpp
[1.998s] -- Up-to-date: /home/labdoo/ros2_ws/install/turtlesim/include/turtlesim/turtlesim/srv/detail/set_pen__rosidl_typesupport_introspection_cpp.hpp
[1.998s] -- Up-to-date: /home/labdoo/ros2_ws/install/turtlesim/include/turtlesim/turtlesim/srv/detail/teleport_absolute__rosidl_typesupport_introspection_cpp.hpp
[1.998s] -- Up-to-date: /home/labdoo/ros2_ws/install/turtlesim/include/turtlesim/turtlesim/srv/detail/teleport_relative__rosidl_typesupport_introspection_cpp.hpp
[1.998s] -- Up-to-date: /home/labdoo/ros2_ws/install/turtlesim/include/turtlesim/turtlesim/srv/detail/kill__type_support.cpp
[1.999s] -- Up-to-date: /home/labdoo/ros2_ws/install/turtlesim/include/turtlesim/turtlesim/srv/detail/spawn__type_support.cpp
[1.999s] -- Up-to-date: /home/labdoo/ros2_ws/install/turtlesim/include/turtlesim/turtlesim/srv/detail/teleport_relative__type_support.cpp
[1.999s] -- Up-to-date: /home/labdoo/ros2_ws/install/turtlesim/include/turtlesim/turtlesim/srv/detail/teleport_absolute__type_support.cpp
[1.999s] -- Up-to-date: /home/labdoo/ros2_ws/install/turtlesim/include/turtlesim/turtlesim/srv/detail/set_pen__type_support.cpp
[1.999s] -- Up-to-date: /home/labdoo/ros2_ws/install/turtlesim/include/turtlesim/turtlesim/action
[1.999s] -- Up-to-date: /home/labdoo/ros2_ws/install/turtlesim/include/turtlesim/turtlesim/action/detail
[2.000s] -- Up-to-date: /home/labdoo/ros2_ws/install/turtlesim/include/turtlesim/turtlesim/action/detail/rotate_absolute__type_support.cpp
[2.000s] -- Up-to-date: /home/labdoo/ros2_ws/install/turtlesim/include/turtlesim/turtlesim/action/detail/rotate_absolute__rosidl_typesupport_introspection_cpp.hpp
[2.000s] -- Up-to-date: /home/labdoo/ros2_ws/install/turtlesim/lib/libturtlesim__rosidl_typesupport_introspection_cpp.so
[2.000s] -- Up-to-date: /home/labdoo/ros2_ws/install/turtlesim/lib/libturtlesim__rosidl_typesupport_cpp.so
[2.000s] -- Up-to-date: /home/labdoo/ros2_ws/install/turtlesim/share/turtlesim/environment/pythonpath.sh
[2.000s] -- Up-to-date: /home/labdoo/ros2_ws/install/turtlesim/share/turtlesim/environment/pythonpath.dsv
[2.000s] -- Up-to-date: /home/labdoo/ros2_ws/install/turtlesim/lib/python3.10/site-packages/turtlesim-1.6.1-py3.10.egg-info
[2.001s] -- Installing: /home/labdoo/ros2_ws/install/turtlesim/lib/python3.10/site-packages/turtlesim-1.6.1-py3.10.egg-info/dependency_links.txt
[2.001s] -- Installing: /home/labdoo/ros2_ws/install/turtlesim/lib/python3.10/site-packages/turtlesim-1.6.1-py3.10.egg-info/SOURCES.txt
[2.001s] -- Installing: /home/labdoo/ros2_ws/install/turtlesim/lib/python3.10/site-packages/turtlesim-1.6.1-py3.10.egg-info/top_level.txt
[2.001s] -- Installing: /home/labdoo/ros2_ws/install/turtlesim/lib/python3.10/site-packages/turtlesim-1.6.1-py3.10.egg-info/PKG-INFO
[2.001s] -- Up-to-date: /home/labdoo/ros2_ws/install/turtlesim/lib/python3.10/site-packages/turtlesim
[2.001s] -- Up-to-date: /home/labdoo/ros2_ws/install/turtlesim/lib/python3.10/site-packages/turtlesim/_turtlesim_s.ep.rosidl_typesupport_fastrtps_c.c
[2.002s] -- Up-to-date: /home/labdoo/ros2_ws/install/turtlesim/lib/python3.10/site-packages/turtlesim/_turtlesim_s.ep.rosidl_typesupport_introspection_c.c
[2.002s] -- Up-to-date: /home/labdoo/ros2_ws/install/turtlesim/lib/python3.10/site-packages/turtlesim/turtlesim_s__rosidl_typesupport_c.cpython-310-x86_64-linux-gnu.so
[2.002s] -- Up-to-date: /home/labdoo/ros2_ws/install/turtlesim/lib/python3.10/site-packages/turtlesim/msg
[2.002s] -- Up-to-date: /home/labdoo/ros2_ws/install/turtlesim/lib/python3.10/site-packages/turtlesim/msg/_color.py
[2.002s] -- Up-to-date: /home/labdoo/ros2_ws/install/turtlesim/lib/python3.10/site-packages/turtlesim/msg/_pose.py
[2.002s] -- Up-to-date: /home/labdoo/ros2_ws/install/turtlesim/lib/python3.10/site-packages/turtlesim/msg/_pose_s.c
[2.003s] -- Up-to-date: /home/labdoo/ros2_ws/install/turtlesim/lib/python3.10/site-packages/turtlesim/msg/_color_s.c
[2.003s] -- Up-to-date: /home/labdoo/ros2_ws/install/turtlesim/lib/python3.10/site-packages/turtlesim/msg/__init__.py
[2.003s] -- Up-to-date: /home/labdoo/ros2_ws/install/turtlesim/lib/python3.10/site-packages/turtlesim/srv
[2.003s] -- Up-to-date: /home/labdoo/ros2_ws/install/turtlesim/lib/python3.10/site-packages/turtlesim/srv/_teleport_relative.py
[2.003s] -- Up-to-date: /home/labdoo/ros2_ws/install/turtlesim/lib/python3.10/site-packages/turtlesim/srv/_spawn_s.c
[2.003s] -- Up-to-date: /home/labdoo/ros2_ws/install/turtlesim/lib/python3.10/site-packages/turtlesim/srv/_kill_s.c
[2.004s] -- Up-to-date: /home/labdoo/ros2_ws/install/turtlesim/lib/python3.10/site-packages/turtlesim/srv/_teleport_relative_s.c
[2.004s] -- Up-to-date: /home/labdoo/ros2_ws/install/turtlesim/lib/python3.10/site-packages/turtlesim/srv/_spawn.py
[2.004s] -- Up-to-date: /home/labdoo/ros2_ws/install/turtlesim/lib/python3.10/site-packages/turtlesim/srv/_teleport_absolute.py
[2.004s] -- Up-to-date: /home/labdoo/ros2_ws/install/turtlesim/lib/python3.10/site-packages/turtlesim/srv/_set_pen_s.c
[2.004s] -- Up-to-date: /home/labdoo/ros2_ws/install/turtlesim/lib/python3.10/site-packages/turtlesim/srv/_set_pen.py
[2.004s] -- Up-to-date: /home/labdoo/ros2_ws/install/turtlesim/lib/python3.10/site-packages/turtlesim/srv/_kill.py
[2.005s] -- Up-to-date: /home/labdoo/ros2_ws/install/turtlesim/lib/python3.10/site-packages/turtlesim/srv/__init__.py
[2.005s] -- Up-to-date: /home/labdoo/ros2_ws/install/turtlesim/lib/python3.10/site-packages/turtlesim/srv/_teleport_absolute_s.c
[2.005s] -- Up-to-date: /home/labdoo/ros2_ws/install/turtlesim/lib/python3.10/site-packages/turtlesim/action
[2.005s] -- Up-to-date: /home/labdoo/ros2_ws/install/turtlesim/lib/python3.10/site-packages/turtlesim/action/_rotate_absolute_s.c
[2.005s] -- Up-to-date: /home/labdoo/ros2_ws/install/turtlesim/lib/python3.10/site-packages/turtlesim/action/_rotate_absolute.py
[2.005s] -- Up-to-date: /home/labdoo/ros2_ws/install/turtlesim/lib/python3.10/site-packages/turtlesim/action/__init__.py
[2.006s] -- Up-to-date: /home/labdoo/ros2_ws/install/turtlesim/lib/python3.10/site-packages/turtlesim/_turtlesim_s.ep.rosidl_typesupport_c.c
[2.006s] -- Up-to-date: /home/labdoo/ros2_ws/install/turtlesim/lib/python3.10/site-packages/turtlesim/libturtlesim__rosidl_generator_py.so
[2.006s] -- Up-to-date: /home/labdoo/ros2_ws/install/turtlesim/lib/python3.10/site-packages/turtlesim/turtlesim_s__rosidl_typesupport_introspection_c.cpython-310-x86_64-linux-gnu.so
[2.006s] -- Up-to-date: /home/labdoo/ros2_ws/install/turtlesim/lib/python3.10/site-packages/turtlesim/__init__.py
[2.006s] -- Up-to-date: /home/labdoo/ros2_ws/install/turtlesim/lib/python3.10/site-packages/turtlesim/turtlesim_s__rosidl_typesupport_fastrtps_c.cpython-310-x86_64-linux-gnu.so
[2.034s] Listing '/home/labdoo/ros2_ws/install/turtlesim/lib/python3.10/site-packages/turtlesim'...
[2.034s] Listing '/home/labdoo/ros2_ws/install/turtlesim/lib/python3.10/site-packages/turtlesim/action'...
[2.034s] Listing '/home/labdoo/ros2_ws/install/turtlesim/lib/python3.10/site-packages/turtlesim/msg'...
[2.034s] Listing '/home/labdoo/ros2_ws/install/turtlesim/lib/python3.10/site-packages/turtlesim/srv'...
[2.041s] -- Up-to-date: /home/labdoo/ros2_ws/install/turtlesim/lib/python3.10/site-packages/turtlesim/turtlesim_s__rosidl_typesupport_fastrtps_c.cpython-310-x86_64-linux-gnu.so
[2.042s] -- Up-to-date: /home/labdoo/ros2_ws/install/turtlesim/lib/python3.10/site-packages/turtlesim/turtlesim_s__rosidl_typesupport_introspection_c.cpython-310-x86_64-linux-gnu.so
[2.042s] -- Up-to-date: /home/labdoo/ros2_ws/install/turtlesim/lib/python3.10/site-packages/turtlesim/turtlesim_s__rosidl_typesupport_c.cpython-310-x86_64-linux-gnu.so
[2.043s] -- Up-to-date: /home/labdoo/ros2_ws/install/turtlesim/lib/libturtlesim__rosidl_generator_py.so
[2.043s] -- Up-to-date: /home/labdoo/ros2_ws/install/turtlesim/share/turtlesim/action/RotateAbsolute.idl
[2.043s] -- Up-to-date: /home/labdoo/ros2_ws/install/turtlesim/share/turtlesim/msg/Color.idl
[2.044s] -- Up-to-date: /home/labdoo/ros2_ws/install/turtlesim/share/turtlesim/msg/Pose.idl
[2.044s] -- Up-to-date: /home/labdoo/ros2_ws/install/turtlesim/share/turtlesim/srv/Kill.idl
[2.044s] -- Up-to-date: /home/labdoo/ros2_ws/install/turtlesim/share/turtlesim/srv/SetPen.idl
[2.044s] -- Up-to-date: /home/labdoo/ros2_ws/install/turtlesim/share/turtlesim/srv/Spawn.idl
[2.045s] -- Up-to-date: /home/labdoo/ros2_ws/install/turtlesim/share/turtlesim/srv/TeleportAbsolute.idl
[2.045s] -- Up-to-date: /home/labdoo/ros2_ws/install/turtlesim/share/turtlesim/srv/TeleportRelative.idl
[2.045s] -- Up-to-date: /home/labdoo/ros2_ws/install/turtlesim/share/turtlesim/action/RotateAbsolute.action
[2.045s] -- Up-to-date: /home/labdoo/ros2_ws/install/turtlesim/share/turtlesim/msg/Color.msg
[2.046s] -- Up-to-date: /home/labdoo/ros2_ws/install/turtlesim/share/turtlesim/msg/Pose.msg
[2.046s] -- Up-to-date: /home/labdoo/ros2_ws/install/turtlesim/share/turtlesim/srv/Kill.srv
[2.046s] -- Up-to-date: /home/labdoo/ros2_ws/install/turtlesim/share/turtlesim/srv/Kill_Request.msg
[2.046s] -- Up-to-date: /home/labdoo/ros2_ws/install/turtlesim/share/turtlesim/srv/Kill_Response.msg
[2.046s] -- Up-to-date: /home/labdoo/ros2_ws/install/turtlesim/share/turtlesim/srv/SetPen.srv
[2.047s] -- Up-to-date: /home/labdoo/ros2_ws/install/turtlesim/share/turtlesim/srv/SetPen_Request.msg
[2.047s] -- Up-to-date: /home/labdoo/ros2_ws/install/turtlesim/share/turtlesim/srv/SetPen_Response.msg
[2.047s] -- Up-to-date: /home/labdoo/ros2_ws/install/turtlesim/share/turtlesim/srv/Spawn.srv
[2.047s] -- Up-to-date: /home/labdoo/ros2_ws/install/turtlesim/share/turtlesim/srv/Spawn_Request.msg
[2.047s] -- Up-to-date: /home/labdoo/ros2_ws/install/turtlesim/share/turtlesim/srv/Spawn_Response.msg
[2.048s] -- Up-to-date: /home/labdoo/ros2_ws/install/turtlesim/share/turtlesim/srv/TeleportAbsolute.srv
[2.048s] -- Up-to-date: /home/labdoo/ros2_ws/install/turtlesim/share/turtlesim/srv/TeleportAbsolute_Request.msg
[2.048s] -- Up-to-date: /home/labdoo/ros2_ws/install/turtlesim/share/turtlesim/srv/TeleportAbsolute_Response.msg
[2.048s] -- Up-to-date: /home/labdoo/ros2_ws/install/turtlesim/share/turtlesim/srv/TeleportRelative.srv
[2.048s] -- Up-to-date: /home/labdoo/ros2_ws/install/turtlesim/share/turtlesim/srv/TeleportRelative_Request.msg
[2.049s] -- Up-to-date: /home/labdoo/ros2_ws/install/turtlesim/share/turtlesim/srv/TeleportRelative_Response.msg
[2.049s] -- Up-to-date: /home/labdoo/ros2_ws/install/turtlesim/lib/turtlesim/turtlesim_node
[2.049s] -- Up-to-date: /home/labdoo/ros2_ws/install/turtlesim/lib/turtlesim/turtle_teleop_key
[2.050s] -- Up-to-date: /home/labdoo/ros2_ws/install/turtlesim/lib/turtlesim/draw_square
[2.050s] -- Up-to-date: /home/labdoo/ros2_ws/install/turtlesim/lib/turtlesim/mimic
[2.050s] -- Up-to-date: /home/labdoo/ros2_ws/install/turtlesim/share/turtlesim/images
[2.050s] -- Up-to-date: /home/labdoo/ros2_ws/install/turtlesim/share/turtlesim/images/iron.png
[2.050s] -- Up-to-date: /home/labdoo/ros2_ws/install/turtlesim/share/turtlesim/images/humble.png
[2.051s] -- Up-to-date: /home/labdoo/ros2_ws/install/turtlesim/share/turtlesim/images/rolling.png
[2.051s] -- Up-to-date: /home/labdoo/ros2_ws/install/turtlesim/share/turtlesim/images/ardent.png
[2.051s] -- Up-to-date: /home/labdoo/ros2_ws/install/turtlesim/share/turtlesim/images/eloquent.png
[2.051s] -- Up-to-date: /home/labdoo/ros2_ws/install/turtlesim/share/turtlesim/images/bouncy.png
[2.052s] -- Up-to-date: /home/labdoo/ros2_ws/install/turtlesim/share/turtlesim/images/foxy.png
[2.052s] -- Up-to-date: /home/labdoo/ros2_ws/install/turtlesim/share/turtlesim/images/dashing.png
[2.052s] -- Up-to-date: /home/labdoo/ros2_ws/install/turtlesim/share/turtlesim/images/crystal.png
[2.052s] -- Up-to-date: /home/labdoo/ros2_ws/install/turtlesim/share/turtlesim/images/galactic.png
[2.053s] -- Up-to-date: /home/labdoo/ros2_ws/install/turtlesim/share/turtlesim/launch
[2.053s] -- Up-to-date: /home/labdoo/ros2_ws/install/turtlesim/share/turtlesim/launch/multisim.launch.py
[2.053s] -- Up-to-date: /home/labdoo/ros2_ws/install/turtlesim/share/ament_index/resource_index/package_run_dependencies/turtlesim
[2.053s] -- Up-to-date: /home/labdoo/ros2_ws/install/turtlesim/share/ament_index/resource_index/parent_prefix_path/turtlesim
[2.053s] -- Up-to-date: /home/labdoo/ros2_ws/install/turtlesim/share/turtlesim/environment/ament_prefix_path.sh
[2.053s] -- Up-to-date: /home/labdoo/ros2_ws/install/turtlesim/share/turtlesim/environment/ament_prefix_path.dsv
[2.054s] -- Up-to-date: /home/labdoo/ros2_ws/install/turtlesim/share/turtlesim/environment/path.sh
[2.054s] -- Up-to-date: /home/labdoo/ros2_ws/install/turtlesim/share/turtlesim/environment/path.dsv
[2.054s] -- Up-to-date: /home/labdoo/ros2_ws/install/turtlesim/share/turtlesim/local_setup.bash
[2.054s] -- Up-to-date: /home/labdoo/ros2_ws/install/turtlesim/share/turtlesim/local_setup.sh
[2.054s] -- Up-to-date: /home/labdoo/ros2_ws/install/turtlesim/share/turtlesim/local_setup.zsh
[2.054s] -- Up-to-date: /home/labdoo/ros2_ws/install/turtlesim/share/turtlesim/local_setup.dsv
[2.055s] -- Installing: /home/labdoo/ros2_ws/install/turtlesim/share/turtlesim/package.dsv
[2.055s] -- Up-to-date: /home/labdoo/ros2_ws/install/turtlesim/share/ament_index/resource_index/packages/turtlesim
[2.055s] -- Up-to-date: /home/labdoo/ros2_ws/install/turtlesim/share/turtlesim/cmake/export_turtlesim__rosidl_generator_cExport.cmake
[2.055s] -- Up-to-date: /home/labdoo/ros2_ws/install/turtlesim/share/turtlesim/cmake/export_turtlesim__rosidl_generator_cExport-noconfig.cmake
[2.055s] -- Up-to-date: /home/labdoo/ros2_ws/install/turtlesim/share/turtlesim/cmake/export_turtlesim__rosidl_typesupport_fastrtps_cExport.cmake
[2.055s] -- Up-to-date: /home/labdoo/ros2_ws/install/turtlesim/share/turtlesim/cmake/export_turtlesim__rosidl_typesupport_fastrtps_cExport-noconfig.cmake
[2.055s] -- Up-to-date: /home/labdoo/ros2_ws/install/turtlesim/share/turtlesim/cmake/export_turtlesim__rosidl_generator_cppExport.cmake
[2.056s] -- Up-to-date: /home/labdoo/ros2_ws/install/turtlesim/share/turtlesim/cmake/export_turtlesim__rosidl_typesupport_fastrtps_cppExport.cmake
[2.056s] -- Up-to-date: /home/labdoo/ros2_ws/install/turtlesim/share/turtlesim/cmake/export_turtlesim__rosidl_typesupport_fastrtps_cppExport-noconfig.cmake
[2.056s] -- Up-to-date: /home/labdoo/ros2_ws/install/turtlesim/share/turtlesim/cmake/turtlesim__rosidl_typesupport_introspection_cExport.cmake
[2.056s] -- Up-to-date: /home/labdoo/ros2_ws/install/turtlesim/share/turtlesim/cmake/turtlesim__rosidl_typesupport_introspection_cExport-noconfig.cmake
[2.056s] -- Up-to-date: /home/labdoo/ros2_ws/install/turtlesim/share/turtlesim/cmake/turtlesim__rosidl_typesupport_cExport.cmake
[2.056s] -- Up-to-date: /home/labdoo/ros2_ws/install/turtlesim/share/turtlesim/cmake/turtlesim__rosidl_typesupport_cExport-noconfig.cmake
[2.057s] -- Up-to-date: /home/labdoo/ros2_ws/install/turtlesim/share/turtlesim/cmake/turtlesim__rosidl_typesupport_introspection_cppExport.cmake
[2.057s] -- Up-to-date: /home/labdoo/ros2_ws/install/turtlesim/share/turtlesim/cmake/turtlesim__rosidl_typesupport_introspection_cppExport-noconfig.cmake
[2.058s] -- Up-to-date: /home/labdoo/ros2_ws/install/turtlesim/share/turtlesim/cmake/turtlesim__rosidl_typesupport_cppExport.cmake
[2.058s] -- Up-to-date: /home/labdoo/ros2_ws/install/turtlesim/share/turtlesim/cmake/turtlesim__rosidl_typesupport_cppExport-noconfig.cmake
[2.058s] -- Up-to-date: /home/labdoo/ros2_ws/install/turtlesim/share/turtlesim/cmake/export_turtlesim__rosidl_generator_pyExport.cmake
[2.059s] -- Up-to-date: /home/labdoo/ros2_ws/install/turtlesim/share/turtlesim/cmake/export_turtlesim__rosidl_generator_pyExport-noconfig.cmake
[2.059s] -- Up-to-date: /home/labdoo/ros2_ws/install/turtlesim/share/turtlesim/cmake/rosidl_cmake-extras.cmake
[2.060s] -- Up-to-date: /home/labdoo/ros2_ws/install/turtlesim/share/turtlesim/cmake/ament_cmake_export_dependencies-extras.cmake
[2.060s] -- Up-to-date: /home/labdoo/ros2_ws/install/turtlesim/share/turtlesim/cmake/ament_cmake_export_include_directories-extras.cmake
[2.060s] -- Up-to-date: /home/labdoo/ros2_ws/install/turtlesim/share/turtlesim/cmake/ament_cmake_export_libraries-extras.cmake
[2.061s] -- Up-to-date: /home/labdoo/ros2_ws/install/turtlesim/share/turtlesim/cmake/ament_cmake_export_targets-extras.cmake
[2.061s] -- Up-to-date: /home/labdoo/ros2_ws/install/turtlesim/share/turtlesim/cmake/rosidl_cmake_export_typesupport_targets-extras.cmake
[2.062s] -- Up-to-date: /home/labdoo/ros2_ws/install/turtlesim/share/turtlesim/cmake/rosidl_cmake_export_typesupport_libraries-extras.cmake
[2.062s] -- Up-to-date: /home/labdoo/ros2_ws/install/turtlesim/share/turtlesim/cmake/turtlesimConfig.cmake
[2.063s] -- Up-to-date: /home/labdoo/ros2_ws/install/turtlesim/share/turtlesim/cmake/turtlesimConfig-version.cmake
[2.063s] -- Up-to-date: /home/labdoo/ros2_ws/install/turtlesim/share/turtlesim/package.xml
[2.064s] Invoked command in '/home/labdoo/ros2_ws/build/turtlesim' returned '0': CMAKE_PREFIX_PATH=${CMAKE_PREFIX_PATH}:/home/labdoo/ros2_ws/install/urdf_tutorial:/home/labdoo/ros2_ws/install/py_pubsub:/home/labdoo/ros2_ws/install/launch_testing_examples:/home/labdoo/ros2_ws/install/examples_rclpy_pointcloud_publisher:/home/labdoo/ros2_ws/install/examples_rclpy_minimal_subscriber:/home/labdoo/ros2_ws/install/examples_rclpy_minimal_service:/home/labdoo/ros2_ws/install/examples_rclpy_minimal_publisher:/home/labdoo/ros2_ws/install/examples_rclpy_minimal_client:/home/labdoo/ros2_ws/install/examples_rclpy_minimal_action_server:/home/labdoo/ros2_ws/install/examples_rclpy_minimal_action_client:/home/labdoo/ros2_ws/install/examples_rclpy_guard_conditions:/home/labdoo/ros2_ws/install/examples_rclpy_executors:/opt/ros/iron /usr/bin/cmake --install /home/labdoo/ros2_ws/build/turtlesim
