[0.550s] Invoking command in '/home/labdoo/ros2_ws/build/examples_rclcpp_minimal_action_server': CMAKE_PREFIX_PATH=/opt/ros/iron /usr/bin/cmake --build /home/labdoo/ros2_ws/build/examples_rclcpp_minimal_action_server -- -j4 -l4
[0.653s] [ 50%] Built target action_server_member_functions
[0.660s] [100%] Built target action_server_not_composable
[0.791s] Invoked command in '/home/labdoo/ros2_ws/build/examples_rclcpp_minimal_action_server' returned '0': CMAKE_PREFIX_PATH=/opt/ros/iron /usr/bin/cmake --build /home/labdoo/ros2_ws/build/examples_rclcpp_minimal_action_server -- -j4 -l4
[1.058s] Invoking command in '/home/labdoo/ros2_ws/build/examples_rclcpp_minimal_action_server': CMAKE_PREFIX_PATH=/opt/ros/iron /usr/bin/cmake --install /home/labdoo/ros2_ws/build/examples_rclcpp_minimal_action_server
[1.166s] -- Install configuration: ""
[1.166s] -- Execute custom install script
[1.167s] -- Up-to-date symlink: /home/labdoo/ros2_ws/install/examples_rclcpp_minimal_action_server/lib/examples_rclcpp_minimal_action_server/action_server_not_composable
[1.167s] -- Up-to-date symlink: /home/labdoo/ros2_ws/install/examples_rclcpp_minimal_action_server/lib/examples_rclcpp_minimal_action_server/action_server_member_functions
[1.167s] -- Up-to-date symlink: /home/labdoo/ros2_ws/install/examples_rclcpp_minimal_action_server/share/ament_index/resource_index/package_run_dependencies/examples_rclcpp_minimal_action_server
[1.167s] -- Up-to-date symlink: /home/labdoo/ros2_ws/install/examples_rclcpp_minimal_action_server/share/ament_index/resource_index/parent_prefix_path/examples_rclcpp_minimal_action_server
[1.168s] -- Up-to-date symlink: /home/labdoo/ros2_ws/install/examples_rclcpp_minimal_action_server/share/examples_rclcpp_minimal_action_server/environment/ament_prefix_path.sh
[1.168s] -- Up-to-date symlink: /home/labdoo/ros2_ws/install/examples_rclcpp_minimal_action_server/share/examples_rclcpp_minimal_action_server/environment/ament_prefix_path.dsv
[1.168s] -- Up-to-date symlink: /home/labdoo/ros2_ws/install/examples_rclcpp_minimal_action_server/share/examples_rclcpp_minimal_action_server/environment/path.sh
[1.168s] -- Up-to-date symlink: /home/labdoo/ros2_ws/install/examples_rclcpp_minimal_action_server/share/examples_rclcpp_minimal_action_server/environment/path.dsv
[1.169s] -- Up-to-date symlink: /home/labdoo/ros2_ws/install/examples_rclcpp_minimal_action_server/share/examples_rclcpp_minimal_action_server/local_setup.bash
[1.169s] -- Up-to-date symlink: /home/labdoo/ros2_ws/install/examples_rclcpp_minimal_action_server/share/examples_rclcpp_minimal_action_server/local_setup.sh
[1.170s] -- Up-to-date symlink: /home/labdoo/ros2_ws/install/examples_rclcpp_minimal_action_server/share/examples_rclcpp_minimal_action_server/local_setup.zsh
[1.171s] -- Up-to-date symlink: /home/labdoo/ros2_ws/install/examples_rclcpp_minimal_action_server/share/examples_rclcpp_minimal_action_server/local_setup.dsv
[1.172s] -- Symlinking: /home/labdoo/ros2_ws/install/examples_rclcpp_minimal_action_server/share/examples_rclcpp_minimal_action_server/package.dsv
[1.172s] -- Up-to-date symlink: /home/labdoo/ros2_ws/install/examples_rclcpp_minimal_action_server/share/ament_index/resource_index/packages/examples_rclcpp_minimal_action_server
[1.173s] -- Up-to-date symlink: /home/labdoo/ros2_ws/install/examples_rclcpp_minimal_action_server/share/examples_rclcpp_minimal_action_server/cmake/examples_rclcpp_minimal_action_serverConfig.cmake
[1.173s] -- Up-to-date symlink: /home/labdoo/ros2_ws/install/examples_rclcpp_minimal_action_server/share/examples_rclcpp_minimal_action_server/cmake/examples_rclcpp_minimal_action_serverConfig-version.cmake
[1.174s] -- Up-to-date symlink: /home/labdoo/ros2_ws/install/examples_rclcpp_minimal_action_server/share/examples_rclcpp_minimal_action_server/package.xml
[1.342s] Invoked command in '/home/labdoo/ros2_ws/build/examples_rclcpp_minimal_action_server' returned '0': CMAKE_PREFIX_PATH=/opt/ros/iron /usr/bin/cmake --install /home/labdoo/ros2_ws/build/examples_rclcpp_minimal_action_server
