[0.366s] Invoking command in '/home/labdoo/ros2_ws/build/turtlesim': CMAKE_PREFIX_PATH=/opt/ros/iron /usr/bin/cmake --build /home/labdoo/ros2_ws/build/turtlesim -- -j4 -l4
[0.658s] [  0%] Built target turtlesim__rosidl_generator_type_description
[0.797s] [  0%] Built target ament_cmake_python_copy_turtlesim
[0.896s] [  1%] Built target turtlesim__cpp
[0.937s] [ 24%] Built target turtlesim__rosidl_generator_c
[1.142s] [ 33%] Built target turtlesim__rosidl_typesupport_fastrtps_c
[1.155s] [ 41%] Built target turtlesim__rosidl_typesupport_cpp
[1.220s] [ 49%] Built target turtlesim__rosidl_typesupport_fastrtps_cpp
[1.333s] [ 58%] Built target turtlesim__rosidl_typesupport_c
[1.407s] [ 67%] Built target turtlesim__rosidl_typesupport_introspection_c
[1.590s] [ 75%] Built target turtlesim__rosidl_typesupport_introspection_cpp
[1.778s] [ 81%] Built target turtlesim_node
[1.798s] [ 83%] Built target turtle_teleop_key
[1.915s] [ 83%] Built target turtlesim
[1.965s] [ 84%] Built target draw_square
[2.093s] [ 86%] Built target mimic
[2.119s] [ 86%] Built target turtlesim__py
[2.349s] [ 94%] Built target turtlesim__rosidl_generator_py
[2.497s] [ 96%] Built target turtlesim__rosidl_typesupport_introspection_c__pyext
[2.513s] [ 98%] Built target turtlesim__rosidl_typesupport_fastrtps_c__pyext
[2.599s] [100%] Built target turtlesim__rosidl_typesupport_c__pyext
[3.064s] running egg_info
[3.066s] writing turtlesim.egg-info/PKG-INFO
[3.066s] writing dependency_links to turtlesim.egg-info/dependency_links.txt
[3.066s] writing top-level names to turtlesim.egg-info/top_level.txt
[3.073s] reading manifest file 'turtlesim.egg-info/SOURCES.txt'
[3.075s] writing manifest file 'turtlesim.egg-info/SOURCES.txt'
[3.182s] [100%] Built target ament_cmake_python_build_turtlesim_egg
