[0.115s] Invoking command in '/home/labdoo/ros2_ws/build/ament_cmake_target_dependencies': AMENT_PREFIX_PATH=/home/labdoo/ros2_ws/install/ament_cmake_libraries:/home/labdoo/ros2_ws/install/ament_cmake_include_directories:/home/labdoo/ros2_ws/install/ament_cmake_core:${AMENT_PREFIX_PATH} CMAKE_PREFIX_PATH=/home/labdoo/ros2_ws/install/ament_cmake_libraries:/home/labdoo/ros2_ws/install/ament_cmake_include_directories:/home/labdoo/ros2_ws/install/ament_cmake_core:/opt/ros/iron /usr/bin/cmake --build /home/labdoo/ros2_ws/build/ament_cmake_target_dependencies -- -j4 -l4
[0.411s] Invoked command in '/home/labdoo/ros2_ws/build/ament_cmake_target_dependencies' returned '0': AMENT_PREFIX_PATH=/home/labdoo/ros2_ws/install/ament_cmake_libraries:/home/labdoo/ros2_ws/install/ament_cmake_include_directories:/home/labdoo/ros2_ws/install/ament_cmake_core:${AMENT_PREFIX_PATH} CMAKE_PREFIX_PATH=/home/labdoo/ros2_ws/install/ament_cmake_libraries:/home/labdoo/ros2_ws/install/ament_cmake_include_directories:/home/labdoo/ros2_ws/install/ament_cmake_core:/opt/ros/iron /usr/bin/cmake --build /home/labdoo/ros2_ws/build/ament_cmake_target_dependencies -- -j4 -l4
[0.913s] Invoking command in '/home/labdoo/ros2_ws/build/ament_cmake_target_dependencies': AMENT_PREFIX_PATH=/home/labdoo/ros2_ws/install/ament_cmake_libraries:/home/labdoo/ros2_ws/install/ament_cmake_include_directories:/home/labdoo/ros2_ws/install/ament_cmake_core:${AMENT_PREFIX_PATH} CMAKE_PREFIX_PATH=/home/labdoo/ros2_ws/install/ament_cmake_libraries:/home/labdoo/ros2_ws/install/ament_cmake_include_directories:/home/labdoo/ros2_ws/install/ament_cmake_core:/opt/ros/iron /usr/bin/cmake --install /home/labdoo/ros2_ws/build/ament_cmake_target_dependencies
[1.004s] -- Install configuration: ""
[1.004s] -- Up-to-date: /home/labdoo/ros2_ws/install/ament_cmake_target_dependencies/share/ament_index/resource_index/package_run_dependencies/ament_cmake_target_dependencies
[1.005s] -- Up-to-date: /home/labdoo/ros2_ws/install/ament_cmake_target_dependencies/share/ament_index/resource_index/parent_prefix_path/ament_cmake_target_dependencies
[1.005s] -- Up-to-date: /home/labdoo/ros2_ws/install/ament_cmake_target_dependencies/share/ament_cmake_target_dependencies/environment/ament_prefix_path.sh
[1.005s] -- Up-to-date: /home/labdoo/ros2_ws/install/ament_cmake_target_dependencies/share/ament_cmake_target_dependencies/environment/ament_prefix_path.dsv
[1.005s] -- Up-to-date: /home/labdoo/ros2_ws/install/ament_cmake_target_dependencies/share/ament_cmake_target_dependencies/environment/path.sh
[1.005s] -- Up-to-date: /home/labdoo/ros2_ws/install/ament_cmake_target_dependencies/share/ament_cmake_target_dependencies/environment/path.dsv
[1.005s] -- Up-to-date: /home/labdoo/ros2_ws/install/ament_cmake_target_dependencies/share/ament_cmake_target_dependencies/local_setup.bash
[1.006s] -- Up-to-date: /home/labdoo/ros2_ws/install/ament_cmake_target_dependencies/share/ament_cmake_target_dependencies/local_setup.sh
[1.006s] -- Up-to-date: /home/labdoo/ros2_ws/install/ament_cmake_target_dependencies/share/ament_cmake_target_dependencies/local_setup.zsh
[1.006s] -- Up-to-date: /home/labdoo/ros2_ws/install/ament_cmake_target_dependencies/share/ament_cmake_target_dependencies/local_setup.dsv
[1.006s] -- Installing: /home/labdoo/ros2_ws/install/ament_cmake_target_dependencies/share/ament_cmake_target_dependencies/package.dsv
[1.006s] -- Up-to-date: /home/labdoo/ros2_ws/install/ament_cmake_target_dependencies/share/ament_index/resource_index/packages/ament_cmake_target_dependencies
[1.006s] -- Up-to-date: /home/labdoo/ros2_ws/install/ament_cmake_target_dependencies/share/ament_cmake_target_dependencies/cmake/ament_cmake_target_dependencies-extras.cmake
[1.007s] -- Up-to-date: /home/labdoo/ros2_ws/install/ament_cmake_target_dependencies/share/ament_cmake_target_dependencies/cmake/ament_cmake_target_dependenciesConfig.cmake
[1.007s] -- Up-to-date: /home/labdoo/ros2_ws/install/ament_cmake_target_dependencies/share/ament_cmake_target_dependencies/cmake/ament_cmake_target_dependenciesConfig-version.cmake
[1.007s] -- Up-to-date: /home/labdoo/ros2_ws/install/ament_cmake_target_dependencies/share/ament_cmake_target_dependencies/package.xml
[1.007s] -- Up-to-date: /home/labdoo/ros2_ws/install/ament_cmake_target_dependencies/share/ament_cmake_target_dependencies/cmake
[1.007s] -- Up-to-date: /home/labdoo/ros2_ws/install/ament_cmake_target_dependencies/share/ament_cmake_target_dependencies/cmake/ament_get_recursive_properties.cmake
[1.007s] -- Up-to-date: /home/labdoo/ros2_ws/install/ament_cmake_target_dependencies/share/ament_cmake_target_dependencies/cmake/ament_target_dependencies.cmake
[1.747s] Invoked command in '/home/labdoo/ros2_ws/build/ament_cmake_target_dependencies' returned '0': AMENT_PREFIX_PATH=/home/labdoo/ros2_ws/install/ament_cmake_libraries:/home/labdoo/ros2_ws/install/ament_cmake_include_directories:/home/labdoo/ros2_ws/install/ament_cmake_core:${AMENT_PREFIX_PATH} CMAKE_PREFIX_PATH=/home/labdoo/ros2_ws/install/ament_cmake_libraries:/home/labdoo/ros2_ws/install/ament_cmake_include_directories:/home/labdoo/ros2_ws/install/ament_cmake_core:/opt/ros/iron /usr/bin/cmake --install /home/labdoo/ros2_ws/build/ament_cmake_target_dependencies
