[3.589s] Invoking command in '/home/labdoo/ros2_ws/build/examples_rclpy_executors': PYTHONPATH=/home/labdoo/ros2_ws/build/examples_rclpy_executors/prefix_override:/home/labdoo/ros2_ws/install/examples_rclpy_executors/lib/python3.10/site-packages:${PYTHONPATH} /usr/bin/python3 setup.py develop --uninstall --editable --build-directory /home/labdoo/ros2_ws/build/examples_rclpy_executors/build
[4.412s] running develop
[4.413s] /usr/lib/python3/dist-packages/setuptools/command/easy_install.py:158: EasyInstallDeprecationWarning: easy_install command is deprecated. Use build and pip and other standards-based tools.
[4.413s]   warnings.warn(
[4.416s] /usr/lib/python3/dist-packages/setuptools/command/install.py:34: SetuptoolsDeprecationWarning: setup.py install is deprecated. Use build and pip and other standards-based tools.
[4.416s]   warnings.warn(
[5.204s] Removing /home/labdoo/ros2_ws/install/examples_rclpy_executors/lib/python3.10/site-packages/examples-rclpy-executors.egg-link (link to .)
[6.053s] Invoked command in '/home/labdoo/ros2_ws/build/examples_rclpy_executors' returned '0': PYTHONPATH=/home/labdoo/ros2_ws/build/examples_rclpy_executors/prefix_override:/home/labdoo/ros2_ws/install/examples_rclpy_executors/lib/python3.10/site-packages:${PYTHONPATH} /usr/bin/python3 setup.py develop --uninstall --editable --build-directory /home/labdoo/ros2_ws/build/examples_rclpy_executors/build
[6.055s] Invoking command in '/home/labdoo/ros2_ws/src/examples/rclpy/executors': PYTHONPATH=/home/labdoo/ros2_ws/build/examples_rclpy_executors/prefix_override:/home/labdoo/ros2_ws/install/examples_rclpy_executors/lib/python3.10/site-packages:${PYTHONPATH} /usr/bin/python3 setup.py egg_info --egg-base ../../../../build/examples_rclpy_executors build --build-base /home/labdoo/ros2_ws/build/examples_rclpy_executors/build install --record /home/labdoo/ros2_ws/build/examples_rclpy_executors/install.log --single-version-externally-managed
[7.088s] running egg_info
[7.091s] writing ../../../../build/examples_rclpy_executors/examples_rclpy_executors.egg-info/PKG-INFO
[7.092s] writing dependency_links to ../../../../build/examples_rclpy_executors/examples_rclpy_executors.egg-info/dependency_links.txt
[7.092s] writing entry points to ../../../../build/examples_rclpy_executors/examples_rclpy_executors.egg-info/entry_points.txt
[7.092s] writing requirements to ../../../../build/examples_rclpy_executors/examples_rclpy_executors.egg-info/requires.txt
[7.092s] writing top-level names to ../../../../build/examples_rclpy_executors/examples_rclpy_executors.egg-info/top_level.txt
[7.099s] reading manifest file '../../../../build/examples_rclpy_executors/examples_rclpy_executors.egg-info/SOURCES.txt'
[7.106s] writing manifest file '../../../../build/examples_rclpy_executors/examples_rclpy_executors.egg-info/SOURCES.txt'
[7.108s] running build
[7.108s] running build_py
[7.110s] creating /home/labdoo/ros2_ws/build/examples_rclpy_executors/build
[7.112s] creating /home/labdoo/ros2_ws/build/examples_rclpy_executors/build/lib
[7.121s] creating /home/labdoo/ros2_ws/build/examples_rclpy_executors/build/lib/examples_rclpy_executors
[7.121s] copying examples_rclpy_executors/custom_callback_group.py -> /home/labdoo/ros2_ws/build/examples_rclpy_executors/build/lib/examples_rclpy_executors
[7.121s] copying examples_rclpy_executors/callback_group.py -> /home/labdoo/ros2_ws/build/examples_rclpy_executors/build/lib/examples_rclpy_executors
[7.122s] copying examples_rclpy_executors/listener.py -> /home/labdoo/ros2_ws/build/examples_rclpy_executors/build/lib/examples_rclpy_executors
[7.122s] copying examples_rclpy_executors/talker.py -> /home/labdoo/ros2_ws/build/examples_rclpy_executors/build/lib/examples_rclpy_executors
[7.122s] copying examples_rclpy_executors/composed.py -> /home/labdoo/ros2_ws/build/examples_rclpy_executors/build/lib/examples_rclpy_executors
[7.122s] copying examples_rclpy_executors/custom_executor.py -> /home/labdoo/ros2_ws/build/examples_rclpy_executors/build/lib/examples_rclpy_executors
[7.122s] copying examples_rclpy_executors/__init__.py -> /home/labdoo/ros2_ws/build/examples_rclpy_executors/build/lib/examples_rclpy_executors
[7.123s] running install
[7.123s] /usr/lib/python3/dist-packages/setuptools/command/install.py:34: SetuptoolsDeprecationWarning: setup.py install is deprecated. Use build and pip and other standards-based tools.
[7.124s]   warnings.warn(
[7.125s] running install_lib
[7.127s] creating /home/labdoo/ros2_ws/install/examples_rclpy_executors/lib/python3.10/site-packages/examples_rclpy_executors
[7.127s] copying /home/labdoo/ros2_ws/build/examples_rclpy_executors/build/lib/examples_rclpy_executors/custom_callback_group.py -> /home/labdoo/ros2_ws/install/examples_rclpy_executors/lib/python3.10/site-packages/examples_rclpy_executors
[7.128s] copying /home/labdoo/ros2_ws/build/examples_rclpy_executors/build/lib/examples_rclpy_executors/callback_group.py -> /home/labdoo/ros2_ws/install/examples_rclpy_executors/lib/python3.10/site-packages/examples_rclpy_executors
[7.129s] copying /home/labdoo/ros2_ws/build/examples_rclpy_executors/build/lib/examples_rclpy_executors/listener.py -> /home/labdoo/ros2_ws/install/examples_rclpy_executors/lib/python3.10/site-packages/examples_rclpy_executors
[7.130s] copying /home/labdoo/ros2_ws/build/examples_rclpy_executors/build/lib/examples_rclpy_executors/talker.py -> /home/labdoo/ros2_ws/install/examples_rclpy_executors/lib/python3.10/site-packages/examples_rclpy_executors
[7.130s] copying /home/labdoo/ros2_ws/build/examples_rclpy_executors/build/lib/examples_rclpy_executors/composed.py -> /home/labdoo/ros2_ws/install/examples_rclpy_executors/lib/python3.10/site-packages/examples_rclpy_executors
[7.131s] copying /home/labdoo/ros2_ws/build/examples_rclpy_executors/build/lib/examples_rclpy_executors/custom_executor.py -> /home/labdoo/ros2_ws/install/examples_rclpy_executors/lib/python3.10/site-packages/examples_rclpy_executors
[7.131s] copying /home/labdoo/ros2_ws/build/examples_rclpy_executors/build/lib/examples_rclpy_executors/__init__.py -> /home/labdoo/ros2_ws/install/examples_rclpy_executors/lib/python3.10/site-packages/examples_rclpy_executors
[7.133s] byte-compiling /home/labdoo/ros2_ws/install/examples_rclpy_executors/lib/python3.10/site-packages/examples_rclpy_executors/custom_callback_group.py to custom_callback_group.cpython-310.pyc
[7.137s] byte-compiling /home/labdoo/ros2_ws/install/examples_rclpy_executors/lib/python3.10/site-packages/examples_rclpy_executors/callback_group.py to callback_group.cpython-310.pyc
[7.138s] byte-compiling /home/labdoo/ros2_ws/install/examples_rclpy_executors/lib/python3.10/site-packages/examples_rclpy_executors/listener.py to listener.cpython-310.pyc
[7.140s] byte-compiling /home/labdoo/ros2_ws/install/examples_rclpy_executors/lib/python3.10/site-packages/examples_rclpy_executors/talker.py to talker.cpython-310.pyc
[7.141s] byte-compiling /home/labdoo/ros2_ws/install/examples_rclpy_executors/lib/python3.10/site-packages/examples_rclpy_executors/composed.py to composed.cpython-310.pyc
[7.143s] byte-compiling /home/labdoo/ros2_ws/install/examples_rclpy_executors/lib/python3.10/site-packages/examples_rclpy_executors/custom_executor.py to custom_executor.cpython-310.pyc
[7.145s] byte-compiling /home/labdoo/ros2_ws/install/examples_rclpy_executors/lib/python3.10/site-packages/examples_rclpy_executors/__init__.py to __init__.cpython-310.pyc
[7.145s] running install_data
[7.148s] running install_egg_info
[7.154s] Copying ../../../../build/examples_rclpy_executors/examples_rclpy_executors.egg-info to /home/labdoo/ros2_ws/install/examples_rclpy_executors/lib/python3.10/site-packages/examples_rclpy_executors-0.18.0-py3.10.egg-info
[7.157s] running install_scripts
[7.239s] Installing callback_group script to /home/labdoo/ros2_ws/install/examples_rclpy_executors/lib/examples_rclpy_executors
[7.240s] Installing composed script to /home/labdoo/ros2_ws/install/examples_rclpy_executors/lib/examples_rclpy_executors
[7.242s] Installing custom_callback_group script to /home/labdoo/ros2_ws/install/examples_rclpy_executors/lib/examples_rclpy_executors
[7.244s] Installing custom_executor script to /home/labdoo/ros2_ws/install/examples_rclpy_executors/lib/examples_rclpy_executors
[7.245s] Installing listener script to /home/labdoo/ros2_ws/install/examples_rclpy_executors/lib/examples_rclpy_executors
[7.246s] Installing talker script to /home/labdoo/ros2_ws/install/examples_rclpy_executors/lib/examples_rclpy_executors
[7.248s] writing list of installed files to '/home/labdoo/ros2_ws/build/examples_rclpy_executors/install.log'
[7.678s] Invoked command in '/home/labdoo/ros2_ws/src/examples/rclpy/executors' returned '0': PYTHONPATH=/home/labdoo/ros2_ws/build/examples_rclpy_executors/prefix_override:/home/labdoo/ros2_ws/install/examples_rclpy_executors/lib/python3.10/site-packages:${PYTHONPATH} /usr/bin/python3 setup.py egg_info --egg-base ../../../../build/examples_rclpy_executors build --build-base /home/labdoo/ros2_ws/build/examples_rclpy_executors/build install --record /home/labdoo/ros2_ws/build/examples_rclpy_executors/install.log --single-version-externally-managed
