[0.165s] Invoking command in '/home/labdoo/ros2_ws/build/ament_cmake_vendor_package': AMENT_PREFIX_PATH=/home/labdoo/ros2_ws/install/ament_cmake_test:/home/labdoo/ros2_ws/install/ament_cmake_export_dependencies:/home/labdoo/ros2_ws/install/ament_cmake_libraries:/home/labdoo/ros2_ws/install/ament_cmake_core:${AMENT_PREFIX_PATH} CMAKE_PREFIX_PATH=/home/labdoo/ros2_ws/install/ament_cmake_test:/home/labdoo/ros2_ws/install/ament_cmake_export_dependencies:/home/labdoo/ros2_ws/install/ament_cmake_libraries:/home/labdoo/ros2_ws/install/ament_cmake_core:/opt/ros/iron PYTHONPATH=/home/labdoo/ros2_ws/install/ament_cmake_test/lib/python3.10/site-packages:${PYTHONPATH} /usr/bin/cmake --build /home/labdoo/ros2_ws/build/ament_cmake_vendor_package -- -j4 -l4
[0.267s] [  4%] [34m[1mCreating directories for 'exlib_bad'[0m
[0.290s] [  9%] [34m[1mCreating directories for 'exlib_good'[0m
[0.403s] [ 14%] [34m[1mNo download step for 'exlib_bad'[0m
[0.421s] [ 19%] [34m[1mNo download step for 'exlib_good'[0m
[0.438s] [ 23%] [34m[1mNo patch step for 'exlib_bad'[0m
[0.465s] [ 28%] [34m[1mNo patch step for 'exlib_good'[0m
[0.480s] [ 33%] [34m[1mPerforming configure step for 'exlib_bad'[0m
[0.499s] loading initial cache file /home/labdoo/ros2_ws/build/ament_cmake_vendor_package/test/exlib_bad-config.cmake
[0.510s] [ 38%] [34m[1mPerforming configure step for 'exlib_good'[0m
[0.524s] loading initial cache file /home/labdoo/ros2_ws/build/ament_cmake_vendor_package/test/exlib_good-config.cmake
[0.602s] -- The C compiler identification is GNU 11.4.0
[0.622s] -- The C compiler identification is GNU 11.4.0
[0.726s] -- The CXX compiler identification is GNU 11.4.0
[0.741s] -- Detecting C compiler ABI info
[0.762s] -- The CXX compiler identification is GNU 11.4.0
[0.777s] -- Detecting C compiler ABI info
[0.891s] -- Detecting C compiler ABI info - done
[0.912s] -- Check for working C compiler: /usr/bin/cc - skipped
[0.912s] -- Detecting C compiler ABI info - done
[0.913s] -- Detecting C compile features
[0.914s] -- Detecting C compile features - done
[0.922s] -- Detecting CXX compiler ABI info
[0.935s] -- Check for working C compiler: /usr/bin/cc - skipped
[0.936s] -- Detecting C compile features
[0.937s] -- Detecting C compile features - done
[0.945s] -- Detecting CXX compiler ABI info
[1.091s] -- Detecting CXX compiler ABI info - done
[1.102s] -- Check for working CXX compiler: /usr/bin/c++ - skipped
[1.103s] -- Detecting CXX compile features
[1.105s] -- Detecting CXX compile features - done
[1.110s] -- Configuring done
[1.116s] -- Generating done
[1.118s] -- Build files have been written to: /home/labdoo/ros2_ws/build/ament_cmake_vendor_package/test/exlib_bad-prefix/src/exlib_bad-build
[1.147s] -- Detecting CXX compiler ABI info - done
[1.151s] [ 42%] [34m[1mPerforming build step for 'exlib_bad'[0m
[1.161s] -- Check for working CXX compiler: /usr/bin/c++ - skipped
[1.163s] -- Detecting CXX compile features
[1.163s] -- Detecting CXX compile features - done
[1.166s] -- Configuring done
[1.172s] -- Generating done
[1.173s] -- Build files have been written to: /home/labdoo/ros2_ws/build/ament_cmake_vendor_package/test/exlib_good-prefix/src/exlib_good-build
[1.209s] [ 47%] [34m[1mPerforming build step for 'exlib_good'[0m
[1.218s] [ 50%] [32mBuilding C object CMakeFiles/exlib.dir/src/exlib.c.o[0m
[1.259s] [100%] [32m[1mLinking C shared library libexlib.so[0m
[1.280s] [ 50%] [32mBuilding C object CMakeFiles/exlib.dir/src/exlib.c.o[0m
[1.309s] [100%] Built target exlib
[1.322s] [100%] [32m[1mLinking C shared library libexlib.so[0m
[1.360s] [ 52%] [34m[1mPerforming install step for 'exlib_bad'[0m
[1.376s] [100%] Built target exlib
[1.413s] [35m[1mConsolidate compiler generated dependencies of target exlib[0m
[1.417s] [ 57%] [34m[1mPerforming install step for 'exlib_good'[0m
[1.431s] [100%] Built target exlib
[1.460s] [36mInstall the project...[0m
[1.471s] [35m[1mConsolidate compiler generated dependencies of target exlib[0m
[1.474s] -- Install configuration: ""
[1.474s] -- Installing: /home/labdoo/ros2_ws/build/ament_cmake_vendor_package/test/exlib_bad-prefix/install/lib/libexlib.so
[1.474s] -- Installing: /home/labdoo/ros2_ws/build/ament_cmake_vendor_package/test/exlib_bad-prefix/install/include
[1.475s] -- Installing: /home/labdoo/ros2_ws/build/ament_cmake_vendor_package/test/exlib_bad-prefix/install/include/exlib
[1.475s] -- Installing: /home/labdoo/ros2_ws/build/ament_cmake_vendor_package/test/exlib_bad-prefix/install/include/exlib/visibility_control.h
[1.475s] -- Installing: /home/labdoo/ros2_ws/build/ament_cmake_vendor_package/test/exlib_bad-prefix/install/include/exlib/exlib.h
[1.476s] -- Installing: /home/labdoo/ros2_ws/build/ament_cmake_vendor_package/test/exlib_bad-prefix/install/lib/cmake/exlib/exlibTargets.cmake
[1.476s] -- Installing: /home/labdoo/ros2_ws/build/ament_cmake_vendor_package/test/exlib_bad-prefix/install/lib/cmake/exlib/exlibTargets-noconfig.cmake
[1.476s] -- Installing: /home/labdoo/ros2_ws/build/ament_cmake_vendor_package/test/exlib_bad-prefix/install/lib/cmake/exlib/exlibConfig.cmake
[1.490s] [100%] Built target exlib
[1.513s] [ 61%] [34m[1mCompleted 'exlib_bad'[0m
[1.517s] [36mInstall the project...[0m
[1.530s] -- Install configuration: ""
[1.531s] -- Installing: /home/labdoo/ros2_ws/build/ament_cmake_vendor_package/test/exlib_good-prefix/install/lib/libexlib.so
[1.532s] -- Installing: /home/labdoo/ros2_ws/build/ament_cmake_vendor_package/test/exlib_good-prefix/install/include
[1.532s] -- Installing: /home/labdoo/ros2_ws/build/ament_cmake_vendor_package/test/exlib_good-prefix/install/include/exlib
[1.532s] -- Installing: /home/labdoo/ros2_ws/build/ament_cmake_vendor_package/test/exlib_good-prefix/install/include/exlib/visibility_control.h
[1.532s] -- Installing: /home/labdoo/ros2_ws/build/ament_cmake_vendor_package/test/exlib_good-prefix/install/include/exlib/exlib.h
[1.532s] -- Installing: /home/labdoo/ros2_ws/build/ament_cmake_vendor_package/test/exlib_good-prefix/install/lib/cmake/exlib/exlibTargets.cmake
[1.533s] -- Installing: /home/labdoo/ros2_ws/build/ament_cmake_vendor_package/test/exlib_good-prefix/install/lib/cmake/exlib/exlibTargets-noconfig.cmake
[1.533s] -- Installing: /home/labdoo/ros2_ws/build/ament_cmake_vendor_package/test/exlib_good-prefix/install/lib/cmake/exlib/exlibConfig.cmake
[1.563s] [ 66%] [34m[1mCompleted 'exlib_good'[0m
[1.572s] [ 66%] Built target exlib_bad
[1.608s] [ 66%] Built target exlib_good
[1.631s] [ 71%] [34m[1mCreating directories for 'depender'[0m
[1.726s] [ 76%] [34m[1mNo download step for 'depender'[0m
[1.756s] [ 80%] [34m[1mNo patch step for 'depender'[0m
[1.789s] [ 85%] [34m[1mPerforming configure step for 'depender'[0m
[1.803s] loading initial cache file /home/labdoo/ros2_ws/build/ament_cmake_vendor_package/test/depender-config.cmake
[1.908s] -- The C compiler identification is GNU 11.4.0
[2.014s] -- The CXX compiler identification is GNU 11.4.0
[2.028s] -- Detecting C compiler ABI info
[2.127s] -- Detecting C compiler ABI info - done
[2.137s] -- Check for working C compiler: /usr/bin/cc - skipped
[2.137s] -- Detecting C compile features
[2.138s] -- Detecting C compile features - done
[2.146s] -- Detecting CXX compiler ABI info
[2.251s] -- Detecting CXX compiler ABI info - done
[2.261s] -- Check for working CXX compiler: /usr/bin/c++ - skipped
[2.262s] -- Detecting CXX compile features
[2.263s] -- Detecting CXX compile features - done
[2.264s] -- Configuring done
[2.268s] -- Generating done
[2.269s] -- Build files have been written to: /home/labdoo/ros2_ws/build/ament_cmake_vendor_package/test/depender-prefix/src/depender-build
[2.289s] [ 90%] [34m[1mPerforming build step for 'depender'[0m
[2.332s] [ 50%] [32mBuilding C object CMakeFiles/depender.dir/src/depender.c.o[0m
[2.363s] [100%] [32m[1mLinking C executable depender[0m
[2.405s] [100%] Built target depender
[2.433s] [ 95%] [34m[1mPerforming install step for 'depender'[0m
[2.471s] [35m[1mConsolidate compiler generated dependencies of target depender[0m
[2.487s] [100%] Built target depender
[2.506s] [36mInstall the project...[0m
[2.515s] -- Install configuration: ""
[2.516s] -- Installing: /home/labdoo/ros2_ws/build/ament_cmake_vendor_package/test/depender-prefix/install/bin/depender
[2.517s] -- Set runtime path of "/home/labdoo/ros2_ws/build/ament_cmake_vendor_package/test/depender-prefix/install/bin/depender" to ""
[2.535s] [100%] [34m[1mCompleted 'depender'[0m
[2.576s] [100%] Built target depender
[3.006s] Invoked command in '/home/labdoo/ros2_ws/build/ament_cmake_vendor_package' returned '0': AMENT_PREFIX_PATH=/home/labdoo/ros2_ws/install/ament_cmake_test:/home/labdoo/ros2_ws/install/ament_cmake_export_dependencies:/home/labdoo/ros2_ws/install/ament_cmake_libraries:/home/labdoo/ros2_ws/install/ament_cmake_core:${AMENT_PREFIX_PATH} CMAKE_PREFIX_PATH=/home/labdoo/ros2_ws/install/ament_cmake_test:/home/labdoo/ros2_ws/install/ament_cmake_export_dependencies:/home/labdoo/ros2_ws/install/ament_cmake_libraries:/home/labdoo/ros2_ws/install/ament_cmake_core:/opt/ros/iron PYTHONPATH=/home/labdoo/ros2_ws/install/ament_cmake_test/lib/python3.10/site-packages:${PYTHONPATH} /usr/bin/cmake --build /home/labdoo/ros2_ws/build/ament_cmake_vendor_package -- -j4 -l4
[3.128s] Invoking command in '/home/labdoo/ros2_ws/build/ament_cmake_vendor_package': AMENT_PREFIX_PATH=/home/labdoo/ros2_ws/install/ament_cmake_test:/home/labdoo/ros2_ws/install/ament_cmake_export_dependencies:/home/labdoo/ros2_ws/install/ament_cmake_libraries:/home/labdoo/ros2_ws/install/ament_cmake_core:${AMENT_PREFIX_PATH} CMAKE_PREFIX_PATH=/home/labdoo/ros2_ws/install/ament_cmake_test:/home/labdoo/ros2_ws/install/ament_cmake_export_dependencies:/home/labdoo/ros2_ws/install/ament_cmake_libraries:/home/labdoo/ros2_ws/install/ament_cmake_core:/opt/ros/iron PYTHONPATH=/home/labdoo/ros2_ws/install/ament_cmake_test/lib/python3.10/site-packages:${PYTHONPATH} /usr/bin/cmake --install /home/labdoo/ros2_ws/build/ament_cmake_vendor_package
[3.152s] -- Install configuration: ""
[3.152s] -- Installing: /home/labdoo/ros2_ws/install/ament_cmake_vendor_package/share/ament_index/resource_index/package_run_dependencies/ament_cmake_vendor_package
[3.152s] -- Installing: /home/labdoo/ros2_ws/install/ament_cmake_vendor_package/share/ament_index/resource_index/parent_prefix_path/ament_cmake_vendor_package
[3.152s] -- Installing: /home/labdoo/ros2_ws/install/ament_cmake_vendor_package/share/ament_cmake_vendor_package/environment/ament_prefix_path.sh
[3.152s] -- Installing: /home/labdoo/ros2_ws/install/ament_cmake_vendor_package/share/ament_cmake_vendor_package/environment/ament_prefix_path.dsv
[3.153s] -- Installing: /home/labdoo/ros2_ws/install/ament_cmake_vendor_package/share/ament_cmake_vendor_package/environment/path.sh
[3.153s] -- Installing: /home/labdoo/ros2_ws/install/ament_cmake_vendor_package/share/ament_cmake_vendor_package/environment/path.dsv
[3.153s] -- Installing: /home/labdoo/ros2_ws/install/ament_cmake_vendor_package/share/ament_cmake_vendor_package/local_setup.bash
[3.153s] -- Installing: /home/labdoo/ros2_ws/install/ament_cmake_vendor_package/share/ament_cmake_vendor_package/local_setup.sh
[3.153s] -- Installing: /home/labdoo/ros2_ws/install/ament_cmake_vendor_package/share/ament_cmake_vendor_package/local_setup.zsh
[3.154s] -- Installing: /home/labdoo/ros2_ws/install/ament_cmake_vendor_package/share/ament_cmake_vendor_package/local_setup.dsv
[3.154s] -- Installing: /home/labdoo/ros2_ws/install/ament_cmake_vendor_package/share/ament_cmake_vendor_package/package.dsv
[3.154s] -- Installing: /home/labdoo/ros2_ws/install/ament_cmake_vendor_package/share/ament_index/resource_index/packages/ament_cmake_vendor_package
[3.154s] -- Installing: /home/labdoo/ros2_ws/install/ament_cmake_vendor_package/share/ament_cmake_vendor_package/cmake/ament_cmake_vendor_package-extras.cmake
[3.154s] -- Installing: /home/labdoo/ros2_ws/install/ament_cmake_vendor_package/share/ament_cmake_vendor_package/cmake/ament_cmake_export_dependencies-extras.cmake
[3.155s] -- Installing: /home/labdoo/ros2_ws/install/ament_cmake_vendor_package/share/ament_cmake_vendor_package/cmake/ament_cmake_vendor_packageConfig.cmake
[3.155s] -- Installing: /home/labdoo/ros2_ws/install/ament_cmake_vendor_package/share/ament_cmake_vendor_package/cmake/ament_cmake_vendor_packageConfig-version.cmake
[3.155s] -- Installing: /home/labdoo/ros2_ws/install/ament_cmake_vendor_package/share/ament_cmake_vendor_package/package.xml
[3.155s] -- Up-to-date: /home/labdoo/ros2_ws/install/ament_cmake_vendor_package/share/ament_cmake_vendor_package/cmake
[3.155s] -- Installing: /home/labdoo/ros2_ws/install/ament_cmake_vendor_package/share/ament_cmake_vendor_package/cmake/ament_vendor.cmake
[3.156s] -- Installing: /home/labdoo/ros2_ws/install/ament_cmake_vendor_package/share/ament_cmake_vendor_package/cmake/templates
[3.156s] -- Installing: /home/labdoo/ros2_ws/install/ament_cmake_vendor_package/share/ament_cmake_vendor_package/cmake/templates/vendor_package_cmake_prefix.cmake.in
[3.156s] -- Installing: /home/labdoo/ros2_ws/install/ament_cmake_vendor_package/share/ament_cmake_vendor_package/cmake/templates/target.repos.in
[3.156s] -- Installing: /home/labdoo/ros2_ws/install/ament_cmake_vendor_package/share/ament_cmake_vendor_package/cmake/templates/vendor_package_cmake_prefix.bat.in
[3.156s] -- Installing: /home/labdoo/ros2_ws/install/ament_cmake_vendor_package/share/ament_cmake_vendor_package/cmake/templates/vendor_package.bat.in
[3.156s] -- Installing: /home/labdoo/ros2_ws/install/ament_cmake_vendor_package/share/ament_cmake_vendor_package/cmake/templates/vendor_package.sh.in
[3.156s] -- Installing: /home/labdoo/ros2_ws/install/ament_cmake_vendor_package/share/ament_cmake_vendor_package/cmake/templates/vendor_package_cmake_prefix.dsv.in
[3.156s] -- Installing: /home/labdoo/ros2_ws/install/ament_cmake_vendor_package/share/ament_cmake_vendor_package/cmake/templates/vendor_package_cmake_prefix.sh.in
[3.157s] -- Installing: /home/labdoo/ros2_ws/install/ament_cmake_vendor_package/share/ament_cmake_vendor_package/cmake/templates/vendor_package.dsv.in
[3.163s] Invoked command in '/home/labdoo/ros2_ws/build/ament_cmake_vendor_package' returned '0': AMENT_PREFIX_PATH=/home/labdoo/ros2_ws/install/ament_cmake_test:/home/labdoo/ros2_ws/install/ament_cmake_export_dependencies:/home/labdoo/ros2_ws/install/ament_cmake_libraries:/home/labdoo/ros2_ws/install/ament_cmake_core:${AMENT_PREFIX_PATH} CMAKE_PREFIX_PATH=/home/labdoo/ros2_ws/install/ament_cmake_test:/home/labdoo/ros2_ws/install/ament_cmake_export_dependencies:/home/labdoo/ros2_ws/install/ament_cmake_libraries:/home/labdoo/ros2_ws/install/ament_cmake_core:/opt/ros/iron PYTHONPATH=/home/labdoo/ros2_ws/install/ament_cmake_test/lib/python3.10/site-packages:${PYTHONPATH} /usr/bin/cmake --install /home/labdoo/ros2_ws/build/ament_cmake_vendor_package
