[0.492s] Invoking command in '/home/labdoo/ros2_ws/build/turtlebot3_applications_msgs': /usr/bin/cmake /home/labdoo/ros2_ws/src/turtlebot3_applications_msgs -DCATKIN_INSTALL_INTO_PREFIX_ROOT=0 -DCMAKE_INSTALL_PREFIX=/home/labdoo/ros2_ws/install/turtlebot3_applications_msgs
[0.511s] [0mCMake Deprecation Warning at CMakeLists.txt:4 (cmake_minimum_required):
[0.511s]   Compatibility with CMake < 2.8.12 will be removed from a future version of
[0.511s]   CMake.
[0.511s] 
[0.512s]   Update the VERSION argument <min> value or use a ...<max> suffix to tell
[0.512s]   CMake that the project does not need compatibility with older versions.
[0.512s] 
[0.512s] [0m
[0.560s] [31mCMake Error at CMakeLists.txt:10 (find_package):
[0.560s]   By not providing "Findcatkin.cmake" in CMAKE_MODULE_PATH this project has
[0.560s]   asked CMake to find a package configuration file provided by "catkin", but
[0.560s]   CMake did not find one.
[0.560s] 
[0.561s]   Could not find a package configuration file provided by "catkin" with any
[0.561s]   of the following names:
[0.561s] 
[0.561s]     catkinConfig.cmake
[0.561s]     catkin-config.cmake
[0.561s] 
[0.561s]   Add the installation prefix of "catkin" to CMAKE_PREFIX_PATH or set
[0.562s]   "catkin_DIR" to a directory containing one of the above files.  If "catkin"
[0.562s]   provides a separate development package or SDK, be sure it has been
[0.562s]   installed.
[0.562s] 
[0.562s] [0m
[0.563s] -- Configuring incomplete, errors occurred!
[0.564s] See also "/home/labdoo/ros2_ws/build/turtlebot3_applications_msgs/CMakeFiles/CMakeOutput.log".
[0.573s] Invoked command in '/home/labdoo/ros2_ws/build/turtlebot3_applications_msgs' returned '1': /usr/bin/cmake /home/labdoo/ros2_ws/src/turtlebot3_applications_msgs -DCATKIN_INSTALL_INTO_PREFIX_ROOT=0 -DCMAKE_INSTALL_PREFIX=/home/labdoo/ros2_ws/install/turtlebot3_applications_msgs
