[0.535s] Invoking command in '/home/labdoo/ros2_ws/build/examples_rclcpp_async_client': CMAKE_PREFIX_PATH=${CMAKE_PREFIX_PATH}:/home/labdoo/ros2_ws/install/launch_testing_examples:/home/labdoo/ros2_ws/install/examples_rclpy_pointcloud_publisher:/home/labdoo/ros2_ws/install/examples_rclpy_minimal_subscriber:/home/labdoo/ros2_ws/install/examples_rclpy_minimal_service:/home/labdoo/ros2_ws/install/examples_rclpy_minimal_publisher:/home/labdoo/ros2_ws/install/examples_rclpy_minimal_client:/home/labdoo/ros2_ws/install/examples_rclpy_minimal_action_server:/home/labdoo/ros2_ws/install/examples_rclpy_minimal_action_client:/home/labdoo/ros2_ws/install/examples_rclpy_guard_conditions:/home/labdoo/ros2_ws/install/examples_rclpy_executors:/opt/ros/iron:/home/labdoo/turtlebot3_ws/install/turtlebot3_teleop:/home/labdoo/turtlebot3_ws/install/turtlebot3_example:/home/labdoo/turtlebot3_ws/install/newpackage /usr/bin/cmake /home/labdoo/ros2_ws/src/examples/rclcpp/services/async_client -DCMAKE_INSTALL_PREFIX=/home/labdoo/ros2_ws/install/examples_rclcpp_async_client
[0.561s] -- Found ament_cmake: 2.0.4 (/opt/ros/iron/share/ament_cmake/cmake)
[0.962s] -- Override CMake install command with custom implementation using symlinks instead of copying resources
[1.017s] -- Found example_interfaces: 0.10.2 (/opt/ros/iron/share/example_interfaces/cmake)
[1.102s] -- Found rosidl_generator_c: 4.0.1 (/opt/ros/iron/share/rosidl_generator_c/cmake)
[1.128s] -- Found rosidl_generator_cpp: 4.0.1 (/opt/ros/iron/share/rosidl_generator_cpp/cmake)
[1.168s] -- Using all available rosidl_typesupport_c: rosidl_typesupport_fastrtps_c;rosidl_typesupport_introspection_c
[1.218s] -- Using all available rosidl_typesupport_cpp: rosidl_typesupport_fastrtps_cpp;rosidl_typesupport_introspection_cpp
[1.891s] -- Found rclcpp: 21.0.5 (/opt/ros/iron/share/rclcpp/cmake)
[2.170s] -- Found rmw_implementation_cmake: 7.1.0 (/opt/ros/iron/share/rmw_implementation_cmake/cmake)
[2.176s] -- Found rmw_fastrtps_cpp: 7.1.3 (/opt/ros/iron/share/rmw_fastrtps_cpp/cmake)
[2.513s] -- Using RMW implementation 'rmw_fastrtps_cpp' as default
[2.985s] -- Found ament_lint_auto: 0.14.3 (/opt/ros/iron/share/ament_lint_auto/cmake)
[3.235s] -- Added test 'copyright' to check source files copyright and LICENSE
[3.240s] -- Added test 'cppcheck' to perform static code analysis on C / C++ code
[3.241s] -- Configured cppcheck include dirs: 
[3.241s] -- Configured cppcheck exclude dirs and/or files: 
[3.243s] -- Added test 'cpplint' to check C / C++ code against the Google style
[3.243s] -- Configured cpplint exclude dirs and/or files: 
[3.245s] -- Added test 'lint_cmake' to check CMake code style
[3.247s] -- Added test 'uncrustify' to check C / C++ code style
[3.247s] -- Configured uncrustify additional arguments: 
[3.248s] -- Added test 'xmllint' to check XML markup files
[3.251s] -- Configuring done
[3.281s] -- Generating done
[3.287s] -- Build files have been written to: /home/labdoo/ros2_ws/build/examples_rclcpp_async_client
[3.308s] Invoked command in '/home/labdoo/ros2_ws/build/examples_rclcpp_async_client' returned '0': CMAKE_PREFIX_PATH=${CMAKE_PREFIX_PATH}:/home/labdoo/ros2_ws/install/launch_testing_examples:/home/labdoo/ros2_ws/install/examples_rclpy_pointcloud_publisher:/home/labdoo/ros2_ws/install/examples_rclpy_minimal_subscriber:/home/labdoo/ros2_ws/install/examples_rclpy_minimal_service:/home/labdoo/ros2_ws/install/examples_rclpy_minimal_publisher:/home/labdoo/ros2_ws/install/examples_rclpy_minimal_client:/home/labdoo/ros2_ws/install/examples_rclpy_minimal_action_server:/home/labdoo/ros2_ws/install/examples_rclpy_minimal_action_client:/home/labdoo/ros2_ws/install/examples_rclpy_guard_conditions:/home/labdoo/ros2_ws/install/examples_rclpy_executors:/opt/ros/iron:/home/labdoo/turtlebot3_ws/install/turtlebot3_teleop:/home/labdoo/turtlebot3_ws/install/turtlebot3_example:/home/labdoo/turtlebot3_ws/install/newpackage /usr/bin/cmake /home/labdoo/ros2_ws/src/examples/rclcpp/services/async_client -DCMAKE_INSTALL_PREFIX=/home/labdoo/ros2_ws/install/examples_rclcpp_async_client
[3.309s] Invoking command in '/home/labdoo/ros2_ws/build/examples_rclcpp_async_client': CMAKE_PREFIX_PATH=${CMAKE_PREFIX_PATH}:/home/labdoo/ros2_ws/install/launch_testing_examples:/home/labdoo/ros2_ws/install/examples_rclpy_pointcloud_publisher:/home/labdoo/ros2_ws/install/examples_rclpy_minimal_subscriber:/home/labdoo/ros2_ws/install/examples_rclpy_minimal_service:/home/labdoo/ros2_ws/install/examples_rclpy_minimal_publisher:/home/labdoo/ros2_ws/install/examples_rclpy_minimal_client:/home/labdoo/ros2_ws/install/examples_rclpy_minimal_action_server:/home/labdoo/ros2_ws/install/examples_rclpy_minimal_action_client:/home/labdoo/ros2_ws/install/examples_rclpy_guard_conditions:/home/labdoo/ros2_ws/install/examples_rclpy_executors:/opt/ros/iron:/home/labdoo/turtlebot3_ws/install/turtlebot3_teleop:/home/labdoo/turtlebot3_ws/install/turtlebot3_example:/home/labdoo/turtlebot3_ws/install/newpackage /usr/bin/cmake --build /home/labdoo/ros2_ws/build/examples_rclcpp_async_client -- -j4 -l4
[3.405s] [35m[1mConsolidate compiler generated dependencies of target client_main[0m
[3.458s] [100%] Built target client_main
[3.490s] Invoked command in '/home/labdoo/ros2_ws/build/examples_rclcpp_async_client' returned '0': CMAKE_PREFIX_PATH=${CMAKE_PREFIX_PATH}:/home/labdoo/ros2_ws/install/launch_testing_examples:/home/labdoo/ros2_ws/install/examples_rclpy_pointcloud_publisher:/home/labdoo/ros2_ws/install/examples_rclpy_minimal_subscriber:/home/labdoo/ros2_ws/install/examples_rclpy_minimal_service:/home/labdoo/ros2_ws/install/examples_rclpy_minimal_publisher:/home/labdoo/ros2_ws/install/examples_rclpy_minimal_client:/home/labdoo/ros2_ws/install/examples_rclpy_minimal_action_server:/home/labdoo/ros2_ws/install/examples_rclpy_minimal_action_client:/home/labdoo/ros2_ws/install/examples_rclpy_guard_conditions:/home/labdoo/ros2_ws/install/examples_rclpy_executors:/opt/ros/iron:/home/labdoo/turtlebot3_ws/install/turtlebot3_teleop:/home/labdoo/turtlebot3_ws/install/turtlebot3_example:/home/labdoo/turtlebot3_ws/install/newpackage /usr/bin/cmake --build /home/labdoo/ros2_ws/build/examples_rclcpp_async_client -- -j4 -l4
[3.750s] Invoking command in '/home/labdoo/ros2_ws/build/examples_rclcpp_async_client': CMAKE_PREFIX_PATH=${CMAKE_PREFIX_PATH}:/home/labdoo/ros2_ws/install/launch_testing_examples:/home/labdoo/ros2_ws/install/examples_rclpy_pointcloud_publisher:/home/labdoo/ros2_ws/install/examples_rclpy_minimal_subscriber:/home/labdoo/ros2_ws/install/examples_rclpy_minimal_service:/home/labdoo/ros2_ws/install/examples_rclpy_minimal_publisher:/home/labdoo/ros2_ws/install/examples_rclpy_minimal_client:/home/labdoo/ros2_ws/install/examples_rclpy_minimal_action_server:/home/labdoo/ros2_ws/install/examples_rclpy_minimal_action_client:/home/labdoo/ros2_ws/install/examples_rclpy_guard_conditions:/home/labdoo/ros2_ws/install/examples_rclpy_executors:/opt/ros/iron:/home/labdoo/turtlebot3_ws/install/turtlebot3_teleop:/home/labdoo/turtlebot3_ws/install/turtlebot3_example:/home/labdoo/turtlebot3_ws/install/newpackage /usr/bin/cmake --install /home/labdoo/ros2_ws/build/examples_rclcpp_async_client
[3.772s] -- Install configuration: ""
[3.773s] -- Execute custom install script
[3.774s] -- Up-to-date symlink: /home/labdoo/ros2_ws/install/examples_rclcpp_async_client/lib/examples_rclcpp_async_client/client_main
[3.775s] -- Up-to-date symlink: /home/labdoo/ros2_ws/install/examples_rclcpp_async_client/share/ament_index/resource_index/package_run_dependencies/examples_rclcpp_async_client
[3.776s] -- Up-to-date symlink: /home/labdoo/ros2_ws/install/examples_rclcpp_async_client/share/ament_index/resource_index/parent_prefix_path/examples_rclcpp_async_client
[3.777s] -- Up-to-date symlink: /home/labdoo/ros2_ws/install/examples_rclcpp_async_client/share/examples_rclcpp_async_client/environment/ament_prefix_path.sh
[3.778s] -- Up-to-date symlink: /home/labdoo/ros2_ws/install/examples_rclcpp_async_client/share/examples_rclcpp_async_client/environment/ament_prefix_path.dsv
[3.778s] -- Up-to-date symlink: /home/labdoo/ros2_ws/install/examples_rclcpp_async_client/share/examples_rclcpp_async_client/environment/path.sh
[3.779s] -- Up-to-date symlink: /home/labdoo/ros2_ws/install/examples_rclcpp_async_client/share/examples_rclcpp_async_client/environment/path.dsv
[3.779s] -- Up-to-date symlink: /home/labdoo/ros2_ws/install/examples_rclcpp_async_client/share/examples_rclcpp_async_client/local_setup.bash
[3.780s] -- Up-to-date symlink: /home/labdoo/ros2_ws/install/examples_rclcpp_async_client/share/examples_rclcpp_async_client/local_setup.sh
[3.780s] -- Up-to-date symlink: /home/labdoo/ros2_ws/install/examples_rclcpp_async_client/share/examples_rclcpp_async_client/local_setup.zsh
[3.780s] -- Up-to-date symlink: /home/labdoo/ros2_ws/install/examples_rclcpp_async_client/share/examples_rclcpp_async_client/local_setup.dsv
[3.781s] -- Symlinking: /home/labdoo/ros2_ws/install/examples_rclcpp_async_client/share/examples_rclcpp_async_client/package.dsv
[3.801s] -- Up-to-date symlink: /home/labdoo/ros2_ws/install/examples_rclcpp_async_client/share/ament_index/resource_index/packages/examples_rclcpp_async_client
[3.801s] -- Up-to-date symlink: /home/labdoo/ros2_ws/install/examples_rclcpp_async_client/share/examples_rclcpp_async_client/cmake/examples_rclcpp_async_clientConfig.cmake
[3.801s] -- Up-to-date symlink: /home/labdoo/ros2_ws/install/examples_rclcpp_async_client/share/examples_rclcpp_async_client/cmake/examples_rclcpp_async_clientConfig-version.cmake
[3.801s] -- Up-to-date symlink: /home/labdoo/ros2_ws/install/examples_rclcpp_async_client/share/examples_rclcpp_async_client/package.xml
[3.809s] Invoked command in '/home/labdoo/ros2_ws/build/examples_rclcpp_async_client' returned '0': CMAKE_PREFIX_PATH=${CMAKE_PREFIX_PATH}:/home/labdoo/ros2_ws/install/launch_testing_examples:/home/labdoo/ros2_ws/install/examples_rclpy_pointcloud_publisher:/home/labdoo/ros2_ws/install/examples_rclpy_minimal_subscriber:/home/labdoo/ros2_ws/install/examples_rclpy_minimal_service:/home/labdoo/ros2_ws/install/examples_rclpy_minimal_publisher:/home/labdoo/ros2_ws/install/examples_rclpy_minimal_client:/home/labdoo/ros2_ws/install/examples_rclpy_minimal_action_server:/home/labdoo/ros2_ws/install/examples_rclpy_minimal_action_client:/home/labdoo/ros2_ws/install/examples_rclpy_guard_conditions:/home/labdoo/ros2_ws/install/examples_rclpy_executors:/opt/ros/iron:/home/labdoo/turtlebot3_ws/install/turtlebot3_teleop:/home/labdoo/turtlebot3_ws/install/turtlebot3_example:/home/labdoo/turtlebot3_ws/install/newpackage /usr/bin/cmake --install /home/labdoo/ros2_ws/build/examples_rclcpp_async_client
