[0.796s] Invoking command in '/home/labdoo/ros2_ws/build/cpp_pubsub': CMAKE_PREFIX_PATH=${CMAKE_PREFIX_PATH}:/home/labdoo/ros2_ws/install/launch_testing_examples:/home/labdoo/ros2_ws/install/examples_rclpy_pointcloud_publisher:/home/labdoo/ros2_ws/install/examples_rclpy_minimal_subscriber:/home/labdoo/ros2_ws/install/examples_rclpy_minimal_service:/home/labdoo/ros2_ws/install/examples_rclpy_minimal_publisher:/home/labdoo/ros2_ws/install/examples_rclpy_minimal_client:/home/labdoo/ros2_ws/install/examples_rclpy_minimal_action_server:/home/labdoo/ros2_ws/install/examples_rclpy_minimal_action_client:/home/labdoo/ros2_ws/install/examples_rclpy_guard_conditions:/home/labdoo/ros2_ws/install/examples_rclpy_executors:/opt/ros/iron /usr/bin/cmake --build /home/labdoo/ros2_ws/build/cpp_pubsub -- -j4 -l4
[1.199s] [ 50%] Built target talker
[1.205s] [100%] Built target listener
[1.241s] Invoked command in '/home/labdoo/ros2_ws/build/cpp_pubsub' returned '0': CMAKE_PREFIX_PATH=${CMAKE_PREFIX_PATH}:/home/labdoo/ros2_ws/install/launch_testing_examples:/home/labdoo/ros2_ws/install/examples_rclpy_pointcloud_publisher:/home/labdoo/ros2_ws/install/examples_rclpy_minimal_subscriber:/home/labdoo/ros2_ws/install/examples_rclpy_minimal_service:/home/labdoo/ros2_ws/install/examples_rclpy_minimal_publisher:/home/labdoo/ros2_ws/install/examples_rclpy_minimal_client:/home/labdoo/ros2_ws/install/examples_rclpy_minimal_action_server:/home/labdoo/ros2_ws/install/examples_rclpy_minimal_action_client:/home/labdoo/ros2_ws/install/examples_rclpy_guard_conditions:/home/labdoo/ros2_ws/install/examples_rclpy_executors:/opt/ros/iron /usr/bin/cmake --build /home/labdoo/ros2_ws/build/cpp_pubsub -- -j4 -l4
[1.413s] Invoking command in '/home/labdoo/ros2_ws/build/cpp_pubsub': CMAKE_PREFIX_PATH=${CMAKE_PREFIX_PATH}:/home/labdoo/ros2_ws/install/launch_testing_examples:/home/labdoo/ros2_ws/install/examples_rclpy_pointcloud_publisher:/home/labdoo/ros2_ws/install/examples_rclpy_minimal_subscriber:/home/labdoo/ros2_ws/install/examples_rclpy_minimal_service:/home/labdoo/ros2_ws/install/examples_rclpy_minimal_publisher:/home/labdoo/ros2_ws/install/examples_rclpy_minimal_client:/home/labdoo/ros2_ws/install/examples_rclpy_minimal_action_server:/home/labdoo/ros2_ws/install/examples_rclpy_minimal_action_client:/home/labdoo/ros2_ws/install/examples_rclpy_guard_conditions:/home/labdoo/ros2_ws/install/examples_rclpy_executors:/opt/ros/iron /usr/bin/cmake --install /home/labdoo/ros2_ws/build/cpp_pubsub
[1.446s] -- Install configuration: ""
[1.447s] -- Up-to-date: /home/labdoo/ros2_ws/install/cpp_pubsub/lib/cpp_pubsub/talker
[1.449s] -- Up-to-date: /home/labdoo/ros2_ws/install/cpp_pubsub/lib/cpp_pubsub/listener
[1.451s] -- Up-to-date: /home/labdoo/ros2_ws/install/cpp_pubsub/share/ament_index/resource_index/package_run_dependencies/cpp_pubsub
[1.453s] -- Up-to-date: /home/labdoo/ros2_ws/install/cpp_pubsub/share/ament_index/resource_index/parent_prefix_path/cpp_pubsub
[1.455s] -- Up-to-date: /home/labdoo/ros2_ws/install/cpp_pubsub/share/cpp_pubsub/environment/ament_prefix_path.sh
[1.455s] -- Up-to-date: /home/labdoo/ros2_ws/install/cpp_pubsub/share/cpp_pubsub/environment/ament_prefix_path.dsv
[1.456s] -- Up-to-date: /home/labdoo/ros2_ws/install/cpp_pubsub/share/cpp_pubsub/environment/path.sh
[1.458s] -- Up-to-date: /home/labdoo/ros2_ws/install/cpp_pubsub/share/cpp_pubsub/environment/path.dsv
[1.458s] -- Up-to-date: /home/labdoo/ros2_ws/install/cpp_pubsub/share/cpp_pubsub/local_setup.bash
[1.458s] -- Up-to-date: /home/labdoo/ros2_ws/install/cpp_pubsub/share/cpp_pubsub/local_setup.sh
[1.464s] -- Up-to-date: /home/labdoo/ros2_ws/install/cpp_pubsub/share/cpp_pubsub/local_setup.zsh
[1.464s] -- Up-to-date: /home/labdoo/ros2_ws/install/cpp_pubsub/share/cpp_pubsub/local_setup.dsv
[1.464s] -- Installing: /home/labdoo/ros2_ws/install/cpp_pubsub/share/cpp_pubsub/package.dsv
[1.464s] -- Up-to-date: /home/labdoo/ros2_ws/install/cpp_pubsub/share/ament_index/resource_index/packages/cpp_pubsub
[1.464s] -- Up-to-date: /home/labdoo/ros2_ws/install/cpp_pubsub/share/cpp_pubsub/cmake/cpp_pubsubConfig.cmake
[1.464s] -- Up-to-date: /home/labdoo/ros2_ws/install/cpp_pubsub/share/cpp_pubsub/cmake/cpp_pubsubConfig-version.cmake
[1.465s] -- Up-to-date: /home/labdoo/ros2_ws/install/cpp_pubsub/share/cpp_pubsub/package.xml
[1.482s] Invoked command in '/home/labdoo/ros2_ws/build/cpp_pubsub' returned '0': CMAKE_PREFIX_PATH=${CMAKE_PREFIX_PATH}:/home/labdoo/ros2_ws/install/launch_testing_examples:/home/labdoo/ros2_ws/install/examples_rclpy_pointcloud_publisher:/home/labdoo/ros2_ws/install/examples_rclpy_minimal_subscriber:/home/labdoo/ros2_ws/install/examples_rclpy_minimal_service:/home/labdoo/ros2_ws/install/examples_rclpy_minimal_publisher:/home/labdoo/ros2_ws/install/examples_rclpy_minimal_client:/home/labdoo/ros2_ws/install/examples_rclpy_minimal_action_server:/home/labdoo/ros2_ws/install/examples_rclpy_minimal_action_client:/home/labdoo/ros2_ws/install/examples_rclpy_guard_conditions:/home/labdoo/ros2_ws/install/examples_rclpy_executors:/opt/ros/iron /usr/bin/cmake --install /home/labdoo/ros2_ws/build/cpp_pubsub
