[0.200s] Invoking command in '/home/labdoo/ros2_ws/build/examples_rclcpp_minimal_publisher': CMAKE_PREFIX_PATH=/opt/ros/iron /usr/bin/cmake --build /home/labdoo/ros2_ws/build/examples_rclcpp_minimal_publisher -- -j4 -l4
[0.332s] [ 25%] Built target publisher_member_function
[0.335s] [ 33%] Built target publisher_lambda
[0.342s] [ 50%] Built target publisher_member_function_with_type_adapter
[0.359s] [ 66%] Built target publisher_member_function_with_unique_network_flow_endpoints
[0.402s] [ 83%] Built target publisher_wait_for_all_acked
[0.427s] [100%] Built target publisher_not_composable
[0.560s] Invoked command in '/home/labdoo/ros2_ws/build/examples_rclcpp_minimal_publisher' returned '0': CMAKE_PREFIX_PATH=/opt/ros/iron /usr/bin/cmake --build /home/labdoo/ros2_ws/build/examples_rclcpp_minimal_publisher -- -j4 -l4
[0.812s] Invoking command in '/home/labdoo/ros2_ws/build/examples_rclcpp_minimal_publisher': CMAKE_PREFIX_PATH=/opt/ros/iron /usr/bin/cmake --install /home/labdoo/ros2_ws/build/examples_rclcpp_minimal_publisher
[0.927s] -- Install configuration: ""
[0.927s] -- Execute custom install script
[0.927s] -- Up-to-date symlink: /home/labdoo/ros2_ws/install/examples_rclcpp_minimal_publisher/lib/examples_rclcpp_minimal_publisher/publisher_lambda
[0.928s] -- Up-to-date symlink: /home/labdoo/ros2_ws/install/examples_rclcpp_minimal_publisher/lib/examples_rclcpp_minimal_publisher/publisher_member_function
[0.928s] -- Up-to-date symlink: /home/labdoo/ros2_ws/install/examples_rclcpp_minimal_publisher/lib/examples_rclcpp_minimal_publisher/publisher_member_function_with_type_adapter
[0.928s] -- Up-to-date symlink: /home/labdoo/ros2_ws/install/examples_rclcpp_minimal_publisher/lib/examples_rclcpp_minimal_publisher/publisher_member_function_with_unique_network_flow_endpoints
[0.928s] -- Up-to-date symlink: /home/labdoo/ros2_ws/install/examples_rclcpp_minimal_publisher/lib/examples_rclcpp_minimal_publisher/publisher_wait_for_all_acked
[0.929s] -- Up-to-date symlink: /home/labdoo/ros2_ws/install/examples_rclcpp_minimal_publisher/lib/examples_rclcpp_minimal_publisher/publisher_not_composable
[0.929s] -- Up-to-date symlink: /home/labdoo/ros2_ws/install/examples_rclcpp_minimal_publisher/share/ament_index/resource_index/package_run_dependencies/examples_rclcpp_minimal_publisher
[0.929s] -- Up-to-date symlink: /home/labdoo/ros2_ws/install/examples_rclcpp_minimal_publisher/share/ament_index/resource_index/parent_prefix_path/examples_rclcpp_minimal_publisher
[0.929s] -- Up-to-date symlink: /home/labdoo/ros2_ws/install/examples_rclcpp_minimal_publisher/share/examples_rclcpp_minimal_publisher/environment/ament_prefix_path.sh
[0.929s] -- Up-to-date symlink: /home/labdoo/ros2_ws/install/examples_rclcpp_minimal_publisher/share/examples_rclcpp_minimal_publisher/environment/ament_prefix_path.dsv
[0.930s] -- Up-to-date symlink: /home/labdoo/ros2_ws/install/examples_rclcpp_minimal_publisher/share/examples_rclcpp_minimal_publisher/environment/path.sh
[0.930s] -- Up-to-date symlink: /home/labdoo/ros2_ws/install/examples_rclcpp_minimal_publisher/share/examples_rclcpp_minimal_publisher/environment/path.dsv
[0.930s] -- Up-to-date symlink: /home/labdoo/ros2_ws/install/examples_rclcpp_minimal_publisher/share/examples_rclcpp_minimal_publisher/local_setup.bash
[0.930s] -- Up-to-date symlink: /home/labdoo/ros2_ws/install/examples_rclcpp_minimal_publisher/share/examples_rclcpp_minimal_publisher/local_setup.sh
[0.931s] -- Up-to-date symlink: /home/labdoo/ros2_ws/install/examples_rclcpp_minimal_publisher/share/examples_rclcpp_minimal_publisher/local_setup.zsh
[0.931s] -- Up-to-date symlink: /home/labdoo/ros2_ws/install/examples_rclcpp_minimal_publisher/share/examples_rclcpp_minimal_publisher/local_setup.dsv
[0.931s] -- Symlinking: /home/labdoo/ros2_ws/install/examples_rclcpp_minimal_publisher/share/examples_rclcpp_minimal_publisher/package.dsv
[0.931s] -- Up-to-date symlink: /home/labdoo/ros2_ws/install/examples_rclcpp_minimal_publisher/share/ament_index/resource_index/packages/examples_rclcpp_minimal_publisher
[0.931s] -- Up-to-date symlink: /home/labdoo/ros2_ws/install/examples_rclcpp_minimal_publisher/share/examples_rclcpp_minimal_publisher/cmake/examples_rclcpp_minimal_publisherConfig.cmake
[0.932s] -- Up-to-date symlink: /home/labdoo/ros2_ws/install/examples_rclcpp_minimal_publisher/share/examples_rclcpp_minimal_publisher/cmake/examples_rclcpp_minimal_publisherConfig-version.cmake
[0.932s] -- Up-to-date symlink: /home/labdoo/ros2_ws/install/examples_rclcpp_minimal_publisher/share/examples_rclcpp_minimal_publisher/package.xml
[1.335s] Invoked command in '/home/labdoo/ros2_ws/build/examples_rclcpp_minimal_publisher' returned '0': CMAKE_PREFIX_PATH=/opt/ros/iron /usr/bin/cmake --install /home/labdoo/ros2_ws/build/examples_rclcpp_minimal_publisher
