[3.494s] Invoking command in '/home/labdoo/ros2_ws/src/examples/rclpy/services/minimal_service': PYTHONPATH=/home/labdoo/ros2_ws/build/examples_rclpy_minimal_service/prefix_override:/home/labdoo/ros2_ws/install/examples_rclpy_minimal_service/lib/python3.10/site-packages:${PYTHONPATH} /usr/bin/python3 setup.py egg_info --egg-base ../../../../../build/examples_rclpy_minimal_service build --build-base /home/labdoo/ros2_ws/build/examples_rclpy_minimal_service/build install --record /home/labdoo/ros2_ws/build/examples_rclpy_minimal_service/install.log --single-version-externally-managed
[4.223s] running egg_info
[4.224s] writing ../../../../../build/examples_rclpy_minimal_service/examples_rclpy_minimal_service.egg-info/PKG-INFO
[4.225s] writing dependency_links to ../../../../../build/examples_rclpy_minimal_service/examples_rclpy_minimal_service.egg-info/dependency_links.txt
[4.225s] writing entry points to ../../../../../build/examples_rclpy_minimal_service/examples_rclpy_minimal_service.egg-info/entry_points.txt
[4.226s] writing requirements to ../../../../../build/examples_rclpy_minimal_service/examples_rclpy_minimal_service.egg-info/requires.txt
[4.226s] writing top-level names to ../../../../../build/examples_rclpy_minimal_service/examples_rclpy_minimal_service.egg-info/top_level.txt
[4.233s] reading manifest file '../../../../../build/examples_rclpy_minimal_service/examples_rclpy_minimal_service.egg-info/SOURCES.txt'
[4.235s] writing manifest file '../../../../../build/examples_rclpy_minimal_service/examples_rclpy_minimal_service.egg-info/SOURCES.txt'
[4.236s] running build
[4.236s] running build_py
[4.236s] running install
[4.237s] /usr/lib/python3/dist-packages/setuptools/command/install.py:34: SetuptoolsDeprecationWarning: setup.py install is deprecated. Use build and pip and other standards-based tools.
[4.237s]   warnings.warn(
[4.237s] running install_lib
[4.240s] running install_data
[4.241s] running install_egg_info
[4.245s] removing '/home/labdoo/ros2_ws/install/examples_rclpy_minimal_service/lib/python3.10/site-packages/examples_rclpy_minimal_service-0.18.0-py3.10.egg-info' (and everything under it)
[4.246s] Copying ../../../../../build/examples_rclpy_minimal_service/examples_rclpy_minimal_service.egg-info to /home/labdoo/ros2_ws/install/examples_rclpy_minimal_service/lib/python3.10/site-packages/examples_rclpy_minimal_service-0.18.0-py3.10.egg-info
[4.249s] running install_scripts
[4.296s] Installing service script to /home/labdoo/ros2_ws/install/examples_rclpy_minimal_service/lib/examples_rclpy_minimal_service
[4.296s] Installing service_member_function script to /home/labdoo/ros2_ws/install/examples_rclpy_minimal_service/lib/examples_rclpy_minimal_service
[4.297s] writing list of installed files to '/home/labdoo/ros2_ws/build/examples_rclpy_minimal_service/install.log'
[4.372s] Invoked command in '/home/labdoo/ros2_ws/src/examples/rclpy/services/minimal_service' returned '0': PYTHONPATH=/home/labdoo/ros2_ws/build/examples_rclpy_minimal_service/prefix_override:/home/labdoo/ros2_ws/install/examples_rclpy_minimal_service/lib/python3.10/site-packages:${PYTHONPATH} /usr/bin/python3 setup.py egg_info --egg-base ../../../../../build/examples_rclpy_minimal_service build --build-base /home/labdoo/ros2_ws/build/examples_rclpy_minimal_service/build install --record /home/labdoo/ros2_ws/build/examples_rclpy_minimal_service/install.log --single-version-externally-managed
