[0.133s] Invoking command in '/home/labdoo/ros2_ws/build/cpp_pubsub': CMAKE_PREFIX_PATH=${CMAKE_PREFIX_PATH}:/home/labdoo/ros2_ws/install/launch_testing_examples:/home/labdoo/ros2_ws/install/examples_rclpy_pointcloud_publisher:/home/labdoo/ros2_ws/install/examples_rclpy_minimal_subscriber:/home/labdoo/ros2_ws/install/examples_rclpy_minimal_service:/home/labdoo/ros2_ws/install/examples_rclpy_minimal_publisher:/home/labdoo/ros2_ws/install/examples_rclpy_minimal_client:/home/labdoo/ros2_ws/install/examples_rclpy_minimal_action_server:/home/labdoo/ros2_ws/install/examples_rclpy_minimal_action_client:/home/labdoo/ros2_ws/install/examples_rclpy_guard_conditions:/home/labdoo/ros2_ws/install/examples_rclpy_executors:/opt/ros/iron /usr/bin/cmake /home/labdoo/ros2_ws/src/cpp_pubsub -DCMAKE_INSTALL_PREFIX=/home/labdoo/ros2_ws/install/cpp_pubsub
[0.206s] -- The C compiler identification is GNU 11.4.0
[0.283s] -- The CXX compiler identification is GNU 11.4.0
[0.292s] -- Detecting C compiler ABI info
[0.378s] -- Detecting C compiler ABI info - done
[0.389s] -- Check for working C compiler: /usr/bin/cc - skipped
[0.389s] -- Detecting C compile features
[0.390s] -- Detecting C compile features - done
[0.394s] -- Detecting CXX compiler ABI info
[0.496s] -- Detecting CXX compiler ABI info - done
[0.508s] -- Check for working CXX compiler: /usr/bin/c++ - skipped
[0.508s] -- Detecting CXX compile features
[0.509s] -- Detecting CXX compile features - done
[0.514s] -- Found ament_cmake: 2.0.4 (/opt/ros/iron/share/ament_cmake/cmake)
[0.787s] -- Found Python3: /usr/bin/python3.10 (found version "3.10.12") found components: Interpreter 
[0.951s] -- Found rclcpp: 21.0.5 (/opt/ros/iron/share/rclcpp/cmake)
[1.051s] -- Found rosidl_generator_c: 4.0.1 (/opt/ros/iron/share/rosidl_generator_c/cmake)
[1.078s] -- Found rosidl_generator_cpp: 4.0.1 (/opt/ros/iron/share/rosidl_generator_cpp/cmake)
[1.113s] -- Using all available rosidl_typesupport_c: rosidl_typesupport_fastrtps_c;rosidl_typesupport_introspection_c
[1.154s] -- Using all available rosidl_typesupport_cpp: rosidl_typesupport_fastrtps_cpp;rosidl_typesupport_introspection_cpp
[1.462s] -- Found rmw_implementation_cmake: 7.1.0 (/opt/ros/iron/share/rmw_implementation_cmake/cmake)
[1.470s] -- Found rmw_fastrtps_cpp: 7.1.3 (/opt/ros/iron/share/rmw_fastrtps_cpp/cmake)
[1.662s] -- Found OpenSSL: /usr/lib/x86_64-linux-gnu/libcrypto.so (found version "3.0.2")  
[1.716s] -- Found FastRTPS: /opt/ros/iron/include  
[1.817s] -- Using RMW implementation 'rmw_fastrtps_cpp' as default
[2.109s] -- Found std_msgs: 5.0.0 (/opt/ros/iron/share/std_msgs/cmake)
[2.172s] -- Found ament_lint_auto: 0.14.3 (/opt/ros/iron/share/ament_lint_auto/cmake)
[2.301s] -- Added test 'cppcheck' to perform static code analysis on C / C++ code
[2.301s] -- Configured cppcheck include dirs: 
[2.301s] -- Configured cppcheck exclude dirs and/or files: 
[2.302s] -- Added test 'lint_cmake' to check CMake code style
[2.304s] -- Added test 'uncrustify' to check C / C++ code style
[2.305s] -- Configured uncrustify additional arguments: 
[2.306s] -- Added test 'xmllint' to check XML markup files
[2.309s] -- Configuring done
[2.325s] -- Generating done
[2.327s] -- Build files have been written to: /home/labdoo/ros2_ws/build/cpp_pubsub
[2.341s] Invoked command in '/home/labdoo/ros2_ws/build/cpp_pubsub' returned '0': CMAKE_PREFIX_PATH=${CMAKE_PREFIX_PATH}:/home/labdoo/ros2_ws/install/launch_testing_examples:/home/labdoo/ros2_ws/install/examples_rclpy_pointcloud_publisher:/home/labdoo/ros2_ws/install/examples_rclpy_minimal_subscriber:/home/labdoo/ros2_ws/install/examples_rclpy_minimal_service:/home/labdoo/ros2_ws/install/examples_rclpy_minimal_publisher:/home/labdoo/ros2_ws/install/examples_rclpy_minimal_client:/home/labdoo/ros2_ws/install/examples_rclpy_minimal_action_server:/home/labdoo/ros2_ws/install/examples_rclpy_minimal_action_client:/home/labdoo/ros2_ws/install/examples_rclpy_guard_conditions:/home/labdoo/ros2_ws/install/examples_rclpy_executors:/opt/ros/iron /usr/bin/cmake /home/labdoo/ros2_ws/src/cpp_pubsub -DCMAKE_INSTALL_PREFIX=/home/labdoo/ros2_ws/install/cpp_pubsub
[2.344s] Invoking command in '/home/labdoo/ros2_ws/build/cpp_pubsub': CMAKE_PREFIX_PATH=${CMAKE_PREFIX_PATH}:/home/labdoo/ros2_ws/install/launch_testing_examples:/home/labdoo/ros2_ws/install/examples_rclpy_pointcloud_publisher:/home/labdoo/ros2_ws/install/examples_rclpy_minimal_subscriber:/home/labdoo/ros2_ws/install/examples_rclpy_minimal_service:/home/labdoo/ros2_ws/install/examples_rclpy_minimal_publisher:/home/labdoo/ros2_ws/install/examples_rclpy_minimal_client:/home/labdoo/ros2_ws/install/examples_rclpy_minimal_action_server:/home/labdoo/ros2_ws/install/examples_rclpy_minimal_action_client:/home/labdoo/ros2_ws/install/examples_rclpy_guard_conditions:/home/labdoo/ros2_ws/install/examples_rclpy_executors:/opt/ros/iron /usr/bin/cmake --build /home/labdoo/ros2_ws/build/cpp_pubsub -- -j4 -l4
[2.401s] [ 50%] [32mBuilding CXX object CMakeFiles/listener.dir/src/subscriber_member_function.cpp.o[0m
[2.401s] [ 50%] [32mBuilding CXX object CMakeFiles/talker.dir/src/publisher_member_function.cpp.o[0m
[9.090s] [ 75%] [32m[1mLinking CXX executable talker[0m
[9.389s] [ 75%] Built target talker
[12.915s] [100%] [32m[1mLinking CXX executable listener[0m
[13.415s] [100%] Built target listener
[13.428s] Invoked command in '/home/labdoo/ros2_ws/build/cpp_pubsub' returned '0': CMAKE_PREFIX_PATH=${CMAKE_PREFIX_PATH}:/home/labdoo/ros2_ws/install/launch_testing_examples:/home/labdoo/ros2_ws/install/examples_rclpy_pointcloud_publisher:/home/labdoo/ros2_ws/install/examples_rclpy_minimal_subscriber:/home/labdoo/ros2_ws/install/examples_rclpy_minimal_service:/home/labdoo/ros2_ws/install/examples_rclpy_minimal_publisher:/home/labdoo/ros2_ws/install/examples_rclpy_minimal_client:/home/labdoo/ros2_ws/install/examples_rclpy_minimal_action_server:/home/labdoo/ros2_ws/install/examples_rclpy_minimal_action_client:/home/labdoo/ros2_ws/install/examples_rclpy_guard_conditions:/home/labdoo/ros2_ws/install/examples_rclpy_executors:/opt/ros/iron /usr/bin/cmake --build /home/labdoo/ros2_ws/build/cpp_pubsub -- -j4 -l4
[13.470s] Invoking command in '/home/labdoo/ros2_ws/build/cpp_pubsub': CMAKE_PREFIX_PATH=${CMAKE_PREFIX_PATH}:/home/labdoo/ros2_ws/install/launch_testing_examples:/home/labdoo/ros2_ws/install/examples_rclpy_pointcloud_publisher:/home/labdoo/ros2_ws/install/examples_rclpy_minimal_subscriber:/home/labdoo/ros2_ws/install/examples_rclpy_minimal_service:/home/labdoo/ros2_ws/install/examples_rclpy_minimal_publisher:/home/labdoo/ros2_ws/install/examples_rclpy_minimal_client:/home/labdoo/ros2_ws/install/examples_rclpy_minimal_action_server:/home/labdoo/ros2_ws/install/examples_rclpy_minimal_action_client:/home/labdoo/ros2_ws/install/examples_rclpy_guard_conditions:/home/labdoo/ros2_ws/install/examples_rclpy_executors:/opt/ros/iron /usr/bin/cmake --install /home/labdoo/ros2_ws/build/cpp_pubsub
[13.480s] -- Install configuration: ""
[13.480s] -- Installing: /home/labdoo/ros2_ws/install/cpp_pubsub/lib/cpp_pubsub/talker
[13.482s] -- Set runtime path of "/home/labdoo/ros2_ws/install/cpp_pubsub/lib/cpp_pubsub/talker" to ""
[13.482s] -- Installing: /home/labdoo/ros2_ws/install/cpp_pubsub/lib/cpp_pubsub/listener
[13.487s] -- Set runtime path of "/home/labdoo/ros2_ws/install/cpp_pubsub/lib/cpp_pubsub/listener" to ""
[13.488s] -- Installing: /home/labdoo/ros2_ws/install/cpp_pubsub/share/ament_index/resource_index/package_run_dependencies/cpp_pubsub
[13.488s] -- Installing: /home/labdoo/ros2_ws/install/cpp_pubsub/share/ament_index/resource_index/parent_prefix_path/cpp_pubsub
[13.488s] -- Installing: /home/labdoo/ros2_ws/install/cpp_pubsub/share/cpp_pubsub/environment/ament_prefix_path.sh
[13.488s] -- Installing: /home/labdoo/ros2_ws/install/cpp_pubsub/share/cpp_pubsub/environment/ament_prefix_path.dsv
[13.489s] -- Installing: /home/labdoo/ros2_ws/install/cpp_pubsub/share/cpp_pubsub/environment/path.sh
[13.489s] -- Installing: /home/labdoo/ros2_ws/install/cpp_pubsub/share/cpp_pubsub/environment/path.dsv
[13.489s] -- Installing: /home/labdoo/ros2_ws/install/cpp_pubsub/share/cpp_pubsub/local_setup.bash
[13.489s] -- Installing: /home/labdoo/ros2_ws/install/cpp_pubsub/share/cpp_pubsub/local_setup.sh
[13.490s] -- Installing: /home/labdoo/ros2_ws/install/cpp_pubsub/share/cpp_pubsub/local_setup.zsh
[13.490s] -- Installing: /home/labdoo/ros2_ws/install/cpp_pubsub/share/cpp_pubsub/local_setup.dsv
[13.490s] -- Installing: /home/labdoo/ros2_ws/install/cpp_pubsub/share/cpp_pubsub/package.dsv
[13.490s] -- Installing: /home/labdoo/ros2_ws/install/cpp_pubsub/share/ament_index/resource_index/packages/cpp_pubsub
[13.491s] -- Installing: /home/labdoo/ros2_ws/install/cpp_pubsub/share/cpp_pubsub/cmake/cpp_pubsubConfig.cmake
[13.491s] -- Installing: /home/labdoo/ros2_ws/install/cpp_pubsub/share/cpp_pubsub/cmake/cpp_pubsubConfig-version.cmake
[13.491s] -- Installing: /home/labdoo/ros2_ws/install/cpp_pubsub/share/cpp_pubsub/package.xml
[13.493s] Invoked command in '/home/labdoo/ros2_ws/build/cpp_pubsub' returned '0': CMAKE_PREFIX_PATH=${CMAKE_PREFIX_PATH}:/home/labdoo/ros2_ws/install/launch_testing_examples:/home/labdoo/ros2_ws/install/examples_rclpy_pointcloud_publisher:/home/labdoo/ros2_ws/install/examples_rclpy_minimal_subscriber:/home/labdoo/ros2_ws/install/examples_rclpy_minimal_service:/home/labdoo/ros2_ws/install/examples_rclpy_minimal_publisher:/home/labdoo/ros2_ws/install/examples_rclpy_minimal_client:/home/labdoo/ros2_ws/install/examples_rclpy_minimal_action_server:/home/labdoo/ros2_ws/install/examples_rclpy_minimal_action_client:/home/labdoo/ros2_ws/install/examples_rclpy_guard_conditions:/home/labdoo/ros2_ws/install/examples_rclpy_executors:/opt/ros/iron /usr/bin/cmake --install /home/labdoo/ros2_ws/build/cpp_pubsub
