[0.779s] Invoking command in '/home/labdoo/ros2_ws/build/urdf_tutorial': /usr/bin/cmake /home/labdoo/ros2_ws/src/urdf_tutorial -DCATKIN_INSTALL_INTO_PREFIX_ROOT=0 -DCMAKE_INSTALL_PREFIX=/home/labdoo/ros2_ws/install/urdf_tutorial
[0.801s] -- Found ament_cmake: 2.0.4 (/opt/ros/iron/share/ament_cmake/cmake)
[1.189s] [31mCMake Error at CMakeLists.txt:11 (install):
[1.190s]   install DIRECTORY given no DESTINATION!
[1.190s] 
[1.190s] [0m
[1.190s] [31mCMake Error at CMakeLists.txt:15 (install):
[1.191s]   install TARGETS given target "my_node" which does not exist.
[1.191s] 
[1.191s] [0m
[1.197s] -- Found ament_lint_auto: 0.14.3 (/opt/ros/iron/share/ament_lint_auto/cmake)
[1.360s] [33mCMake Warning (dev) at /opt/ros/iron/share/ament_cmake_core/cmake/core/ament_execute_extensions.cmake:41 (if):
[1.360s]   Policy CMP0057 is not set: Support new IN_LIST if() operator.  Run "cmake
[1.360s]   --help-policy CMP0057" for policy details.  Use the cmake_policy command to
[1.360s]   set the policy and suppress this warning.
[1.361s] 
[1.361s]   IN_LIST will be interpreted as an operator when the policy is set to NEW.
[1.361s]   Since the policy is not set the OLD behavior will be used.
[1.361s] Call Stack (most recent call first):
[1.361s]   /opt/ros/iron/share/ament_cmake_core/cmake/core/ament_package.cmake:66 (ament_execute_extensions)
[1.361s]   CMakeLists.txt:30 (ament_package)
[1.361s] This warning is for project developers.  Use -Wno-dev to suppress it.
[1.361s] [0m
[1.362s] [31mCMake Error at /opt/ros/iron/share/ament_cmake_core/cmake/core/ament_execute_extensions.cmake:41 (if):
[1.362s]   if given arguments:
[1.362s] 
[1.362s]     "ament_cmake_core" "IN_LIST" "_ARG_EXCLUDE"
[1.362s] 
[1.362s]   Unknown arguments specified
[1.362s] Call Stack (most recent call first):
[1.362s]   /opt/ros/iron/share/ament_cmake_core/cmake/core/ament_package.cmake:66 (ament_execute_extensions)
[1.363s]   CMakeLists.txt:30 (ament_package)
[1.363s] 
[1.363s] [0m
[1.363s] -- Configuring incomplete, errors occurred!
[1.363s] See also "/home/labdoo/ros2_ws/build/urdf_tutorial/CMakeFiles/CMakeOutput.log".
[1.367s] Invoked command in '/home/labdoo/ros2_ws/build/urdf_tutorial' returned '1': /usr/bin/cmake /home/labdoo/ros2_ws/src/urdf_tutorial -DCATKIN_INSTALL_INTO_PREFIX_ROOT=0 -DCMAKE_INSTALL_PREFIX=/home/labdoo/ros2_ws/install/urdf_tutorial
