[2.140s] Invoking command in '/home/labdoo/ros2_ws/src/urdf_tutorial': PYTHONPATH=/home/labdoo/ros2_ws/build/urdf_tutorial/prefix_override:/home/labdoo/ros2_ws/install/urdf_tutorial/lib/python3.10/site-packages:${PYTHONPATH} /usr/bin/python3 setup.py egg_info --egg-base ../../build/urdf_tutorial build --build-base /home/labdoo/ros2_ws/build/urdf_tutorial/build install --record /home/labdoo/ros2_ws/build/urdf_tutorial/install.log --single-version-externally-managed
[2.865s] running egg_info
[2.866s] creating ../../build/urdf_tutorial/urdf_tutorial.egg-info
[2.867s] writing ../../build/urdf_tutorial/urdf_tutorial.egg-info/PKG-INFO
[2.867s] writing dependency_links to ../../build/urdf_tutorial/urdf_tutorial.egg-info/dependency_links.txt
[2.868s] writing entry points to ../../build/urdf_tutorial/urdf_tutorial.egg-info/entry_points.txt
[2.868s] writing requirements to ../../build/urdf_tutorial/urdf_tutorial.egg-info/requires.txt
[2.868s] writing top-level names to ../../build/urdf_tutorial/urdf_tutorial.egg-info/top_level.txt
[2.872s] writing manifest file '../../build/urdf_tutorial/urdf_tutorial.egg-info/SOURCES.txt'
[2.882s] reading manifest file '../../build/urdf_tutorial/urdf_tutorial.egg-info/SOURCES.txt'
[2.882s] writing manifest file '../../build/urdf_tutorial/urdf_tutorial.egg-info/SOURCES.txt'
[2.882s] running build
[2.882s] running build_py
[2.882s] creating /home/labdoo/ros2_ws/build/urdf_tutorial/build
[2.883s] creating /home/labdoo/ros2_ws/build/urdf_tutorial/build/lib
[2.883s] creating /home/labdoo/ros2_ws/build/urdf_tutorial/build/lib/urdf_tutorial
[2.883s] copying urdf_tutorial/__init__.py -> /home/labdoo/ros2_ws/build/urdf_tutorial/build/lib/urdf_tutorial
[2.883s] running install
[2.883s] /usr/lib/python3/dist-packages/setuptools/command/install.py:34: SetuptoolsDeprecationWarning: setup.py install is deprecated. Use build and pip and other standards-based tools.
[2.884s]   warnings.warn(
[2.884s] running install_lib
[2.884s] creating /home/labdoo/ros2_ws/install/urdf_tutorial/lib/python3.10/site-packages/urdf_tutorial
[2.884s] copying /home/labdoo/ros2_ws/build/urdf_tutorial/build/lib/urdf_tutorial/__init__.py -> /home/labdoo/ros2_ws/install/urdf_tutorial/lib/python3.10/site-packages/urdf_tutorial
[2.884s] byte-compiling /home/labdoo/ros2_ws/install/urdf_tutorial/lib/python3.10/site-packages/urdf_tutorial/__init__.py to __init__.cpython-310.pyc
[2.884s] running install_data
[2.886s] creating /home/labdoo/ros2_ws/install/urdf_tutorial/share/ament_index
[2.887s] creating /home/labdoo/ros2_ws/install/urdf_tutorial/share/ament_index/resource_index
[2.887s] creating /home/labdoo/ros2_ws/install/urdf_tutorial/share/ament_index/resource_index/packages
[2.887s] copying resource/urdf_tutorial -> /home/labdoo/ros2_ws/install/urdf_tutorial/share/ament_index/resource_index/packages
[2.887s] copying package.xml -> /home/labdoo/ros2_ws/install/urdf_tutorial/share/urdf_tutorial
[2.887s] running install_egg_info
[2.891s] Copying ../../build/urdf_tutorial/urdf_tutorial.egg-info to /home/labdoo/ros2_ws/install/urdf_tutorial/lib/python3.10/site-packages/urdf_tutorial-0.0.0-py3.10.egg-info
[2.893s] running install_scripts
[2.940s] writing list of installed files to '/home/labdoo/ros2_ws/build/urdf_tutorial/install.log'
[3.489s] Invoked command in '/home/labdoo/ros2_ws/src/urdf_tutorial' returned '0': PYTHONPATH=/home/labdoo/ros2_ws/build/urdf_tutorial/prefix_override:/home/labdoo/ros2_ws/install/urdf_tutorial/lib/python3.10/site-packages:${PYTHONPATH} /usr/bin/python3 setup.py egg_info --egg-base ../../build/urdf_tutorial build --build-base /home/labdoo/ros2_ws/build/urdf_tutorial/build install --record /home/labdoo/ros2_ws/build/urdf_tutorial/install.log --single-version-externally-managed
