[2.958s] Invoking command in '/home/labdoo/ros2_ws/src/py_pubsub': PYTHONPATH=/home/labdoo/ros2_ws/build/py_pubsub/prefix_override:/home/labdoo/ros2_ws/install/py_pubsub/lib/python3.10/site-packages:${PYTHONPATH} /usr/bin/python3 setup.py egg_info --egg-base ../../build/py_pubsub build --build-base /home/labdoo/ros2_ws/build/py_pubsub/build install --record /home/labdoo/ros2_ws/build/py_pubsub/install.log --single-version-externally-managed
[4.255s] running egg_info
[4.257s] creating ../../build/py_pubsub/py_pubsub.egg-info
[4.257s] writing ../../build/py_pubsub/py_pubsub.egg-info/PKG-INFO
[4.258s] writing dependency_links to ../../build/py_pubsub/py_pubsub.egg-info/dependency_links.txt
[4.258s] writing entry points to ../../build/py_pubsub/py_pubsub.egg-info/entry_points.txt
[4.259s] writing requirements to ../../build/py_pubsub/py_pubsub.egg-info/requires.txt
[4.259s] writing top-level names to ../../build/py_pubsub/py_pubsub.egg-info/top_level.txt
[4.263s] writing manifest file '../../build/py_pubsub/py_pubsub.egg-info/SOURCES.txt'
[4.280s] reading manifest file '../../build/py_pubsub/py_pubsub.egg-info/SOURCES.txt'
[4.293s] adding license file 'LICENSE'
[4.295s] writing manifest file '../../build/py_pubsub/py_pubsub.egg-info/SOURCES.txt'
[4.296s] running build
[4.296s] running build_py
[4.296s] creating /home/labdoo/ros2_ws/build/py_pubsub/build
[4.297s] creating /home/labdoo/ros2_ws/build/py_pubsub/build/lib
[4.297s] creating /home/labdoo/ros2_ws/build/py_pubsub/build/lib/py_pubsub
[4.297s] copying py_pubsub/__init__.py -> /home/labdoo/ros2_ws/build/py_pubsub/build/lib/py_pubsub
[4.298s] running install
[4.298s] /usr/lib/python3/dist-packages/setuptools/command/install.py:34: SetuptoolsDeprecationWarning: setup.py install is deprecated. Use build and pip and other standards-based tools.
[4.298s]   warnings.warn(
[4.299s] running install_lib
[4.302s] creating /home/labdoo/ros2_ws/install/py_pubsub/lib/python3.10/site-packages/py_pubsub
[4.302s] copying /home/labdoo/ros2_ws/build/py_pubsub/build/lib/py_pubsub/__init__.py -> /home/labdoo/ros2_ws/install/py_pubsub/lib/python3.10/site-packages/py_pubsub
[4.304s] byte-compiling /home/labdoo/ros2_ws/install/py_pubsub/lib/python3.10/site-packages/py_pubsub/__init__.py to __init__.cpython-310.pyc
[4.304s] running install_data
[4.307s] creating /home/labdoo/ros2_ws/install/py_pubsub/share/ament_index
[4.307s] creating /home/labdoo/ros2_ws/install/py_pubsub/share/ament_index/resource_index
[4.308s] creating /home/labdoo/ros2_ws/install/py_pubsub/share/ament_index/resource_index/packages
[4.308s] copying resource/py_pubsub -> /home/labdoo/ros2_ws/install/py_pubsub/share/ament_index/resource_index/packages
[4.308s] copying package.xml -> /home/labdoo/ros2_ws/install/py_pubsub/share/py_pubsub
[4.308s] running install_egg_info
[4.325s] Copying ../../build/py_pubsub/py_pubsub.egg-info to /home/labdoo/ros2_ws/install/py_pubsub/lib/python3.10/site-packages/py_pubsub-0.0.0-py3.10.egg-info
[4.328s] running install_scripts
[4.383s] writing list of installed files to '/home/labdoo/ros2_ws/build/py_pubsub/install.log'
