[0.344s] Invoking command in '/home/labdoo/ros2_ws/build/ament_cmake_export_targets': AMENT_PREFIX_PATH=/home/labdoo/ros2_ws/install/ament_cmake_export_libraries:/home/labdoo/ros2_ws/install/ament_cmake_core:${AMENT_PREFIX_PATH} CMAKE_PREFIX_PATH=/home/labdoo/ros2_ws/install/ament_cmake_export_libraries:/home/labdoo/ros2_ws/install/ament_cmake_core:/opt/ros/iron /usr/bin/cmake --build /home/labdoo/ros2_ws/build/ament_cmake_export_targets -- -j4 -l4
[0.409s] Invoked command in '/home/labdoo/ros2_ws/build/ament_cmake_export_targets' returned '0': AMENT_PREFIX_PATH=/home/labdoo/ros2_ws/install/ament_cmake_export_libraries:/home/labdoo/ros2_ws/install/ament_cmake_core:${AMENT_PREFIX_PATH} CMAKE_PREFIX_PATH=/home/labdoo/ros2_ws/install/ament_cmake_export_libraries:/home/labdoo/ros2_ws/install/ament_cmake_core:/opt/ros/iron /usr/bin/cmake --build /home/labdoo/ros2_ws/build/ament_cmake_export_targets -- -j4 -l4
[0.446s] Invoking command in '/home/labdoo/ros2_ws/build/ament_cmake_export_targets': AMENT_PREFIX_PATH=/home/labdoo/ros2_ws/install/ament_cmake_export_libraries:/home/labdoo/ros2_ws/install/ament_cmake_core:${AMENT_PREFIX_PATH} CMAKE_PREFIX_PATH=/home/labdoo/ros2_ws/install/ament_cmake_export_libraries:/home/labdoo/ros2_ws/install/ament_cmake_core:/opt/ros/iron /usr/bin/cmake --install /home/labdoo/ros2_ws/build/ament_cmake_export_targets
[0.456s] -- Install configuration: ""
[0.457s] -- Up-to-date: /home/labdoo/ros2_ws/install/ament_cmake_export_targets/share/ament_index/resource_index/package_run_dependencies/ament_cmake_export_targets
[0.457s] -- Up-to-date: /home/labdoo/ros2_ws/install/ament_cmake_export_targets/share/ament_index/resource_index/parent_prefix_path/ament_cmake_export_targets
[0.457s] -- Up-to-date: /home/labdoo/ros2_ws/install/ament_cmake_export_targets/share/ament_cmake_export_targets/environment/ament_prefix_path.sh
[0.457s] -- Up-to-date: /home/labdoo/ros2_ws/install/ament_cmake_export_targets/share/ament_cmake_export_targets/environment/ament_prefix_path.dsv
[0.457s] -- Up-to-date: /home/labdoo/ros2_ws/install/ament_cmake_export_targets/share/ament_cmake_export_targets/environment/path.sh
[0.458s] -- Up-to-date: /home/labdoo/ros2_ws/install/ament_cmake_export_targets/share/ament_cmake_export_targets/environment/path.dsv
[0.458s] -- Up-to-date: /home/labdoo/ros2_ws/install/ament_cmake_export_targets/share/ament_cmake_export_targets/local_setup.bash
[0.458s] -- Up-to-date: /home/labdoo/ros2_ws/install/ament_cmake_export_targets/share/ament_cmake_export_targets/local_setup.sh
[0.458s] -- Up-to-date: /home/labdoo/ros2_ws/install/ament_cmake_export_targets/share/ament_cmake_export_targets/local_setup.zsh
[0.458s] -- Up-to-date: /home/labdoo/ros2_ws/install/ament_cmake_export_targets/share/ament_cmake_export_targets/local_setup.dsv
[0.458s] -- Installing: /home/labdoo/ros2_ws/install/ament_cmake_export_targets/share/ament_cmake_export_targets/package.dsv
[0.459s] -- Up-to-date: /home/labdoo/ros2_ws/install/ament_cmake_export_targets/share/ament_index/resource_index/packages/ament_cmake_export_targets
[0.459s] -- Up-to-date: /home/labdoo/ros2_ws/install/ament_cmake_export_targets/share/ament_cmake_export_targets/cmake/ament_cmake_export_targets-extras.cmake
[0.459s] -- Up-to-date: /home/labdoo/ros2_ws/install/ament_cmake_export_targets/share/ament_cmake_export_targets/cmake/ament_cmake_export_targetsConfig.cmake
[0.459s] -- Up-to-date: /home/labdoo/ros2_ws/install/ament_cmake_export_targets/share/ament_cmake_export_targets/cmake/ament_cmake_export_targetsConfig-version.cmake
[0.459s] -- Up-to-date: /home/labdoo/ros2_ws/install/ament_cmake_export_targets/share/ament_cmake_export_targets/package.xml
[0.460s] -- Up-to-date: /home/labdoo/ros2_ws/install/ament_cmake_export_targets/share/ament_cmake_export_targets/cmake
[0.460s] -- Up-to-date: /home/labdoo/ros2_ws/install/ament_cmake_export_targets/share/ament_cmake_export_targets/cmake/ament_export_targets.cmake
[0.460s] -- Up-to-date: /home/labdoo/ros2_ws/install/ament_cmake_export_targets/share/ament_cmake_export_targets/cmake/ament_cmake_export_targets-extras.cmake.in
[0.460s] -- Up-to-date: /home/labdoo/ros2_ws/install/ament_cmake_export_targets/share/ament_cmake_export_targets/cmake/ament_cmake_export_targets_package_hook.cmake
[0.597s] Invoked command in '/home/labdoo/ros2_ws/build/ament_cmake_export_targets' returned '0': AMENT_PREFIX_PATH=/home/labdoo/ros2_ws/install/ament_cmake_export_libraries:/home/labdoo/ros2_ws/install/ament_cmake_core:${AMENT_PREFIX_PATH} CMAKE_PREFIX_PATH=/home/labdoo/ros2_ws/install/ament_cmake_export_libraries:/home/labdoo/ros2_ws/install/ament_cmake_core:/opt/ros/iron /usr/bin/cmake --install /home/labdoo/ros2_ws/build/ament_cmake_export_targets
