[2.615s] Invoking command in '/home/labdoo/ros2_ws/build/examples_rclpy_minimal_action_client': PYTHONPATH=/home/labdoo/ros2_ws/build/examples_rclpy_minimal_action_client/prefix_override:/home/labdoo/ros2_ws/install/examples_rclpy_minimal_action_client/lib/python3.10/site-packages:${PYTHONPATH} /usr/bin/python3 setup.py develop --editable --build-directory /home/labdoo/ros2_ws/build/examples_rclpy_minimal_action_client/build --no-deps install_data
[3.481s] running develop
[3.482s] /usr/lib/python3/dist-packages/setuptools/command/easy_install.py:158: EasyInstallDeprecationWarning: easy_install command is deprecated. Use build and pip and other standards-based tools.
[3.483s]   warnings.warn(
[3.487s] /usr/lib/python3/dist-packages/setuptools/command/install.py:34: SetuptoolsDeprecationWarning: setup.py install is deprecated. Use build and pip and other standards-based tools.
[3.487s]   warnings.warn(
[4.154s] running egg_info
[4.154s] creating examples_rclpy_minimal_action_client.egg-info
[4.154s] writing examples_rclpy_minimal_action_client.egg-info/PKG-INFO
[4.155s] writing dependency_links to examples_rclpy_minimal_action_client.egg-info/dependency_links.txt
[4.155s] writing entry points to examples_rclpy_minimal_action_client.egg-info/entry_points.txt
[4.155s] writing requirements to examples_rclpy_minimal_action_client.egg-info/requires.txt
[4.155s] writing top-level names to examples_rclpy_minimal_action_client.egg-info/top_level.txt
[4.157s] writing manifest file 'examples_rclpy_minimal_action_client.egg-info/SOURCES.txt'
[4.161s] reading manifest file 'examples_rclpy_minimal_action_client.egg-info/SOURCES.txt'
[4.163s] writing manifest file 'examples_rclpy_minimal_action_client.egg-info/SOURCES.txt'
[4.168s] running build_ext
[4.169s] Creating /home/labdoo/ros2_ws/install/examples_rclpy_minimal_action_client/lib/python3.10/site-packages/examples-rclpy-minimal-action-client.egg-link (link to .)
[4.171s] Installing client script to /home/labdoo/ros2_ws/install/examples_rclpy_minimal_action_client/lib/examples_rclpy_minimal_action_client
[4.172s] Installing client_asyncio script to /home/labdoo/ros2_ws/install/examples_rclpy_minimal_action_client/lib/examples_rclpy_minimal_action_client
[4.173s] Installing client_cancel script to /home/labdoo/ros2_ws/install/examples_rclpy_minimal_action_client/lib/examples_rclpy_minimal_action_client
[4.173s] Installing client_not_composable script to /home/labdoo/ros2_ws/install/examples_rclpy_minimal_action_client/lib/examples_rclpy_minimal_action_client
[4.174s] 
[4.174s] Installed /home/labdoo/ros2_ws/build/examples_rclpy_minimal_action_client
[4.175s] running install_data
[4.176s] creating /home/labdoo/ros2_ws/install/examples_rclpy_minimal_action_client/share/ament_index
[4.176s] creating /home/labdoo/ros2_ws/install/examples_rclpy_minimal_action_client/share/ament_index/resource_index
[4.176s] creating /home/labdoo/ros2_ws/install/examples_rclpy_minimal_action_client/share/ament_index/resource_index/packages
[4.177s] copying resource/examples_rclpy_minimal_action_client -> /home/labdoo/ros2_ws/install/examples_rclpy_minimal_action_client/share/ament_index/resource_index/packages
[4.177s] copying package.xml -> /home/labdoo/ros2_ws/install/examples_rclpy_minimal_action_client/share/examples_rclpy_minimal_action_client
[4.260s] Invoked command in '/home/labdoo/ros2_ws/build/examples_rclpy_minimal_action_client' returned '0': PYTHONPATH=/home/labdoo/ros2_ws/build/examples_rclpy_minimal_action_client/prefix_override:/home/labdoo/ros2_ws/install/examples_rclpy_minimal_action_client/lib/python3.10/site-packages:${PYTHONPATH} /usr/bin/python3 setup.py develop --editable --build-directory /home/labdoo/ros2_ws/build/examples_rclpy_minimal_action_client/build --no-deps install_data
