[0.729s] Invoking command in '/home/labdoo/ros2_ws/build/ament_cmake_gen_version_h': AMENT_PREFIX_PATH=/home/labdoo/ros2_ws/install/ament_cmake_gtest:/home/labdoo/ros2_ws/install/ament_cmake_test:/home/labdoo/ros2_ws/install/ament_cmake_core:${AMENT_PREFIX_PATH} CMAKE_PREFIX_PATH=/home/labdoo/ros2_ws/install/ament_cmake_gtest:/home/labdoo/ros2_ws/install/ament_cmake_test:/home/labdoo/ros2_ws/install/ament_cmake_core:/home/labdoo/ros2_ws/install/turtlesim:/home/labdoo/ros2_ws/install/my_package:/home/labdoo/ros2_ws/install/examples_rclcpp_wait_set:/home/labdoo/ros2_ws/install/examples_rclcpp_multithreaded_executor:/home/labdoo/ros2_ws/install/examples_rclcpp_minimal_timer:/home/labdoo/ros2_ws/install/examples_rclcpp_minimal_subscriber:/home/labdoo/ros2_ws/install/examples_rclcpp_minimal_service:/home/labdoo/ros2_ws/install/examples_rclcpp_minimal_publisher:/home/labdoo/ros2_ws/install/examples_rclcpp_minimal_composition:/home/labdoo/ros2_ws/install/examples_rclcpp_minimal_client:/home/labdoo/ros2_ws/install/examples_rclcpp_minimal_action_server:/home/labdoo/ros2_ws/install/examples_rclcpp_minimal_action_client:/home/labdoo/ros2_ws/install/examples_rclcpp_cbg_executor:/home/labdoo/ros2_ws/install/examples_rclcpp_async_client:/home/labdoo/ros2_ws/install/cpp_srvcli:/home/labdoo/ros2_ws/install/cpp_pubsub:/home/labdoo/ros2_ws/install/launch_testing_examples:/home/labdoo/ros2_ws/install/examples_rclpy_pointcloud_publisher:/home/labdoo/ros2_ws/install/examples_rclpy_minimal_subscriber:/home/labdoo/ros2_ws/install/examples_rclpy_minimal_service:/home/labdoo/ros2_ws/install/examples_rclpy_minimal_publisher:/home/labdoo/ros2_ws/install/examples_rclpy_minimal_client:/home/labdoo/ros2_ws/install/examples_rclpy_minimal_action_server:/home/labdoo/ros2_ws/install/examples_rclpy_minimal_action_client:/home/labdoo/ros2_ws/install/examples_rclpy_guard_conditions:/home/labdoo/ros2_ws/install/examples_rclpy_executors:/opt/ros/iron PYTHONPATH=/home/labdoo/ros2_ws/install/ament_cmake_test/lib/python3.10/site-packages:${PYTHONPATH} /usr/bin/cmake /home/labdoo/ros2_ws/ament_cmake/ament_cmake_gen_version_h -DCMAKE_INSTALL_PREFIX=/home/labdoo/ros2_ws/install/ament_cmake_gen_version_h
[0.829s] -- The C compiler identification is GNU 11.4.0
[0.906s] -- The CXX compiler identification is GNU 11.4.0
[0.917s] -- Detecting C compiler ABI info
[1.013s] -- Detecting C compiler ABI info - done
[1.024s] -- Check for working C compiler: /usr/bin/cc - skipped
[1.025s] -- Detecting C compile features
[1.026s] -- Detecting C compile features - done
[1.033s] -- Detecting CXX compiler ABI info
[1.199s] -- Detecting CXX compiler ABI info - done
[1.220s] -- Check for working CXX compiler: /usr/bin/c++ - skipped
[1.220s] -- Detecting CXX compile features
[1.222s] -- Detecting CXX compile features - done
[1.224s] -- Found ament_cmake_core: 2.3.2 (/home/labdoo/ros2_ws/install/ament_cmake_core/share/ament_cmake_core/cmake)
[1.659s] -- Found Python3: /usr/bin/python3 (found version "3.10.12") found components: Interpreter 
[1.854s] -- Found ament_cmake_gtest: 2.3.2 (/home/labdoo/ros2_ws/install/ament_cmake_gtest/share/ament_cmake_gtest/cmake)
[2.021s] -- Create new version file for version 2.3.2
[2.130s] -- Create new version file for version 2.3.2
[2.233s] -- Create new version file for version 2.3.2
[2.358s] -- Create new version file for version 2.3.2
[2.367s] -- Found gtest sources under '/opt/ros/iron/src/gtest_vendor': C++ tests using 'Google Test' will be built
[2.370s] -- Looking for pthread.h
[2.461s] -- Looking for pthread.h - found
[2.462s] -- Performing Test CMAKE_HAVE_LIBC_PTHREAD
[2.551s] -- Performing Test CMAKE_HAVE_LIBC_PTHREAD - Success
[2.552s] -- Found Threads: TRUE  
[2.750s] -- Configuring done
[2.774s] -- Generating done
[2.777s] -- Build files have been written to: /home/labdoo/ros2_ws/build/ament_cmake_gen_version_h
[3.181s] Invoked command in '/home/labdoo/ros2_ws/build/ament_cmake_gen_version_h' returned '0': AMENT_PREFIX_PATH=/home/labdoo/ros2_ws/install/ament_cmake_gtest:/home/labdoo/ros2_ws/install/ament_cmake_test:/home/labdoo/ros2_ws/install/ament_cmake_core:${AMENT_PREFIX_PATH} CMAKE_PREFIX_PATH=/home/labdoo/ros2_ws/install/ament_cmake_gtest:/home/labdoo/ros2_ws/install/ament_cmake_test:/home/labdoo/ros2_ws/install/ament_cmake_core:/home/labdoo/ros2_ws/install/turtlesim:/home/labdoo/ros2_ws/install/my_package:/home/labdoo/ros2_ws/install/examples_rclcpp_wait_set:/home/labdoo/ros2_ws/install/examples_rclcpp_multithreaded_executor:/home/labdoo/ros2_ws/install/examples_rclcpp_minimal_timer:/home/labdoo/ros2_ws/install/examples_rclcpp_minimal_subscriber:/home/labdoo/ros2_ws/install/examples_rclcpp_minimal_service:/home/labdoo/ros2_ws/install/examples_rclcpp_minimal_publisher:/home/labdoo/ros2_ws/install/examples_rclcpp_minimal_composition:/home/labdoo/ros2_ws/install/examples_rclcpp_minimal_client:/home/labdoo/ros2_ws/install/examples_rclcpp_minimal_action_server:/home/labdoo/ros2_ws/install/examples_rclcpp_minimal_action_client:/home/labdoo/ros2_ws/install/examples_rclcpp_cbg_executor:/home/labdoo/ros2_ws/install/examples_rclcpp_async_client:/home/labdoo/ros2_ws/install/cpp_srvcli:/home/labdoo/ros2_ws/install/cpp_pubsub:/home/labdoo/ros2_ws/install/launch_testing_examples:/home/labdoo/ros2_ws/install/examples_rclpy_pointcloud_publisher:/home/labdoo/ros2_ws/install/examples_rclpy_minimal_subscriber:/home/labdoo/ros2_ws/install/examples_rclpy_minimal_service:/home/labdoo/ros2_ws/install/examples_rclpy_minimal_publisher:/home/labdoo/ros2_ws/install/examples_rclpy_minimal_client:/home/labdoo/ros2_ws/install/examples_rclpy_minimal_action_server:/home/labdoo/ros2_ws/install/examples_rclpy_minimal_action_client:/home/labdoo/ros2_ws/install/examples_rclpy_guard_conditions:/home/labdoo/ros2_ws/install/examples_rclpy_executors:/opt/ros/iron PYTHONPATH=/home/labdoo/ros2_ws/install/ament_cmake_test/lib/python3.10/site-packages:${PYTHONPATH} /usr/bin/cmake /home/labdoo/ros2_ws/ament_cmake/ament_cmake_gen_version_h -DCMAKE_INSTALL_PREFIX=/home/labdoo/ros2_ws/install/ament_cmake_gen_version_h
[3.183s] Invoking command in '/home/labdoo/ros2_ws/build/ament_cmake_gen_version_h': AMENT_PREFIX_PATH=/home/labdoo/ros2_ws/install/ament_cmake_gtest:/home/labdoo/ros2_ws/install/ament_cmake_test:/home/labdoo/ros2_ws/install/ament_cmake_core:${AMENT_PREFIX_PATH} CMAKE_PREFIX_PATH=/home/labdoo/ros2_ws/install/ament_cmake_gtest:/home/labdoo/ros2_ws/install/ament_cmake_test:/home/labdoo/ros2_ws/install/ament_cmake_core:/home/labdoo/ros2_ws/install/turtlesim:/home/labdoo/ros2_ws/install/my_package:/home/labdoo/ros2_ws/install/examples_rclcpp_wait_set:/home/labdoo/ros2_ws/install/examples_rclcpp_multithreaded_executor:/home/labdoo/ros2_ws/install/examples_rclcpp_minimal_timer:/home/labdoo/ros2_ws/install/examples_rclcpp_minimal_subscriber:/home/labdoo/ros2_ws/install/examples_rclcpp_minimal_service:/home/labdoo/ros2_ws/install/examples_rclcpp_minimal_publisher:/home/labdoo/ros2_ws/install/examples_rclcpp_minimal_composition:/home/labdoo/ros2_ws/install/examples_rclcpp_minimal_client:/home/labdoo/ros2_ws/install/examples_rclcpp_minimal_action_server:/home/labdoo/ros2_ws/install/examples_rclcpp_minimal_action_client:/home/labdoo/ros2_ws/install/examples_rclcpp_cbg_executor:/home/labdoo/ros2_ws/install/examples_rclcpp_async_client:/home/labdoo/ros2_ws/install/cpp_srvcli:/home/labdoo/ros2_ws/install/cpp_pubsub:/home/labdoo/ros2_ws/install/launch_testing_examples:/home/labdoo/ros2_ws/install/examples_rclpy_pointcloud_publisher:/home/labdoo/ros2_ws/install/examples_rclpy_minimal_subscriber:/home/labdoo/ros2_ws/install/examples_rclpy_minimal_service:/home/labdoo/ros2_ws/install/examples_rclpy_minimal_publisher:/home/labdoo/ros2_ws/install/examples_rclpy_minimal_client:/home/labdoo/ros2_ws/install/examples_rclpy_minimal_action_server:/home/labdoo/ros2_ws/install/examples_rclpy_minimal_action_client:/home/labdoo/ros2_ws/install/examples_rclpy_guard_conditions:/home/labdoo/ros2_ws/install/examples_rclpy_executors:/opt/ros/iron PYTHONPATH=/home/labdoo/ros2_ws/install/ament_cmake_test/lib/python3.10/site-packages:${PYTHONPATH} /usr/bin/cmake --build /home/labdoo/ros2_ws/build/ament_cmake_gen_version_h -- -j4 -l4
[3.347s] [  8%] [32mBuilding CXX object gtest/CMakeFiles/gtest_main.dir/src/gtest_main.cc.o[0m
[3.347s] [ 16%] [32mBuilding CXX object gtest/CMakeFiles/gtest.dir/src/gtest-all.cc.o[0m
[3.347s] [ 25%] [34m[1mGenerating ament_generate_version_header/version.hpp[0m
[3.348s] [ 25%] Built target ament_generate_version_header__some_lib
[5.586s] [ 33%] [32m[1mLinking CXX static library libgtest_main.a[0m
[5.912s] [ 33%] Built target gtest_main
[10.282s] [ 41%] [32m[1mLinking CXX static library libgtest.a[0m
[10.391s] [ 41%] Built target gtest
[10.425s] [ 58%] [32mBuilding CXX object CMakeFiles/test_ament_cmake_gen_version_h.dir/test/test_version_custom.cpp.o[0m
[10.425s] [ 66%] [32mBuilding CXX object CMakeFiles/test_ament_generate_version_header.dir/test/test_version_hpp.cpp.o[0m
[10.425s] [ 66%] [32mBuilding CXX object CMakeFiles/test_ament_cmake_gen_version_h.dir/test/test_version_h.cpp.o[0m
[10.437s] [ 75%] [32mBuilding CXX object CMakeFiles/test_ament_cmake_gen_version_h.dir/test/test_version1_h.cpp.o[0m
[13.486s] [ 83%] [32mBuilding CXX object CMakeFiles/test_ament_cmake_gen_version_h.dir/test/test_version2_h.cpp.o[0m
[13.505s] [ 91%] [32m[1mLinking CXX executable test_ament_generate_version_header[0m
[13.747s] [ 91%] Built target test_ament_generate_version_header
[14.988s] [100%] [32m[1mLinking CXX executable test_ament_cmake_gen_version_h[0m
[15.168s] [100%] Built target test_ament_cmake_gen_version_h
