[2.764s] Invoking command in '/home/labdoo/ros2_ws/src/examples/rclpy/topics/pointcloud_publisher': PYTHONPATH=/home/labdoo/ros2_ws/build/examples_rclpy_pointcloud_publisher/prefix_override:/home/labdoo/ros2_ws/install/examples_rclpy_pointcloud_publisher/lib/python3.10/site-packages:${PYTHONPATH} /usr/bin/python3 setup.py egg_info --egg-base ../../../../../build/examples_rclpy_pointcloud_publisher build --build-base /home/labdoo/ros2_ws/build/examples_rclpy_pointcloud_publisher/build install --record /home/labdoo/ros2_ws/build/examples_rclpy_pointcloud_publisher/install.log --single-version-externally-managed
[3.424s] running egg_info
[3.426s] writing ../../../../../build/examples_rclpy_pointcloud_publisher/examples_rclpy_pointcloud_publisher.egg-info/PKG-INFO
[3.428s] writing dependency_links to ../../../../../build/examples_rclpy_pointcloud_publisher/examples_rclpy_pointcloud_publisher.egg-info/dependency_links.txt
[3.428s] writing entry points to ../../../../../build/examples_rclpy_pointcloud_publisher/examples_rclpy_pointcloud_publisher.egg-info/entry_points.txt
[3.428s] writing requirements to ../../../../../build/examples_rclpy_pointcloud_publisher/examples_rclpy_pointcloud_publisher.egg-info/requires.txt
[3.428s] writing top-level names to ../../../../../build/examples_rclpy_pointcloud_publisher/examples_rclpy_pointcloud_publisher.egg-info/top_level.txt
[3.437s] reading manifest file '../../../../../build/examples_rclpy_pointcloud_publisher/examples_rclpy_pointcloud_publisher.egg-info/SOURCES.txt'
[3.440s] writing manifest file '../../../../../build/examples_rclpy_pointcloud_publisher/examples_rclpy_pointcloud_publisher.egg-info/SOURCES.txt'
[3.440s] running build
[3.440s] running build_py
[3.442s] running install
[3.442s] /usr/lib/python3/dist-packages/setuptools/command/install.py:34: SetuptoolsDeprecationWarning: setup.py install is deprecated. Use build and pip and other standards-based tools.
[3.442s]   warnings.warn(
[3.442s] running install_lib
[3.446s] running install_data
[3.448s] running install_egg_info
[3.452s] removing '/home/labdoo/ros2_ws/install/examples_rclpy_pointcloud_publisher/lib/python3.10/site-packages/examples_rclpy_pointcloud_publisher-0.18.0-py3.10.egg-info' (and everything under it)
[3.453s] Copying ../../../../../build/examples_rclpy_pointcloud_publisher/examples_rclpy_pointcloud_publisher.egg-info to /home/labdoo/ros2_ws/install/examples_rclpy_pointcloud_publisher/lib/python3.10/site-packages/examples_rclpy_pointcloud_publisher-0.18.0-py3.10.egg-info
[3.455s] running install_scripts
[3.506s] Installing pointcloud_publisher script to /home/labdoo/ros2_ws/install/examples_rclpy_pointcloud_publisher/lib/examples_rclpy_pointcloud_publisher
[3.507s] writing list of installed files to '/home/labdoo/ros2_ws/build/examples_rclpy_pointcloud_publisher/install.log'
[3.824s] Invoked command in '/home/labdoo/ros2_ws/src/examples/rclpy/topics/pointcloud_publisher' returned '0': PYTHONPATH=/home/labdoo/ros2_ws/build/examples_rclpy_pointcloud_publisher/prefix_override:/home/labdoo/ros2_ws/install/examples_rclpy_pointcloud_publisher/lib/python3.10/site-packages:${PYTHONPATH} /usr/bin/python3 setup.py egg_info --egg-base ../../../../../build/examples_rclpy_pointcloud_publisher build --build-base /home/labdoo/ros2_ws/build/examples_rclpy_pointcloud_publisher/build install --record /home/labdoo/ros2_ws/build/examples_rclpy_pointcloud_publisher/install.log --single-version-externally-managed
