[2.319s] Invoking command in '/home/labdoo/ros2_ws/src/py_pubsub': PYTHONPATH=/home/labdoo/ros2_ws/build/py_pubsub/prefix_override:/home/labdoo/ros2_ws/install/py_pubsub/lib/python3.10/site-packages:${PYTHONPATH} /usr/bin/python3 setup.py egg_info --egg-base ../../build/py_pubsub build --build-base /home/labdoo/ros2_ws/build/py_pubsub/build install --record /home/labdoo/ros2_ws/build/py_pubsub/install.log --single-version-externally-managed
[2.778s] running egg_info
[2.779s] writing ../../build/py_pubsub/py_pubsub.egg-info/PKG-INFO
[2.780s] writing dependency_links to ../../build/py_pubsub/py_pubsub.egg-info/dependency_links.txt
[2.780s] writing entry points to ../../build/py_pubsub/py_pubsub.egg-info/entry_points.txt
[2.781s] writing requirements to ../../build/py_pubsub/py_pubsub.egg-info/requires.txt
[2.781s] writing top-level names to ../../build/py_pubsub/py_pubsub.egg-info/top_level.txt
[2.788s] reading manifest file '../../build/py_pubsub/py_pubsub.egg-info/SOURCES.txt'
[2.789s] adding license file 'LICENSE'
[2.789s] writing manifest file '../../build/py_pubsub/py_pubsub.egg-info/SOURCES.txt'
[2.790s] running build
[2.790s] running build_py
[2.790s] running install
[2.790s] /usr/lib/python3/dist-packages/setuptools/command/install.py:34: SetuptoolsDeprecationWarning: setup.py install is deprecated. Use build and pip and other standards-based tools.
[2.791s]   warnings.warn(
[2.791s] running install_lib
[2.795s] running install_data
[2.796s] running install_egg_info
[2.800s] removing '/home/labdoo/ros2_ws/install/py_pubsub/lib/python3.10/site-packages/py_pubsub-0.0.0-py3.10.egg-info' (and everything under it)
[2.801s] Copying ../../build/py_pubsub/py_pubsub.egg-info to /home/labdoo/ros2_ws/install/py_pubsub/lib/python3.10/site-packages/py_pubsub-0.0.0-py3.10.egg-info
[2.802s] running install_scripts
[2.833s] writing list of installed files to '/home/labdoo/ros2_ws/build/py_pubsub/install.log'
[2.875s] Invoked command in '/home/labdoo/ros2_ws/src/py_pubsub' returned '0': PYTHONPATH=/home/labdoo/ros2_ws/build/py_pubsub/prefix_override:/home/labdoo/ros2_ws/install/py_pubsub/lib/python3.10/site-packages:${PYTHONPATH} /usr/bin/python3 setup.py egg_info --egg-base ../../build/py_pubsub build --build-base /home/labdoo/ros2_ws/build/py_pubsub/build install --record /home/labdoo/ros2_ws/build/py_pubsub/install.log --single-version-externally-managed
