[2.878s] Invoking command in '/home/labdoo/ros2_ws/src/examples/rclpy/services/minimal_service': PYTHONPATH=/home/labdoo/ros2_ws/build/examples_rclpy_minimal_service/prefix_override:/home/labdoo/ros2_ws/install/examples_rclpy_minimal_service/lib/python3.10/site-packages:${PYTHONPATH} /usr/bin/python3 setup.py egg_info --egg-base ../../../../../build/examples_rclpy_minimal_service build --build-base /home/labdoo/ros2_ws/build/examples_rclpy_minimal_service/build install --record /home/labdoo/ros2_ws/build/examples_rclpy_minimal_service/install.log --single-version-externally-managed
[3.621s] running egg_info
[3.623s] writing ../../../../../build/examples_rclpy_minimal_service/examples_rclpy_minimal_service.egg-info/PKG-INFO
[3.623s] writing dependency_links to ../../../../../build/examples_rclpy_minimal_service/examples_rclpy_minimal_service.egg-info/dependency_links.txt
[3.623s] writing entry points to ../../../../../build/examples_rclpy_minimal_service/examples_rclpy_minimal_service.egg-info/entry_points.txt
[3.624s] writing requirements to ../../../../../build/examples_rclpy_minimal_service/examples_rclpy_minimal_service.egg-info/requires.txt
[3.624s] writing top-level names to ../../../../../build/examples_rclpy_minimal_service/examples_rclpy_minimal_service.egg-info/top_level.txt
[3.633s] reading manifest file '../../../../../build/examples_rclpy_minimal_service/examples_rclpy_minimal_service.egg-info/SOURCES.txt'
[3.635s] writing manifest file '../../../../../build/examples_rclpy_minimal_service/examples_rclpy_minimal_service.egg-info/SOURCES.txt'
[3.635s] running build
[3.635s] running build_py
[3.636s] running install
[3.636s] /usr/lib/python3/dist-packages/setuptools/command/install.py:34: SetuptoolsDeprecationWarning: setup.py install is deprecated. Use build and pip and other standards-based tools.
[3.636s]   warnings.warn(
[3.637s] running install_lib
[3.640s] running install_data
[3.641s] running install_egg_info
[3.646s] removing '/home/labdoo/ros2_ws/install/examples_rclpy_minimal_service/lib/python3.10/site-packages/examples_rclpy_minimal_service-0.18.0-py3.10.egg-info' (and everything under it)
[3.647s] Copying ../../../../../build/examples_rclpy_minimal_service/examples_rclpy_minimal_service.egg-info to /home/labdoo/ros2_ws/install/examples_rclpy_minimal_service/lib/python3.10/site-packages/examples_rclpy_minimal_service-0.18.0-py3.10.egg-info
[3.649s] running install_scripts
[3.697s] Installing service script to /home/labdoo/ros2_ws/install/examples_rclpy_minimal_service/lib/examples_rclpy_minimal_service
[3.698s] Installing service_member_function script to /home/labdoo/ros2_ws/install/examples_rclpy_minimal_service/lib/examples_rclpy_minimal_service
[3.698s] writing list of installed files to '/home/labdoo/ros2_ws/build/examples_rclpy_minimal_service/install.log'
[4.126s] Invoked command in '/home/labdoo/ros2_ws/src/examples/rclpy/services/minimal_service' returned '0': PYTHONPATH=/home/labdoo/ros2_ws/build/examples_rclpy_minimal_service/prefix_override:/home/labdoo/ros2_ws/install/examples_rclpy_minimal_service/lib/python3.10/site-packages:${PYTHONPATH} /usr/bin/python3 setup.py egg_info --egg-base ../../../../../build/examples_rclpy_minimal_service build --build-base /home/labdoo/ros2_ws/build/examples_rclpy_minimal_service/build install --record /home/labdoo/ros2_ws/build/examples_rclpy_minimal_service/install.log --single-version-externally-managed
