[0.320s] Invoking command in '/home/labdoo/ros2_ws/src/build/cpp_pubsub': CMAKE_PREFIX_PATH=/opt/ros/iron /usr/bin/cmake /home/labdoo/ros2_ws/src/cpp_pubsub -DCMAKE_INSTALL_PREFIX=/home/labdoo/ros2_ws/src/install/cpp_pubsub
[0.428s] -- The C compiler identification is GNU 11.4.0
[0.557s] -- The CXX compiler identification is GNU 11.4.0
[0.575s] -- Detecting C compiler ABI info
[0.783s] -- Detecting C compiler ABI info - done
[0.802s] -- Check for working C compiler: /usr/bin/cc - skipped
[0.802s] -- Detecting C compile features
[0.803s] -- Detecting C compile features - done
[0.821s] -- Detecting CXX compiler ABI info
[1.103s] -- Detecting CXX compiler ABI info - done
[1.132s] -- Check for working CXX compiler: /usr/bin/c++ - skipped
[1.155s] -- Detecting CXX compile features
[1.155s] -- Detecting CXX compile features - done
[1.155s] -- Found ament_cmake: 2.0.4 (/opt/ros/iron/share/ament_cmake/cmake)
[1.771s] -- Found Python3: /usr/bin/python3.10 (found version "3.10.12") found components: Interpreter 
[2.023s] -- Found rclcpp: 21.0.5 (/opt/ros/iron/share/rclcpp/cmake)
[2.158s] -- Found rosidl_generator_c: 4.0.1 (/opt/ros/iron/share/rosidl_generator_c/cmake)
[2.189s] -- Found rosidl_generator_cpp: 4.0.1 (/opt/ros/iron/share/rosidl_generator_cpp/cmake)
[2.231s] -- Using all available rosidl_typesupport_c: rosidl_typesupport_fastrtps_c;rosidl_typesupport_introspection_c
[2.284s] -- Using all available rosidl_typesupport_cpp: rosidl_typesupport_fastrtps_cpp;rosidl_typesupport_introspection_cpp
[2.677s] -- Found rmw_implementation_cmake: 7.1.0 (/opt/ros/iron/share/rmw_implementation_cmake/cmake)
[2.682s] -- Found rmw_fastrtps_cpp: 7.1.3 (/opt/ros/iron/share/rmw_fastrtps_cpp/cmake)
[2.878s] -- Found OpenSSL: /usr/lib/x86_64-linux-gnu/libcrypto.so (found version "3.0.2")  
[2.948s] -- Found FastRTPS: /opt/ros/iron/include  
[3.086s] -- Using RMW implementation 'rmw_fastrtps_cpp' as default
[3.575s] -- Found std_msgs: 5.0.0 (/opt/ros/iron/share/std_msgs/cmake)
[3.678s] -- Found ament_lint_auto: 0.14.3 (/opt/ros/iron/share/ament_lint_auto/cmake)
[3.855s] -- Added test 'cppcheck' to perform static code analysis on C / C++ code
[3.856s] -- Configured cppcheck include dirs: 
[3.856s] -- Configured cppcheck exclude dirs and/or files: 
[3.858s] -- Added test 'lint_cmake' to check CMake code style
[3.861s] -- Added test 'uncrustify' to check C / C++ code style
[3.862s] -- Configured uncrustify additional arguments: 
[3.864s] -- Added test 'xmllint' to check XML markup files
[3.867s] -- Configuring done
[3.902s] -- Generating done
[3.905s] -- Build files have been written to: /home/labdoo/ros2_ws/src/build/cpp_pubsub
