[2.529s] Invoking command in '/home/labdoo/ros2_ws/build/examples_rclpy_executors': PYTHONPATH=/home/labdoo/ros2_ws/build/examples_rclpy_executors/prefix_override:/home/labdoo/ros2_ws/install/examples_rclpy_executors/lib/python3.10/site-packages:${PYTHONPATH} /usr/bin/python3 setup.py develop --editable --build-directory /home/labdoo/ros2_ws/build/examples_rclpy_executors/build --no-deps install_data
[3.360s] running develop
[3.363s] /usr/lib/python3/dist-packages/setuptools/command/easy_install.py:158: EasyInstallDeprecationWarning: easy_install command is deprecated. Use build and pip and other standards-based tools.
[3.363s]   warnings.warn(
[3.367s] /usr/lib/python3/dist-packages/setuptools/command/install.py:34: SetuptoolsDeprecationWarning: setup.py install is deprecated. Use build and pip and other standards-based tools.
[3.367s]   warnings.warn(
[3.951s] running egg_info
[3.952s] creating examples_rclpy_executors.egg-info
[3.953s] writing examples_rclpy_executors.egg-info/PKG-INFO
[3.953s] writing dependency_links to examples_rclpy_executors.egg-info/dependency_links.txt
[3.954s] writing entry points to examples_rclpy_executors.egg-info/entry_points.txt
[3.955s] writing requirements to examples_rclpy_executors.egg-info/requires.txt
[3.955s] writing top-level names to examples_rclpy_executors.egg-info/top_level.txt
[3.961s] writing manifest file 'examples_rclpy_executors.egg-info/SOURCES.txt'
[3.966s] reading manifest file 'examples_rclpy_executors.egg-info/SOURCES.txt'
[3.968s] writing manifest file 'examples_rclpy_executors.egg-info/SOURCES.txt'
[3.971s] running build_ext
[3.972s] Creating /home/labdoo/ros2_ws/install/examples_rclpy_executors/lib/python3.10/site-packages/examples-rclpy-executors.egg-link (link to .)
[3.974s] Installing callback_group script to /home/labdoo/ros2_ws/install/examples_rclpy_executors/lib/examples_rclpy_executors
[3.975s] Installing composed script to /home/labdoo/ros2_ws/install/examples_rclpy_executors/lib/examples_rclpy_executors
[3.976s] Installing custom_callback_group script to /home/labdoo/ros2_ws/install/examples_rclpy_executors/lib/examples_rclpy_executors
[3.976s] Installing custom_executor script to /home/labdoo/ros2_ws/install/examples_rclpy_executors/lib/examples_rclpy_executors
[3.977s] Installing listener script to /home/labdoo/ros2_ws/install/examples_rclpy_executors/lib/examples_rclpy_executors
[3.977s] Installing talker script to /home/labdoo/ros2_ws/install/examples_rclpy_executors/lib/examples_rclpy_executors
[3.978s] 
[3.978s] Installed /home/labdoo/ros2_ws/build/examples_rclpy_executors
[3.978s] running install_data
[3.979s] creating /home/labdoo/ros2_ws/install/examples_rclpy_executors/share/ament_index
[3.979s] creating /home/labdoo/ros2_ws/install/examples_rclpy_executors/share/ament_index/resource_index
[3.980s] creating /home/labdoo/ros2_ws/install/examples_rclpy_executors/share/ament_index/resource_index/packages
[3.980s] copying resource/examples_rclpy_executors -> /home/labdoo/ros2_ws/install/examples_rclpy_executors/share/ament_index/resource_index/packages
[3.981s] copying package.xml -> /home/labdoo/ros2_ws/install/examples_rclpy_executors/share/examples_rclpy_executors
[4.069s] Invoked command in '/home/labdoo/ros2_ws/build/examples_rclpy_executors' returned '0': PYTHONPATH=/home/labdoo/ros2_ws/build/examples_rclpy_executors/prefix_override:/home/labdoo/ros2_ws/install/examples_rclpy_executors/lib/python3.10/site-packages:${PYTHONPATH} /usr/bin/python3 setup.py develop --editable --build-directory /home/labdoo/ros2_ws/build/examples_rclpy_executors/build --no-deps install_data
