[0.453s] Invoking command in '/home/labdoo/ros2_ws/build/examples_rclcpp_wait_set': CMAKE_PREFIX_PATH=/opt/ros/iron /usr/bin/cmake --build /home/labdoo/ros2_ws/build/examples_rclcpp_wait_set -- -j4 -l4
[0.544s] [  8%] Built target talker
[0.554s] [ 16%] Built target listener
[0.555s] [ 25%] Built target wait_set_talker
[0.562s] [ 33%] Built target wait_set_listener
[0.607s] [ 50%] Built target thread_safe_wait_set
[0.607s] [ 50%] Built target static_wait_set
[0.615s] [ 58%] Built target wait_set
[0.621s] [ 66%] Built target wait_set_topics_and_timer
[0.669s] [ 83%] Built target executor_random_order
[0.669s] [ 83%] Built target wait_set_random_order
[0.675s] [ 91%] Built target wait_set_composed
[0.683s] [100%] Built target wait_set_topics_with_different_rates
[1.301s] Invoked command in '/home/labdoo/ros2_ws/build/examples_rclcpp_wait_set' returned '0': CMAKE_PREFIX_PATH=/opt/ros/iron /usr/bin/cmake --build /home/labdoo/ros2_ws/build/examples_rclcpp_wait_set -- -j4 -l4
[1.973s] Invoking command in '/home/labdoo/ros2_ws/build/examples_rclcpp_wait_set': CMAKE_PREFIX_PATH=/opt/ros/iron /usr/bin/cmake --install /home/labdoo/ros2_ws/build/examples_rclcpp_wait_set
[1.986s] -- Install configuration: ""
[1.987s] -- Execute custom install script
[1.988s] -- Up-to-date symlink: /home/labdoo/ros2_ws/install/examples_rclcpp_wait_set/lib/examples_rclcpp_wait_set/wait_set_talker
[1.988s] -- Up-to-date symlink: /home/labdoo/ros2_ws/install/examples_rclcpp_wait_set/lib/examples_rclcpp_wait_set/wait_set_listener
[1.989s] -- Up-to-date symlink: /home/labdoo/ros2_ws/install/examples_rclcpp_wait_set/lib/libtalker.so
[1.989s] -- Up-to-date symlink: /home/labdoo/ros2_ws/install/examples_rclcpp_wait_set/lib/liblistener.so
[1.989s] -- Up-to-date symlink: /home/labdoo/ros2_ws/install/examples_rclcpp_wait_set/lib/examples_rclcpp_wait_set/wait_set
[1.990s] -- Up-to-date symlink: /home/labdoo/ros2_ws/install/examples_rclcpp_wait_set/lib/examples_rclcpp_wait_set/static_wait_set
[1.990s] -- Up-to-date symlink: /home/labdoo/ros2_ws/install/examples_rclcpp_wait_set/lib/examples_rclcpp_wait_set/thread_safe_wait_set
[1.990s] -- Up-to-date symlink: /home/labdoo/ros2_ws/install/examples_rclcpp_wait_set/lib/examples_rclcpp_wait_set/wait_set_topics_and_timer
[1.991s] -- Up-to-date symlink: /home/labdoo/ros2_ws/install/examples_rclcpp_wait_set/lib/examples_rclcpp_wait_set/wait_set_random_order
[1.991s] -- Up-to-date symlink: /home/labdoo/ros2_ws/install/examples_rclcpp_wait_set/lib/examples_rclcpp_wait_set/executor_random_order
[1.991s] -- Up-to-date symlink: /home/labdoo/ros2_ws/install/examples_rclcpp_wait_set/lib/examples_rclcpp_wait_set/wait_set_topics_with_different_rates
[1.991s] -- Up-to-date symlink: /home/labdoo/ros2_ws/install/examples_rclcpp_wait_set/lib/examples_rclcpp_wait_set/wait_set_composed
[1.992s] -- Up-to-date symlink: /home/labdoo/ros2_ws/install/examples_rclcpp_wait_set/share/ament_index/resource_index/package_run_dependencies/examples_rclcpp_wait_set
[1.992s] -- Up-to-date symlink: /home/labdoo/ros2_ws/install/examples_rclcpp_wait_set/share/ament_index/resource_index/parent_prefix_path/examples_rclcpp_wait_set
[1.992s] -- Up-to-date symlink: /home/labdoo/ros2_ws/install/examples_rclcpp_wait_set/share/examples_rclcpp_wait_set/environment/ament_prefix_path.sh
[1.993s] -- Up-to-date symlink: /home/labdoo/ros2_ws/install/examples_rclcpp_wait_set/share/examples_rclcpp_wait_set/environment/ament_prefix_path.dsv
[1.993s] -- Up-to-date symlink: /home/labdoo/ros2_ws/install/examples_rclcpp_wait_set/share/examples_rclcpp_wait_set/environment/path.sh
[1.993s] -- Up-to-date symlink: /home/labdoo/ros2_ws/install/examples_rclcpp_wait_set/share/examples_rclcpp_wait_set/environment/path.dsv
[1.994s] -- Up-to-date symlink: /home/labdoo/ros2_ws/install/examples_rclcpp_wait_set/share/examples_rclcpp_wait_set/local_setup.bash
[1.994s] -- Up-to-date symlink: /home/labdoo/ros2_ws/install/examples_rclcpp_wait_set/share/examples_rclcpp_wait_set/local_setup.sh
[1.994s] -- Up-to-date symlink: /home/labdoo/ros2_ws/install/examples_rclcpp_wait_set/share/examples_rclcpp_wait_set/local_setup.zsh
[1.995s] -- Up-to-date symlink: /home/labdoo/ros2_ws/install/examples_rclcpp_wait_set/share/examples_rclcpp_wait_set/local_setup.dsv
[1.995s] -- Symlinking: /home/labdoo/ros2_ws/install/examples_rclcpp_wait_set/share/examples_rclcpp_wait_set/package.dsv
[2.004s] -- Up-to-date symlink: /home/labdoo/ros2_ws/install/examples_rclcpp_wait_set/share/ament_index/resource_index/packages/examples_rclcpp_wait_set
[2.004s] -- Up-to-date symlink: /home/labdoo/ros2_ws/install/examples_rclcpp_wait_set/share/ament_index/resource_index/rclcpp_components/examples_rclcpp_wait_set
[2.004s] -- Up-to-date symlink: /home/labdoo/ros2_ws/install/examples_rclcpp_wait_set/share/examples_rclcpp_wait_set/cmake/examples_rclcpp_wait_setConfig.cmake
[2.005s] -- Up-to-date symlink: /home/labdoo/ros2_ws/install/examples_rclcpp_wait_set/share/examples_rclcpp_wait_set/cmake/examples_rclcpp_wait_setConfig-version.cmake
[2.005s] -- Up-to-date symlink: /home/labdoo/ros2_ws/install/examples_rclcpp_wait_set/share/examples_rclcpp_wait_set/package.xml
[2.220s] Invoked command in '/home/labdoo/ros2_ws/build/examples_rclcpp_wait_set' returned '0': CMAKE_PREFIX_PATH=/opt/ros/iron /usr/bin/cmake --install /home/labdoo/ros2_ws/build/examples_rclcpp_wait_set
