[2.039s] Invoking command in '/home/labdoo/ros2_ws/src/examples/rclpy/guard_conditions': PYTHONPATH=/home/labdoo/ros2_ws/build/examples_rclpy_guard_conditions/prefix_override:/home/labdoo/ros2_ws/install/examples_rclpy_guard_conditions/lib/python3.10/site-packages:${PYTHONPATH} /usr/bin/python3 setup.py egg_info --egg-base ../../../../build/examples_rclpy_guard_conditions build --build-base /home/labdoo/ros2_ws/build/examples_rclpy_guard_conditions/build install --record /home/labdoo/ros2_ws/build/examples_rclpy_guard_conditions/install.log --single-version-externally-managed
[2.438s] running egg_info
[2.440s] writing ../../../../build/examples_rclpy_guard_conditions/examples_rclpy_guard_conditions.egg-info/PKG-INFO
[2.440s] writing dependency_links to ../../../../build/examples_rclpy_guard_conditions/examples_rclpy_guard_conditions.egg-info/dependency_links.txt
[2.441s] writing entry points to ../../../../build/examples_rclpy_guard_conditions/examples_rclpy_guard_conditions.egg-info/entry_points.txt
[2.441s] writing requirements to ../../../../build/examples_rclpy_guard_conditions/examples_rclpy_guard_conditions.egg-info/requires.txt
[2.442s] writing top-level names to ../../../../build/examples_rclpy_guard_conditions/examples_rclpy_guard_conditions.egg-info/top_level.txt
[2.446s] reading manifest file '../../../../build/examples_rclpy_guard_conditions/examples_rclpy_guard_conditions.egg-info/SOURCES.txt'
[2.448s] writing manifest file '../../../../build/examples_rclpy_guard_conditions/examples_rclpy_guard_conditions.egg-info/SOURCES.txt'
[2.448s] running build
[2.448s] running build_py
[2.449s] running install
[2.449s] /usr/lib/python3/dist-packages/setuptools/command/install.py:34: SetuptoolsDeprecationWarning: setup.py install is deprecated. Use build and pip and other standards-based tools.
[2.449s]   warnings.warn(
[2.450s] running install_lib
[2.452s] running install_data
[2.452s] running install_egg_info
[2.455s] removing '/home/labdoo/ros2_ws/install/examples_rclpy_guard_conditions/lib/python3.10/site-packages/examples_rclpy_guard_conditions-0.18.0-py3.10.egg-info' (and everything under it)
[2.456s] Copying ../../../../build/examples_rclpy_guard_conditions/examples_rclpy_guard_conditions.egg-info to /home/labdoo/ros2_ws/install/examples_rclpy_guard_conditions/lib/python3.10/site-packages/examples_rclpy_guard_conditions-0.18.0-py3.10.egg-info
[2.457s] running install_scripts
[2.486s] Installing trigger_guard_condition script to /home/labdoo/ros2_ws/install/examples_rclpy_guard_conditions/lib/examples_rclpy_guard_conditions
[2.487s] writing list of installed files to '/home/labdoo/ros2_ws/build/examples_rclpy_guard_conditions/install.log'
[3.671s] Invoked command in '/home/labdoo/ros2_ws/src/examples/rclpy/guard_conditions' returned '0': PYTHONPATH=/home/labdoo/ros2_ws/build/examples_rclpy_guard_conditions/prefix_override:/home/labdoo/ros2_ws/install/examples_rclpy_guard_conditions/lib/python3.10/site-packages:${PYTHONPATH} /usr/bin/python3 setup.py egg_info --egg-base ../../../../build/examples_rclpy_guard_conditions build --build-base /home/labdoo/ros2_ws/build/examples_rclpy_guard_conditions/build install --record /home/labdoo/ros2_ws/build/examples_rclpy_guard_conditions/install.log --single-version-externally-managed
