[0.812s] Invoking command in '/home/labdoo/ros2_ws/build/turtlesim': CMAKE_PREFIX_PATH=${CMAKE_PREFIX_PATH}:/home/labdoo/ros2_ws/install/urdf_tutorial:/home/labdoo/ros2_ws/install/py_pubsub:/home/labdoo/ros2_ws/install/launch_testing_examples:/home/labdoo/ros2_ws/install/examples_rclpy_pointcloud_publisher:/home/labdoo/ros2_ws/install/examples_rclpy_minimal_subscriber:/home/labdoo/ros2_ws/install/examples_rclpy_minimal_service:/home/labdoo/ros2_ws/install/examples_rclpy_minimal_publisher:/home/labdoo/ros2_ws/install/examples_rclpy_minimal_client:/home/labdoo/ros2_ws/install/examples_rclpy_minimal_action_server:/home/labdoo/ros2_ws/install/examples_rclpy_minimal_action_client:/home/labdoo/ros2_ws/install/examples_rclpy_guard_conditions:/home/labdoo/ros2_ws/install/examples_rclpy_executors:/opt/ros/iron /usr/bin/cmake --build /home/labdoo/ros2_ws/build/turtlesim -- -j4 -l4
[0.879s] [  0%] Built target turtlesim__rosidl_generator_type_description
[0.909s] [  0%] Built target ament_cmake_python_copy_turtlesim
[0.918s] [  1%] Built target turtlesim__cpp
[0.935s] [ 24%] Built target turtlesim__rosidl_generator_c
[0.982s] [ 32%] Built target turtlesim__rosidl_typesupport_cpp
[1.002s] [ 40%] Built target turtlesim__rosidl_typesupport_fastrtps_cpp
[1.024s] [ 49%] Built target turtlesim__rosidl_typesupport_fastrtps_c
[1.041s] [ 58%] Built target turtlesim__rosidl_typesupport_introspection_c
[1.058s] [ 67%] Built target turtlesim__rosidl_typesupport_c
[1.100s] [ 75%] Built target turtlesim__rosidl_typesupport_introspection_cpp
[1.141s] [ 77%] Built target turtle_teleop_key
[1.155s] [ 78%] Built target draw_square
[1.163s] [ 84%] Built target turtlesim_node
[1.198s] [ 84%] Built target turtlesim
[1.200s] [ 86%] Built target mimic
[1.235s] [ 86%] Built target turtlesim__py
[1.284s] [ 94%] Built target turtlesim__rosidl_generator_py
[1.331s] [ 96%] Built target turtlesim__rosidl_typesupport_introspection_c__pyext
[1.343s] [ 98%] Built target turtlesim__rosidl_typesupport_fastrtps_c__pyext
[1.354s] [100%] Built target turtlesim__rosidl_typesupport_c__pyext
[1.499s] running egg_info
[1.500s] writing turtlesim.egg-info/PKG-INFO
[1.501s] writing dependency_links to turtlesim.egg-info/dependency_links.txt
[1.501s] writing top-level names to turtlesim.egg-info/top_level.txt
[1.507s] reading manifest file 'turtlesim.egg-info/SOURCES.txt'
[1.508s] writing manifest file 'turtlesim.egg-info/SOURCES.txt'
[1.552s] [100%] Built target ament_cmake_python_build_turtlesim_egg
[1.566s] Invoked command in '/home/labdoo/ros2_ws/build/turtlesim' returned '0': CMAKE_PREFIX_PATH=${CMAKE_PREFIX_PATH}:/home/labdoo/ros2_ws/install/urdf_tutorial:/home/labdoo/ros2_ws/install/py_pubsub:/home/labdoo/ros2_ws/install/launch_testing_examples:/home/labdoo/ros2_ws/install/examples_rclpy_pointcloud_publisher:/home/labdoo/ros2_ws/install/examples_rclpy_minimal_subscriber:/home/labdoo/ros2_ws/install/examples_rclpy_minimal_service:/home/labdoo/ros2_ws/install/examples_rclpy_minimal_publisher:/home/labdoo/ros2_ws/install/examples_rclpy_minimal_client:/home/labdoo/ros2_ws/install/examples_rclpy_minimal_action_server:/home/labdoo/ros2_ws/install/examples_rclpy_minimal_action_client:/home/labdoo/ros2_ws/install/examples_rclpy_guard_conditions:/home/labdoo/ros2_ws/install/examples_rclpy_executors:/opt/ros/iron /usr/bin/cmake --build /home/labdoo/ros2_ws/build/turtlesim -- -j4 -l4
[1.885s] Invoking command in '/home/labdoo/ros2_ws/build/turtlesim': CMAKE_PREFIX_PATH=${CMAKE_PREFIX_PATH}:/home/labdoo/ros2_ws/install/urdf_tutorial:/home/labdoo/ros2_ws/install/py_pubsub:/home/labdoo/ros2_ws/install/launch_testing_examples:/home/labdoo/ros2_ws/install/examples_rclpy_pointcloud_publisher:/home/labdoo/ros2_ws/install/examples_rclpy_minimal_subscriber:/home/labdoo/ros2_ws/install/examples_rclpy_minimal_service:/home/labdoo/ros2_ws/install/examples_rclpy_minimal_publisher:/home/labdoo/ros2_ws/install/examples_rclpy_minimal_client:/home/labdoo/ros2_ws/install/examples_rclpy_minimal_action_server:/home/labdoo/ros2_ws/install/examples_rclpy_minimal_action_client:/home/labdoo/ros2_ws/install/examples_rclpy_guard_conditions:/home/labdoo/ros2_ws/install/examples_rclpy_executors:/opt/ros/iron /usr/bin/cmake --install /home/labdoo/ros2_ws/build/turtlesim
[1.895s] -- Install configuration: ""
[1.896s] -- Up-to-date: /home/labdoo/ros2_ws/install/turtlesim/share/ament_index/resource_index/rosidl_interfaces/turtlesim
[1.896s] -- Up-to-date: /home/labdoo/ros2_ws/install/turtlesim/share/turtlesim/action/RotateAbsolute.json
[1.896s] -- Up-to-date: /home/labdoo/ros2_ws/install/turtlesim/share/turtlesim/msg/Color.json
[1.897s] -- Up-to-date: /home/labdoo/ros2_ws/install/turtlesim/share/turtlesim/msg/Pose.json
[1.897s] -- Up-to-date: /home/labdoo/ros2_ws/install/turtlesim/share/turtlesim/srv/Kill.json
[1.897s] -- Up-to-date: /home/labdoo/ros2_ws/install/turtlesim/share/turtlesim/srv/SetPen.json
[1.898s] -- Up-to-date: /home/labdoo/ros2_ws/install/turtlesim/share/turtlesim/srv/Spawn.json
[1.898s] -- Up-to-date: /home/labdoo/ros2_ws/install/turtlesim/share/turtlesim/srv/TeleportAbsolute.json
[1.898s] -- Up-to-date: /home/labdoo/ros2_ws/install/turtlesim/share/turtlesim/srv/TeleportRelative.json
[1.898s] -- Up-to-date: /home/labdoo/ros2_ws/install/turtlesim/include/turtlesim/turtlesim
[1.899s] -- Up-to-date: /home/labdoo/ros2_ws/install/turtlesim/include/turtlesim/turtlesim/msg
[1.899s] -- Up-to-date: /home/labdoo/ros2_ws/install/turtlesim/include/turtlesim/turtlesim/msg/color.h
[1.899s] -- Up-to-date: /home/labdoo/ros2_ws/install/turtlesim/include/turtlesim/turtlesim/msg/pose.h
[1.899s] -- Up-to-date: /home/labdoo/ros2_ws/install/turtlesim/include/turtlesim/turtlesim/msg/detail
[1.900s] -- Up-to-date: /home/labdoo/ros2_ws/install/turtlesim/include/turtlesim/turtlesim/msg/detail/pose__type_support.h
[1.900s] -- Installing: /home/labdoo/ros2_ws/install/turtlesim/include/turtlesim/turtlesim/msg/detail/color__type_support.c
[1.900s] -- Up-to-date: /home/labdoo/ros2_ws/install/turtlesim/include/turtlesim/turtlesim/msg/detail/pose__functions.c
[1.900s] -- Up-to-date: /home/labdoo/ros2_ws/install/turtlesim/include/turtlesim/turtlesim/msg/detail/pose__struct.h
[1.901s] -- Up-to-date: /home/labdoo/ros2_ws/install/turtlesim/include/turtlesim/turtlesim/msg/detail/pose__description.c
[1.901s] -- Up-to-date: /home/labdoo/ros2_ws/install/turtlesim/include/turtlesim/turtlesim/msg/detail/color__functions.c
[1.901s] -- Up-to-date: /home/labdoo/ros2_ws/install/turtlesim/include/turtlesim/turtlesim/msg/detail/color__struct.h
[1.902s] -- Up-to-date: /home/labdoo/ros2_ws/install/turtlesim/include/turtlesim/turtlesim/msg/detail/color__type_support.h
[1.902s] -- Up-to-date: /home/labdoo/ros2_ws/install/turtlesim/include/turtlesim/turtlesim/msg/detail/color__functions.h
[1.902s] -- Installing: /home/labdoo/ros2_ws/install/turtlesim/include/turtlesim/turtlesim/msg/detail/pose__type_support.c
[1.903s] -- Up-to-date: /home/labdoo/ros2_ws/install/turtlesim/include/turtlesim/turtlesim/msg/detail/color__description.c
[1.903s] -- Up-to-date: /home/labdoo/ros2_ws/install/turtlesim/include/turtlesim/turtlesim/msg/detail/pose__functions.h
[1.903s] -- Up-to-date: /home/labdoo/ros2_ws/install/turtlesim/include/turtlesim/turtlesim/msg/rosidl_generator_c__visibility_control.h
[1.904s] -- Up-to-date: /home/labdoo/ros2_ws/install/turtlesim/include/turtlesim/turtlesim/srv
[1.904s] -- Up-to-date: /home/labdoo/ros2_ws/install/turtlesim/include/turtlesim/turtlesim/srv/spawn.h
[1.904s] -- Up-to-date: /home/labdoo/ros2_ws/install/turtlesim/include/turtlesim/turtlesim/srv/set_pen.h
[1.904s] -- Up-to-date: /home/labdoo/ros2_ws/install/turtlesim/include/turtlesim/turtlesim/srv/teleport_relative.h
[1.905s] -- Up-to-date: /home/labdoo/ros2_ws/install/turtlesim/include/turtlesim/turtlesim/srv/teleport_absolute.h
[1.905s] -- Up-to-date: /home/labdoo/ros2_ws/install/turtlesim/include/turtlesim/turtlesim/srv/detail
[1.905s] -- Up-to-date: /home/labdoo/ros2_ws/install/turtlesim/include/turtlesim/turtlesim/srv/detail/teleport_absolute__functions.h
[1.905s] -- Up-to-date: /home/labdoo/ros2_ws/install/turtlesim/include/turtlesim/turtlesim/srv/detail/spawn__type_support.h
[1.905s] -- Up-to-date: /home/labdoo/ros2_ws/install/turtlesim/include/turtlesim/turtlesim/srv/detail/set_pen__description.c
[1.906s] -- Up-to-date: /home/labdoo/ros2_ws/install/turtlesim/include/turtlesim/turtlesim/srv/detail/set_pen__functions.h
[1.906s] -- Up-to-date: /home/labdoo/ros2_ws/install/turtlesim/include/turtlesim/turtlesim/srv/detail/teleport_absolute__functions.c
[1.906s] -- Up-to-date: /home/labdoo/ros2_ws/install/turtlesim/include/turtlesim/turtlesim/srv/detail/kill__functions.c
[1.906s] -- Up-to-date: /home/labdoo/ros2_ws/install/turtlesim/include/turtlesim/turtlesim/srv/detail/teleport_relative__functions.h
[1.907s] -- Up-to-date: /home/labdoo/ros2_ws/install/turtlesim/include/turtlesim/turtlesim/srv/detail/set_pen__struct.h
[1.907s] -- Up-to-date: /home/labdoo/ros2_ws/install/turtlesim/include/turtlesim/turtlesim/srv/detail/spawn__description.c
[1.907s] -- Up-to-date: /home/labdoo/ros2_ws/install/turtlesim/include/turtlesim/turtlesim/srv/detail/teleport_absolute__struct.h
[1.907s] -- Up-to-date: /home/labdoo/ros2_ws/install/turtlesim/include/turtlesim/turtlesim/srv/detail/kill__type_support.h
[1.907s] -- Installing: /home/labdoo/ros2_ws/install/turtlesim/include/turtlesim/turtlesim/srv/detail/teleport_relative__type_support.c
[1.908s] -- Up-to-date: /home/labdoo/ros2_ws/install/turtlesim/include/turtlesim/turtlesim/srv/detail/set_pen__type_support.h
[1.908s] -- Up-to-date: /home/labdoo/ros2_ws/install/turtlesim/include/turtlesim/turtlesim/srv/detail/teleport_absolute__type_support.h
[1.908s] -- Up-to-date: /home/labdoo/ros2_ws/install/turtlesim/include/turtlesim/turtlesim/srv/detail/spawn__functions.c
[1.909s] -- Up-to-date: /home/labdoo/ros2_ws/install/turtlesim/include/turtlesim/turtlesim/srv/detail/spawn__struct.h
[1.909s] -- Installing: /home/labdoo/ros2_ws/install/turtlesim/include/turtlesim/turtlesim/srv/detail/set_pen__type_support.c
[1.909s] -- Up-to-date: /home/labdoo/ros2_ws/install/turtlesim/include/turtlesim/turtlesim/srv/detail/teleport_relative__struct.h
[1.909s] -- Up-to-date: /home/labdoo/ros2_ws/install/turtlesim/include/turtlesim/turtlesim/srv/detail/kill__description.c
[1.909s] -- Up-to-date: /home/labdoo/ros2_ws/install/turtlesim/include/turtlesim/turtlesim/srv/detail/teleport_absolute__description.c
[1.910s] -- Installing: /home/labdoo/ros2_ws/install/turtlesim/include/turtlesim/turtlesim/srv/detail/teleport_absolute__type_support.c
[1.910s] -- Up-to-date: /home/labdoo/ros2_ws/install/turtlesim/include/turtlesim/turtlesim/srv/detail/kill__struct.h
[1.910s] -- Installing: /home/labdoo/ros2_ws/install/turtlesim/include/turtlesim/turtlesim/srv/detail/spawn__type_support.c
[1.910s] -- Up-to-date: /home/labdoo/ros2_ws/install/turtlesim/include/turtlesim/turtlesim/srv/detail/set_pen__functions.c
[1.911s] -- Up-to-date: /home/labdoo/ros2_ws/install/turtlesim/include/turtlesim/turtlesim/srv/detail/teleport_relative__functions.c
[1.911s] -- Up-to-date: /home/labdoo/ros2_ws/install/turtlesim/include/turtlesim/turtlesim/srv/detail/spawn__functions.h
[1.912s] -- Installing: /home/labdoo/ros2_ws/install/turtlesim/include/turtlesim/turtlesim/srv/detail/kill__type_support.c
[1.912s] -- Up-to-date: /home/labdoo/ros2_ws/install/turtlesim/include/turtlesim/turtlesim/srv/detail/teleport_relative__type_support.h
[1.912s] -- Up-to-date: /home/labdoo/ros2_ws/install/turtlesim/include/turtlesim/turtlesim/srv/detail/teleport_relative__description.c
[1.913s] -- Up-to-date: /home/labdoo/ros2_ws/install/turtlesim/include/turtlesim/turtlesim/srv/detail/kill__functions.h
[1.913s] -- Up-to-date: /home/labdoo/ros2_ws/install/turtlesim/include/turtlesim/turtlesim/srv/kill.h
[1.913s] -- Up-to-date: /home/labdoo/ros2_ws/install/turtlesim/include/turtlesim/turtlesim/action
[1.913s] -- Up-to-date: /home/labdoo/ros2_ws/install/turtlesim/include/turtlesim/turtlesim/action/detail
[1.913s] -- Up-to-date: /home/labdoo/ros2_ws/install/turtlesim/include/turtlesim/turtlesim/action/detail/rotate_absolute__functions.c
[1.913s] -- Up-to-date: /home/labdoo/ros2_ws/install/turtlesim/include/turtlesim/turtlesim/action/detail/rotate_absolute__type_support.h
[1.913s] -- Up-to-date: /home/labdoo/ros2_ws/install/turtlesim/include/turtlesim/turtlesim/action/detail/rotate_absolute__struct.h
[1.914s] -- Installing: /home/labdoo/ros2_ws/install/turtlesim/include/turtlesim/turtlesim/action/detail/rotate_absolute__type_support.c
[1.914s] -- Up-to-date: /home/labdoo/ros2_ws/install/turtlesim/include/turtlesim/turtlesim/action/detail/rotate_absolute__description.c
[1.914s] -- Up-to-date: /home/labdoo/ros2_ws/install/turtlesim/include/turtlesim/turtlesim/action/detail/rotate_absolute__functions.h
[1.914s] -- Up-to-date: /home/labdoo/ros2_ws/install/turtlesim/include/turtlesim/turtlesim/action/rotate_absolute.h
[1.914s] -- Up-to-date: /home/labdoo/ros2_ws/install/turtlesim/share/turtlesim/environment/library_path.sh
[1.914s] -- Up-to-date: /home/labdoo/ros2_ws/install/turtlesim/share/turtlesim/environment/library_path.dsv
[1.914s] -- Up-to-date: /home/labdoo/ros2_ws/install/turtlesim/lib/libturtlesim__rosidl_generator_c.so
[1.915s] -- Up-to-date: /home/labdoo/ros2_ws/install/turtlesim/include/turtlesim/turtlesim
[1.915s] -- Up-to-date: /home/labdoo/ros2_ws/install/turtlesim/include/turtlesim/turtlesim/msg
[1.915s] -- Up-to-date: /home/labdoo/ros2_ws/install/turtlesim/include/turtlesim/turtlesim/msg/rosidl_typesupport_fastrtps_c__visibility_control.h
[1.915s] -- Up-to-date: /home/labdoo/ros2_ws/install/turtlesim/include/turtlesim/turtlesim/msg/detail
[1.915s] -- Up-to-date: /home/labdoo/ros2_ws/install/turtlesim/include/turtlesim/turtlesim/msg/detail/pose__rosidl_typesupport_fastrtps_c.h
[1.915s] -- Up-to-date: /home/labdoo/ros2_ws/install/turtlesim/include/turtlesim/turtlesim/msg/detail/color__rosidl_typesupport_fastrtps_c.h
[1.915s] -- Up-to-date: /home/labdoo/ros2_ws/install/turtlesim/include/turtlesim/turtlesim/srv
[1.916s] -- Up-to-date: /home/labdoo/ros2_ws/install/turtlesim/include/turtlesim/turtlesim/srv/detail
[1.916s] -- Up-to-date: /home/labdoo/ros2_ws/install/turtlesim/include/turtlesim/turtlesim/srv/detail/teleport_absolute__rosidl_typesupport_fastrtps_c.h
[1.916s] -- Up-to-date: /home/labdoo/ros2_ws/install/turtlesim/include/turtlesim/turtlesim/srv/detail/teleport_relative__rosidl_typesupport_fastrtps_c.h
[1.916s] -- Up-to-date: /home/labdoo/ros2_ws/install/turtlesim/include/turtlesim/turtlesim/srv/detail/spawn__rosidl_typesupport_fastrtps_c.h
[1.916s] -- Up-to-date: /home/labdoo/ros2_ws/install/turtlesim/include/turtlesim/turtlesim/srv/detail/kill__rosidl_typesupport_fastrtps_c.h
[1.916s] -- Up-to-date: /home/labdoo/ros2_ws/install/turtlesim/include/turtlesim/turtlesim/srv/detail/set_pen__rosidl_typesupport_fastrtps_c.h
[1.917s] -- Up-to-date: /home/labdoo/ros2_ws/install/turtlesim/include/turtlesim/turtlesim/action
[1.917s] -- Up-to-date: /home/labdoo/ros2_ws/install/turtlesim/include/turtlesim/turtlesim/action/detail
[1.917s] -- Up-to-date: /home/labdoo/ros2_ws/install/turtlesim/include/turtlesim/turtlesim/action/detail/rotate_absolute__rosidl_typesupport_fastrtps_c.h
[1.917s] -- Up-to-date: /home/labdoo/ros2_ws/install/turtlesim/lib/libturtlesim__rosidl_typesupport_fastrtps_c.so
[1.917s] -- Up-to-date: /home/labdoo/ros2_ws/install/turtlesim/include/turtlesim/turtlesim
[1.917s] -- Up-to-date: /home/labdoo/ros2_ws/install/turtlesim/include/turtlesim/turtlesim/msg
[1.918s] -- Up-to-date: /home/labdoo/ros2_ws/install/turtlesim/include/turtlesim/turtlesim/msg/detail
[1.918s] -- Up-to-date: /home/labdoo/ros2_ws/install/turtlesim/include/turtlesim/turtlesim/msg/detail/pose__traits.hpp
[1.918s] -- Up-to-date: /home/labdoo/ros2_ws/install/turtlesim/include/turtlesim/turtlesim/msg/detail/pose__builder.hpp
[1.918s] -- Up-to-date: /home/labdoo/ros2_ws/install/turtlesim/include/turtlesim/turtlesim/msg/detail/color__traits.hpp
[1.918s] -- Up-to-date: /home/labdoo/ros2_ws/install/turtlesim/include/turtlesim/turtlesim/msg/detail/pose__struct.hpp
[1.918s] -- Up-to-date: /home/labdoo/ros2_ws/install/turtlesim/include/turtlesim/turtlesim/msg/detail/color__builder.hpp
[1.919s] -- Up-to-date: /home/labdoo/ros2_ws/install/turtlesim/include/turtlesim/turtlesim/msg/detail/color__struct.hpp
[1.919s] -- Up-to-date: /home/labdoo/ros2_ws/install/turtlesim/include/turtlesim/turtlesim/msg/color.hpp
[1.919s] -- Up-to-date: /home/labdoo/ros2_ws/install/turtlesim/include/turtlesim/turtlesim/msg/pose.hpp
[1.919s] -- Up-to-date: /home/labdoo/ros2_ws/install/turtlesim/include/turtlesim/turtlesim/srv
[1.919s] -- Up-to-date: /home/labdoo/ros2_ws/install/turtlesim/include/turtlesim/turtlesim/srv/spawn.hpp
[1.919s] -- Up-to-date: /home/labdoo/ros2_ws/install/turtlesim/include/turtlesim/turtlesim/srv/kill.hpp
[1.920s] -- Up-to-date: /home/labdoo/ros2_ws/install/turtlesim/include/turtlesim/turtlesim/srv/detail
[1.920s] -- Up-to-date: /home/labdoo/ros2_ws/install/turtlesim/include/turtlesim/turtlesim/srv/detail/teleport_relative__builder.hpp
[1.920s] -- Up-to-date: /home/labdoo/ros2_ws/install/turtlesim/include/turtlesim/turtlesim/srv/detail/teleport_absolute__builder.hpp
[1.920s] -- Up-to-date: /home/labdoo/ros2_ws/install/turtlesim/include/turtlesim/turtlesim/srv/detail/set_pen__builder.hpp
[1.920s] -- Up-to-date: /home/labdoo/ros2_ws/install/turtlesim/include/turtlesim/turtlesim/srv/detail/teleport_absolute__traits.hpp
[1.920s] -- Up-to-date: /home/labdoo/ros2_ws/install/turtlesim/include/turtlesim/turtlesim/srv/detail/teleport_relative__struct.hpp
[1.920s] -- Up-to-date: /home/labdoo/ros2_ws/install/turtlesim/include/turtlesim/turtlesim/srv/detail/kill__traits.hpp
[1.921s] -- Up-to-date: /home/labdoo/ros2_ws/install/turtlesim/include/turtlesim/turtlesim/srv/detail/spawn__builder.hpp
[1.921s] -- Up-to-date: /home/labdoo/ros2_ws/install/turtlesim/include/turtlesim/turtlesim/srv/detail/set_pen__struct.hpp
[1.921s] -- Up-to-date: /home/labdoo/ros2_ws/install/turtlesim/include/turtlesim/turtlesim/srv/detail/set_pen__traits.hpp
[1.921s] -- Up-to-date: /home/labdoo/ros2_ws/install/turtlesim/include/turtlesim/turtlesim/srv/detail/kill__struct.hpp
[1.921s] -- Up-to-date: /home/labdoo/ros2_ws/install/turtlesim/include/turtlesim/turtlesim/srv/detail/teleport_absolute__struct.hpp
[1.922s] -- Up-to-date: /home/labdoo/ros2_ws/install/turtlesim/include/turtlesim/turtlesim/srv/detail/spawn__struct.hpp
[1.922s] -- Up-to-date: /home/labdoo/ros2_ws/install/turtlesim/include/turtlesim/turtlesim/srv/detail/spawn__traits.hpp
[1.922s] -- Up-to-date: /home/labdoo/ros2_ws/install/turtlesim/include/turtlesim/turtlesim/srv/detail/teleport_relative__traits.hpp
[1.922s] -- Up-to-date: /home/labdoo/ros2_ws/install/turtlesim/include/turtlesim/turtlesim/srv/detail/kill__builder.hpp
[1.922s] -- Up-to-date: /home/labdoo/ros2_ws/install/turtlesim/include/turtlesim/turtlesim/srv/teleport_relative.hpp
[1.922s] -- Up-to-date: /home/labdoo/ros2_ws/install/turtlesim/include/turtlesim/turtlesim/srv/teleport_absolute.hpp
[1.922s] -- Up-to-date: /home/labdoo/ros2_ws/install/turtlesim/include/turtlesim/turtlesim/srv/set_pen.hpp
[1.923s] -- Up-to-date: /home/labdoo/ros2_ws/install/turtlesim/include/turtlesim/turtlesim/action
[1.923s] -- Up-to-date: /home/labdoo/ros2_ws/install/turtlesim/include/turtlesim/turtlesim/action/detail
[1.923s] -- Up-to-date: /home/labdoo/ros2_ws/install/turtlesim/include/turtlesim/turtlesim/action/detail/rotate_absolute__builder.hpp
[1.923s] -- Up-to-date: /home/labdoo/ros2_ws/install/turtlesim/include/turtlesim/turtlesim/action/detail/rotate_absolute__struct.hpp
[1.923s] -- Up-to-date: /home/labdoo/ros2_ws/install/turtlesim/include/turtlesim/turtlesim/action/detail/rotate_absolute__traits.hpp
[1.923s] -- Up-to-date: /home/labdoo/ros2_ws/install/turtlesim/include/turtlesim/turtlesim/action/rotate_absolute.hpp
[1.924s] -- Up-to-date: /home/labdoo/ros2_ws/install/turtlesim/include/turtlesim/turtlesim
[1.924s] -- Up-to-date: /home/labdoo/ros2_ws/install/turtlesim/include/turtlesim/turtlesim/msg
[1.924s] -- Up-to-date: /home/labdoo/ros2_ws/install/turtlesim/include/turtlesim/turtlesim/msg/rosidl_typesupport_fastrtps_cpp__visibility_control.h
[1.924s] -- Up-to-date: /home/labdoo/ros2_ws/install/turtlesim/include/turtlesim/turtlesim/msg/detail
[1.924s] -- Up-to-date: /home/labdoo/ros2_ws/install/turtlesim/include/turtlesim/turtlesim/msg/detail/dds_fastrtps
[1.924s] -- Up-to-date: /home/labdoo/ros2_ws/install/turtlesim/include/turtlesim/turtlesim/msg/detail/pose__rosidl_typesupport_fastrtps_cpp.hpp
[1.925s] -- Up-to-date: /home/labdoo/ros2_ws/install/turtlesim/include/turtlesim/turtlesim/msg/detail/color__rosidl_typesupport_fastrtps_cpp.hpp
[1.925s] -- Up-to-date: /home/labdoo/ros2_ws/install/turtlesim/include/turtlesim/turtlesim/srv
[1.925s] -- Up-to-date: /home/labdoo/ros2_ws/install/turtlesim/include/turtlesim/turtlesim/srv/detail
[1.925s] -- Up-to-date: /home/labdoo/ros2_ws/install/turtlesim/include/turtlesim/turtlesim/srv/detail/kill__rosidl_typesupport_fastrtps_cpp.hpp
[1.925s] -- Up-to-date: /home/labdoo/ros2_ws/install/turtlesim/include/turtlesim/turtlesim/srv/detail/teleport_relative__rosidl_typesupport_fastrtps_cpp.hpp
[1.925s] -- Up-to-date: /home/labdoo/ros2_ws/install/turtlesim/include/turtlesim/turtlesim/srv/detail/dds_fastrtps
[1.925s] -- Up-to-date: /home/labdoo/ros2_ws/install/turtlesim/include/turtlesim/turtlesim/srv/detail/teleport_absolute__rosidl_typesupport_fastrtps_cpp.hpp
[1.926s] -- Up-to-date: /home/labdoo/ros2_ws/install/turtlesim/include/turtlesim/turtlesim/srv/detail/set_pen__rosidl_typesupport_fastrtps_cpp.hpp
[1.926s] -- Up-to-date: /home/labdoo/ros2_ws/install/turtlesim/include/turtlesim/turtlesim/srv/detail/spawn__rosidl_typesupport_fastrtps_cpp.hpp
[1.926s] -- Up-to-date: /home/labdoo/ros2_ws/install/turtlesim/include/turtlesim/turtlesim/action
[1.926s] -- Up-to-date: /home/labdoo/ros2_ws/install/turtlesim/include/turtlesim/turtlesim/action/detail
[1.926s] -- Up-to-date: /home/labdoo/ros2_ws/install/turtlesim/include/turtlesim/turtlesim/action/detail/dds_fastrtps
[1.926s] -- Up-to-date: /home/labdoo/ros2_ws/install/turtlesim/include/turtlesim/turtlesim/action/detail/rotate_absolute__rosidl_typesupport_fastrtps_cpp.hpp
[1.927s] -- Up-to-date: /home/labdoo/ros2_ws/install/turtlesim/lib/libturtlesim__rosidl_typesupport_fastrtps_cpp.so
[1.927s] -- Up-to-date: /home/labdoo/ros2_ws/install/turtlesim/include/turtlesim/turtlesim
[1.927s] -- Up-to-date: /home/labdoo/ros2_ws/install/turtlesim/include/turtlesim/turtlesim/msg
[1.927s] -- Up-to-date: /home/labdoo/ros2_ws/install/turtlesim/include/turtlesim/turtlesim/msg/rosidl_typesupport_introspection_c__visibility_control.h
[1.927s] -- Up-to-date: /home/labdoo/ros2_ws/install/turtlesim/include/turtlesim/turtlesim/msg/detail
[1.927s] -- Up-to-date: /home/labdoo/ros2_ws/install/turtlesim/include/turtlesim/turtlesim/msg/detail/color__rosidl_typesupport_introspection_c.h
[1.928s] -- Installing: /home/labdoo/ros2_ws/install/turtlesim/include/turtlesim/turtlesim/msg/detail/color__type_support.c
[1.928s] -- Installing: /home/labdoo/ros2_ws/install/turtlesim/include/turtlesim/turtlesim/msg/detail/pose__type_support.c
[1.928s] -- Up-to-date: /home/labdoo/ros2_ws/install/turtlesim/include/turtlesim/turtlesim/msg/detail/pose__rosidl_typesupport_introspection_c.h
[1.928s] -- Up-to-date: /home/labdoo/ros2_ws/install/turtlesim/include/turtlesim/turtlesim/srv
[1.928s] -- Up-to-date: /home/labdoo/ros2_ws/install/turtlesim/include/turtlesim/turtlesim/srv/detail
[1.928s] -- Up-to-date: /home/labdoo/ros2_ws/install/turtlesim/include/turtlesim/turtlesim/srv/detail/teleport_absolute__rosidl_typesupport_introspection_c.h
[1.929s] -- Installing: /home/labdoo/ros2_ws/install/turtlesim/include/turtlesim/turtlesim/srv/detail/teleport_relative__type_support.c
[1.929s] -- Up-to-date: /home/labdoo/ros2_ws/install/turtlesim/include/turtlesim/turtlesim/srv/detail/kill__rosidl_typesupport_introspection_c.h
[1.929s] -- Installing: /home/labdoo/ros2_ws/install/turtlesim/include/turtlesim/turtlesim/srv/detail/set_pen__type_support.c
[1.929s] -- Up-to-date: /home/labdoo/ros2_ws/install/turtlesim/include/turtlesim/turtlesim/srv/detail/teleport_relative__rosidl_typesupport_introspection_c.h
[1.929s] -- Installing: /home/labdoo/ros2_ws/install/turtlesim/include/turtlesim/turtlesim/srv/detail/teleport_absolute__type_support.c
[1.929s] -- Installing: /home/labdoo/ros2_ws/install/turtlesim/include/turtlesim/turtlesim/srv/detail/spawn__type_support.c
[1.930s] -- Up-to-date: /home/labdoo/ros2_ws/install/turtlesim/include/turtlesim/turtlesim/srv/detail/set_pen__rosidl_typesupport_introspection_c.h
[1.930s] -- Installing: /home/labdoo/ros2_ws/install/turtlesim/include/turtlesim/turtlesim/srv/detail/kill__type_support.c
[1.930s] -- Up-to-date: /home/labdoo/ros2_ws/install/turtlesim/include/turtlesim/turtlesim/srv/detail/spawn__rosidl_typesupport_introspection_c.h
[1.930s] -- Up-to-date: /home/labdoo/ros2_ws/install/turtlesim/include/turtlesim/turtlesim/action
[1.930s] -- Up-to-date: /home/labdoo/ros2_ws/install/turtlesim/include/turtlesim/turtlesim/action/detail
[1.930s] -- Up-to-date: /home/labdoo/ros2_ws/install/turtlesim/include/turtlesim/turtlesim/action/detail/rotate_absolute__rosidl_typesupport_introspection_c.h
[1.931s] -- Installing: /home/labdoo/ros2_ws/install/turtlesim/include/turtlesim/turtlesim/action/detail/rotate_absolute__type_support.c
[1.931s] -- Up-to-date: /home/labdoo/ros2_ws/install/turtlesim/lib/libturtlesim__rosidl_typesupport_introspection_c.so
[1.931s] -- Up-to-date: /home/labdoo/ros2_ws/install/turtlesim/lib/libturtlesim__rosidl_typesupport_c.so
[1.931s] -- Up-to-date: /home/labdoo/ros2_ws/install/turtlesim/include/turtlesim/turtlesim
[1.931s] -- Up-to-date: /home/labdoo/ros2_ws/install/turtlesim/include/turtlesim/turtlesim/msg
[1.931s] -- Up-to-date: /home/labdoo/ros2_ws/install/turtlesim/include/turtlesim/turtlesim/msg/detail
[1.932s] -- Up-to-date: /home/labdoo/ros2_ws/install/turtlesim/include/turtlesim/turtlesim/msg/detail/color__type_support.cpp
[1.932s] -- Up-to-date: /home/labdoo/ros2_ws/install/turtlesim/include/turtlesim/turtlesim/msg/detail/pose__type_support.cpp
[1.932s] -- Up-to-date: /home/labdoo/ros2_ws/install/turtlesim/include/turtlesim/turtlesim/msg/detail/color__rosidl_typesupport_introspection_cpp.hpp
[1.932s] -- Up-to-date: /home/labdoo/ros2_ws/install/turtlesim/include/turtlesim/turtlesim/msg/detail/pose__rosidl_typesupport_introspection_cpp.hpp
[1.932s] -- Up-to-date: /home/labdoo/ros2_ws/install/turtlesim/include/turtlesim/turtlesim/srv
[1.932s] -- Up-to-date: /home/labdoo/ros2_ws/install/turtlesim/include/turtlesim/turtlesim/srv/detail
[1.932s] -- Up-to-date: /home/labdoo/ros2_ws/install/turtlesim/include/turtlesim/turtlesim/srv/detail/kill__rosidl_typesupport_introspection_cpp.hpp
[1.933s] -- Up-to-date: /home/labdoo/ros2_ws/install/turtlesim/include/turtlesim/turtlesim/srv/detail/spawn__rosidl_typesupport_introspection_cpp.hpp
[1.933s] -- Up-to-date: /home/labdoo/ros2_ws/install/turtlesim/include/turtlesim/turtlesim/srv/detail/set_pen__rosidl_typesupport_introspection_cpp.hpp
[1.933s] -- Up-to-date: /home/labdoo/ros2_ws/install/turtlesim/include/turtlesim/turtlesim/srv/detail/teleport_absolute__rosidl_typesupport_introspection_cpp.hpp
[1.933s] -- Up-to-date: /home/labdoo/ros2_ws/install/turtlesim/include/turtlesim/turtlesim/srv/detail/teleport_relative__rosidl_typesupport_introspection_cpp.hpp
[1.933s] -- Up-to-date: /home/labdoo/ros2_ws/install/turtlesim/include/turtlesim/turtlesim/srv/detail/kill__type_support.cpp
[1.933s] -- Up-to-date: /home/labdoo/ros2_ws/install/turtlesim/include/turtlesim/turtlesim/srv/detail/spawn__type_support.cpp
[1.934s] -- Up-to-date: /home/labdoo/ros2_ws/install/turtlesim/include/turtlesim/turtlesim/srv/detail/teleport_relative__type_support.cpp
[1.934s] -- Up-to-date: /home/labdoo/ros2_ws/install/turtlesim/include/turtlesim/turtlesim/srv/detail/teleport_absolute__type_support.cpp
[1.934s] -- Up-to-date: /home/labdoo/ros2_ws/install/turtlesim/include/turtlesim/turtlesim/srv/detail/set_pen__type_support.cpp
[1.934s] -- Up-to-date: /home/labdoo/ros2_ws/install/turtlesim/include/turtlesim/turtlesim/action
[1.934s] -- Up-to-date: /home/labdoo/ros2_ws/install/turtlesim/include/turtlesim/turtlesim/action/detail
[1.934s] -- Up-to-date: /home/labdoo/ros2_ws/install/turtlesim/include/turtlesim/turtlesim/action/detail/rotate_absolute__type_support.cpp
[1.935s] -- Up-to-date: /home/labdoo/ros2_ws/install/turtlesim/include/turtlesim/turtlesim/action/detail/rotate_absolute__rosidl_typesupport_introspection_cpp.hpp
[1.935s] -- Up-to-date: /home/labdoo/ros2_ws/install/turtlesim/lib/libturtlesim__rosidl_typesupport_introspection_cpp.so
[1.935s] -- Up-to-date: /home/labdoo/ros2_ws/install/turtlesim/lib/libturtlesim__rosidl_typesupport_cpp.so
[1.935s] -- Up-to-date: /home/labdoo/ros2_ws/install/turtlesim/share/turtlesim/environment/pythonpath.sh
[1.935s] -- Up-to-date: /home/labdoo/ros2_ws/install/turtlesim/share/turtlesim/environment/pythonpath.dsv
[1.935s] -- Up-to-date: /home/labdoo/ros2_ws/install/turtlesim/lib/python3.10/site-packages/turtlesim-1.6.1-py3.10.egg-info
[1.936s] -- Installing: /home/labdoo/ros2_ws/install/turtlesim/lib/python3.10/site-packages/turtlesim-1.6.1-py3.10.egg-info/dependency_links.txt
[1.936s] -- Installing: /home/labdoo/ros2_ws/install/turtlesim/lib/python3.10/site-packages/turtlesim-1.6.1-py3.10.egg-info/SOURCES.txt
[1.936s] -- Installing: /home/labdoo/ros2_ws/install/turtlesim/lib/python3.10/site-packages/turtlesim-1.6.1-py3.10.egg-info/top_level.txt
[1.936s] -- Installing: /home/labdoo/ros2_ws/install/turtlesim/lib/python3.10/site-packages/turtlesim-1.6.1-py3.10.egg-info/PKG-INFO
[1.936s] -- Up-to-date: /home/labdoo/ros2_ws/install/turtlesim/lib/python3.10/site-packages/turtlesim
[1.936s] -- Up-to-date: /home/labdoo/ros2_ws/install/turtlesim/lib/python3.10/site-packages/turtlesim/_turtlesim_s.ep.rosidl_typesupport_fastrtps_c.c
[1.937s] -- Up-to-date: /home/labdoo/ros2_ws/install/turtlesim/lib/python3.10/site-packages/turtlesim/_turtlesim_s.ep.rosidl_typesupport_introspection_c.c
[1.937s] -- Up-to-date: /home/labdoo/ros2_ws/install/turtlesim/lib/python3.10/site-packages/turtlesim/turtlesim_s__rosidl_typesupport_c.cpython-310-x86_64-linux-gnu.so
[1.937s] -- Up-to-date: /home/labdoo/ros2_ws/install/turtlesim/lib/python3.10/site-packages/turtlesim/msg
[1.937s] -- Up-to-date: /home/labdoo/ros2_ws/install/turtlesim/lib/python3.10/site-packages/turtlesim/msg/_color.py
[1.937s] -- Up-to-date: /home/labdoo/ros2_ws/install/turtlesim/lib/python3.10/site-packages/turtlesim/msg/_pose.py
[1.937s] -- Up-to-date: /home/labdoo/ros2_ws/install/turtlesim/lib/python3.10/site-packages/turtlesim/msg/_pose_s.c
[1.938s] -- Up-to-date: /home/labdoo/ros2_ws/install/turtlesim/lib/python3.10/site-packages/turtlesim/msg/_color_s.c
[1.938s] -- Up-to-date: /home/labdoo/ros2_ws/install/turtlesim/lib/python3.10/site-packages/turtlesim/msg/__init__.py
[1.938s] -- Up-to-date: /home/labdoo/ros2_ws/install/turtlesim/lib/python3.10/site-packages/turtlesim/srv
[1.938s] -- Up-to-date: /home/labdoo/ros2_ws/install/turtlesim/lib/python3.10/site-packages/turtlesim/srv/_teleport_relative.py
[1.938s] -- Up-to-date: /home/labdoo/ros2_ws/install/turtlesim/lib/python3.10/site-packages/turtlesim/srv/_spawn_s.c
[1.938s] -- Up-to-date: /home/labdoo/ros2_ws/install/turtlesim/lib/python3.10/site-packages/turtlesim/srv/_kill_s.c
[1.939s] -- Up-to-date: /home/labdoo/ros2_ws/install/turtlesim/lib/python3.10/site-packages/turtlesim/srv/_teleport_relative_s.c
[1.939s] -- Up-to-date: /home/labdoo/ros2_ws/install/turtlesim/lib/python3.10/site-packages/turtlesim/srv/_spawn.py
[1.939s] -- Up-to-date: /home/labdoo/ros2_ws/install/turtlesim/lib/python3.10/site-packages/turtlesim/srv/_teleport_absolute.py
[1.939s] -- Up-to-date: /home/labdoo/ros2_ws/install/turtlesim/lib/python3.10/site-packages/turtlesim/srv/_set_pen_s.c
[1.939s] -- Up-to-date: /home/labdoo/ros2_ws/install/turtlesim/lib/python3.10/site-packages/turtlesim/srv/_set_pen.py
[1.939s] -- Up-to-date: /home/labdoo/ros2_ws/install/turtlesim/lib/python3.10/site-packages/turtlesim/srv/_kill.py
[1.939s] -- Up-to-date: /home/labdoo/ros2_ws/install/turtlesim/lib/python3.10/site-packages/turtlesim/srv/__init__.py
[1.940s] -- Up-to-date: /home/labdoo/ros2_ws/install/turtlesim/lib/python3.10/site-packages/turtlesim/srv/_teleport_absolute_s.c
[1.940s] -- Up-to-date: /home/labdoo/ros2_ws/install/turtlesim/lib/python3.10/site-packages/turtlesim/action
[1.940s] -- Up-to-date: /home/labdoo/ros2_ws/install/turtlesim/lib/python3.10/site-packages/turtlesim/action/_rotate_absolute_s.c
[1.940s] -- Up-to-date: /home/labdoo/ros2_ws/install/turtlesim/lib/python3.10/site-packages/turtlesim/action/_rotate_absolute.py
[1.941s] -- Up-to-date: /home/labdoo/ros2_ws/install/turtlesim/lib/python3.10/site-packages/turtlesim/action/__init__.py
[1.941s] -- Up-to-date: /home/labdoo/ros2_ws/install/turtlesim/lib/python3.10/site-packages/turtlesim/_turtlesim_s.ep.rosidl_typesupport_c.c
[1.941s] -- Up-to-date: /home/labdoo/ros2_ws/install/turtlesim/lib/python3.10/site-packages/turtlesim/libturtlesim__rosidl_generator_py.so
[1.941s] -- Up-to-date: /home/labdoo/ros2_ws/install/turtlesim/lib/python3.10/site-packages/turtlesim/turtlesim_s__rosidl_typesupport_introspection_c.cpython-310-x86_64-linux-gnu.so
[1.941s] -- Up-to-date: /home/labdoo/ros2_ws/install/turtlesim/lib/python3.10/site-packages/turtlesim/__init__.py
[1.941s] -- Up-to-date: /home/labdoo/ros2_ws/install/turtlesim/lib/python3.10/site-packages/turtlesim/turtlesim_s__rosidl_typesupport_fastrtps_c.cpython-310-x86_64-linux-gnu.so
[1.978s] Listing '/home/labdoo/ros2_ws/install/turtlesim/lib/python3.10/site-packages/turtlesim'...
[1.978s] Listing '/home/labdoo/ros2_ws/install/turtlesim/lib/python3.10/site-packages/turtlesim/action'...
[1.979s] Listing '/home/labdoo/ros2_ws/install/turtlesim/lib/python3.10/site-packages/turtlesim/msg'...
[1.979s] Listing '/home/labdoo/ros2_ws/install/turtlesim/lib/python3.10/site-packages/turtlesim/srv'...
[1.986s] -- Up-to-date: /home/labdoo/ros2_ws/install/turtlesim/lib/python3.10/site-packages/turtlesim/turtlesim_s__rosidl_typesupport_fastrtps_c.cpython-310-x86_64-linux-gnu.so
[1.987s] -- Up-to-date: /home/labdoo/ros2_ws/install/turtlesim/lib/python3.10/site-packages/turtlesim/turtlesim_s__rosidl_typesupport_introspection_c.cpython-310-x86_64-linux-gnu.so
[1.987s] -- Up-to-date: /home/labdoo/ros2_ws/install/turtlesim/lib/python3.10/site-packages/turtlesim/turtlesim_s__rosidl_typesupport_c.cpython-310-x86_64-linux-gnu.so
[1.988s] -- Up-to-date: /home/labdoo/ros2_ws/install/turtlesim/lib/libturtlesim__rosidl_generator_py.so
[1.988s] -- Up-to-date: /home/labdoo/ros2_ws/install/turtlesim/share/turtlesim/action/RotateAbsolute.idl
[1.988s] -- Up-to-date: /home/labdoo/ros2_ws/install/turtlesim/share/turtlesim/msg/Color.idl
[1.989s] -- Up-to-date: /home/labdoo/ros2_ws/install/turtlesim/share/turtlesim/msg/Pose.idl
[1.989s] -- Up-to-date: /home/labdoo/ros2_ws/install/turtlesim/share/turtlesim/srv/Kill.idl
[1.989s] -- Up-to-date: /home/labdoo/ros2_ws/install/turtlesim/share/turtlesim/srv/SetPen.idl
[1.990s] -- Up-to-date: /home/labdoo/ros2_ws/install/turtlesim/share/turtlesim/srv/Spawn.idl
[1.990s] -- Up-to-date: /home/labdoo/ros2_ws/install/turtlesim/share/turtlesim/srv/TeleportAbsolute.idl
[1.990s] -- Up-to-date: /home/labdoo/ros2_ws/install/turtlesim/share/turtlesim/srv/TeleportRelative.idl
[1.990s] -- Up-to-date: /home/labdoo/ros2_ws/install/turtlesim/share/turtlesim/action/RotateAbsolute.action
[1.991s] -- Up-to-date: /home/labdoo/ros2_ws/install/turtlesim/share/turtlesim/msg/Color.msg
[1.991s] -- Up-to-date: /home/labdoo/ros2_ws/install/turtlesim/share/turtlesim/msg/Pose.msg
[1.991s] -- Up-to-date: /home/labdoo/ros2_ws/install/turtlesim/share/turtlesim/srv/Kill.srv
[1.991s] -- Up-to-date: /home/labdoo/ros2_ws/install/turtlesim/share/turtlesim/srv/Kill_Request.msg
[1.991s] -- Up-to-date: /home/labdoo/ros2_ws/install/turtlesim/share/turtlesim/srv/Kill_Response.msg
[1.991s] -- Up-to-date: /home/labdoo/ros2_ws/install/turtlesim/share/turtlesim/srv/SetPen.srv
[1.992s] -- Up-to-date: /home/labdoo/ros2_ws/install/turtlesim/share/turtlesim/srv/SetPen_Request.msg
[1.992s] -- Up-to-date: /home/labdoo/ros2_ws/install/turtlesim/share/turtlesim/srv/SetPen_Response.msg
[1.992s] -- Up-to-date: /home/labdoo/ros2_ws/install/turtlesim/share/turtlesim/srv/Spawn.srv
[1.993s] -- Up-to-date: /home/labdoo/ros2_ws/install/turtlesim/share/turtlesim/srv/Spawn_Request.msg
[1.993s] -- Up-to-date: /home/labdoo/ros2_ws/install/turtlesim/share/turtlesim/srv/Spawn_Response.msg
[1.993s] -- Up-to-date: /home/labdoo/ros2_ws/install/turtlesim/share/turtlesim/srv/TeleportAbsolute.srv
[1.993s] -- Up-to-date: /home/labdoo/ros2_ws/install/turtlesim/share/turtlesim/srv/TeleportAbsolute_Request.msg
[1.994s] -- Up-to-date: /home/labdoo/ros2_ws/install/turtlesim/share/turtlesim/srv/TeleportAbsolute_Response.msg
[1.994s] -- Up-to-date: /home/labdoo/ros2_ws/install/turtlesim/share/turtlesim/srv/TeleportRelative.srv
[1.994s] -- Up-to-date: /home/labdoo/ros2_ws/install/turtlesim/share/turtlesim/srv/TeleportRelative_Request.msg
[1.994s] -- Up-to-date: /home/labdoo/ros2_ws/install/turtlesim/share/turtlesim/srv/TeleportRelative_Response.msg
[1.994s] -- Up-to-date: /home/labdoo/ros2_ws/install/turtlesim/lib/turtlesim/turtlesim_node
[1.995s] -- Up-to-date: /home/labdoo/ros2_ws/install/turtlesim/lib/turtlesim/turtle_teleop_key
[1.995s] -- Up-to-date: /home/labdoo/ros2_ws/install/turtlesim/lib/turtlesim/draw_square
[1.995s] -- Up-to-date: /home/labdoo/ros2_ws/install/turtlesim/lib/turtlesim/mimic
[1.995s] -- Up-to-date: /home/labdoo/ros2_ws/install/turtlesim/share/turtlesim/images
[1.995s] -- Up-to-date: /home/labdoo/ros2_ws/install/turtlesim/share/turtlesim/images/iron.png
[1.995s] -- Up-to-date: /home/labdoo/ros2_ws/install/turtlesim/share/turtlesim/images/humble.png
[1.996s] -- Up-to-date: /home/labdoo/ros2_ws/install/turtlesim/share/turtlesim/images/rolling.png
[1.996s] -- Up-to-date: /home/labdoo/ros2_ws/install/turtlesim/share/turtlesim/images/ardent.png
[1.996s] -- Up-to-date: /home/labdoo/ros2_ws/install/turtlesim/share/turtlesim/images/eloquent.png
[1.996s] -- Up-to-date: /home/labdoo/ros2_ws/install/turtlesim/share/turtlesim/images/bouncy.png
[1.996s] -- Up-to-date: /home/labdoo/ros2_ws/install/turtlesim/share/turtlesim/images/foxy.png
[1.997s] -- Up-to-date: /home/labdoo/ros2_ws/install/turtlesim/share/turtlesim/images/dashing.png
[1.997s] -- Up-to-date: /home/labdoo/ros2_ws/install/turtlesim/share/turtlesim/images/crystal.png
[1.997s] -- Up-to-date: /home/labdoo/ros2_ws/install/turtlesim/share/turtlesim/images/galactic.png
[1.997s] -- Up-to-date: /home/labdoo/ros2_ws/install/turtlesim/share/turtlesim/launch
[1.997s] -- Up-to-date: /home/labdoo/ros2_ws/install/turtlesim/share/turtlesim/launch/multisim.launch.py
[1.998s] -- Up-to-date: /home/labdoo/ros2_ws/install/turtlesim/share/ament_index/resource_index/package_run_dependencies/turtlesim
[1.998s] -- Up-to-date: /home/labdoo/ros2_ws/install/turtlesim/share/ament_index/resource_index/parent_prefix_path/turtlesim
[1.998s] -- Up-to-date: /home/labdoo/ros2_ws/install/turtlesim/share/turtlesim/environment/ament_prefix_path.sh
[1.998s] -- Up-to-date: /home/labdoo/ros2_ws/install/turtlesim/share/turtlesim/environment/ament_prefix_path.dsv
[1.998s] -- Up-to-date: /home/labdoo/ros2_ws/install/turtlesim/share/turtlesim/environment/path.sh
[1.998s] -- Up-to-date: /home/labdoo/ros2_ws/install/turtlesim/share/turtlesim/environment/path.dsv
[1.999s] -- Up-to-date: /home/labdoo/ros2_ws/install/turtlesim/share/turtlesim/local_setup.bash
[1.999s] -- Up-to-date: /home/labdoo/ros2_ws/install/turtlesim/share/turtlesim/local_setup.sh
[1.999s] -- Up-to-date: /home/labdoo/ros2_ws/install/turtlesim/share/turtlesim/local_setup.zsh
[1.999s] -- Up-to-date: /home/labdoo/ros2_ws/install/turtlesim/share/turtlesim/local_setup.dsv
[1.999s] -- Installing: /home/labdoo/ros2_ws/install/turtlesim/share/turtlesim/package.dsv
[1.999s] -- Up-to-date: /home/labdoo/ros2_ws/install/turtlesim/share/ament_index/resource_index/packages/turtlesim
[2.000s] -- Up-to-date: /home/labdoo/ros2_ws/install/turtlesim/share/turtlesim/cmake/export_turtlesim__rosidl_generator_cExport.cmake
[2.000s] -- Up-to-date: /home/labdoo/ros2_ws/install/turtlesim/share/turtlesim/cmake/export_turtlesim__rosidl_generator_cExport-noconfig.cmake
[2.001s] -- Up-to-date: /home/labdoo/ros2_ws/install/turtlesim/share/turtlesim/cmake/export_turtlesim__rosidl_typesupport_fastrtps_cExport.cmake
[2.001s] -- Up-to-date: /home/labdoo/ros2_ws/install/turtlesim/share/turtlesim/cmake/export_turtlesim__rosidl_typesupport_fastrtps_cExport-noconfig.cmake
[2.002s] -- Up-to-date: /home/labdoo/ros2_ws/install/turtlesim/share/turtlesim/cmake/export_turtlesim__rosidl_generator_cppExport.cmake
[2.002s] -- Up-to-date: /home/labdoo/ros2_ws/install/turtlesim/share/turtlesim/cmake/export_turtlesim__rosidl_typesupport_fastrtps_cppExport.cmake
[2.002s] -- Up-to-date: /home/labdoo/ros2_ws/install/turtlesim/share/turtlesim/cmake/export_turtlesim__rosidl_typesupport_fastrtps_cppExport-noconfig.cmake
[2.003s] -- Up-to-date: /home/labdoo/ros2_ws/install/turtlesim/share/turtlesim/cmake/turtlesim__rosidl_typesupport_introspection_cExport.cmake
[2.003s] -- Up-to-date: /home/labdoo/ros2_ws/install/turtlesim/share/turtlesim/cmake/turtlesim__rosidl_typesupport_introspection_cExport-noconfig.cmake
[2.003s] -- Up-to-date: /home/labdoo/ros2_ws/install/turtlesim/share/turtlesim/cmake/turtlesim__rosidl_typesupport_cExport.cmake
[2.003s] -- Up-to-date: /home/labdoo/ros2_ws/install/turtlesim/share/turtlesim/cmake/turtlesim__rosidl_typesupport_cExport-noconfig.cmake
[2.003s] -- Up-to-date: /home/labdoo/ros2_ws/install/turtlesim/share/turtlesim/cmake/turtlesim__rosidl_typesupport_introspection_cppExport.cmake
[2.004s] -- Up-to-date: /home/labdoo/ros2_ws/install/turtlesim/share/turtlesim/cmake/turtlesim__rosidl_typesupport_introspection_cppExport-noconfig.cmake
[2.004s] -- Up-to-date: /home/labdoo/ros2_ws/install/turtlesim/share/turtlesim/cmake/turtlesim__rosidl_typesupport_cppExport.cmake
[2.004s] -- Up-to-date: /home/labdoo/ros2_ws/install/turtlesim/share/turtlesim/cmake/turtlesim__rosidl_typesupport_cppExport-noconfig.cmake
[2.004s] -- Up-to-date: /home/labdoo/ros2_ws/install/turtlesim/share/turtlesim/cmake/export_turtlesim__rosidl_generator_pyExport.cmake
[2.005s] -- Up-to-date: /home/labdoo/ros2_ws/install/turtlesim/share/turtlesim/cmake/export_turtlesim__rosidl_generator_pyExport-noconfig.cmake
[2.005s] -- Up-to-date: /home/labdoo/ros2_ws/install/turtlesim/share/turtlesim/cmake/rosidl_cmake-extras.cmake
[2.005s] -- Up-to-date: /home/labdoo/ros2_ws/install/turtlesim/share/turtlesim/cmake/ament_cmake_export_dependencies-extras.cmake
[2.005s] -- Up-to-date: /home/labdoo/ros2_ws/install/turtlesim/share/turtlesim/cmake/ament_cmake_export_include_directories-extras.cmake
[2.006s] -- Up-to-date: /home/labdoo/ros2_ws/install/turtlesim/share/turtlesim/cmake/ament_cmake_export_libraries-extras.cmake
[2.006s] -- Up-to-date: /home/labdoo/ros2_ws/install/turtlesim/share/turtlesim/cmake/ament_cmake_export_targets-extras.cmake
[2.006s] -- Up-to-date: /home/labdoo/ros2_ws/install/turtlesim/share/turtlesim/cmake/rosidl_cmake_export_typesupport_targets-extras.cmake
[2.007s] -- Up-to-date: /home/labdoo/ros2_ws/install/turtlesim/share/turtlesim/cmake/rosidl_cmake_export_typesupport_libraries-extras.cmake
[2.007s] -- Up-to-date: /home/labdoo/ros2_ws/install/turtlesim/share/turtlesim/cmake/turtlesimConfig.cmake
[2.007s] -- Up-to-date: /home/labdoo/ros2_ws/install/turtlesim/share/turtlesim/cmake/turtlesimConfig-version.cmake
[2.007s] -- Up-to-date: /home/labdoo/ros2_ws/install/turtlesim/share/turtlesim/package.xml
[2.008s] Invoked command in '/home/labdoo/ros2_ws/build/turtlesim' returned '0': CMAKE_PREFIX_PATH=${CMAKE_PREFIX_PATH}:/home/labdoo/ros2_ws/install/urdf_tutorial:/home/labdoo/ros2_ws/install/py_pubsub:/home/labdoo/ros2_ws/install/launch_testing_examples:/home/labdoo/ros2_ws/install/examples_rclpy_pointcloud_publisher:/home/labdoo/ros2_ws/install/examples_rclpy_minimal_subscriber:/home/labdoo/ros2_ws/install/examples_rclpy_minimal_service:/home/labdoo/ros2_ws/install/examples_rclpy_minimal_publisher:/home/labdoo/ros2_ws/install/examples_rclpy_minimal_client:/home/labdoo/ros2_ws/install/examples_rclpy_minimal_action_server:/home/labdoo/ros2_ws/install/examples_rclpy_minimal_action_client:/home/labdoo/ros2_ws/install/examples_rclpy_guard_conditions:/home/labdoo/ros2_ws/install/examples_rclpy_executors:/opt/ros/iron /usr/bin/cmake --install /home/labdoo/ros2_ws/build/turtlesim
