[2.019s] Invoking command in '/home/labdoo/ros2_ws/src/py_pubsub': PYTHONPATH=/home/labdoo/ros2_ws/build/py_pubsub/prefix_override:/home/labdoo/ros2_ws/install/py_pubsub/lib/python3.10/site-packages:${PYTHONPATH} /usr/bin/python3 setup.py egg_info --egg-base ../../build/py_pubsub build --build-base /home/labdoo/ros2_ws/build/py_pubsub/build install --record /home/labdoo/ros2_ws/build/py_pubsub/install.log --single-version-externally-managed
[2.597s] running egg_info
[2.600s] writing ../../build/py_pubsub/py_pubsub.egg-info/PKG-INFO
[2.600s] writing dependency_links to ../../build/py_pubsub/py_pubsub.egg-info/dependency_links.txt
[2.602s] writing entry points to ../../build/py_pubsub/py_pubsub.egg-info/entry_points.txt
[2.604s] writing requirements to ../../build/py_pubsub/py_pubsub.egg-info/requires.txt
[2.604s] writing top-level names to ../../build/py_pubsub/py_pubsub.egg-info/top_level.txt
[2.610s] reading manifest file '../../build/py_pubsub/py_pubsub.egg-info/SOURCES.txt'
[2.610s] adding license file 'LICENSE'
[2.612s] writing manifest file '../../build/py_pubsub/py_pubsub.egg-info/SOURCES.txt'
[2.612s] running build
[2.613s] running build_py
[2.613s] running install
[2.613s] /usr/lib/python3/dist-packages/setuptools/command/install.py:34: SetuptoolsDeprecationWarning: setup.py install is deprecated. Use build and pip and other standards-based tools.
[2.613s]   warnings.warn(
[2.614s] running install_lib
[2.618s] running install_data
[2.624s] running install_egg_info
[2.624s] removing '/home/labdoo/ros2_ws/install/py_pubsub/lib/python3.10/site-packages/py_pubsub-0.0.0-py3.10.egg-info' (and everything under it)
[2.628s] Copying ../../build/py_pubsub/py_pubsub.egg-info to /home/labdoo/ros2_ws/install/py_pubsub/lib/python3.10/site-packages/py_pubsub-0.0.0-py3.10.egg-info
[2.636s] running install_scripts
[2.675s] writing list of installed files to '/home/labdoo/ros2_ws/build/py_pubsub/install.log'
[2.727s] Invoked command in '/home/labdoo/ros2_ws/src/py_pubsub' returned '0': PYTHONPATH=/home/labdoo/ros2_ws/build/py_pubsub/prefix_override:/home/labdoo/ros2_ws/install/py_pubsub/lib/python3.10/site-packages:${PYTHONPATH} /usr/bin/python3 setup.py egg_info --egg-base ../../build/py_pubsub build --build-base /home/labdoo/ros2_ws/build/py_pubsub/build install --record /home/labdoo/ros2_ws/build/py_pubsub/install.log --single-version-externally-managed
