[0.109s] Invoking command in '/home/labdoo/ros2_ws/build/my_bot': CMAKE_PREFIX_PATH=/opt/ros/iron /usr/bin/cmake --build /home/labdoo/ros2_ws/build/my_bot -- -j4 -l4
[0.193s] [100%] Built target my_node
[0.213s] Invoked command in '/home/labdoo/ros2_ws/build/my_bot' returned '0': CMAKE_PREFIX_PATH=/opt/ros/iron /usr/bin/cmake --build /home/labdoo/ros2_ws/build/my_bot -- -j4 -l4
[0.257s] Invoking command in '/home/labdoo/ros2_ws/build/my_bot': CMAKE_PREFIX_PATH=/opt/ros/iron /usr/bin/cmake --install /home/labdoo/ros2_ws/build/my_bot
[0.271s] -- Install configuration: ""
[0.271s] -- Up-to-date: /home/labdoo/ros2_ws/install/my_bot/lib/my_bot/my_node
[0.271s] -- Up-to-date: /home/labdoo/ros2_ws/install/my_bot/share/my_bot/launch
[0.287s] -- Up-to-date: /home/labdoo/ros2_ws/install/my_bot/share/my_bot/launch/my_bot_launch.py
[0.287s] -- Up-to-date: /home/labdoo/ros2_ws/install/my_bot/share/my_bot/launch/launch
[0.288s] -- Up-to-date: /home/labdoo/ros2_ws/install/my_bot/share/my_bot/launch/__pycache__
[0.288s] -- Installing: /home/labdoo/ros2_ws/install/my_bot/share/my_bot/launch/__pycache__/my_bot_launch.cpython-310.pyc
[0.288s] -- Up-to-date: /home/labdoo/ros2_ws/install/my_bot/share/ament_index/resource_index/package_run_dependencies/my_bot
[0.288s] -- Up-to-date: /home/labdoo/ros2_ws/install/my_bot/share/ament_index/resource_index/parent_prefix_path/my_bot
[0.288s] -- Up-to-date: /home/labdoo/ros2_ws/install/my_bot/share/my_bot/environment/ament_prefix_path.sh
[0.289s] -- Up-to-date: /home/labdoo/ros2_ws/install/my_bot/share/my_bot/environment/ament_prefix_path.dsv
[0.289s] -- Up-to-date: /home/labdoo/ros2_ws/install/my_bot/share/my_bot/environment/path.sh
[0.289s] -- Up-to-date: /home/labdoo/ros2_ws/install/my_bot/share/my_bot/environment/path.dsv
[0.289s] -- Up-to-date: /home/labdoo/ros2_ws/install/my_bot/share/my_bot/local_setup.bash
[0.289s] -- Up-to-date: /home/labdoo/ros2_ws/install/my_bot/share/my_bot/local_setup.sh
[0.289s] -- Up-to-date: /home/labdoo/ros2_ws/install/my_bot/share/my_bot/local_setup.zsh
[0.290s] -- Up-to-date: /home/labdoo/ros2_ws/install/my_bot/share/my_bot/local_setup.dsv
[0.290s] -- Installing: /home/labdoo/ros2_ws/install/my_bot/share/my_bot/package.dsv
[0.290s] -- Up-to-date: /home/labdoo/ros2_ws/install/my_bot/share/ament_index/resource_index/packages/my_bot
[0.290s] -- Up-to-date: /home/labdoo/ros2_ws/install/my_bot/share/my_bot/cmake/my_botConfig.cmake
[0.290s] -- Up-to-date: /home/labdoo/ros2_ws/install/my_bot/share/my_bot/cmake/my_botConfig-version.cmake
[0.290s] -- Up-to-date: /home/labdoo/ros2_ws/install/my_bot/share/my_bot/package.xml
[0.301s] Invoked command in '/home/labdoo/ros2_ws/build/my_bot' returned '0': CMAKE_PREFIX_PATH=/opt/ros/iron /usr/bin/cmake --install /home/labdoo/ros2_ws/build/my_bot
