[0.802s] Invoking command in '/home/labdoo/ros2_ws/build/examples_rclcpp_minimal_client': CMAKE_PREFIX_PATH=${CMAKE_PREFIX_PATH}:/home/labdoo/ros2_ws/install/launch_testing_examples:/home/labdoo/ros2_ws/install/examples_rclpy_pointcloud_publisher:/home/labdoo/ros2_ws/install/examples_rclpy_minimal_subscriber:/home/labdoo/ros2_ws/install/examples_rclpy_minimal_service:/home/labdoo/ros2_ws/install/examples_rclpy_minimal_publisher:/home/labdoo/ros2_ws/install/examples_rclpy_minimal_client:/home/labdoo/ros2_ws/install/examples_rclpy_minimal_action_server:/home/labdoo/ros2_ws/install/examples_rclpy_minimal_action_client:/home/labdoo/ros2_ws/install/examples_rclpy_guard_conditions:/home/labdoo/ros2_ws/install/examples_rclpy_executors:/opt/ros/iron:/home/labdoo/turtlebot3_ws/install/turtlebot3_teleop:/home/labdoo/turtlebot3_ws/install/turtlebot3_example:/home/labdoo/turtlebot3_ws/install/newpackage /usr/bin/cmake /home/labdoo/ros2_ws/src/examples/rclcpp/services/minimal_client -DCMAKE_INSTALL_PREFIX=/home/labdoo/ros2_ws/install/examples_rclcpp_minimal_client
[0.817s] -- Found ament_cmake: 2.0.4 (/opt/ros/iron/share/ament_cmake/cmake)
[1.081s] -- Override CMake install command with custom implementation using symlinks instead of copying resources
[1.097s] -- Found example_interfaces: 0.10.2 (/opt/ros/iron/share/example_interfaces/cmake)
[1.163s] -- Found rosidl_generator_c: 4.0.1 (/opt/ros/iron/share/rosidl_generator_c/cmake)
[1.186s] -- Found rosidl_generator_cpp: 4.0.1 (/opt/ros/iron/share/rosidl_generator_cpp/cmake)
[1.227s] -- Using all available rosidl_typesupport_c: rosidl_typesupport_fastrtps_c;rosidl_typesupport_introspection_c
[1.275s] -- Using all available rosidl_typesupport_cpp: rosidl_typesupport_fastrtps_cpp;rosidl_typesupport_introspection_cpp
[1.968s] -- Found rclcpp: 21.0.5 (/opt/ros/iron/share/rclcpp/cmake)
[2.224s] -- Found rmw_implementation_cmake: 7.1.0 (/opt/ros/iron/share/rmw_implementation_cmake/cmake)
[2.232s] -- Found rmw_fastrtps_cpp: 7.1.3 (/opt/ros/iron/share/rmw_fastrtps_cpp/cmake)
[2.565s] -- Using RMW implementation 'rmw_fastrtps_cpp' as default
[3.035s] -- Found ament_lint_auto: 0.14.3 (/opt/ros/iron/share/ament_lint_auto/cmake)
[3.245s] -- Added test 'copyright' to check source files copyright and LICENSE
[3.247s] -- Added test 'cppcheck' to perform static code analysis on C / C++ code
[3.249s] -- Configured cppcheck include dirs: 
[3.249s] -- Configured cppcheck exclude dirs and/or files: 
[3.252s] -- Added test 'cpplint' to check C / C++ code against the Google style
[3.252s] -- Configured cpplint exclude dirs and/or files: 
[3.255s] -- Added test 'lint_cmake' to check CMake code style
[3.258s] -- Added test 'uncrustify' to check C / C++ code style
[3.258s] -- Configured uncrustify additional arguments: 
[3.260s] -- Added test 'xmllint' to check XML markup files
[3.270s] -- Configuring done
[3.335s] -- Generating done
[3.348s] -- Build files have been written to: /home/labdoo/ros2_ws/build/examples_rclcpp_minimal_client
[3.390s] Invoked command in '/home/labdoo/ros2_ws/build/examples_rclcpp_minimal_client' returned '0': CMAKE_PREFIX_PATH=${CMAKE_PREFIX_PATH}:/home/labdoo/ros2_ws/install/launch_testing_examples:/home/labdoo/ros2_ws/install/examples_rclpy_pointcloud_publisher:/home/labdoo/ros2_ws/install/examples_rclpy_minimal_subscriber:/home/labdoo/ros2_ws/install/examples_rclpy_minimal_service:/home/labdoo/ros2_ws/install/examples_rclpy_minimal_publisher:/home/labdoo/ros2_ws/install/examples_rclpy_minimal_client:/home/labdoo/ros2_ws/install/examples_rclpy_minimal_action_server:/home/labdoo/ros2_ws/install/examples_rclpy_minimal_action_client:/home/labdoo/ros2_ws/install/examples_rclpy_guard_conditions:/home/labdoo/ros2_ws/install/examples_rclpy_executors:/opt/ros/iron:/home/labdoo/turtlebot3_ws/install/turtlebot3_teleop:/home/labdoo/turtlebot3_ws/install/turtlebot3_example:/home/labdoo/turtlebot3_ws/install/newpackage /usr/bin/cmake /home/labdoo/ros2_ws/src/examples/rclcpp/services/minimal_client -DCMAKE_INSTALL_PREFIX=/home/labdoo/ros2_ws/install/examples_rclcpp_minimal_client
[3.401s] Invoking command in '/home/labdoo/ros2_ws/build/examples_rclcpp_minimal_client': CMAKE_PREFIX_PATH=${CMAKE_PREFIX_PATH}:/home/labdoo/ros2_ws/install/launch_testing_examples:/home/labdoo/ros2_ws/install/examples_rclpy_pointcloud_publisher:/home/labdoo/ros2_ws/install/examples_rclpy_minimal_subscriber:/home/labdoo/ros2_ws/install/examples_rclpy_minimal_service:/home/labdoo/ros2_ws/install/examples_rclpy_minimal_publisher:/home/labdoo/ros2_ws/install/examples_rclpy_minimal_client:/home/labdoo/ros2_ws/install/examples_rclpy_minimal_action_server:/home/labdoo/ros2_ws/install/examples_rclpy_minimal_action_client:/home/labdoo/ros2_ws/install/examples_rclpy_guard_conditions:/home/labdoo/ros2_ws/install/examples_rclpy_executors:/opt/ros/iron:/home/labdoo/turtlebot3_ws/install/turtlebot3_teleop:/home/labdoo/turtlebot3_ws/install/turtlebot3_example:/home/labdoo/turtlebot3_ws/install/newpackage /usr/bin/cmake --build /home/labdoo/ros2_ws/build/examples_rclcpp_minimal_client -- -j4 -l4
[3.581s] [35m[1mConsolidate compiler generated dependencies of target client_main[0m
[3.669s] [100%] Built target client_main
[3.754s] Invoked command in '/home/labdoo/ros2_ws/build/examples_rclcpp_minimal_client' returned '0': CMAKE_PREFIX_PATH=${CMAKE_PREFIX_PATH}:/home/labdoo/ros2_ws/install/launch_testing_examples:/home/labdoo/ros2_ws/install/examples_rclpy_pointcloud_publisher:/home/labdoo/ros2_ws/install/examples_rclpy_minimal_subscriber:/home/labdoo/ros2_ws/install/examples_rclpy_minimal_service:/home/labdoo/ros2_ws/install/examples_rclpy_minimal_publisher:/home/labdoo/ros2_ws/install/examples_rclpy_minimal_client:/home/labdoo/ros2_ws/install/examples_rclpy_minimal_action_server:/home/labdoo/ros2_ws/install/examples_rclpy_minimal_action_client:/home/labdoo/ros2_ws/install/examples_rclpy_guard_conditions:/home/labdoo/ros2_ws/install/examples_rclpy_executors:/opt/ros/iron:/home/labdoo/turtlebot3_ws/install/turtlebot3_teleop:/home/labdoo/turtlebot3_ws/install/turtlebot3_example:/home/labdoo/turtlebot3_ws/install/newpackage /usr/bin/cmake --build /home/labdoo/ros2_ws/build/examples_rclcpp_minimal_client -- -j4 -l4
[3.924s] Invoking command in '/home/labdoo/ros2_ws/build/examples_rclcpp_minimal_client': CMAKE_PREFIX_PATH=${CMAKE_PREFIX_PATH}:/home/labdoo/ros2_ws/install/launch_testing_examples:/home/labdoo/ros2_ws/install/examples_rclpy_pointcloud_publisher:/home/labdoo/ros2_ws/install/examples_rclpy_minimal_subscriber:/home/labdoo/ros2_ws/install/examples_rclpy_minimal_service:/home/labdoo/ros2_ws/install/examples_rclpy_minimal_publisher:/home/labdoo/ros2_ws/install/examples_rclpy_minimal_client:/home/labdoo/ros2_ws/install/examples_rclpy_minimal_action_server:/home/labdoo/ros2_ws/install/examples_rclpy_minimal_action_client:/home/labdoo/ros2_ws/install/examples_rclpy_guard_conditions:/home/labdoo/ros2_ws/install/examples_rclpy_executors:/opt/ros/iron:/home/labdoo/turtlebot3_ws/install/turtlebot3_teleop:/home/labdoo/turtlebot3_ws/install/turtlebot3_example:/home/labdoo/turtlebot3_ws/install/newpackage /usr/bin/cmake --install /home/labdoo/ros2_ws/build/examples_rclcpp_minimal_client
[3.939s] -- Install configuration: ""
[3.940s] -- Execute custom install script
[3.941s] -- Up-to-date symlink: /home/labdoo/ros2_ws/install/examples_rclcpp_minimal_client/lib/examples_rclcpp_minimal_client/client_main
[3.941s] -- Up-to-date symlink: /home/labdoo/ros2_ws/install/examples_rclcpp_minimal_client/share/ament_index/resource_index/package_run_dependencies/examples_rclcpp_minimal_client
[3.941s] -- Up-to-date symlink: /home/labdoo/ros2_ws/install/examples_rclcpp_minimal_client/share/ament_index/resource_index/parent_prefix_path/examples_rclcpp_minimal_client
[3.942s] -- Up-to-date symlink: /home/labdoo/ros2_ws/install/examples_rclcpp_minimal_client/share/examples_rclcpp_minimal_client/environment/ament_prefix_path.sh
[3.942s] -- Up-to-date symlink: /home/labdoo/ros2_ws/install/examples_rclcpp_minimal_client/share/examples_rclcpp_minimal_client/environment/ament_prefix_path.dsv
[3.943s] -- Up-to-date symlink: /home/labdoo/ros2_ws/install/examples_rclcpp_minimal_client/share/examples_rclcpp_minimal_client/environment/path.sh
[3.943s] -- Up-to-date symlink: /home/labdoo/ros2_ws/install/examples_rclcpp_minimal_client/share/examples_rclcpp_minimal_client/environment/path.dsv
[3.943s] -- Up-to-date symlink: /home/labdoo/ros2_ws/install/examples_rclcpp_minimal_client/share/examples_rclcpp_minimal_client/local_setup.bash
[3.944s] -- Up-to-date symlink: /home/labdoo/ros2_ws/install/examples_rclcpp_minimal_client/share/examples_rclcpp_minimal_client/local_setup.sh
[3.944s] -- Up-to-date symlink: /home/labdoo/ros2_ws/install/examples_rclcpp_minimal_client/share/examples_rclcpp_minimal_client/local_setup.zsh
[3.944s] -- Up-to-date symlink: /home/labdoo/ros2_ws/install/examples_rclcpp_minimal_client/share/examples_rclcpp_minimal_client/local_setup.dsv
[3.945s] -- Symlinking: /home/labdoo/ros2_ws/install/examples_rclcpp_minimal_client/share/examples_rclcpp_minimal_client/package.dsv
[3.961s] -- Up-to-date symlink: /home/labdoo/ros2_ws/install/examples_rclcpp_minimal_client/share/ament_index/resource_index/packages/examples_rclcpp_minimal_client
[3.961s] -- Up-to-date symlink: /home/labdoo/ros2_ws/install/examples_rclcpp_minimal_client/share/examples_rclcpp_minimal_client/cmake/examples_rclcpp_minimal_clientConfig.cmake
[3.961s] -- Up-to-date symlink: /home/labdoo/ros2_ws/install/examples_rclcpp_minimal_client/share/examples_rclcpp_minimal_client/cmake/examples_rclcpp_minimal_clientConfig-version.cmake
[3.962s] -- Up-to-date symlink: /home/labdoo/ros2_ws/install/examples_rclcpp_minimal_client/share/examples_rclcpp_minimal_client/package.xml
[3.969s] Invoked command in '/home/labdoo/ros2_ws/build/examples_rclcpp_minimal_client' returned '0': CMAKE_PREFIX_PATH=${CMAKE_PREFIX_PATH}:/home/labdoo/ros2_ws/install/launch_testing_examples:/home/labdoo/ros2_ws/install/examples_rclpy_pointcloud_publisher:/home/labdoo/ros2_ws/install/examples_rclpy_minimal_subscriber:/home/labdoo/ros2_ws/install/examples_rclpy_minimal_service:/home/labdoo/ros2_ws/install/examples_rclpy_minimal_publisher:/home/labdoo/ros2_ws/install/examples_rclpy_minimal_client:/home/labdoo/ros2_ws/install/examples_rclpy_minimal_action_server:/home/labdoo/ros2_ws/install/examples_rclpy_minimal_action_client:/home/labdoo/ros2_ws/install/examples_rclpy_guard_conditions:/home/labdoo/ros2_ws/install/examples_rclpy_executors:/opt/ros/iron:/home/labdoo/turtlebot3_ws/install/turtlebot3_teleop:/home/labdoo/turtlebot3_ws/install/turtlebot3_example:/home/labdoo/turtlebot3_ws/install/newpackage /usr/bin/cmake --install /home/labdoo/ros2_ws/build/examples_rclcpp_minimal_client
