[0.147s] Invoking command in '/home/labdoo/ros2_ws/src/build/examples_rclcpp_async_client': CMAKE_PREFIX_PATH=/opt/ros/iron /usr/bin/cmake /home/labdoo/ros2_ws/src/examples/rclcpp/services/async_client -DCMAKE_INSTALL_PREFIX=/home/labdoo/ros2_ws/src/install/examples_rclcpp_async_client
[0.254s] -- The C compiler identification is GNU 11.4.0
[0.378s] -- The CXX compiler identification is GNU 11.4.0
[0.395s] -- Detecting C compiler ABI info
[0.613s] -- Detecting C compiler ABI info - done
[0.642s] -- Check for working C compiler: /usr/bin/cc - skipped
[0.645s] -- Detecting C compile features
[0.646s] -- Detecting C compile features - done
[0.668s] -- Detecting CXX compiler ABI info
[0.975s] -- Detecting CXX compiler ABI info - done
[1.022s] -- Check for working CXX compiler: /usr/bin/c++ - skipped
[1.022s] -- Detecting CXX compile features
[1.023s] -- Detecting CXX compile features - done
[1.035s] -- Found ament_cmake: 2.0.4 (/opt/ros/iron/share/ament_cmake/cmake)
[1.614s] -- Found Python3: /usr/bin/python3.10 (found version "3.10.12") found components: Interpreter 
[1.799s] -- Found example_interfaces: 0.10.2 (/opt/ros/iron/share/example_interfaces/cmake)
[1.898s] -- Found rosidl_generator_c: 4.0.1 (/opt/ros/iron/share/rosidl_generator_c/cmake)
[1.933s] -- Found rosidl_generator_cpp: 4.0.1 (/opt/ros/iron/share/rosidl_generator_cpp/cmake)
[1.990s] -- Using all available rosidl_typesupport_c: rosidl_typesupport_fastrtps_c;rosidl_typesupport_introspection_c
[2.037s] -- Using all available rosidl_typesupport_cpp: rosidl_typesupport_fastrtps_cpp;rosidl_typesupport_introspection_cpp
[2.622s] -- Found rclcpp: 21.0.5 (/opt/ros/iron/share/rclcpp/cmake)
[2.799s] -- Found rmw_implementation_cmake: 7.1.0 (/opt/ros/iron/share/rmw_implementation_cmake/cmake)
[2.802s] -- Found rmw_fastrtps_cpp: 7.1.3 (/opt/ros/iron/share/rmw_fastrtps_cpp/cmake)
[2.974s] -- Found OpenSSL: /usr/lib/x86_64-linux-gnu/libcrypto.so (found version "3.0.2")  
[3.018s] -- Found FastRTPS: /opt/ros/iron/include  
[3.110s] -- Using RMW implementation 'rmw_fastrtps_cpp' as default
[3.520s] -- Found ament_lint_auto: 0.14.3 (/opt/ros/iron/share/ament_lint_auto/cmake)
[3.653s] -- Added test 'copyright' to check source files copyright and LICENSE
[3.655s] -- Added test 'cppcheck' to perform static code analysis on C / C++ code
[3.655s] -- Configured cppcheck include dirs: 
[3.656s] -- Configured cppcheck exclude dirs and/or files: 
[3.658s] -- Added test 'cpplint' to check C / C++ code against the Google style
[3.658s] -- Configured cpplint exclude dirs and/or files: 
[3.660s] -- Added test 'lint_cmake' to check CMake code style
[3.662s] -- Added test 'uncrustify' to check C / C++ code style
[3.662s] -- Configured uncrustify additional arguments: 
[3.664s] -- Added test 'xmllint' to check XML markup files
[3.667s] -- Configuring done
[3.691s] -- Generating done
[3.694s] -- Build files have been written to: /home/labdoo/ros2_ws/src/build/examples_rclcpp_async_client
