[0.961s] Invoking command in '/home/labdoo/ros2_ws/build/my_bot': CMAKE_PREFIX_PATH=${CMAKE_PREFIX_PATH}:/home/labdoo/ros2_ws/install/urdf_tutorial:/home/labdoo/ros2_ws/install/py_pubsub:/home/labdoo/ros2_ws/install/launch_testing_examples:/home/labdoo/ros2_ws/install/examples_rclpy_pointcloud_publisher:/home/labdoo/ros2_ws/install/examples_rclpy_minimal_subscriber:/home/labdoo/ros2_ws/install/examples_rclpy_minimal_service:/home/labdoo/ros2_ws/install/examples_rclpy_minimal_publisher:/home/labdoo/ros2_ws/install/examples_rclpy_minimal_client:/home/labdoo/ros2_ws/install/examples_rclpy_minimal_action_server:/home/labdoo/ros2_ws/install/examples_rclpy_minimal_action_client:/home/labdoo/ros2_ws/install/examples_rclpy_guard_conditions:/home/labdoo/ros2_ws/install/examples_rclpy_executors:/opt/ros/iron /usr/bin/cmake /home/labdoo/ros2_ws/src/my_bot -DCMAKE_INSTALL_PREFIX=/home/labdoo/ros2_ws/install/my_bot
[1.138s] -- The C compiler identification is GNU 11.4.0
[1.297s] -- The CXX compiler identification is GNU 11.4.0
[1.319s] -- Detecting C compiler ABI info
[1.473s] -- Detecting C compiler ABI info - done
[1.495s] -- Check for working C compiler: /usr/bin/cc - skipped
[1.498s] -- Detecting C compile features
[1.499s] -- Detecting C compile features - done
[1.508s] -- Detecting CXX compiler ABI info
[1.684s] -- Detecting CXX compiler ABI info - done
[1.709s] -- Check for working CXX compiler: /usr/bin/c++ - skipped
[1.710s] -- Detecting CXX compile features
[1.713s] -- Detecting CXX compile features - done
[1.726s] -- Found ament_cmake: 2.3.2 (/home/labdoo/ros2_ws/install/ament_cmake/share/ament_cmake/cmake)
[2.125s] -- Found Python3: /usr/bin/python3 (found version "3.10.12") found components: Interpreter 
[2.410s] -- Found ament_lint_auto: 0.14.3 (/opt/ros/iron/share/ament_lint_auto/cmake)
[2.678s] -- Added test 'cppcheck' to perform static code analysis on C / C++ code
[2.678s] -- Configured cppcheck include dirs: $<BUILD_INTERFACE:/home/labdoo/ros2_ws/src/my_bot/include>
[2.678s] -- Configured cppcheck exclude dirs and/or files: 
[2.682s] -- Added test 'lint_cmake' to check CMake code style
[2.686s] -- Added test 'uncrustify' to check C / C++ code style
[2.687s] -- Configured uncrustify additional arguments: 
[2.690s] -- Added test 'xmllint' to check XML markup files
[2.697s] -- Configuring done
[2.706s] -- Generating done
[2.708s] -- Build files have been written to: /home/labdoo/ros2_ws/build/my_bot
[3.261s] Invoked command in '/home/labdoo/ros2_ws/build/my_bot' returned '0': CMAKE_PREFIX_PATH=${CMAKE_PREFIX_PATH}:/home/labdoo/ros2_ws/install/urdf_tutorial:/home/labdoo/ros2_ws/install/py_pubsub:/home/labdoo/ros2_ws/install/launch_testing_examples:/home/labdoo/ros2_ws/install/examples_rclpy_pointcloud_publisher:/home/labdoo/ros2_ws/install/examples_rclpy_minimal_subscriber:/home/labdoo/ros2_ws/install/examples_rclpy_minimal_service:/home/labdoo/ros2_ws/install/examples_rclpy_minimal_publisher:/home/labdoo/ros2_ws/install/examples_rclpy_minimal_client:/home/labdoo/ros2_ws/install/examples_rclpy_minimal_action_server:/home/labdoo/ros2_ws/install/examples_rclpy_minimal_action_client:/home/labdoo/ros2_ws/install/examples_rclpy_guard_conditions:/home/labdoo/ros2_ws/install/examples_rclpy_executors:/opt/ros/iron /usr/bin/cmake /home/labdoo/ros2_ws/src/my_bot -DCMAKE_INSTALL_PREFIX=/home/labdoo/ros2_ws/install/my_bot
[3.263s] Invoking command in '/home/labdoo/ros2_ws/build/my_bot': CMAKE_PREFIX_PATH=${CMAKE_PREFIX_PATH}:/home/labdoo/ros2_ws/install/urdf_tutorial:/home/labdoo/ros2_ws/install/py_pubsub:/home/labdoo/ros2_ws/install/launch_testing_examples:/home/labdoo/ros2_ws/install/examples_rclpy_pointcloud_publisher:/home/labdoo/ros2_ws/install/examples_rclpy_minimal_subscriber:/home/labdoo/ros2_ws/install/examples_rclpy_minimal_service:/home/labdoo/ros2_ws/install/examples_rclpy_minimal_publisher:/home/labdoo/ros2_ws/install/examples_rclpy_minimal_client:/home/labdoo/ros2_ws/install/examples_rclpy_minimal_action_server:/home/labdoo/ros2_ws/install/examples_rclpy_minimal_action_client:/home/labdoo/ros2_ws/install/examples_rclpy_guard_conditions:/home/labdoo/ros2_ws/install/examples_rclpy_executors:/opt/ros/iron /usr/bin/cmake --build /home/labdoo/ros2_ws/build/my_bot -- -j4 -l4
[3.415s] [ 50%] [32mBuilding CXX object CMakeFiles/my_node.dir/src/my_node.cpp.o[0m
[3.415s] [100%] [32m[1mLinking CXX executable my_node[0m
[3.439s] [100%] Built target my_node
[3.611s] Invoked command in '/home/labdoo/ros2_ws/build/my_bot' returned '0': CMAKE_PREFIX_PATH=${CMAKE_PREFIX_PATH}:/home/labdoo/ros2_ws/install/urdf_tutorial:/home/labdoo/ros2_ws/install/py_pubsub:/home/labdoo/ros2_ws/install/launch_testing_examples:/home/labdoo/ros2_ws/install/examples_rclpy_pointcloud_publisher:/home/labdoo/ros2_ws/install/examples_rclpy_minimal_subscriber:/home/labdoo/ros2_ws/install/examples_rclpy_minimal_service:/home/labdoo/ros2_ws/install/examples_rclpy_minimal_publisher:/home/labdoo/ros2_ws/install/examples_rclpy_minimal_client:/home/labdoo/ros2_ws/install/examples_rclpy_minimal_action_server:/home/labdoo/ros2_ws/install/examples_rclpy_minimal_action_client:/home/labdoo/ros2_ws/install/examples_rclpy_guard_conditions:/home/labdoo/ros2_ws/install/examples_rclpy_executors:/opt/ros/iron /usr/bin/cmake --build /home/labdoo/ros2_ws/build/my_bot -- -j4 -l4
[3.875s] Invoking command in '/home/labdoo/ros2_ws/build/my_bot': CMAKE_PREFIX_PATH=${CMAKE_PREFIX_PATH}:/home/labdoo/ros2_ws/install/urdf_tutorial:/home/labdoo/ros2_ws/install/py_pubsub:/home/labdoo/ros2_ws/install/launch_testing_examples:/home/labdoo/ros2_ws/install/examples_rclpy_pointcloud_publisher:/home/labdoo/ros2_ws/install/examples_rclpy_minimal_subscriber:/home/labdoo/ros2_ws/install/examples_rclpy_minimal_service:/home/labdoo/ros2_ws/install/examples_rclpy_minimal_publisher:/home/labdoo/ros2_ws/install/examples_rclpy_minimal_client:/home/labdoo/ros2_ws/install/examples_rclpy_minimal_action_server:/home/labdoo/ros2_ws/install/examples_rclpy_minimal_action_client:/home/labdoo/ros2_ws/install/examples_rclpy_guard_conditions:/home/labdoo/ros2_ws/install/examples_rclpy_executors:/opt/ros/iron /usr/bin/cmake --install /home/labdoo/ros2_ws/build/my_bot
[3.898s] -- Install configuration: ""
[3.899s] -- Installing: /home/labdoo/ros2_ws/install/my_bot/lib/my_bot/my_node
[3.900s] -- Installing: /home/labdoo/ros2_ws/install/my_bot/share/ament_index/resource_index/package_run_dependencies/my_bot
[3.901s] -- Installing: /home/labdoo/ros2_ws/install/my_bot/share/ament_index/resource_index/parent_prefix_path/my_bot
[3.901s] -- Installing: /home/labdoo/ros2_ws/install/my_bot/share/my_bot/environment/ament_prefix_path.sh
[3.902s] -- Installing: /home/labdoo/ros2_ws/install/my_bot/share/my_bot/environment/ament_prefix_path.dsv
[3.902s] -- Installing: /home/labdoo/ros2_ws/install/my_bot/share/my_bot/environment/path.sh
[3.903s] -- Installing: /home/labdoo/ros2_ws/install/my_bot/share/my_bot/environment/path.dsv
[3.903s] -- Installing: /home/labdoo/ros2_ws/install/my_bot/share/my_bot/local_setup.bash
[3.904s] -- Installing: /home/labdoo/ros2_ws/install/my_bot/share/my_bot/local_setup.sh
[3.904s] -- Installing: /home/labdoo/ros2_ws/install/my_bot/share/my_bot/local_setup.zsh
[3.905s] -- Installing: /home/labdoo/ros2_ws/install/my_bot/share/my_bot/local_setup.dsv
[3.905s] -- Installing: /home/labdoo/ros2_ws/install/my_bot/share/my_bot/package.dsv
[3.906s] -- Installing: /home/labdoo/ros2_ws/install/my_bot/share/ament_index/resource_index/packages/my_bot
[3.907s] -- Installing: /home/labdoo/ros2_ws/install/my_bot/share/my_bot/cmake/my_botConfig.cmake
[3.907s] -- Installing: /home/labdoo/ros2_ws/install/my_bot/share/my_bot/cmake/my_botConfig-version.cmake
[3.908s] -- Installing: /home/labdoo/ros2_ws/install/my_bot/share/my_bot/package.xml
[3.919s] Invoked command in '/home/labdoo/ros2_ws/build/my_bot' returned '0': CMAKE_PREFIX_PATH=${CMAKE_PREFIX_PATH}:/home/labdoo/ros2_ws/install/urdf_tutorial:/home/labdoo/ros2_ws/install/py_pubsub:/home/labdoo/ros2_ws/install/launch_testing_examples:/home/labdoo/ros2_ws/install/examples_rclpy_pointcloud_publisher:/home/labdoo/ros2_ws/install/examples_rclpy_minimal_subscriber:/home/labdoo/ros2_ws/install/examples_rclpy_minimal_service:/home/labdoo/ros2_ws/install/examples_rclpy_minimal_publisher:/home/labdoo/ros2_ws/install/examples_rclpy_minimal_client:/home/labdoo/ros2_ws/install/examples_rclpy_minimal_action_server:/home/labdoo/ros2_ws/install/examples_rclpy_minimal_action_client:/home/labdoo/ros2_ws/install/examples_rclpy_guard_conditions:/home/labdoo/ros2_ws/install/examples_rclpy_executors:/opt/ros/iron /usr/bin/cmake --install /home/labdoo/ros2_ws/build/my_bot
