[2.725s] Invoking command in '/home/labdoo/ros2_ws/src/examples/rclpy/actions/minimal_action_server': PYTHONPATH=/home/labdoo/ros2_ws/build/examples_rclpy_minimal_action_server/prefix_override:/home/labdoo/ros2_ws/install/examples_rclpy_minimal_action_server/lib/python3.10/site-packages:${PYTHONPATH} /usr/bin/python3 setup.py egg_info --egg-base ../../../../../build/examples_rclpy_minimal_action_server build --build-base /home/labdoo/ros2_ws/build/examples_rclpy_minimal_action_server/build install --record /home/labdoo/ros2_ws/build/examples_rclpy_minimal_action_server/install.log --single-version-externally-managed
[3.153s] running egg_info
[3.154s] writing ../../../../../build/examples_rclpy_minimal_action_server/examples_rclpy_minimal_action_server.egg-info/PKG-INFO
[3.156s] writing dependency_links to ../../../../../build/examples_rclpy_minimal_action_server/examples_rclpy_minimal_action_server.egg-info/dependency_links.txt
[3.156s] writing entry points to ../../../../../build/examples_rclpy_minimal_action_server/examples_rclpy_minimal_action_server.egg-info/entry_points.txt
[3.157s] writing requirements to ../../../../../build/examples_rclpy_minimal_action_server/examples_rclpy_minimal_action_server.egg-info/requires.txt
[3.158s] writing top-level names to ../../../../../build/examples_rclpy_minimal_action_server/examples_rclpy_minimal_action_server.egg-info/top_level.txt
[3.162s] reading manifest file '../../../../../build/examples_rclpy_minimal_action_server/examples_rclpy_minimal_action_server.egg-info/SOURCES.txt'
[3.164s] writing manifest file '../../../../../build/examples_rclpy_minimal_action_server/examples_rclpy_minimal_action_server.egg-info/SOURCES.txt'
[3.164s] running build
[3.165s] running build_py
[3.167s] running install
[3.168s] /usr/lib/python3/dist-packages/setuptools/command/install.py:34: SetuptoolsDeprecationWarning: setup.py install is deprecated. Use build and pip and other standards-based tools.
[3.168s]   warnings.warn(
[3.169s] running install_lib
[3.169s] running install_data
[3.171s] running install_egg_info
[3.175s] removing '/home/labdoo/ros2_ws/install/examples_rclpy_minimal_action_server/lib/python3.10/site-packages/examples_rclpy_minimal_action_server-0.18.0-py3.10.egg-info' (and everything under it)
[3.175s] Copying ../../../../../build/examples_rclpy_minimal_action_server/examples_rclpy_minimal_action_server.egg-info to /home/labdoo/ros2_ws/install/examples_rclpy_minimal_action_server/lib/python3.10/site-packages/examples_rclpy_minimal_action_server-0.18.0-py3.10.egg-info
[3.176s] running install_scripts
[3.221s] Installing server script to /home/labdoo/ros2_ws/install/examples_rclpy_minimal_action_server/lib/examples_rclpy_minimal_action_server
[3.221s] Installing server_defer script to /home/labdoo/ros2_ws/install/examples_rclpy_minimal_action_server/lib/examples_rclpy_minimal_action_server
[3.221s] Installing server_not_composable script to /home/labdoo/ros2_ws/install/examples_rclpy_minimal_action_server/lib/examples_rclpy_minimal_action_server
[3.222s] Installing server_queue_goals script to /home/labdoo/ros2_ws/install/examples_rclpy_minimal_action_server/lib/examples_rclpy_minimal_action_server
[3.222s] Installing server_single_goal script to /home/labdoo/ros2_ws/install/examples_rclpy_minimal_action_server/lib/examples_rclpy_minimal_action_server
[3.223s] writing list of installed files to '/home/labdoo/ros2_ws/build/examples_rclpy_minimal_action_server/install.log'
[4.116s] Invoked command in '/home/labdoo/ros2_ws/src/examples/rclpy/actions/minimal_action_server' returned '0': PYTHONPATH=/home/labdoo/ros2_ws/build/examples_rclpy_minimal_action_server/prefix_override:/home/labdoo/ros2_ws/install/examples_rclpy_minimal_action_server/lib/python3.10/site-packages:${PYTHONPATH} /usr/bin/python3 setup.py egg_info --egg-base ../../../../../build/examples_rclpy_minimal_action_server build --build-base /home/labdoo/ros2_ws/build/examples_rclpy_minimal_action_server/build install --record /home/labdoo/ros2_ws/build/examples_rclpy_minimal_action_server/install.log --single-version-externally-managed
