[0.299s] Invoking command in '/home/labdoo/ros2_ws/build/ament_cmake_gen_version_h': AMENT_PREFIX_PATH=/home/labdoo/ros2_ws/install/ament_cmake_gtest:/home/labdoo/ros2_ws/install/ament_cmake_test:/home/labdoo/ros2_ws/install/ament_cmake_core:${AMENT_PREFIX_PATH} CMAKE_PREFIX_PATH=/home/labdoo/ros2_ws/install/ament_cmake_gtest:/home/labdoo/ros2_ws/install/ament_cmake_test:/home/labdoo/ros2_ws/install/ament_cmake_core:/opt/ros/iron PYTHONPATH=/home/labdoo/ros2_ws/install/ament_cmake_test/lib/python3.10/site-packages:${PYTHONPATH} /usr/bin/cmake --build /home/labdoo/ros2_ws/build/ament_cmake_gen_version_h -- -j4 -l4
[0.421s] [ 16%] Built target gtest_main
[0.431s] [ 33%] Built target gtest
[0.431s] [ 41%] Built target ament_generate_version_header__some_lib
[0.478s] [ 83%] Built target test_ament_cmake_gen_version_h
[0.486s] [100%] Built target test_ament_generate_version_header
[0.586s] Invoked command in '/home/labdoo/ros2_ws/build/ament_cmake_gen_version_h' returned '0': AMENT_PREFIX_PATH=/home/labdoo/ros2_ws/install/ament_cmake_gtest:/home/labdoo/ros2_ws/install/ament_cmake_test:/home/labdoo/ros2_ws/install/ament_cmake_core:${AMENT_PREFIX_PATH} CMAKE_PREFIX_PATH=/home/labdoo/ros2_ws/install/ament_cmake_gtest:/home/labdoo/ros2_ws/install/ament_cmake_test:/home/labdoo/ros2_ws/install/ament_cmake_core:/opt/ros/iron PYTHONPATH=/home/labdoo/ros2_ws/install/ament_cmake_test/lib/python3.10/site-packages:${PYTHONPATH} /usr/bin/cmake --build /home/labdoo/ros2_ws/build/ament_cmake_gen_version_h -- -j4 -l4
[0.913s] Invoking command in '/home/labdoo/ros2_ws/build/ament_cmake_gen_version_h': AMENT_PREFIX_PATH=/home/labdoo/ros2_ws/install/ament_cmake_gtest:/home/labdoo/ros2_ws/install/ament_cmake_test:/home/labdoo/ros2_ws/install/ament_cmake_core:${AMENT_PREFIX_PATH} CMAKE_PREFIX_PATH=/home/labdoo/ros2_ws/install/ament_cmake_gtest:/home/labdoo/ros2_ws/install/ament_cmake_test:/home/labdoo/ros2_ws/install/ament_cmake_core:/opt/ros/iron PYTHONPATH=/home/labdoo/ros2_ws/install/ament_cmake_test/lib/python3.10/site-packages:${PYTHONPATH} /usr/bin/cmake --install /home/labdoo/ros2_ws/build/ament_cmake_gen_version_h
[0.924s] -- Install configuration: ""
[0.924s] -- Up-to-date: /home/labdoo/ros2_ws/install/ament_cmake_gen_version_h/share/ament_index/resource_index/package_run_dependencies/ament_cmake_gen_version_h
[0.926s] -- Up-to-date: /home/labdoo/ros2_ws/install/ament_cmake_gen_version_h/share/ament_index/resource_index/parent_prefix_path/ament_cmake_gen_version_h
[0.927s] -- Up-to-date: /home/labdoo/ros2_ws/install/ament_cmake_gen_version_h/share/ament_cmake_gen_version_h/environment/ament_prefix_path.sh
[0.928s] -- Up-to-date: /home/labdoo/ros2_ws/install/ament_cmake_gen_version_h/share/ament_cmake_gen_version_h/environment/ament_prefix_path.dsv
[0.928s] -- Up-to-date: /home/labdoo/ros2_ws/install/ament_cmake_gen_version_h/share/ament_cmake_gen_version_h/environment/path.sh
[0.929s] -- Up-to-date: /home/labdoo/ros2_ws/install/ament_cmake_gen_version_h/share/ament_cmake_gen_version_h/environment/path.dsv
[0.929s] -- Up-to-date: /home/labdoo/ros2_ws/install/ament_cmake_gen_version_h/share/ament_cmake_gen_version_h/local_setup.bash
[0.930s] -- Up-to-date: /home/labdoo/ros2_ws/install/ament_cmake_gen_version_h/share/ament_cmake_gen_version_h/local_setup.sh
[0.930s] -- Up-to-date: /home/labdoo/ros2_ws/install/ament_cmake_gen_version_h/share/ament_cmake_gen_version_h/local_setup.zsh
[0.931s] -- Up-to-date: /home/labdoo/ros2_ws/install/ament_cmake_gen_version_h/share/ament_cmake_gen_version_h/local_setup.dsv
[0.931s] -- Installing: /home/labdoo/ros2_ws/install/ament_cmake_gen_version_h/share/ament_cmake_gen_version_h/package.dsv
[0.932s] -- Up-to-date: /home/labdoo/ros2_ws/install/ament_cmake_gen_version_h/share/ament_index/resource_index/packages/ament_cmake_gen_version_h
[0.932s] -- Up-to-date: /home/labdoo/ros2_ws/install/ament_cmake_gen_version_h/share/ament_cmake_gen_version_h/cmake/ament_cmake_gen_version_h-extras.cmake
[0.933s] -- Up-to-date: /home/labdoo/ros2_ws/install/ament_cmake_gen_version_h/share/ament_cmake_gen_version_h/cmake/ament_cmake_gen_version_hConfig.cmake
[0.933s] -- Up-to-date: /home/labdoo/ros2_ws/install/ament_cmake_gen_version_h/share/ament_cmake_gen_version_h/cmake/ament_cmake_gen_version_hConfig-version.cmake
[0.934s] -- Up-to-date: /home/labdoo/ros2_ws/install/ament_cmake_gen_version_h/share/ament_cmake_gen_version_h/package.xml
[0.934s] -- Up-to-date: /home/labdoo/ros2_ws/install/ament_cmake_gen_version_h/share/ament_cmake_gen_version_h/cmake
[0.934s] -- Up-to-date: /home/labdoo/ros2_ws/install/ament_cmake_gen_version_h/share/ament_cmake_gen_version_h/cmake/ament_cmake_gen_version_h.cmake
[0.935s] -- Up-to-date: /home/labdoo/ros2_ws/install/ament_cmake_gen_version_h/share/ament_cmake_gen_version_h/cmake/version.h.in
[0.935s] -- Up-to-date: /home/labdoo/ros2_ws/install/ament_cmake_gen_version_h/share/ament_cmake_gen_version_h/cmake/ament_generate_version_header.cmake
[0.936s] -- Up-to-date: /home/labdoo/ros2_ws/install/ament_cmake_gen_version_h/share/ament_cmake_gen_version_h/cmake/generate_version_header.cmake.in
[1.441s] Invoked command in '/home/labdoo/ros2_ws/build/ament_cmake_gen_version_h' returned '0': AMENT_PREFIX_PATH=/home/labdoo/ros2_ws/install/ament_cmake_gtest:/home/labdoo/ros2_ws/install/ament_cmake_test:/home/labdoo/ros2_ws/install/ament_cmake_core:${AMENT_PREFIX_PATH} CMAKE_PREFIX_PATH=/home/labdoo/ros2_ws/install/ament_cmake_gtest:/home/labdoo/ros2_ws/install/ament_cmake_test:/home/labdoo/ros2_ws/install/ament_cmake_core:/opt/ros/iron PYTHONPATH=/home/labdoo/ros2_ws/install/ament_cmake_test/lib/python3.10/site-packages:${PYTHONPATH} /usr/bin/cmake --install /home/labdoo/ros2_ws/build/ament_cmake_gen_version_h
