[2.331s] Invoking command in '/home/labdoo/ros2_ws/src/examples/rclpy/topics/minimal_publisher': PYTHONPATH=/home/labdoo/ros2_ws/build/examples_rclpy_minimal_publisher/prefix_override:/home/labdoo/ros2_ws/install/examples_rclpy_minimal_publisher/lib/python3.10/site-packages:${PYTHONPATH} /usr/bin/python3 setup.py egg_info --egg-base ../../../../../build/examples_rclpy_minimal_publisher build --build-base /home/labdoo/ros2_ws/build/examples_rclpy_minimal_publisher/build install --record /home/labdoo/ros2_ws/build/examples_rclpy_minimal_publisher/install.log --single-version-externally-managed
[2.777s] running egg_info
[2.778s] writing ../../../../../build/examples_rclpy_minimal_publisher/examples_rclpy_minimal_publisher.egg-info/PKG-INFO
[2.778s] writing dependency_links to ../../../../../build/examples_rclpy_minimal_publisher/examples_rclpy_minimal_publisher.egg-info/dependency_links.txt
[2.779s] writing entry points to ../../../../../build/examples_rclpy_minimal_publisher/examples_rclpy_minimal_publisher.egg-info/entry_points.txt
[2.779s] writing requirements to ../../../../../build/examples_rclpy_minimal_publisher/examples_rclpy_minimal_publisher.egg-info/requires.txt
[2.779s] writing top-level names to ../../../../../build/examples_rclpy_minimal_publisher/examples_rclpy_minimal_publisher.egg-info/top_level.txt
[2.784s] reading manifest file '../../../../../build/examples_rclpy_minimal_publisher/examples_rclpy_minimal_publisher.egg-info/SOURCES.txt'
[2.785s] writing manifest file '../../../../../build/examples_rclpy_minimal_publisher/examples_rclpy_minimal_publisher.egg-info/SOURCES.txt'
[2.786s] running build
[2.786s] running build_py
[2.787s] running install
[2.787s] /usr/lib/python3/dist-packages/setuptools/command/install.py:34: SetuptoolsDeprecationWarning: setup.py install is deprecated. Use build and pip and other standards-based tools.
[2.787s]   warnings.warn(
[2.787s] running install_lib
[2.790s] running install_data
[2.791s] running install_egg_info
[2.794s] removing '/home/labdoo/ros2_ws/install/examples_rclpy_minimal_publisher/lib/python3.10/site-packages/examples_rclpy_minimal_publisher-0.18.0-py3.10.egg-info' (and everything under it)
[2.794s] Copying ../../../../../build/examples_rclpy_minimal_publisher/examples_rclpy_minimal_publisher.egg-info to /home/labdoo/ros2_ws/install/examples_rclpy_minimal_publisher/lib/python3.10/site-packages/examples_rclpy_minimal_publisher-0.18.0-py3.10.egg-info
[2.795s] running install_scripts
[2.827s] Installing publisher_local_function script to /home/labdoo/ros2_ws/install/examples_rclpy_minimal_publisher/lib/examples_rclpy_minimal_publisher
[2.828s] Installing publisher_member_function script to /home/labdoo/ros2_ws/install/examples_rclpy_minimal_publisher/lib/examples_rclpy_minimal_publisher
[2.829s] Installing publisher_old_school script to /home/labdoo/ros2_ws/install/examples_rclpy_minimal_publisher/lib/examples_rclpy_minimal_publisher
[2.829s] writing list of installed files to '/home/labdoo/ros2_ws/build/examples_rclpy_minimal_publisher/install.log'
[2.950s] Invoked command in '/home/labdoo/ros2_ws/src/examples/rclpy/topics/minimal_publisher' returned '0': PYTHONPATH=/home/labdoo/ros2_ws/build/examples_rclpy_minimal_publisher/prefix_override:/home/labdoo/ros2_ws/install/examples_rclpy_minimal_publisher/lib/python3.10/site-packages:${PYTHONPATH} /usr/bin/python3 setup.py egg_info --egg-base ../../../../../build/examples_rclpy_minimal_publisher build --build-base /home/labdoo/ros2_ws/build/examples_rclpy_minimal_publisher/build install --record /home/labdoo/ros2_ws/build/examples_rclpy_minimal_publisher/install.log --single-version-externally-managed
