[0.716s] Invoking command in '/home/labdoo/ros2_ws/build/urdf_tutorial': /usr/bin/cmake /home/labdoo/ros2_ws/src/urdf_tutorial -DCATKIN_INSTALL_INTO_PREFIX_ROOT=0 -DCMAKE_INSTALL_PREFIX=/home/labdoo/ros2_ws/install/urdf_tutorial
[0.827s] [31mCMake Error at CMakeLists.txt:4 (find_package):
[0.827s]   By not providing "Findcatkin.cmake" in CMAKE_MODULE_PATH this project has
[0.827s]   asked CMake to find a package configuration file provided by "catkin", but
[0.827s]   CMake did not find one.
[0.828s] 
[0.828s]   Could not find a package configuration file provided by "catkin" with any
[0.828s]   of the following names:
[0.828s] 
[0.828s]     catkinConfig.cmake
[0.828s]     catkin-config.cmake
[0.829s] 
[0.829s]   Add the installation prefix of "catkin" to CMAKE_PREFIX_PATH or set
[0.829s]   "catkin_DIR" to a directory containing one of the above files.  If "catkin"
[0.829s]   provides a separate development package or SDK, be sure it has been
[0.829s]   installed.
[0.830s] 
[0.830s] [0m
[0.847s] -- Configuring incomplete, errors occurred!
[0.847s] See also "/home/labdoo/ros2_ws/build/urdf_tutorial/CMakeFiles/CMakeOutput.log".
[0.847s] Invoked command in '/home/labdoo/ros2_ws/build/urdf_tutorial' returned '1': /usr/bin/cmake /home/labdoo/ros2_ws/src/urdf_tutorial -DCATKIN_INSTALL_INTO_PREFIX_ROOT=0 -DCMAKE_INSTALL_PREFIX=/home/labdoo/ros2_ws/install/urdf_tutorial
