[0.388s] Invoking command in '/home/labdoo/ros2_ws/build/examples_rclcpp_minimal_timer': CMAKE_PREFIX_PATH=${CMAKE_PREFIX_PATH}:/home/labdoo/ros2_ws/install/launch_testing_examples:/home/labdoo/ros2_ws/install/examples_rclpy_pointcloud_publisher:/home/labdoo/ros2_ws/install/examples_rclpy_minimal_subscriber:/home/labdoo/ros2_ws/install/examples_rclpy_minimal_service:/home/labdoo/ros2_ws/install/examples_rclpy_minimal_publisher:/home/labdoo/ros2_ws/install/examples_rclpy_minimal_client:/home/labdoo/ros2_ws/install/examples_rclpy_minimal_action_server:/home/labdoo/ros2_ws/install/examples_rclpy_minimal_action_client:/home/labdoo/ros2_ws/install/examples_rclpy_guard_conditions:/home/labdoo/ros2_ws/install/examples_rclpy_executors:/opt/ros/iron:/home/labdoo/turtlebot3_ws/install/turtlebot3_teleop:/home/labdoo/turtlebot3_ws/install/turtlebot3_example:/home/labdoo/turtlebot3_ws/install/newpackage /usr/bin/cmake /home/labdoo/ros2_ws/src/examples/rclcpp/timers/minimal_timer -DCMAKE_INSTALL_PREFIX=/home/labdoo/ros2_ws/install/examples_rclcpp_minimal_timer
[0.419s] -- Found ament_cmake: 2.0.4 (/opt/ros/iron/share/ament_cmake/cmake)
[0.857s] -- Override CMake install command with custom implementation using symlinks instead of copying resources
[0.868s] -- Found rclcpp: 21.0.5 (/opt/ros/iron/share/rclcpp/cmake)
[0.945s] -- Found rosidl_generator_c: 4.0.1 (/opt/ros/iron/share/rosidl_generator_c/cmake)
[0.975s] -- Found rosidl_generator_cpp: 4.0.1 (/opt/ros/iron/share/rosidl_generator_cpp/cmake)
[1.023s] -- Using all available rosidl_typesupport_c: rosidl_typesupport_fastrtps_c;rosidl_typesupport_introspection_c
[1.073s] -- Using all available rosidl_typesupport_cpp: rosidl_typesupport_fastrtps_cpp;rosidl_typesupport_introspection_cpp
[1.515s] -- Found rmw_implementation_cmake: 7.1.0 (/opt/ros/iron/share/rmw_implementation_cmake/cmake)
[1.522s] -- Found rmw_fastrtps_cpp: 7.1.3 (/opt/ros/iron/share/rmw_fastrtps_cpp/cmake)
[2.017s] -- Using RMW implementation 'rmw_fastrtps_cpp' as default
[2.488s] -- Found ament_lint_auto: 0.14.3 (/opt/ros/iron/share/ament_lint_auto/cmake)
[2.681s] -- Added test 'copyright' to check source files copyright and LICENSE
[2.683s] -- Added test 'cppcheck' to perform static code analysis on C / C++ code
[2.684s] -- Configured cppcheck include dirs: 
[2.684s] -- Configured cppcheck exclude dirs and/or files: 
[2.685s] -- Added test 'cpplint' to check C / C++ code against the Google style
[2.685s] -- Configured cpplint exclude dirs and/or files: 
[2.686s] -- Added test 'lint_cmake' to check CMake code style
[2.688s] -- Added test 'uncrustify' to check C / C++ code style
[2.689s] -- Configured uncrustify additional arguments: 
[2.689s] -- Added test 'xmllint' to check XML markup files
[2.692s] -- Configuring done
[2.722s] -- Generating done
[2.726s] -- Build files have been written to: /home/labdoo/ros2_ws/build/examples_rclcpp_minimal_timer
[2.747s] Invoked command in '/home/labdoo/ros2_ws/build/examples_rclcpp_minimal_timer' returned '0': CMAKE_PREFIX_PATH=${CMAKE_PREFIX_PATH}:/home/labdoo/ros2_ws/install/launch_testing_examples:/home/labdoo/ros2_ws/install/examples_rclpy_pointcloud_publisher:/home/labdoo/ros2_ws/install/examples_rclpy_minimal_subscriber:/home/labdoo/ros2_ws/install/examples_rclpy_minimal_service:/home/labdoo/ros2_ws/install/examples_rclpy_minimal_publisher:/home/labdoo/ros2_ws/install/examples_rclpy_minimal_client:/home/labdoo/ros2_ws/install/examples_rclpy_minimal_action_server:/home/labdoo/ros2_ws/install/examples_rclpy_minimal_action_client:/home/labdoo/ros2_ws/install/examples_rclpy_guard_conditions:/home/labdoo/ros2_ws/install/examples_rclpy_executors:/opt/ros/iron:/home/labdoo/turtlebot3_ws/install/turtlebot3_teleop:/home/labdoo/turtlebot3_ws/install/turtlebot3_example:/home/labdoo/turtlebot3_ws/install/newpackage /usr/bin/cmake /home/labdoo/ros2_ws/src/examples/rclcpp/timers/minimal_timer -DCMAKE_INSTALL_PREFIX=/home/labdoo/ros2_ws/install/examples_rclcpp_minimal_timer
[2.748s] Invoking command in '/home/labdoo/ros2_ws/build/examples_rclcpp_minimal_timer': CMAKE_PREFIX_PATH=${CMAKE_PREFIX_PATH}:/home/labdoo/ros2_ws/install/launch_testing_examples:/home/labdoo/ros2_ws/install/examples_rclpy_pointcloud_publisher:/home/labdoo/ros2_ws/install/examples_rclpy_minimal_subscriber:/home/labdoo/ros2_ws/install/examples_rclpy_minimal_service:/home/labdoo/ros2_ws/install/examples_rclpy_minimal_publisher:/home/labdoo/ros2_ws/install/examples_rclpy_minimal_client:/home/labdoo/ros2_ws/install/examples_rclpy_minimal_action_server:/home/labdoo/ros2_ws/install/examples_rclpy_minimal_action_client:/home/labdoo/ros2_ws/install/examples_rclpy_guard_conditions:/home/labdoo/ros2_ws/install/examples_rclpy_executors:/opt/ros/iron:/home/labdoo/turtlebot3_ws/install/turtlebot3_teleop:/home/labdoo/turtlebot3_ws/install/turtlebot3_example:/home/labdoo/turtlebot3_ws/install/newpackage /usr/bin/cmake --build /home/labdoo/ros2_ws/build/examples_rclcpp_minimal_timer -- -j4 -l4
[2.822s] [35m[1mConsolidate compiler generated dependencies of target timer_lambda[0m
[2.857s] [35m[1mConsolidate compiler generated dependencies of target timer_member_function[0m
[2.895s] [ 50%] Built target timer_member_function
[2.903s] [100%] Built target timer_lambda
[2.969s] Invoked command in '/home/labdoo/ros2_ws/build/examples_rclcpp_minimal_timer' returned '0': CMAKE_PREFIX_PATH=${CMAKE_PREFIX_PATH}:/home/labdoo/ros2_ws/install/launch_testing_examples:/home/labdoo/ros2_ws/install/examples_rclpy_pointcloud_publisher:/home/labdoo/ros2_ws/install/examples_rclpy_minimal_subscriber:/home/labdoo/ros2_ws/install/examples_rclpy_minimal_service:/home/labdoo/ros2_ws/install/examples_rclpy_minimal_publisher:/home/labdoo/ros2_ws/install/examples_rclpy_minimal_client:/home/labdoo/ros2_ws/install/examples_rclpy_minimal_action_server:/home/labdoo/ros2_ws/install/examples_rclpy_minimal_action_client:/home/labdoo/ros2_ws/install/examples_rclpy_guard_conditions:/home/labdoo/ros2_ws/install/examples_rclpy_executors:/opt/ros/iron:/home/labdoo/turtlebot3_ws/install/turtlebot3_teleop:/home/labdoo/turtlebot3_ws/install/turtlebot3_example:/home/labdoo/turtlebot3_ws/install/newpackage /usr/bin/cmake --build /home/labdoo/ros2_ws/build/examples_rclcpp_minimal_timer -- -j4 -l4
[3.036s] Invoking command in '/home/labdoo/ros2_ws/build/examples_rclcpp_minimal_timer': CMAKE_PREFIX_PATH=${CMAKE_PREFIX_PATH}:/home/labdoo/ros2_ws/install/launch_testing_examples:/home/labdoo/ros2_ws/install/examples_rclpy_pointcloud_publisher:/home/labdoo/ros2_ws/install/examples_rclpy_minimal_subscriber:/home/labdoo/ros2_ws/install/examples_rclpy_minimal_service:/home/labdoo/ros2_ws/install/examples_rclpy_minimal_publisher:/home/labdoo/ros2_ws/install/examples_rclpy_minimal_client:/home/labdoo/ros2_ws/install/examples_rclpy_minimal_action_server:/home/labdoo/ros2_ws/install/examples_rclpy_minimal_action_client:/home/labdoo/ros2_ws/install/examples_rclpy_guard_conditions:/home/labdoo/ros2_ws/install/examples_rclpy_executors:/opt/ros/iron:/home/labdoo/turtlebot3_ws/install/turtlebot3_teleop:/home/labdoo/turtlebot3_ws/install/turtlebot3_example:/home/labdoo/turtlebot3_ws/install/newpackage /usr/bin/cmake --install /home/labdoo/ros2_ws/build/examples_rclcpp_minimal_timer
[3.053s] -- Install configuration: ""
[3.053s] -- Execute custom install script
[3.054s] -- Up-to-date symlink: /home/labdoo/ros2_ws/install/examples_rclcpp_minimal_timer/lib/examples_rclcpp_minimal_timer/timer_lambda
[3.055s] -- Up-to-date symlink: /home/labdoo/ros2_ws/install/examples_rclcpp_minimal_timer/lib/examples_rclcpp_minimal_timer/timer_member_function
[3.055s] -- Up-to-date symlink: /home/labdoo/ros2_ws/install/examples_rclcpp_minimal_timer/share/ament_index/resource_index/package_run_dependencies/examples_rclcpp_minimal_timer
[3.056s] -- Up-to-date symlink: /home/labdoo/ros2_ws/install/examples_rclcpp_minimal_timer/share/ament_index/resource_index/parent_prefix_path/examples_rclcpp_minimal_timer
[3.057s] -- Up-to-date symlink: /home/labdoo/ros2_ws/install/examples_rclcpp_minimal_timer/share/examples_rclcpp_minimal_timer/environment/ament_prefix_path.sh
[3.065s] -- Up-to-date symlink: /home/labdoo/ros2_ws/install/examples_rclcpp_minimal_timer/share/examples_rclcpp_minimal_timer/environment/ament_prefix_path.dsv
[3.065s] -- Up-to-date symlink: /home/labdoo/ros2_ws/install/examples_rclcpp_minimal_timer/share/examples_rclcpp_minimal_timer/environment/path.sh
[3.065s] -- Up-to-date symlink: /home/labdoo/ros2_ws/install/examples_rclcpp_minimal_timer/share/examples_rclcpp_minimal_timer/environment/path.dsv
[3.065s] -- Up-to-date symlink: /home/labdoo/ros2_ws/install/examples_rclcpp_minimal_timer/share/examples_rclcpp_minimal_timer/local_setup.bash
[3.065s] -- Up-to-date symlink: /home/labdoo/ros2_ws/install/examples_rclcpp_minimal_timer/share/examples_rclcpp_minimal_timer/local_setup.sh
[3.065s] -- Up-to-date symlink: /home/labdoo/ros2_ws/install/examples_rclcpp_minimal_timer/share/examples_rclcpp_minimal_timer/local_setup.zsh
[3.066s] -- Up-to-date symlink: /home/labdoo/ros2_ws/install/examples_rclcpp_minimal_timer/share/examples_rclcpp_minimal_timer/local_setup.dsv
[3.066s] -- Symlinking: /home/labdoo/ros2_ws/install/examples_rclcpp_minimal_timer/share/examples_rclcpp_minimal_timer/package.dsv
[3.082s] -- Up-to-date symlink: /home/labdoo/ros2_ws/install/examples_rclcpp_minimal_timer/share/ament_index/resource_index/packages/examples_rclcpp_minimal_timer
[3.082s] -- Up-to-date symlink: /home/labdoo/ros2_ws/install/examples_rclcpp_minimal_timer/share/examples_rclcpp_minimal_timer/cmake/examples_rclcpp_minimal_timerConfig.cmake
[3.082s] -- Up-to-date symlink: /home/labdoo/ros2_ws/install/examples_rclcpp_minimal_timer/share/examples_rclcpp_minimal_timer/cmake/examples_rclcpp_minimal_timerConfig-version.cmake
[3.082s] -- Up-to-date symlink: /home/labdoo/ros2_ws/install/examples_rclcpp_minimal_timer/share/examples_rclcpp_minimal_timer/package.xml
[3.094s] Invoked command in '/home/labdoo/ros2_ws/build/examples_rclcpp_minimal_timer' returned '0': CMAKE_PREFIX_PATH=${CMAKE_PREFIX_PATH}:/home/labdoo/ros2_ws/install/launch_testing_examples:/home/labdoo/ros2_ws/install/examples_rclpy_pointcloud_publisher:/home/labdoo/ros2_ws/install/examples_rclpy_minimal_subscriber:/home/labdoo/ros2_ws/install/examples_rclpy_minimal_service:/home/labdoo/ros2_ws/install/examples_rclpy_minimal_publisher:/home/labdoo/ros2_ws/install/examples_rclpy_minimal_client:/home/labdoo/ros2_ws/install/examples_rclpy_minimal_action_server:/home/labdoo/ros2_ws/install/examples_rclpy_minimal_action_client:/home/labdoo/ros2_ws/install/examples_rclpy_guard_conditions:/home/labdoo/ros2_ws/install/examples_rclpy_executors:/opt/ros/iron:/home/labdoo/turtlebot3_ws/install/turtlebot3_teleop:/home/labdoo/turtlebot3_ws/install/turtlebot3_example:/home/labdoo/turtlebot3_ws/install/newpackage /usr/bin/cmake --install /home/labdoo/ros2_ws/build/examples_rclcpp_minimal_timer
