[2.536s] Invoking command in '/home/labdoo/ros2_ws/src/examples/rclpy/topics/minimal_publisher': PYTHONPATH=/home/labdoo/ros2_ws/build/examples_rclpy_minimal_publisher/prefix_override:/home/labdoo/ros2_ws/install/examples_rclpy_minimal_publisher/lib/python3.10/site-packages:${PYTHONPATH} /usr/bin/python3 setup.py egg_info --egg-base ../../../../../build/examples_rclpy_minimal_publisher build --build-base /home/labdoo/ros2_ws/build/examples_rclpy_minimal_publisher/build install --record /home/labdoo/ros2_ws/build/examples_rclpy_minimal_publisher/install.log --single-version-externally-managed
[3.281s] running egg_info
[3.284s] writing ../../../../../build/examples_rclpy_minimal_publisher/examples_rclpy_minimal_publisher.egg-info/PKG-INFO
[3.284s] writing dependency_links to ../../../../../build/examples_rclpy_minimal_publisher/examples_rclpy_minimal_publisher.egg-info/dependency_links.txt
[3.284s] writing entry points to ../../../../../build/examples_rclpy_minimal_publisher/examples_rclpy_minimal_publisher.egg-info/entry_points.txt
[3.285s] writing requirements to ../../../../../build/examples_rclpy_minimal_publisher/examples_rclpy_minimal_publisher.egg-info/requires.txt
[3.285s] writing top-level names to ../../../../../build/examples_rclpy_minimal_publisher/examples_rclpy_minimal_publisher.egg-info/top_level.txt
[3.291s] reading manifest file '../../../../../build/examples_rclpy_minimal_publisher/examples_rclpy_minimal_publisher.egg-info/SOURCES.txt'
[3.294s] writing manifest file '../../../../../build/examples_rclpy_minimal_publisher/examples_rclpy_minimal_publisher.egg-info/SOURCES.txt'
[3.294s] running build
[3.294s] running build_py
[3.295s] running install
[3.295s] /usr/lib/python3/dist-packages/setuptools/command/install.py:34: SetuptoolsDeprecationWarning: setup.py install is deprecated. Use build and pip and other standards-based tools.
[3.295s]   warnings.warn(
[3.295s] running install_lib
[3.298s] running install_data
[3.300s] running install_egg_info
[3.303s] removing '/home/labdoo/ros2_ws/install/examples_rclpy_minimal_publisher/lib/python3.10/site-packages/examples_rclpy_minimal_publisher-0.18.0-py3.10.egg-info' (and everything under it)
[3.304s] Copying ../../../../../build/examples_rclpy_minimal_publisher/examples_rclpy_minimal_publisher.egg-info to /home/labdoo/ros2_ws/install/examples_rclpy_minimal_publisher/lib/python3.10/site-packages/examples_rclpy_minimal_publisher-0.18.0-py3.10.egg-info
[3.306s] running install_scripts
[3.354s] Installing publisher_local_function script to /home/labdoo/ros2_ws/install/examples_rclpy_minimal_publisher/lib/examples_rclpy_minimal_publisher
[3.354s] Installing publisher_member_function script to /home/labdoo/ros2_ws/install/examples_rclpy_minimal_publisher/lib/examples_rclpy_minimal_publisher
[3.355s] Installing publisher_old_school script to /home/labdoo/ros2_ws/install/examples_rclpy_minimal_publisher/lib/examples_rclpy_minimal_publisher
[3.355s] writing list of installed files to '/home/labdoo/ros2_ws/build/examples_rclpy_minimal_publisher/install.log'
[3.568s] Invoked command in '/home/labdoo/ros2_ws/src/examples/rclpy/topics/minimal_publisher' returned '0': PYTHONPATH=/home/labdoo/ros2_ws/build/examples_rclpy_minimal_publisher/prefix_override:/home/labdoo/ros2_ws/install/examples_rclpy_minimal_publisher/lib/python3.10/site-packages:${PYTHONPATH} /usr/bin/python3 setup.py egg_info --egg-base ../../../../../build/examples_rclpy_minimal_publisher build --build-base /home/labdoo/ros2_ws/build/examples_rclpy_minimal_publisher/build install --record /home/labdoo/ros2_ws/build/examples_rclpy_minimal_publisher/install.log --single-version-externally-managed
