-- Found ament_cmake: 2.3.2 (/home/labdoo/ros2_ws/install/ament_cmake/share/ament_cmake/cmake)
-- Found ament_lint_auto: 0.14.3 (/opt/ros/iron/share/ament_lint_auto/cmake)
-- Added test 'cppcheck' to perform static code analysis on C / C++ code
-- Configured cppcheck include dirs: $<BUILD_INTERFACE:/home/labdoo/ros2_ws/src/my_bot/include>
-- Configured cppcheck exclude dirs and/or files: 
-- Added test 'lint_cmake' to check CMake code style
-- Added test 'uncrustify' to check C / C++ code style
-- Configured uncrustify additional arguments: 
-- Added test 'xmllint' to check XML markup files
-- Configuring done
-- Generating done
-- Build files have been written to: /home/labdoo/ros2_ws/build/my_bot
[35m[1mConsolidate compiler generated dependencies of target my_node[0m
[100%] Built target my_node
-- Install configuration: ""
-- Up-to-date: /home/labdoo/ros2_ws/install/my_bot/lib/my_bot/my_node
-- Installing: /home/labdoo/ros2_ws/install/my_bot/share/my_bot/launch
-- Installing: /home/labdoo/ros2_ws/install/my_bot/share/my_bot/launch/my_bot_launch.xml
-- Installing: /home/labdoo/ros2_ws/install/my_bot/share/my_bot/launch/__pycache__
-- Installing: /home/labdoo/ros2_ws/install/my_bot/share/my_bot/launch/__pycache__/my_bot_launch.cpython-310.pyc
-- Up-to-date: /home/labdoo/ros2_ws/install/my_bot/share/ament_index/resource_index/package_run_dependencies/my_bot
-- Up-to-date: /home/labdoo/ros2_ws/install/my_bot/share/ament_index/resource_index/parent_prefix_path/my_bot
-- Up-to-date: /home/labdoo/ros2_ws/install/my_bot/share/my_bot/environment/ament_prefix_path.sh
-- Up-to-date: /home/labdoo/ros2_ws/install/my_bot/share/my_bot/environment/ament_prefix_path.dsv
-- Up-to-date: /home/labdoo/ros2_ws/install/my_bot/share/my_bot/environment/path.sh
-- Up-to-date: /home/labdoo/ros2_ws/install/my_bot/share/my_bot/environment/path.dsv
-- Up-to-date: /home/labdoo/ros2_ws/install/my_bot/share/my_bot/local_setup.bash
-- Up-to-date: /home/labdoo/ros2_ws/install/my_bot/share/my_bot/local_setup.sh
-- Up-to-date: /home/labdoo/ros2_ws/install/my_bot/share/my_bot/local_setup.zsh
-- Up-to-date: /home/labdoo/ros2_ws/install/my_bot/share/my_bot/local_setup.dsv
-- Installing: /home/labdoo/ros2_ws/install/my_bot/share/my_bot/package.dsv
-- Up-to-date: /home/labdoo/ros2_ws/install/my_bot/share/ament_index/resource_index/packages/my_bot
-- Up-to-date: /home/labdoo/ros2_ws/install/my_bot/share/my_bot/cmake/my_botConfig.cmake
-- Up-to-date: /home/labdoo/ros2_ws/install/my_bot/share/my_bot/cmake/my_botConfig-version.cmake
-- Up-to-date: /home/labdoo/ros2_ws/install/my_bot/share/my_bot/package.xml
