[0.253s] Invoking command in '/home/labdoo/ros2_ws/build/my_bot': CMAKE_PREFIX_PATH=${CMAKE_PREFIX_PATH}:/home/labdoo/ros2_ws/install/urdf_tutorial:/home/labdoo/ros2_ws/install/py_pubsub:/home/labdoo/ros2_ws/install/launch_testing_examples:/home/labdoo/ros2_ws/install/examples_rclpy_pointcloud_publisher:/home/labdoo/ros2_ws/install/examples_rclpy_minimal_subscriber:/home/labdoo/ros2_ws/install/examples_rclpy_minimal_service:/home/labdoo/ros2_ws/install/examples_rclpy_minimal_publisher:/home/labdoo/ros2_ws/install/examples_rclpy_minimal_client:/home/labdoo/ros2_ws/install/examples_rclpy_minimal_action_server:/home/labdoo/ros2_ws/install/examples_rclpy_minimal_action_client:/home/labdoo/ros2_ws/install/examples_rclpy_guard_conditions:/home/labdoo/ros2_ws/install/examples_rclpy_executors:/opt/ros/iron /usr/bin/cmake --build /home/labdoo/ros2_ws/build/my_bot -- -j4 -l4
[0.297s] -- Found ament_cmake: 2.3.2 (/home/labdoo/ros2_ws/install/ament_cmake/share/ament_cmake/cmake)
[0.635s] -- Found ament_lint_auto: 0.14.3 (/opt/ros/iron/share/ament_lint_auto/cmake)
[0.822s] -- Added test 'cppcheck' to perform static code analysis on C / C++ code
[0.822s] -- Configured cppcheck include dirs: $<BUILD_INTERFACE:/home/labdoo/ros2_ws/src/my_bot/include>
[0.822s] -- Configured cppcheck exclude dirs and/or files: 
[0.824s] -- Added test 'lint_cmake' to check CMake code style
[0.828s] -- Added test 'uncrustify' to check C / C++ code style
[0.828s] -- Configured uncrustify additional arguments: 
[0.828s] -- Added test 'xmllint' to check XML markup files
[0.829s] -- Configuring done
[0.838s] -- Generating done
[0.840s] -- Build files have been written to: /home/labdoo/ros2_ws/build/my_bot
[0.883s] [35m[1mConsolidate compiler generated dependencies of target my_node[0m
[0.898s] [100%] Built target my_node
[1.203s] Invoked command in '/home/labdoo/ros2_ws/build/my_bot' returned '0': CMAKE_PREFIX_PATH=${CMAKE_PREFIX_PATH}:/home/labdoo/ros2_ws/install/urdf_tutorial:/home/labdoo/ros2_ws/install/py_pubsub:/home/labdoo/ros2_ws/install/launch_testing_examples:/home/labdoo/ros2_ws/install/examples_rclpy_pointcloud_publisher:/home/labdoo/ros2_ws/install/examples_rclpy_minimal_subscriber:/home/labdoo/ros2_ws/install/examples_rclpy_minimal_service:/home/labdoo/ros2_ws/install/examples_rclpy_minimal_publisher:/home/labdoo/ros2_ws/install/examples_rclpy_minimal_client:/home/labdoo/ros2_ws/install/examples_rclpy_minimal_action_server:/home/labdoo/ros2_ws/install/examples_rclpy_minimal_action_client:/home/labdoo/ros2_ws/install/examples_rclpy_guard_conditions:/home/labdoo/ros2_ws/install/examples_rclpy_executors:/opt/ros/iron /usr/bin/cmake --build /home/labdoo/ros2_ws/build/my_bot -- -j4 -l4
[1.795s] Invoking command in '/home/labdoo/ros2_ws/build/my_bot': CMAKE_PREFIX_PATH=${CMAKE_PREFIX_PATH}:/home/labdoo/ros2_ws/install/urdf_tutorial:/home/labdoo/ros2_ws/install/py_pubsub:/home/labdoo/ros2_ws/install/launch_testing_examples:/home/labdoo/ros2_ws/install/examples_rclpy_pointcloud_publisher:/home/labdoo/ros2_ws/install/examples_rclpy_minimal_subscriber:/home/labdoo/ros2_ws/install/examples_rclpy_minimal_service:/home/labdoo/ros2_ws/install/examples_rclpy_minimal_publisher:/home/labdoo/ros2_ws/install/examples_rclpy_minimal_client:/home/labdoo/ros2_ws/install/examples_rclpy_minimal_action_server:/home/labdoo/ros2_ws/install/examples_rclpy_minimal_action_client:/home/labdoo/ros2_ws/install/examples_rclpy_guard_conditions:/home/labdoo/ros2_ws/install/examples_rclpy_executors:/opt/ros/iron /usr/bin/cmake --install /home/labdoo/ros2_ws/build/my_bot
[1.803s] -- Install configuration: ""
[1.805s] -- Up-to-date: /home/labdoo/ros2_ws/install/my_bot/lib/my_bot/my_node
[1.810s] -- Installing: /home/labdoo/ros2_ws/install/my_bot/share/my_bot/launch
[1.810s] -- Installing: /home/labdoo/ros2_ws/install/my_bot/share/my_bot/launch/my_bot_launch.xml
[1.810s] -- Installing: /home/labdoo/ros2_ws/install/my_bot/share/my_bot/launch/__pycache__
[1.811s] -- Installing: /home/labdoo/ros2_ws/install/my_bot/share/my_bot/launch/__pycache__/my_bot_launch.cpython-310.pyc
[1.811s] -- Up-to-date: /home/labdoo/ros2_ws/install/my_bot/share/ament_index/resource_index/package_run_dependencies/my_bot
[1.811s] -- Up-to-date: /home/labdoo/ros2_ws/install/my_bot/share/ament_index/resource_index/parent_prefix_path/my_bot
[1.811s] -- Up-to-date: /home/labdoo/ros2_ws/install/my_bot/share/my_bot/environment/ament_prefix_path.sh
[1.811s] -- Up-to-date: /home/labdoo/ros2_ws/install/my_bot/share/my_bot/environment/ament_prefix_path.dsv
[1.812s] -- Up-to-date: /home/labdoo/ros2_ws/install/my_bot/share/my_bot/environment/path.sh
[1.812s] -- Up-to-date: /home/labdoo/ros2_ws/install/my_bot/share/my_bot/environment/path.dsv
[1.812s] -- Up-to-date: /home/labdoo/ros2_ws/install/my_bot/share/my_bot/local_setup.bash
[1.812s] -- Up-to-date: /home/labdoo/ros2_ws/install/my_bot/share/my_bot/local_setup.sh
[1.812s] -- Up-to-date: /home/labdoo/ros2_ws/install/my_bot/share/my_bot/local_setup.zsh
[1.812s] -- Up-to-date: /home/labdoo/ros2_ws/install/my_bot/share/my_bot/local_setup.dsv
[1.813s] -- Installing: /home/labdoo/ros2_ws/install/my_bot/share/my_bot/package.dsv
[1.813s] -- Up-to-date: /home/labdoo/ros2_ws/install/my_bot/share/ament_index/resource_index/packages/my_bot
[1.813s] -- Up-to-date: /home/labdoo/ros2_ws/install/my_bot/share/my_bot/cmake/my_botConfig.cmake
[1.813s] -- Up-to-date: /home/labdoo/ros2_ws/install/my_bot/share/my_bot/cmake/my_botConfig-version.cmake
[1.813s] -- Up-to-date: /home/labdoo/ros2_ws/install/my_bot/share/my_bot/package.xml
[1.826s] Invoked command in '/home/labdoo/ros2_ws/build/my_bot' returned '0': CMAKE_PREFIX_PATH=${CMAKE_PREFIX_PATH}:/home/labdoo/ros2_ws/install/urdf_tutorial:/home/labdoo/ros2_ws/install/py_pubsub:/home/labdoo/ros2_ws/install/launch_testing_examples:/home/labdoo/ros2_ws/install/examples_rclpy_pointcloud_publisher:/home/labdoo/ros2_ws/install/examples_rclpy_minimal_subscriber:/home/labdoo/ros2_ws/install/examples_rclpy_minimal_service:/home/labdoo/ros2_ws/install/examples_rclpy_minimal_publisher:/home/labdoo/ros2_ws/install/examples_rclpy_minimal_client:/home/labdoo/ros2_ws/install/examples_rclpy_minimal_action_server:/home/labdoo/ros2_ws/install/examples_rclpy_minimal_action_client:/home/labdoo/ros2_ws/install/examples_rclpy_guard_conditions:/home/labdoo/ros2_ws/install/examples_rclpy_executors:/opt/ros/iron /usr/bin/cmake --install /home/labdoo/ros2_ws/build/my_bot
