[0.275s] Invoking command in '/home/labdoo/ros2_ws/build/turtlebot3_automatic_parking': /usr/bin/cmake /home/labdoo/ros2_ws/src/turtlebot3_applications/turtlebot3_automatic_parking -DCATKIN_INSTALL_INTO_PREFIX_ROOT=0 -DCMAKE_INSTALL_PREFIX=/home/labdoo/ros2_ws/install/turtlebot3_automatic_parking
[0.294s] [0mCMake Deprecation Warning at CMakeLists.txt:4 (cmake_minimum_required):
[0.294s]   Compatibility with CMake < 2.8.12 will be removed from a future version of
[0.295s]   CMake.
[0.295s] 
[0.295s]   Update the VERSION argument <min> value or use a ...<max> suffix to tell
[0.295s]   CMake that the project does not need compatibility with older versions.
[0.300s] 
[0.301s] [0m
[0.401s] -- The C compiler identification is GNU 11.4.0
[0.539s] -- The CXX compiler identification is GNU 11.4.0
[0.559s] -- Detecting C compiler ABI info
[0.701s] -- Detecting C compiler ABI info - done
[0.728s] -- Check for working C compiler: /usr/bin/cc - skipped
[0.730s] -- Detecting C compile features
[0.731s] -- Detecting C compile features - done
[0.740s] -- Detecting CXX compiler ABI info
[0.898s] -- Detecting CXX compiler ABI info - done
[0.927s] -- Check for working CXX compiler: /usr/bin/c++ - skipped
[0.928s] -- Detecting CXX compile features
[0.929s] -- Detecting CXX compile features - done
[0.961s] [31mCMake Error at CMakeLists.txt:10 (find_package):
[0.961s]   By not providing "Findcatkin.cmake" in CMAKE_MODULE_PATH this project has
[0.961s]   asked CMake to find a package configuration file provided by "catkin", but
[0.962s]   CMake did not find one.
[0.962s] 
[0.962s]   Could not find a package configuration file provided by "catkin" with any
[0.962s]   of the following names:
[0.962s] 
[0.962s]     catkinConfig.cmake
[0.963s]     catkin-config.cmake
[0.963s] 
[0.963s]   Add the installation prefix of "catkin" to CMAKE_PREFIX_PATH or set
[0.963s]   "catkin_DIR" to a directory containing one of the above files.  If "catkin"
[0.963s]   provides a separate development package or SDK, be sure it has been
[0.963s]   installed.
[0.964s] 
[0.964s] [0m
[0.967s] -- Configuring incomplete, errors occurred!
[0.967s] See also "/home/labdoo/ros2_ws/build/turtlebot3_automatic_parking/CMakeFiles/CMakeOutput.log".
[0.972s] Invoked command in '/home/labdoo/ros2_ws/build/turtlebot3_automatic_parking' returned '1': /usr/bin/cmake /home/labdoo/ros2_ws/src/turtlebot3_applications/turtlebot3_automatic_parking -DCATKIN_INSTALL_INTO_PREFIX_ROOT=0 -DCMAKE_INSTALL_PREFIX=/home/labdoo/ros2_ws/install/turtlebot3_automatic_parking
