[0.332s] Invoking command in '/home/labdoo/ros2_ws/build/ament_cmake_export_dependencies': AMENT_PREFIX_PATH=/home/labdoo/ros2_ws/install/ament_cmake_libraries:/home/labdoo/ros2_ws/install/ament_cmake_core:${AMENT_PREFIX_PATH} CMAKE_PREFIX_PATH=/home/labdoo/ros2_ws/install/ament_cmake_libraries:/home/labdoo/ros2_ws/install/ament_cmake_core:/opt/ros/iron /usr/bin/cmake --build /home/labdoo/ros2_ws/build/ament_cmake_export_dependencies -- -j4 -l4
[0.396s] Invoked command in '/home/labdoo/ros2_ws/build/ament_cmake_export_dependencies' returned '0': AMENT_PREFIX_PATH=/home/labdoo/ros2_ws/install/ament_cmake_libraries:/home/labdoo/ros2_ws/install/ament_cmake_core:${AMENT_PREFIX_PATH} CMAKE_PREFIX_PATH=/home/labdoo/ros2_ws/install/ament_cmake_libraries:/home/labdoo/ros2_ws/install/ament_cmake_core:/opt/ros/iron /usr/bin/cmake --build /home/labdoo/ros2_ws/build/ament_cmake_export_dependencies -- -j4 -l4
[0.428s] Invoking command in '/home/labdoo/ros2_ws/build/ament_cmake_export_dependencies': AMENT_PREFIX_PATH=/home/labdoo/ros2_ws/install/ament_cmake_libraries:/home/labdoo/ros2_ws/install/ament_cmake_core:${AMENT_PREFIX_PATH} CMAKE_PREFIX_PATH=/home/labdoo/ros2_ws/install/ament_cmake_libraries:/home/labdoo/ros2_ws/install/ament_cmake_core:/opt/ros/iron /usr/bin/cmake --install /home/labdoo/ros2_ws/build/ament_cmake_export_dependencies
[0.447s] -- Install configuration: ""
[0.448s] -- Up-to-date: /home/labdoo/ros2_ws/install/ament_cmake_export_dependencies/share/ament_index/resource_index/package_run_dependencies/ament_cmake_export_dependencies
[0.448s] -- Up-to-date: /home/labdoo/ros2_ws/install/ament_cmake_export_dependencies/share/ament_index/resource_index/parent_prefix_path/ament_cmake_export_dependencies
[0.448s] -- Up-to-date: /home/labdoo/ros2_ws/install/ament_cmake_export_dependencies/share/ament_cmake_export_dependencies/environment/ament_prefix_path.sh
[0.448s] -- Up-to-date: /home/labdoo/ros2_ws/install/ament_cmake_export_dependencies/share/ament_cmake_export_dependencies/environment/ament_prefix_path.dsv
[0.448s] -- Up-to-date: /home/labdoo/ros2_ws/install/ament_cmake_export_dependencies/share/ament_cmake_export_dependencies/environment/path.sh
[0.448s] -- Up-to-date: /home/labdoo/ros2_ws/install/ament_cmake_export_dependencies/share/ament_cmake_export_dependencies/environment/path.dsv
[0.448s] -- Up-to-date: /home/labdoo/ros2_ws/install/ament_cmake_export_dependencies/share/ament_cmake_export_dependencies/local_setup.bash
[0.449s] -- Up-to-date: /home/labdoo/ros2_ws/install/ament_cmake_export_dependencies/share/ament_cmake_export_dependencies/local_setup.sh
[0.449s] -- Up-to-date: /home/labdoo/ros2_ws/install/ament_cmake_export_dependencies/share/ament_cmake_export_dependencies/local_setup.zsh
[0.449s] -- Up-to-date: /home/labdoo/ros2_ws/install/ament_cmake_export_dependencies/share/ament_cmake_export_dependencies/local_setup.dsv
[0.451s] -- Installing: /home/labdoo/ros2_ws/install/ament_cmake_export_dependencies/share/ament_cmake_export_dependencies/package.dsv
[0.452s] -- Up-to-date: /home/labdoo/ros2_ws/install/ament_cmake_export_dependencies/share/ament_index/resource_index/packages/ament_cmake_export_dependencies
[0.452s] -- Up-to-date: /home/labdoo/ros2_ws/install/ament_cmake_export_dependencies/share/ament_cmake_export_dependencies/cmake/ament_cmake_export_dependencies-extras.cmake
[0.456s] -- Up-to-date: /home/labdoo/ros2_ws/install/ament_cmake_export_dependencies/share/ament_cmake_export_dependencies/cmake/ament_cmake_export_dependenciesConfig.cmake
[0.456s] -- Up-to-date: /home/labdoo/ros2_ws/install/ament_cmake_export_dependencies/share/ament_cmake_export_dependencies/cmake/ament_cmake_export_dependenciesConfig-version.cmake
[0.456s] -- Up-to-date: /home/labdoo/ros2_ws/install/ament_cmake_export_dependencies/share/ament_cmake_export_dependencies/package.xml
[0.456s] -- Up-to-date: /home/labdoo/ros2_ws/install/ament_cmake_export_dependencies/share/ament_cmake_export_dependencies/cmake
[0.456s] -- Up-to-date: /home/labdoo/ros2_ws/install/ament_cmake_export_dependencies/share/ament_cmake_export_dependencies/cmake/ament_cmake_export_dependencies-extras.cmake.in
[0.456s] -- Up-to-date: /home/labdoo/ros2_ws/install/ament_cmake_export_dependencies/share/ament_cmake_export_dependencies/cmake/ament_export_dependencies.cmake
[0.457s] -- Up-to-date: /home/labdoo/ros2_ws/install/ament_cmake_export_dependencies/share/ament_cmake_export_dependencies/cmake/ament_cmake_export_dependencies_package_hook.cmake
[0.561s] Invoked command in '/home/labdoo/ros2_ws/build/ament_cmake_export_dependencies' returned '0': AMENT_PREFIX_PATH=/home/labdoo/ros2_ws/install/ament_cmake_libraries:/home/labdoo/ros2_ws/install/ament_cmake_core:${AMENT_PREFIX_PATH} CMAKE_PREFIX_PATH=/home/labdoo/ros2_ws/install/ament_cmake_libraries:/home/labdoo/ros2_ws/install/ament_cmake_core:/opt/ros/iron /usr/bin/cmake --install /home/labdoo/ros2_ws/build/ament_cmake_export_dependencies
