[0.109s] Invoking command in '/home/labdoo/ros2_ws/build/ament_cmake_version': AMENT_PREFIX_PATH=/home/labdoo/ros2_ws/install/ament_cmake_core:${AMENT_PREFIX_PATH} CMAKE_PREFIX_PATH=/home/labdoo/ros2_ws/install/ament_cmake_core:/opt/ros/iron /usr/bin/cmake --build /home/labdoo/ros2_ws/build/ament_cmake_version -- -j4 -l4
[0.179s] Invoked command in '/home/labdoo/ros2_ws/build/ament_cmake_version' returned '0': AMENT_PREFIX_PATH=/home/labdoo/ros2_ws/install/ament_cmake_core:${AMENT_PREFIX_PATH} CMAKE_PREFIX_PATH=/home/labdoo/ros2_ws/install/ament_cmake_core:/opt/ros/iron /usr/bin/cmake --build /home/labdoo/ros2_ws/build/ament_cmake_version -- -j4 -l4
[0.389s] Invoking command in '/home/labdoo/ros2_ws/build/ament_cmake_version': AMENT_PREFIX_PATH=/home/labdoo/ros2_ws/install/ament_cmake_core:${AMENT_PREFIX_PATH} CMAKE_PREFIX_PATH=/home/labdoo/ros2_ws/install/ament_cmake_core:/opt/ros/iron /usr/bin/cmake --install /home/labdoo/ros2_ws/build/ament_cmake_version
[0.401s] -- Install configuration: ""
[0.401s] -- Up-to-date: /home/labdoo/ros2_ws/install/ament_cmake_version/share/ament_index/resource_index/package_run_dependencies/ament_cmake_version
[0.402s] -- Up-to-date: /home/labdoo/ros2_ws/install/ament_cmake_version/share/ament_index/resource_index/parent_prefix_path/ament_cmake_version
[0.402s] -- Up-to-date: /home/labdoo/ros2_ws/install/ament_cmake_version/share/ament_cmake_version/environment/ament_prefix_path.sh
[0.402s] -- Up-to-date: /home/labdoo/ros2_ws/install/ament_cmake_version/share/ament_cmake_version/environment/ament_prefix_path.dsv
[0.402s] -- Up-to-date: /home/labdoo/ros2_ws/install/ament_cmake_version/share/ament_cmake_version/environment/path.sh
[0.402s] -- Up-to-date: /home/labdoo/ros2_ws/install/ament_cmake_version/share/ament_cmake_version/environment/path.dsv
[0.402s] -- Up-to-date: /home/labdoo/ros2_ws/install/ament_cmake_version/share/ament_cmake_version/local_setup.bash
[0.403s] -- Up-to-date: /home/labdoo/ros2_ws/install/ament_cmake_version/share/ament_cmake_version/local_setup.sh
[0.403s] -- Up-to-date: /home/labdoo/ros2_ws/install/ament_cmake_version/share/ament_cmake_version/local_setup.zsh
[0.403s] -- Up-to-date: /home/labdoo/ros2_ws/install/ament_cmake_version/share/ament_cmake_version/local_setup.dsv
[0.403s] -- Installing: /home/labdoo/ros2_ws/install/ament_cmake_version/share/ament_cmake_version/package.dsv
[0.403s] -- Up-to-date: /home/labdoo/ros2_ws/install/ament_cmake_version/share/ament_index/resource_index/packages/ament_cmake_version
[0.404s] -- Up-to-date: /home/labdoo/ros2_ws/install/ament_cmake_version/share/ament_cmake_version/cmake/ament_cmake_version-extras.cmake
[0.404s] -- Up-to-date: /home/labdoo/ros2_ws/install/ament_cmake_version/share/ament_cmake_version/cmake/ament_cmake_versionConfig.cmake
[0.404s] -- Up-to-date: /home/labdoo/ros2_ws/install/ament_cmake_version/share/ament_cmake_version/cmake/ament_cmake_versionConfig-version.cmake
[0.404s] -- Up-to-date: /home/labdoo/ros2_ws/install/ament_cmake_version/share/ament_cmake_version/package.xml
[0.404s] -- Up-to-date: /home/labdoo/ros2_ws/install/ament_cmake_version/share/ament_cmake_version/cmake
[0.404s] -- Up-to-date: /home/labdoo/ros2_ws/install/ament_cmake_version/share/ament_cmake_version/cmake/ament_export_development_version_if_higher_than_manifest.cmake
[0.936s] Invoked command in '/home/labdoo/ros2_ws/build/ament_cmake_version' returned '0': AMENT_PREFIX_PATH=/home/labdoo/ros2_ws/install/ament_cmake_core:${AMENT_PREFIX_PATH} CMAKE_PREFIX_PATH=/home/labdoo/ros2_ws/install/ament_cmake_core:/opt/ros/iron /usr/bin/cmake --install /home/labdoo/ros2_ws/build/ament_cmake_version
