[0.233s] Invoking command in '/home/labdoo/ros2_ws/build/examples_rclcpp_wait_set': AMENT_PREFIX_PATH=/home/labdoo/ros2_ws/install/ament_cmake:/home/labdoo/ros2_ws/install/ament_cmake_gen_version_h:/home/labdoo/ros2_ws/install/ament_cmake_test:/home/labdoo/ros2_ws/install/ament_cmake_target_dependencies:/home/labdoo/ros2_ws/install/ament_cmake_export_targets:/home/labdoo/ros2_ws/install/ament_cmake_export_interfaces:/home/labdoo/ros2_ws/install/ament_cmake_export_dependencies:/home/labdoo/ros2_ws/install/ament_cmake_version:/home/labdoo/ros2_ws/install/ament_cmake_python:/home/labdoo/ros2_ws/install/ament_cmake_libraries:/home/labdoo/ros2_ws/install/ament_cmake_include_directories:/home/labdoo/ros2_ws/install/ament_cmake_export_link_flags:/home/labdoo/ros2_ws/install/ament_cmake_export_libraries:/home/labdoo/ros2_ws/install/ament_cmake_export_include_directories:/home/labdoo/ros2_ws/install/ament_cmake_export_definitions:/home/labdoo/ros2_ws/install/ament_cmake_core:${AMENT_PREFIX_PATH} CMAKE_PREFIX_PATH=/home/labdoo/ros2_ws/install/ament_cmake:/home/labdoo/ros2_ws/install/ament_cmake_gen_version_h:/home/labdoo/ros2_ws/install/ament_cmake_test:/home/labdoo/ros2_ws/install/ament_cmake_target_dependencies:/home/labdoo/ros2_ws/install/ament_cmake_export_targets:/home/labdoo/ros2_ws/install/ament_cmake_export_interfaces:/home/labdoo/ros2_ws/install/ament_cmake_export_dependencies:/home/labdoo/ros2_ws/install/ament_cmake_version:/home/labdoo/ros2_ws/install/ament_cmake_python:/home/labdoo/ros2_ws/install/ament_cmake_libraries:/home/labdoo/ros2_ws/install/ament_cmake_include_directories:/home/labdoo/ros2_ws/install/ament_cmake_export_link_flags:/home/labdoo/ros2_ws/install/ament_cmake_export_libraries:/home/labdoo/ros2_ws/install/ament_cmake_export_include_directories:/home/labdoo/ros2_ws/install/ament_cmake_export_definitions:/home/labdoo/ros2_ws/install/ament_cmake_core:/opt/ros/iron PYTHONPATH=/home/labdoo/ros2_ws/install/ament_cmake_test/lib/python3.10/site-packages:${PYTHONPATH} /usr/bin/cmake --build /home/labdoo/ros2_ws/build/examples_rclcpp_wait_set -- -j4 -l4
[0.363s] [  8%] Built target listener
[0.367s] [ 16%] Built target wait_set_talker
[0.367s] [ 25%] Built target wait_set_listener
[0.374s] [ 33%] Built target talker
[0.419s] [ 41%] Built target wait_set
[0.421s] [ 50%] Built target static_wait_set
[0.431s] [ 58%] Built target thread_safe_wait_set
[0.433s] [ 66%] Built target wait_set_topics_and_timer
[0.478s] [ 75%] Built target wait_set_random_order
[0.485s] [ 83%] Built target executor_random_order
[0.492s] [ 91%] Built target wait_set_topics_with_different_rates
[0.493s] [100%] Built target wait_set_composed
[1.002s] Invoked command in '/home/labdoo/ros2_ws/build/examples_rclcpp_wait_set' returned '0': AMENT_PREFIX_PATH=/home/labdoo/ros2_ws/install/ament_cmake:/home/labdoo/ros2_ws/install/ament_cmake_gen_version_h:/home/labdoo/ros2_ws/install/ament_cmake_test:/home/labdoo/ros2_ws/install/ament_cmake_target_dependencies:/home/labdoo/ros2_ws/install/ament_cmake_export_targets:/home/labdoo/ros2_ws/install/ament_cmake_export_interfaces:/home/labdoo/ros2_ws/install/ament_cmake_export_dependencies:/home/labdoo/ros2_ws/install/ament_cmake_version:/home/labdoo/ros2_ws/install/ament_cmake_python:/home/labdoo/ros2_ws/install/ament_cmake_libraries:/home/labdoo/ros2_ws/install/ament_cmake_include_directories:/home/labdoo/ros2_ws/install/ament_cmake_export_link_flags:/home/labdoo/ros2_ws/install/ament_cmake_export_libraries:/home/labdoo/ros2_ws/install/ament_cmake_export_include_directories:/home/labdoo/ros2_ws/install/ament_cmake_export_definitions:/home/labdoo/ros2_ws/install/ament_cmake_core:${AMENT_PREFIX_PATH} CMAKE_PREFIX_PATH=/home/labdoo/ros2_ws/install/ament_cmake:/home/labdoo/ros2_ws/install/ament_cmake_gen_version_h:/home/labdoo/ros2_ws/install/ament_cmake_test:/home/labdoo/ros2_ws/install/ament_cmake_target_dependencies:/home/labdoo/ros2_ws/install/ament_cmake_export_targets:/home/labdoo/ros2_ws/install/ament_cmake_export_interfaces:/home/labdoo/ros2_ws/install/ament_cmake_export_dependencies:/home/labdoo/ros2_ws/install/ament_cmake_version:/home/labdoo/ros2_ws/install/ament_cmake_python:/home/labdoo/ros2_ws/install/ament_cmake_libraries:/home/labdoo/ros2_ws/install/ament_cmake_include_directories:/home/labdoo/ros2_ws/install/ament_cmake_export_link_flags:/home/labdoo/ros2_ws/install/ament_cmake_export_libraries:/home/labdoo/ros2_ws/install/ament_cmake_export_include_directories:/home/labdoo/ros2_ws/install/ament_cmake_export_definitions:/home/labdoo/ros2_ws/install/ament_cmake_core:/opt/ros/iron PYTHONPATH=/home/labdoo/ros2_ws/install/ament_cmake_test/lib/python3.10/site-packages:${PYTHONPATH} /usr/bin/cmake --build /home/labdoo/ros2_ws/build/examples_rclcpp_wait_set -- -j4 -l4
[1.229s] Invoking command in '/home/labdoo/ros2_ws/build/examples_rclcpp_wait_set': AMENT_PREFIX_PATH=/home/labdoo/ros2_ws/install/ament_cmake:/home/labdoo/ros2_ws/install/ament_cmake_gen_version_h:/home/labdoo/ros2_ws/install/ament_cmake_test:/home/labdoo/ros2_ws/install/ament_cmake_target_dependencies:/home/labdoo/ros2_ws/install/ament_cmake_export_targets:/home/labdoo/ros2_ws/install/ament_cmake_export_interfaces:/home/labdoo/ros2_ws/install/ament_cmake_export_dependencies:/home/labdoo/ros2_ws/install/ament_cmake_version:/home/labdoo/ros2_ws/install/ament_cmake_python:/home/labdoo/ros2_ws/install/ament_cmake_libraries:/home/labdoo/ros2_ws/install/ament_cmake_include_directories:/home/labdoo/ros2_ws/install/ament_cmake_export_link_flags:/home/labdoo/ros2_ws/install/ament_cmake_export_libraries:/home/labdoo/ros2_ws/install/ament_cmake_export_include_directories:/home/labdoo/ros2_ws/install/ament_cmake_export_definitions:/home/labdoo/ros2_ws/install/ament_cmake_core:${AMENT_PREFIX_PATH} CMAKE_PREFIX_PATH=/home/labdoo/ros2_ws/install/ament_cmake:/home/labdoo/ros2_ws/install/ament_cmake_gen_version_h:/home/labdoo/ros2_ws/install/ament_cmake_test:/home/labdoo/ros2_ws/install/ament_cmake_target_dependencies:/home/labdoo/ros2_ws/install/ament_cmake_export_targets:/home/labdoo/ros2_ws/install/ament_cmake_export_interfaces:/home/labdoo/ros2_ws/install/ament_cmake_export_dependencies:/home/labdoo/ros2_ws/install/ament_cmake_version:/home/labdoo/ros2_ws/install/ament_cmake_python:/home/labdoo/ros2_ws/install/ament_cmake_libraries:/home/labdoo/ros2_ws/install/ament_cmake_include_directories:/home/labdoo/ros2_ws/install/ament_cmake_export_link_flags:/home/labdoo/ros2_ws/install/ament_cmake_export_libraries:/home/labdoo/ros2_ws/install/ament_cmake_export_include_directories:/home/labdoo/ros2_ws/install/ament_cmake_export_definitions:/home/labdoo/ros2_ws/install/ament_cmake_core:/opt/ros/iron PYTHONPATH=/home/labdoo/ros2_ws/install/ament_cmake_test/lib/python3.10/site-packages:${PYTHONPATH} /usr/bin/cmake --install /home/labdoo/ros2_ws/build/examples_rclcpp_wait_set
[1.241s] -- Install configuration: ""
[1.242s] -- Execute custom install script
[1.243s] -- Up-to-date symlink: /home/labdoo/ros2_ws/install/examples_rclcpp_wait_set/lib/examples_rclcpp_wait_set/wait_set_talker
[1.243s] -- Up-to-date symlink: /home/labdoo/ros2_ws/install/examples_rclcpp_wait_set/lib/examples_rclcpp_wait_set/wait_set_listener
[1.244s] -- Up-to-date symlink: /home/labdoo/ros2_ws/install/examples_rclcpp_wait_set/lib/libtalker.so
[1.244s] -- Up-to-date symlink: /home/labdoo/ros2_ws/install/examples_rclcpp_wait_set/lib/liblistener.so
[1.245s] -- Up-to-date symlink: /home/labdoo/ros2_ws/install/examples_rclcpp_wait_set/lib/examples_rclcpp_wait_set/wait_set
[1.245s] -- Up-to-date symlink: /home/labdoo/ros2_ws/install/examples_rclcpp_wait_set/lib/examples_rclcpp_wait_set/static_wait_set
[1.246s] -- Up-to-date symlink: /home/labdoo/ros2_ws/install/examples_rclcpp_wait_set/lib/examples_rclcpp_wait_set/thread_safe_wait_set
[1.246s] -- Up-to-date symlink: /home/labdoo/ros2_ws/install/examples_rclcpp_wait_set/lib/examples_rclcpp_wait_set/wait_set_topics_and_timer
[1.246s] -- Up-to-date symlink: /home/labdoo/ros2_ws/install/examples_rclcpp_wait_set/lib/examples_rclcpp_wait_set/wait_set_random_order
[1.247s] -- Up-to-date symlink: /home/labdoo/ros2_ws/install/examples_rclcpp_wait_set/lib/examples_rclcpp_wait_set/executor_random_order
[1.247s] -- Up-to-date symlink: /home/labdoo/ros2_ws/install/examples_rclcpp_wait_set/lib/examples_rclcpp_wait_set/wait_set_topics_with_different_rates
[1.247s] -- Up-to-date symlink: /home/labdoo/ros2_ws/install/examples_rclcpp_wait_set/lib/examples_rclcpp_wait_set/wait_set_composed
[1.248s] -- Up-to-date symlink: /home/labdoo/ros2_ws/install/examples_rclcpp_wait_set/share/ament_index/resource_index/package_run_dependencies/examples_rclcpp_wait_set
[1.248s] -- Up-to-date symlink: /home/labdoo/ros2_ws/install/examples_rclcpp_wait_set/share/ament_index/resource_index/parent_prefix_path/examples_rclcpp_wait_set
[1.249s] -- Up-to-date symlink: /home/labdoo/ros2_ws/install/examples_rclcpp_wait_set/share/examples_rclcpp_wait_set/environment/ament_prefix_path.sh
[1.250s] -- Up-to-date symlink: /home/labdoo/ros2_ws/install/examples_rclcpp_wait_set/share/examples_rclcpp_wait_set/environment/ament_prefix_path.dsv
[1.250s] -- Up-to-date symlink: /home/labdoo/ros2_ws/install/examples_rclcpp_wait_set/share/examples_rclcpp_wait_set/environment/path.sh
[1.251s] -- Up-to-date symlink: /home/labdoo/ros2_ws/install/examples_rclcpp_wait_set/share/examples_rclcpp_wait_set/environment/path.dsv
[1.251s] -- Up-to-date symlink: /home/labdoo/ros2_ws/install/examples_rclcpp_wait_set/share/examples_rclcpp_wait_set/local_setup.bash
[1.251s] -- Up-to-date symlink: /home/labdoo/ros2_ws/install/examples_rclcpp_wait_set/share/examples_rclcpp_wait_set/local_setup.sh
[1.251s] -- Up-to-date symlink: /home/labdoo/ros2_ws/install/examples_rclcpp_wait_set/share/examples_rclcpp_wait_set/local_setup.zsh
[1.252s] -- Up-to-date symlink: /home/labdoo/ros2_ws/install/examples_rclcpp_wait_set/share/examples_rclcpp_wait_set/local_setup.dsv
[1.252s] -- Symlinking: /home/labdoo/ros2_ws/install/examples_rclcpp_wait_set/share/examples_rclcpp_wait_set/package.dsv
[1.266s] -- Up-to-date symlink: /home/labdoo/ros2_ws/install/examples_rclcpp_wait_set/share/ament_index/resource_index/packages/examples_rclcpp_wait_set
[1.266s] -- Up-to-date symlink: /home/labdoo/ros2_ws/install/examples_rclcpp_wait_set/share/ament_index/resource_index/rclcpp_components/examples_rclcpp_wait_set
[1.266s] -- Up-to-date symlink: /home/labdoo/ros2_ws/install/examples_rclcpp_wait_set/share/examples_rclcpp_wait_set/cmake/examples_rclcpp_wait_setConfig.cmake
[1.267s] -- Up-to-date symlink: /home/labdoo/ros2_ws/install/examples_rclcpp_wait_set/share/examples_rclcpp_wait_set/cmake/examples_rclcpp_wait_setConfig-version.cmake
[1.267s] -- Up-to-date symlink: /home/labdoo/ros2_ws/install/examples_rclcpp_wait_set/share/examples_rclcpp_wait_set/package.xml
[1.271s] Invoked command in '/home/labdoo/ros2_ws/build/examples_rclcpp_wait_set' returned '0': AMENT_PREFIX_PATH=/home/labdoo/ros2_ws/install/ament_cmake:/home/labdoo/ros2_ws/install/ament_cmake_gen_version_h:/home/labdoo/ros2_ws/install/ament_cmake_test:/home/labdoo/ros2_ws/install/ament_cmake_target_dependencies:/home/labdoo/ros2_ws/install/ament_cmake_export_targets:/home/labdoo/ros2_ws/install/ament_cmake_export_interfaces:/home/labdoo/ros2_ws/install/ament_cmake_export_dependencies:/home/labdoo/ros2_ws/install/ament_cmake_version:/home/labdoo/ros2_ws/install/ament_cmake_python:/home/labdoo/ros2_ws/install/ament_cmake_libraries:/home/labdoo/ros2_ws/install/ament_cmake_include_directories:/home/labdoo/ros2_ws/install/ament_cmake_export_link_flags:/home/labdoo/ros2_ws/install/ament_cmake_export_libraries:/home/labdoo/ros2_ws/install/ament_cmake_export_include_directories:/home/labdoo/ros2_ws/install/ament_cmake_export_definitions:/home/labdoo/ros2_ws/install/ament_cmake_core:${AMENT_PREFIX_PATH} CMAKE_PREFIX_PATH=/home/labdoo/ros2_ws/install/ament_cmake:/home/labdoo/ros2_ws/install/ament_cmake_gen_version_h:/home/labdoo/ros2_ws/install/ament_cmake_test:/home/labdoo/ros2_ws/install/ament_cmake_target_dependencies:/home/labdoo/ros2_ws/install/ament_cmake_export_targets:/home/labdoo/ros2_ws/install/ament_cmake_export_interfaces:/home/labdoo/ros2_ws/install/ament_cmake_export_dependencies:/home/labdoo/ros2_ws/install/ament_cmake_version:/home/labdoo/ros2_ws/install/ament_cmake_python:/home/labdoo/ros2_ws/install/ament_cmake_libraries:/home/labdoo/ros2_ws/install/ament_cmake_include_directories:/home/labdoo/ros2_ws/install/ament_cmake_export_link_flags:/home/labdoo/ros2_ws/install/ament_cmake_export_libraries:/home/labdoo/ros2_ws/install/ament_cmake_export_include_directories:/home/labdoo/ros2_ws/install/ament_cmake_export_definitions:/home/labdoo/ros2_ws/install/ament_cmake_core:/opt/ros/iron PYTHONPATH=/home/labdoo/ros2_ws/install/ament_cmake_test/lib/python3.10/site-packages:${PYTHONPATH} /usr/bin/cmake --install /home/labdoo/ros2_ws/build/examples_rclcpp_wait_set
