[0.239s] Invoking command in '/home/labdoo/ros2_ws/build/ament_cmake_include_directories': AMENT_PREFIX_PATH=/home/labdoo/ros2_ws/install/ament_cmake_core:${AMENT_PREFIX_PATH} CMAKE_PREFIX_PATH=/home/labdoo/ros2_ws/install/ament_cmake_core:/opt/ros/iron /usr/bin/cmake --build /home/labdoo/ros2_ws/build/ament_cmake_include_directories -- -j4 -l4
[0.303s] Invoked command in '/home/labdoo/ros2_ws/build/ament_cmake_include_directories' returned '0': AMENT_PREFIX_PATH=/home/labdoo/ros2_ws/install/ament_cmake_core:${AMENT_PREFIX_PATH} CMAKE_PREFIX_PATH=/home/labdoo/ros2_ws/install/ament_cmake_core:/opt/ros/iron /usr/bin/cmake --build /home/labdoo/ros2_ws/build/ament_cmake_include_directories -- -j4 -l4
[0.344s] Invoking command in '/home/labdoo/ros2_ws/build/ament_cmake_include_directories': AMENT_PREFIX_PATH=/home/labdoo/ros2_ws/install/ament_cmake_core:${AMENT_PREFIX_PATH} CMAKE_PREFIX_PATH=/home/labdoo/ros2_ws/install/ament_cmake_core:/opt/ros/iron /usr/bin/cmake --install /home/labdoo/ros2_ws/build/ament_cmake_include_directories
[0.360s] -- Install configuration: ""
[0.361s] -- Up-to-date: /home/labdoo/ros2_ws/install/ament_cmake_include_directories/share/ament_index/resource_index/package_run_dependencies/ament_cmake_include_directories
[0.361s] -- Up-to-date: /home/labdoo/ros2_ws/install/ament_cmake_include_directories/share/ament_index/resource_index/parent_prefix_path/ament_cmake_include_directories
[0.361s] -- Up-to-date: /home/labdoo/ros2_ws/install/ament_cmake_include_directories/share/ament_cmake_include_directories/environment/ament_prefix_path.sh
[0.361s] -- Up-to-date: /home/labdoo/ros2_ws/install/ament_cmake_include_directories/share/ament_cmake_include_directories/environment/ament_prefix_path.dsv
[0.361s] -- Up-to-date: /home/labdoo/ros2_ws/install/ament_cmake_include_directories/share/ament_cmake_include_directories/environment/path.sh
[0.362s] -- Up-to-date: /home/labdoo/ros2_ws/install/ament_cmake_include_directories/share/ament_cmake_include_directories/environment/path.dsv
[0.362s] -- Up-to-date: /home/labdoo/ros2_ws/install/ament_cmake_include_directories/share/ament_cmake_include_directories/local_setup.bash
[0.362s] -- Up-to-date: /home/labdoo/ros2_ws/install/ament_cmake_include_directories/share/ament_cmake_include_directories/local_setup.sh
[0.362s] -- Up-to-date: /home/labdoo/ros2_ws/install/ament_cmake_include_directories/share/ament_cmake_include_directories/local_setup.zsh
[0.362s] -- Up-to-date: /home/labdoo/ros2_ws/install/ament_cmake_include_directories/share/ament_cmake_include_directories/local_setup.dsv
[0.362s] -- Installing: /home/labdoo/ros2_ws/install/ament_cmake_include_directories/share/ament_cmake_include_directories/package.dsv
[0.363s] -- Up-to-date: /home/labdoo/ros2_ws/install/ament_cmake_include_directories/share/ament_index/resource_index/packages/ament_cmake_include_directories
[0.363s] -- Up-to-date: /home/labdoo/ros2_ws/install/ament_cmake_include_directories/share/ament_cmake_include_directories/cmake/ament_cmake_include_directories-extras.cmake
[0.363s] -- Up-to-date: /home/labdoo/ros2_ws/install/ament_cmake_include_directories/share/ament_cmake_include_directories/cmake/ament_cmake_include_directoriesConfig.cmake
[0.363s] -- Up-to-date: /home/labdoo/ros2_ws/install/ament_cmake_include_directories/share/ament_cmake_include_directories/cmake/ament_cmake_include_directoriesConfig-version.cmake
[0.363s] -- Up-to-date: /home/labdoo/ros2_ws/install/ament_cmake_include_directories/share/ament_cmake_include_directories/package.xml
[0.364s] -- Up-to-date: /home/labdoo/ros2_ws/install/ament_cmake_include_directories/share/ament_cmake_include_directories/cmake
[0.364s] -- Up-to-date: /home/labdoo/ros2_ws/install/ament_cmake_include_directories/share/ament_cmake_include_directories/cmake/ament_include_directories_order.cmake
[0.697s] Invoked command in '/home/labdoo/ros2_ws/build/ament_cmake_include_directories' returned '0': AMENT_PREFIX_PATH=/home/labdoo/ros2_ws/install/ament_cmake_core:${AMENT_PREFIX_PATH} CMAKE_PREFIX_PATH=/home/labdoo/ros2_ws/install/ament_cmake_core:/opt/ros/iron /usr/bin/cmake --install /home/labdoo/ros2_ws/build/ament_cmake_include_directories
