[2.183s] Invoking command in '/home/labdoo/ros2_ws/src/py_pubsub': PYTHONPATH=/home/labdoo/ros2_ws/build/py_pubsub/prefix_override:/home/labdoo/ros2_ws/install/py_pubsub/lib/python3.10/site-packages:${PYTHONPATH} /usr/bin/python3 setup.py egg_info --egg-base ../../build/py_pubsub build --build-base /home/labdoo/ros2_ws/build/py_pubsub/build install --record /home/labdoo/ros2_ws/build/py_pubsub/install.log --single-version-externally-managed
[2.630s] running egg_info
[2.632s] writing ../../build/py_pubsub/py_pubsub.egg-info/PKG-INFO
[2.633s] writing dependency_links to ../../build/py_pubsub/py_pubsub.egg-info/dependency_links.txt
[2.633s] writing entry points to ../../build/py_pubsub/py_pubsub.egg-info/entry_points.txt
[2.633s] writing requirements to ../../build/py_pubsub/py_pubsub.egg-info/requires.txt
[2.634s] writing top-level names to ../../build/py_pubsub/py_pubsub.egg-info/top_level.txt
[2.638s] reading manifest file '../../build/py_pubsub/py_pubsub.egg-info/SOURCES.txt'
[2.639s] adding license file 'LICENSE'
[2.640s] writing manifest file '../../build/py_pubsub/py_pubsub.egg-info/SOURCES.txt'
[2.640s] running build
[2.641s] running build_py
[2.641s] running install
[2.642s] /usr/lib/python3/dist-packages/setuptools/command/install.py:34: SetuptoolsDeprecationWarning: setup.py install is deprecated. Use build and pip and other standards-based tools.
[2.642s]   warnings.warn(
[2.643s] running install_lib
[2.643s] running install_data
[2.645s] running install_egg_info
[2.648s] removing '/home/labdoo/ros2_ws/install/py_pubsub/lib/python3.10/site-packages/py_pubsub-0.0.0-py3.10.egg-info' (and everything under it)
[2.649s] Copying ../../build/py_pubsub/py_pubsub.egg-info to /home/labdoo/ros2_ws/install/py_pubsub/lib/python3.10/site-packages/py_pubsub-0.0.0-py3.10.egg-info
[2.650s] running install_scripts
[2.681s] writing list of installed files to '/home/labdoo/ros2_ws/build/py_pubsub/install.log'
[2.727s] Invoked command in '/home/labdoo/ros2_ws/src/py_pubsub' returned '0': PYTHONPATH=/home/labdoo/ros2_ws/build/py_pubsub/prefix_override:/home/labdoo/ros2_ws/install/py_pubsub/lib/python3.10/site-packages:${PYTHONPATH} /usr/bin/python3 setup.py egg_info --egg-base ../../build/py_pubsub build --build-base /home/labdoo/ros2_ws/build/py_pubsub/build install --record /home/labdoo/ros2_ws/build/py_pubsub/install.log --single-version-externally-managed
