[3.417s] Invoking command in '/home/labdoo/ros2_ws/build/examples_rclpy_guard_conditions': PYTHONPATH=/home/labdoo/ros2_ws/build/examples_rclpy_guard_conditions/prefix_override:/home/labdoo/ros2_ws/install/examples_rclpy_guard_conditions/lib/python3.10/site-packages:${PYTHONPATH} /usr/bin/python3 setup.py develop --uninstall --editable --build-directory /home/labdoo/ros2_ws/build/examples_rclpy_guard_conditions/build
[4.347s] running develop
[4.347s] /usr/lib/python3/dist-packages/setuptools/command/easy_install.py:158: EasyInstallDeprecationWarning: easy_install command is deprecated. Use build and pip and other standards-based tools.
[4.347s]   warnings.warn(
[4.351s] /usr/lib/python3/dist-packages/setuptools/command/install.py:34: SetuptoolsDeprecationWarning: setup.py install is deprecated. Use build and pip and other standards-based tools.
[4.352s]   warnings.warn(
[5.073s] Removing /home/labdoo/ros2_ws/install/examples_rclpy_guard_conditions/lib/python3.10/site-packages/examples-rclpy-guard-conditions.egg-link (link to .)
[5.592s] Invoked command in '/home/labdoo/ros2_ws/build/examples_rclpy_guard_conditions' returned '0': PYTHONPATH=/home/labdoo/ros2_ws/build/examples_rclpy_guard_conditions/prefix_override:/home/labdoo/ros2_ws/install/examples_rclpy_guard_conditions/lib/python3.10/site-packages:${PYTHONPATH} /usr/bin/python3 setup.py develop --uninstall --editable --build-directory /home/labdoo/ros2_ws/build/examples_rclpy_guard_conditions/build
[5.597s] Invoking command in '/home/labdoo/ros2_ws/src/examples/rclpy/guard_conditions': PYTHONPATH=/home/labdoo/ros2_ws/build/examples_rclpy_guard_conditions/prefix_override:/home/labdoo/ros2_ws/install/examples_rclpy_guard_conditions/lib/python3.10/site-packages:${PYTHONPATH} /usr/bin/python3 setup.py egg_info --egg-base ../../../../build/examples_rclpy_guard_conditions build --build-base /home/labdoo/ros2_ws/build/examples_rclpy_guard_conditions/build install --record /home/labdoo/ros2_ws/build/examples_rclpy_guard_conditions/install.log --single-version-externally-managed
[6.505s] running egg_info
[6.509s] writing ../../../../build/examples_rclpy_guard_conditions/examples_rclpy_guard_conditions.egg-info/PKG-INFO
[6.512s] writing dependency_links to ../../../../build/examples_rclpy_guard_conditions/examples_rclpy_guard_conditions.egg-info/dependency_links.txt
[6.514s] writing entry points to ../../../../build/examples_rclpy_guard_conditions/examples_rclpy_guard_conditions.egg-info/entry_points.txt
[6.518s] writing requirements to ../../../../build/examples_rclpy_guard_conditions/examples_rclpy_guard_conditions.egg-info/requires.txt
[6.520s] writing top-level names to ../../../../build/examples_rclpy_guard_conditions/examples_rclpy_guard_conditions.egg-info/top_level.txt
[6.538s] reading manifest file '../../../../build/examples_rclpy_guard_conditions/examples_rclpy_guard_conditions.egg-info/SOURCES.txt'
[6.542s] writing manifest file '../../../../build/examples_rclpy_guard_conditions/examples_rclpy_guard_conditions.egg-info/SOURCES.txt'
[6.546s] running build
[6.546s] running build_py
[6.546s] creating /home/labdoo/ros2_ws/build/examples_rclpy_guard_conditions/build
[6.549s] creating /home/labdoo/ros2_ws/build/examples_rclpy_guard_conditions/build/lib
[6.551s] creating /home/labdoo/ros2_ws/build/examples_rclpy_guard_conditions/build/lib/examples_rclpy_guard_conditions
[6.552s] copying examples_rclpy_guard_conditions/trigger_guard_condition.py -> /home/labdoo/ros2_ws/build/examples_rclpy_guard_conditions/build/lib/examples_rclpy_guard_conditions
[6.555s] copying examples_rclpy_guard_conditions/__init__.py -> /home/labdoo/ros2_ws/build/examples_rclpy_guard_conditions/build/lib/examples_rclpy_guard_conditions
[6.558s] running install
[6.559s] /usr/lib/python3/dist-packages/setuptools/command/install.py:34: SetuptoolsDeprecationWarning: setup.py install is deprecated. Use build and pip and other standards-based tools.
[6.560s]   warnings.warn(
[6.566s] running install_lib
[6.567s] creating /home/labdoo/ros2_ws/install/examples_rclpy_guard_conditions/lib/python3.10/site-packages/examples_rclpy_guard_conditions
[6.567s] copying /home/labdoo/ros2_ws/build/examples_rclpy_guard_conditions/build/lib/examples_rclpy_guard_conditions/trigger_guard_condition.py -> /home/labdoo/ros2_ws/install/examples_rclpy_guard_conditions/lib/python3.10/site-packages/examples_rclpy_guard_conditions
[6.567s] copying /home/labdoo/ros2_ws/build/examples_rclpy_guard_conditions/build/lib/examples_rclpy_guard_conditions/__init__.py -> /home/labdoo/ros2_ws/install/examples_rclpy_guard_conditions/lib/python3.10/site-packages/examples_rclpy_guard_conditions
[6.573s] byte-compiling /home/labdoo/ros2_ws/install/examples_rclpy_guard_conditions/lib/python3.10/site-packages/examples_rclpy_guard_conditions/trigger_guard_condition.py to trigger_guard_condition.cpython-310.pyc
[6.575s] byte-compiling /home/labdoo/ros2_ws/install/examples_rclpy_guard_conditions/lib/python3.10/site-packages/examples_rclpy_guard_conditions/__init__.py to __init__.cpython-310.pyc
[6.576s] running install_data
[6.579s] running install_egg_info
[6.586s] Copying ../../../../build/examples_rclpy_guard_conditions/examples_rclpy_guard_conditions.egg-info to /home/labdoo/ros2_ws/install/examples_rclpy_guard_conditions/lib/python3.10/site-packages/examples_rclpy_guard_conditions-0.18.0-py3.10.egg-info
[6.589s] running install_scripts
[6.658s] Installing trigger_guard_condition script to /home/labdoo/ros2_ws/install/examples_rclpy_guard_conditions/lib/examples_rclpy_guard_conditions
[6.659s] writing list of installed files to '/home/labdoo/ros2_ws/build/examples_rclpy_guard_conditions/install.log'
[6.760s] Invoked command in '/home/labdoo/ros2_ws/src/examples/rclpy/guard_conditions' returned '0': PYTHONPATH=/home/labdoo/ros2_ws/build/examples_rclpy_guard_conditions/prefix_override:/home/labdoo/ros2_ws/install/examples_rclpy_guard_conditions/lib/python3.10/site-packages:${PYTHONPATH} /usr/bin/python3 setup.py egg_info --egg-base ../../../../build/examples_rclpy_guard_conditions build --build-base /home/labdoo/ros2_ws/build/examples_rclpy_guard_conditions/build install --record /home/labdoo/ros2_ws/build/examples_rclpy_guard_conditions/install.log --single-version-externally-managed
