[0.106s] Invoking command in '/home/labdoo/ros2_ws/build/cpp_srvcli': CMAKE_PREFIX_PATH=/opt/ros/iron /usr/bin/cmake --build /home/labdoo/ros2_ws/build/cpp_srvcli -- -j4 -l4
[0.135s] -- Found ament_cmake: 2.0.4 (/opt/ros/iron/share/ament_cmake/cmake)
[0.360s] -- Found rclcpp: 21.0.5 (/opt/ros/iron/share/rclcpp/cmake)
[0.405s] -- Found rosidl_generator_c: 4.0.1 (/opt/ros/iron/share/rosidl_generator_c/cmake)
[0.419s] -- Found rosidl_generator_cpp: 4.0.1 (/opt/ros/iron/share/rosidl_generator_cpp/cmake)
[0.438s] -- Using all available rosidl_typesupport_c: rosidl_typesupport_fastrtps_c;rosidl_typesupport_introspection_c
[0.462s] -- Using all available rosidl_typesupport_cpp: rosidl_typesupport_fastrtps_cpp;rosidl_typesupport_introspection_cpp
[0.702s] -- Found rmw_implementation_cmake: 7.1.0 (/opt/ros/iron/share/rmw_implementation_cmake/cmake)
[0.704s] -- Found rmw_fastrtps_cpp: 7.1.3 (/opt/ros/iron/share/rmw_fastrtps_cpp/cmake)
[0.889s] -- Using RMW implementation 'rmw_fastrtps_cpp' as default
[1.187s] -- Found example_interfaces: 0.10.2 (/opt/ros/iron/share/example_interfaces/cmake)
[1.599s] -- Configuring done
[1.624s] -- Generating done
[1.628s] -- Build files have been written to: /home/labdoo/ros2_ws/build/cpp_srvcli
[1.663s] [35m[1mConsolidate compiler generated dependencies of target client[0m
[1.663s] [35m[1mConsolidate compiler generated dependencies of target server[0m
[1.693s] [ 25%] [32mBuilding CXX object CMakeFiles/client.dir/src/add_two_ints_client.cpp.o[0m
[1.699s] [ 50%] [32mBuilding CXX object CMakeFiles/server.dir/src/add_two_ints_server.cpp.o[0m
[7.816s] [ 75%] [32m[1mLinking CXX executable server[0m
[8.116s] [ 75%] Built target server
[8.256s] [100%] [32m[1mLinking CXX executable client[0m
[8.510s] [100%] Built target client
[8.522s] Invoked command in '/home/labdoo/ros2_ws/build/cpp_srvcli' returned '0': CMAKE_PREFIX_PATH=/opt/ros/iron /usr/bin/cmake --build /home/labdoo/ros2_ws/build/cpp_srvcli -- -j4 -l4
[8.561s] Invoking command in '/home/labdoo/ros2_ws/build/cpp_srvcli': CMAKE_PREFIX_PATH=/opt/ros/iron /usr/bin/cmake --install /home/labdoo/ros2_ws/build/cpp_srvcli
[8.569s] -- Install configuration: ""
[8.569s] -- Installing: /home/labdoo/ros2_ws/install/cpp_srvcli/lib/cpp_srvcli/server
[8.571s] -- Set runtime path of "/home/labdoo/ros2_ws/install/cpp_srvcli/lib/cpp_srvcli/server" to ""
[8.571s] -- Installing: /home/labdoo/ros2_ws/install/cpp_srvcli/lib/cpp_srvcli/client
[8.573s] -- Set runtime path of "/home/labdoo/ros2_ws/install/cpp_srvcli/lib/cpp_srvcli/client" to ""
[8.573s] -- Up-to-date: /home/labdoo/ros2_ws/install/cpp_srvcli/share/ament_index/resource_index/package_run_dependencies/cpp_srvcli
[8.573s] -- Up-to-date: /home/labdoo/ros2_ws/install/cpp_srvcli/share/ament_index/resource_index/parent_prefix_path/cpp_srvcli
[8.573s] -- Up-to-date: /home/labdoo/ros2_ws/install/cpp_srvcli/share/cpp_srvcli/environment/ament_prefix_path.sh
[8.574s] -- Up-to-date: /home/labdoo/ros2_ws/install/cpp_srvcli/share/cpp_srvcli/environment/ament_prefix_path.dsv
[8.574s] -- Up-to-date: /home/labdoo/ros2_ws/install/cpp_srvcli/share/cpp_srvcli/environment/path.sh
[8.574s] -- Up-to-date: /home/labdoo/ros2_ws/install/cpp_srvcli/share/cpp_srvcli/environment/path.dsv
[8.574s] -- Up-to-date: /home/labdoo/ros2_ws/install/cpp_srvcli/share/cpp_srvcli/local_setup.bash
[8.574s] -- Up-to-date: /home/labdoo/ros2_ws/install/cpp_srvcli/share/cpp_srvcli/local_setup.sh
[8.574s] -- Up-to-date: /home/labdoo/ros2_ws/install/cpp_srvcli/share/cpp_srvcli/local_setup.zsh
[8.575s] -- Up-to-date: /home/labdoo/ros2_ws/install/cpp_srvcli/share/cpp_srvcli/local_setup.dsv
[8.575s] -- Installing: /home/labdoo/ros2_ws/install/cpp_srvcli/share/cpp_srvcli/package.dsv
[8.575s] -- Up-to-date: /home/labdoo/ros2_ws/install/cpp_srvcli/share/ament_index/resource_index/packages/cpp_srvcli
[8.576s] -- Up-to-date: /home/labdoo/ros2_ws/install/cpp_srvcli/share/cpp_srvcli/cmake/cpp_srvcliConfig.cmake
[8.576s] -- Up-to-date: /home/labdoo/ros2_ws/install/cpp_srvcli/share/cpp_srvcli/cmake/cpp_srvcliConfig-version.cmake
[8.577s] -- Up-to-date: /home/labdoo/ros2_ws/install/cpp_srvcli/share/cpp_srvcli/package.xml
[8.577s] Invoked command in '/home/labdoo/ros2_ws/build/cpp_srvcli' returned '0': CMAKE_PREFIX_PATH=/opt/ros/iron /usr/bin/cmake --install /home/labdoo/ros2_ws/build/cpp_srvcli
