[0.108s] Invoking command in '/home/labdoo/ros2_ws/build/ament_cmake_gmock': AMENT_PREFIX_PATH=/home/labdoo/ros2_ws/install/ament_cmake_gtest:/home/labdoo/ros2_ws/install/ament_cmake_test:/home/labdoo/ros2_ws/install/ament_cmake_core:${AMENT_PREFIX_PATH} CMAKE_PREFIX_PATH=/home/labdoo/ros2_ws/install/ament_cmake_gtest:/home/labdoo/ros2_ws/install/ament_cmake_test:/home/labdoo/ros2_ws/install/ament_cmake_core:/opt/ros/iron PYTHONPATH=/home/labdoo/ros2_ws/install/ament_cmake_test/lib/python3.10/site-packages:${PYTHONPATH} /usr/bin/cmake --build /home/labdoo/ros2_ws/build/ament_cmake_gmock -- -j4 -l4
[0.180s] Invoked command in '/home/labdoo/ros2_ws/build/ament_cmake_gmock' returned '0': AMENT_PREFIX_PATH=/home/labdoo/ros2_ws/install/ament_cmake_gtest:/home/labdoo/ros2_ws/install/ament_cmake_test:/home/labdoo/ros2_ws/install/ament_cmake_core:${AMENT_PREFIX_PATH} CMAKE_PREFIX_PATH=/home/labdoo/ros2_ws/install/ament_cmake_gtest:/home/labdoo/ros2_ws/install/ament_cmake_test:/home/labdoo/ros2_ws/install/ament_cmake_core:/opt/ros/iron PYTHONPATH=/home/labdoo/ros2_ws/install/ament_cmake_test/lib/python3.10/site-packages:${PYTHONPATH} /usr/bin/cmake --build /home/labdoo/ros2_ws/build/ament_cmake_gmock -- -j4 -l4
[0.261s] Invoking command in '/home/labdoo/ros2_ws/build/ament_cmake_gmock': AMENT_PREFIX_PATH=/home/labdoo/ros2_ws/install/ament_cmake_gtest:/home/labdoo/ros2_ws/install/ament_cmake_test:/home/labdoo/ros2_ws/install/ament_cmake_core:${AMENT_PREFIX_PATH} CMAKE_PREFIX_PATH=/home/labdoo/ros2_ws/install/ament_cmake_gtest:/home/labdoo/ros2_ws/install/ament_cmake_test:/home/labdoo/ros2_ws/install/ament_cmake_core:/opt/ros/iron PYTHONPATH=/home/labdoo/ros2_ws/install/ament_cmake_test/lib/python3.10/site-packages:${PYTHONPATH} /usr/bin/cmake --install /home/labdoo/ros2_ws/build/ament_cmake_gmock
[0.274s] -- Install configuration: ""
[0.274s] -- Up-to-date: /home/labdoo/ros2_ws/install/ament_cmake_gmock/share/ament_index/resource_index/package_run_dependencies/ament_cmake_gmock
[0.274s] -- Up-to-date: /home/labdoo/ros2_ws/install/ament_cmake_gmock/share/ament_index/resource_index/parent_prefix_path/ament_cmake_gmock
[0.275s] -- Up-to-date: /home/labdoo/ros2_ws/install/ament_cmake_gmock/share/ament_cmake_gmock/environment/ament_prefix_path.sh
[0.275s] -- Up-to-date: /home/labdoo/ros2_ws/install/ament_cmake_gmock/share/ament_cmake_gmock/environment/ament_prefix_path.dsv
[0.275s] -- Up-to-date: /home/labdoo/ros2_ws/install/ament_cmake_gmock/share/ament_cmake_gmock/environment/path.sh
[0.275s] -- Up-to-date: /home/labdoo/ros2_ws/install/ament_cmake_gmock/share/ament_cmake_gmock/environment/path.dsv
[0.275s] -- Up-to-date: /home/labdoo/ros2_ws/install/ament_cmake_gmock/share/ament_cmake_gmock/local_setup.bash
[0.276s] -- Up-to-date: /home/labdoo/ros2_ws/install/ament_cmake_gmock/share/ament_cmake_gmock/local_setup.sh
[0.276s] -- Up-to-date: /home/labdoo/ros2_ws/install/ament_cmake_gmock/share/ament_cmake_gmock/local_setup.zsh
[0.276s] -- Up-to-date: /home/labdoo/ros2_ws/install/ament_cmake_gmock/share/ament_cmake_gmock/local_setup.dsv
[0.276s] -- Installing: /home/labdoo/ros2_ws/install/ament_cmake_gmock/share/ament_cmake_gmock/package.dsv
[0.276s] -- Up-to-date: /home/labdoo/ros2_ws/install/ament_cmake_gmock/share/ament_index/resource_index/packages/ament_cmake_gmock
[0.277s] -- Up-to-date: /home/labdoo/ros2_ws/install/ament_cmake_gmock/share/ament_cmake_gmock/cmake/ament_cmake_gmock-extras.cmake
[0.277s] -- Up-to-date: /home/labdoo/ros2_ws/install/ament_cmake_gmock/share/ament_cmake_gmock/cmake/ament_cmake_gmockConfig.cmake
[0.277s] -- Up-to-date: /home/labdoo/ros2_ws/install/ament_cmake_gmock/share/ament_cmake_gmock/cmake/ament_cmake_gmockConfig-version.cmake
[0.277s] -- Up-to-date: /home/labdoo/ros2_ws/install/ament_cmake_gmock/share/ament_cmake_gmock/package.xml
[0.277s] -- Up-to-date: /home/labdoo/ros2_ws/install/ament_cmake_gmock/share/ament_cmake_gmock/cmake
[0.277s] -- Up-to-date: /home/labdoo/ros2_ws/install/ament_cmake_gmock/share/ament_cmake_gmock/cmake/ament_add_gmock.cmake
[0.278s] -- Up-to-date: /home/labdoo/ros2_ws/install/ament_cmake_gmock/share/ament_cmake_gmock/cmake/ament_add_gmock_executable.cmake
[0.279s] -- Up-to-date: /home/labdoo/ros2_ws/install/ament_cmake_gmock/share/ament_cmake_gmock/cmake/ament_find_gmock.cmake
[0.279s] -- Up-to-date: /home/labdoo/ros2_ws/install/ament_cmake_gmock/share/ament_cmake_gmock/cmake/ament_add_gmock_test.cmake
[0.281s] Invoked command in '/home/labdoo/ros2_ws/build/ament_cmake_gmock' returned '0': AMENT_PREFIX_PATH=/home/labdoo/ros2_ws/install/ament_cmake_gtest:/home/labdoo/ros2_ws/install/ament_cmake_test:/home/labdoo/ros2_ws/install/ament_cmake_core:${AMENT_PREFIX_PATH} CMAKE_PREFIX_PATH=/home/labdoo/ros2_ws/install/ament_cmake_gtest:/home/labdoo/ros2_ws/install/ament_cmake_test:/home/labdoo/ros2_ws/install/ament_cmake_core:/opt/ros/iron PYTHONPATH=/home/labdoo/ros2_ws/install/ament_cmake_test/lib/python3.10/site-packages:${PYTHONPATH} /usr/bin/cmake --install /home/labdoo/ros2_ws/build/ament_cmake_gmock
