[0.567s] Invoking command in '/home/labdoo/ros2_ws/build/ament_cmake_export_interfaces': AMENT_PREFIX_PATH=/home/labdoo/ros2_ws/install/ament_cmake_export_libraries:/home/labdoo/ros2_ws/install/ament_cmake_core:${AMENT_PREFIX_PATH} CMAKE_PREFIX_PATH=/home/labdoo/ros2_ws/install/ament_cmake_export_libraries:/home/labdoo/ros2_ws/install/ament_cmake_core:/opt/ros/iron /usr/bin/cmake --build /home/labdoo/ros2_ws/build/ament_cmake_export_interfaces -- -j4 -l4
[0.630s] Invoked command in '/home/labdoo/ros2_ws/build/ament_cmake_export_interfaces' returned '0': AMENT_PREFIX_PATH=/home/labdoo/ros2_ws/install/ament_cmake_export_libraries:/home/labdoo/ros2_ws/install/ament_cmake_core:${AMENT_PREFIX_PATH} CMAKE_PREFIX_PATH=/home/labdoo/ros2_ws/install/ament_cmake_export_libraries:/home/labdoo/ros2_ws/install/ament_cmake_core:/opt/ros/iron /usr/bin/cmake --build /home/labdoo/ros2_ws/build/ament_cmake_export_interfaces -- -j4 -l4
[0.677s] Invoking command in '/home/labdoo/ros2_ws/build/ament_cmake_export_interfaces': AMENT_PREFIX_PATH=/home/labdoo/ros2_ws/install/ament_cmake_export_libraries:/home/labdoo/ros2_ws/install/ament_cmake_core:${AMENT_PREFIX_PATH} CMAKE_PREFIX_PATH=/home/labdoo/ros2_ws/install/ament_cmake_export_libraries:/home/labdoo/ros2_ws/install/ament_cmake_core:/opt/ros/iron /usr/bin/cmake --install /home/labdoo/ros2_ws/build/ament_cmake_export_interfaces
[0.820s] -- Install configuration: ""
[0.820s] -- Up-to-date: /home/labdoo/ros2_ws/install/ament_cmake_export_interfaces/share/ament_index/resource_index/package_run_dependencies/ament_cmake_export_interfaces
[0.820s] -- Up-to-date: /home/labdoo/ros2_ws/install/ament_cmake_export_interfaces/share/ament_index/resource_index/parent_prefix_path/ament_cmake_export_interfaces
[0.820s] -- Up-to-date: /home/labdoo/ros2_ws/install/ament_cmake_export_interfaces/share/ament_cmake_export_interfaces/environment/ament_prefix_path.sh
[0.821s] -- Up-to-date: /home/labdoo/ros2_ws/install/ament_cmake_export_interfaces/share/ament_cmake_export_interfaces/environment/ament_prefix_path.dsv
[0.821s] -- Up-to-date: /home/labdoo/ros2_ws/install/ament_cmake_export_interfaces/share/ament_cmake_export_interfaces/environment/path.sh
[0.821s] -- Up-to-date: /home/labdoo/ros2_ws/install/ament_cmake_export_interfaces/share/ament_cmake_export_interfaces/environment/path.dsv
[0.821s] -- Up-to-date: /home/labdoo/ros2_ws/install/ament_cmake_export_interfaces/share/ament_cmake_export_interfaces/local_setup.bash
[0.821s] -- Up-to-date: /home/labdoo/ros2_ws/install/ament_cmake_export_interfaces/share/ament_cmake_export_interfaces/local_setup.sh
[0.821s] -- Up-to-date: /home/labdoo/ros2_ws/install/ament_cmake_export_interfaces/share/ament_cmake_export_interfaces/local_setup.zsh
[0.821s] -- Up-to-date: /home/labdoo/ros2_ws/install/ament_cmake_export_interfaces/share/ament_cmake_export_interfaces/local_setup.dsv
[0.821s] -- Installing: /home/labdoo/ros2_ws/install/ament_cmake_export_interfaces/share/ament_cmake_export_interfaces/package.dsv
[0.821s] -- Up-to-date: /home/labdoo/ros2_ws/install/ament_cmake_export_interfaces/share/ament_index/resource_index/packages/ament_cmake_export_interfaces
[0.821s] -- Up-to-date: /home/labdoo/ros2_ws/install/ament_cmake_export_interfaces/share/ament_cmake_export_interfaces/cmake/ament_cmake_export_interfaces-extras.cmake
[0.821s] -- Up-to-date: /home/labdoo/ros2_ws/install/ament_cmake_export_interfaces/share/ament_cmake_export_interfaces/cmake/ament_cmake_export_interfacesConfig.cmake
[0.822s] -- Up-to-date: /home/labdoo/ros2_ws/install/ament_cmake_export_interfaces/share/ament_cmake_export_interfaces/cmake/ament_cmake_export_interfacesConfig-version.cmake
[0.822s] -- Up-to-date: /home/labdoo/ros2_ws/install/ament_cmake_export_interfaces/share/ament_cmake_export_interfaces/package.xml
[0.822s] -- Up-to-date: /home/labdoo/ros2_ws/install/ament_cmake_export_interfaces/share/ament_cmake_export_interfaces/cmake
[0.822s] -- Up-to-date: /home/labdoo/ros2_ws/install/ament_cmake_export_interfaces/share/ament_cmake_export_interfaces/cmake/ament_export_interfaces.cmake
[0.822s] -- Up-to-date: /home/labdoo/ros2_ws/install/ament_cmake_export_interfaces/share/ament_cmake_export_interfaces/cmake/ament_cmake_export_interfaces_package_hook.cmake
[0.822s] -- Up-to-date: /home/labdoo/ros2_ws/install/ament_cmake_export_interfaces/share/ament_cmake_export_interfaces/cmake/ament_cmake_export_interfaces-extras.cmake.in
[0.929s] Invoked command in '/home/labdoo/ros2_ws/build/ament_cmake_export_interfaces' returned '0': AMENT_PREFIX_PATH=/home/labdoo/ros2_ws/install/ament_cmake_export_libraries:/home/labdoo/ros2_ws/install/ament_cmake_core:${AMENT_PREFIX_PATH} CMAKE_PREFIX_PATH=/home/labdoo/ros2_ws/install/ament_cmake_export_libraries:/home/labdoo/ros2_ws/install/ament_cmake_core:/opt/ros/iron /usr/bin/cmake --install /home/labdoo/ros2_ws/build/ament_cmake_export_interfaces
