[3.267s] Invoking command in '/home/labdoo/ros2_ws/src/examples/rclpy/executors': PYTHONPATH=/home/labdoo/ros2_ws/build/examples_rclpy_executors/prefix_override:/home/labdoo/ros2_ws/install/examples_rclpy_executors/lib/python3.10/site-packages:${PYTHONPATH} /usr/bin/python3 setup.py egg_info --egg-base ../../../../build/examples_rclpy_executors build --build-base /home/labdoo/ros2_ws/build/examples_rclpy_executors/build install --record /home/labdoo/ros2_ws/build/examples_rclpy_executors/install.log --single-version-externally-managed
[4.042s] running egg_info
[4.045s] writing ../../../../build/examples_rclpy_executors/examples_rclpy_executors.egg-info/PKG-INFO
[4.046s] writing dependency_links to ../../../../build/examples_rclpy_executors/examples_rclpy_executors.egg-info/dependency_links.txt
[4.047s] writing entry points to ../../../../build/examples_rclpy_executors/examples_rclpy_executors.egg-info/entry_points.txt
[4.047s] writing requirements to ../../../../build/examples_rclpy_executors/examples_rclpy_executors.egg-info/requires.txt
[4.048s] writing top-level names to ../../../../build/examples_rclpy_executors/examples_rclpy_executors.egg-info/top_level.txt
[4.056s] reading manifest file '../../../../build/examples_rclpy_executors/examples_rclpy_executors.egg-info/SOURCES.txt'
[4.059s] writing manifest file '../../../../build/examples_rclpy_executors/examples_rclpy_executors.egg-info/SOURCES.txt'
[4.060s] running build
[4.060s] running build_py
[4.062s] running install
[4.062s] /usr/lib/python3/dist-packages/setuptools/command/install.py:34: SetuptoolsDeprecationWarning: setup.py install is deprecated. Use build and pip and other standards-based tools.
[4.063s]   warnings.warn(
[4.064s] running install_lib
[4.067s] running install_data
[4.070s] running install_egg_info
[4.076s] removing '/home/labdoo/ros2_ws/install/examples_rclpy_executors/lib/python3.10/site-packages/examples_rclpy_executors-0.18.0-py3.10.egg-info' (and everything under it)
[4.077s] Copying ../../../../build/examples_rclpy_executors/examples_rclpy_executors.egg-info to /home/labdoo/ros2_ws/install/examples_rclpy_executors/lib/python3.10/site-packages/examples_rclpy_executors-0.18.0-py3.10.egg-info
[4.079s] running install_scripts
[4.133s] Installing callback_group script to /home/labdoo/ros2_ws/install/examples_rclpy_executors/lib/examples_rclpy_executors
[4.134s] Installing composed script to /home/labdoo/ros2_ws/install/examples_rclpy_executors/lib/examples_rclpy_executors
[4.134s] Installing custom_callback_group script to /home/labdoo/ros2_ws/install/examples_rclpy_executors/lib/examples_rclpy_executors
[4.134s] Installing custom_executor script to /home/labdoo/ros2_ws/install/examples_rclpy_executors/lib/examples_rclpy_executors
[4.135s] Installing listener script to /home/labdoo/ros2_ws/install/examples_rclpy_executors/lib/examples_rclpy_executors
[4.135s] Installing talker script to /home/labdoo/ros2_ws/install/examples_rclpy_executors/lib/examples_rclpy_executors
[4.136s] writing list of installed files to '/home/labdoo/ros2_ws/build/examples_rclpy_executors/install.log'
[4.372s] Invoked command in '/home/labdoo/ros2_ws/src/examples/rclpy/executors' returned '0': PYTHONPATH=/home/labdoo/ros2_ws/build/examples_rclpy_executors/prefix_override:/home/labdoo/ros2_ws/install/examples_rclpy_executors/lib/python3.10/site-packages:${PYTHONPATH} /usr/bin/python3 setup.py egg_info --egg-base ../../../../build/examples_rclpy_executors build --build-base /home/labdoo/ros2_ws/build/examples_rclpy_executors/build install --record /home/labdoo/ros2_ws/build/examples_rclpy_executors/install.log --single-version-externally-managed
