[0.146s] Invoking command in '/home/labdoo/ros2_ws/build/ament_cmake_vendor_package': CMAKE_PREFIX_PATH=/home/labdoo/ros2_ws/install/ament_cmake_test:/home/labdoo/ros2_ws/install/ament_cmake_export_dependencies:/home/labdoo/ros2_ws/install/ament_cmake_libraries:/home/labdoo/ros2_ws/install/ament_cmake_core:/home/labdoo/ros2_ws/install/ament_cmake_pytest:/home/labdoo/ros2_ws/install/turtlesim:/home/labdoo/ros2_ws/install/my_package:/home/labdoo/ros2_ws/install/examples_rclcpp_wait_set:/home/labdoo/ros2_ws/install/examples_rclcpp_multithreaded_executor:/home/labdoo/ros2_ws/install/examples_rclcpp_minimal_timer:/home/labdoo/ros2_ws/install/examples_rclcpp_minimal_subscriber:/home/labdoo/ros2_ws/install/examples_rclcpp_minimal_service:/home/labdoo/ros2_ws/install/examples_rclcpp_minimal_publisher:/home/labdoo/ros2_ws/install/examples_rclcpp_minimal_composition:/home/labdoo/ros2_ws/install/examples_rclcpp_minimal_client:/home/labdoo/ros2_ws/install/examples_rclcpp_minimal_action_server:/home/labdoo/ros2_ws/install/examples_rclcpp_minimal_action_client:/home/labdoo/ros2_ws/install/examples_rclcpp_cbg_executor:/home/labdoo/ros2_ws/install/examples_rclcpp_async_client:/home/labdoo/ros2_ws/install/cpp_srvcli:/home/labdoo/ros2_ws/install/cpp_pubsub:/home/labdoo/ros2_ws/install/ament_cmake:/home/labdoo/ros2_ws/install/ament_cmake_version:/home/labdoo/ros2_ws/install/ament_cmake_gmock:/home/labdoo/ros2_ws/install/ament_cmake_gtest:/home/labdoo/ros2_ws/install/ament_cmake_target_dependencies:/home/labdoo/ros2_ws/install/ament_cmake_python:/home/labdoo/ros2_ws/install/ament_cmake_include_directories:/home/labdoo/ros2_ws/install/ament_cmake_gen_version_h:/home/labdoo/ros2_ws/install/ament_cmake_export_targets:/home/labdoo/ros2_ws/install/ament_cmake_export_link_flags:/home/labdoo/ros2_ws/install/ament_cmake_export_interfaces:/home/labdoo/ros2_ws/install/ament_cmake_export_libraries:/home/labdoo/ros2_ws/install/ament_cmake_export_include_directories:/home/labdoo/ros2_ws/install/ament_cmake_export_definitions:/home/labdoo/ros2_ws/install/launch_testing_examples:/home/labdoo/ros2_ws/install/examples_rclpy_pointcloud_publisher:/home/labdoo/ros2_ws/install/examples_rclpy_minimal_subscriber:/home/labdoo/ros2_ws/install/examples_rclpy_minimal_service:/home/labdoo/ros2_ws/install/examples_rclpy_minimal_publisher:/home/labdoo/ros2_ws/install/examples_rclpy_minimal_client:/home/labdoo/ros2_ws/install/examples_rclpy_minimal_action_server:/home/labdoo/ros2_ws/install/examples_rclpy_minimal_action_client:/home/labdoo/ros2_ws/install/examples_rclpy_guard_conditions:/home/labdoo/ros2_ws/install/examples_rclpy_executors:/opt/ros/iron PYTHONPATH=/home/labdoo/ros2_ws/install/ament_cmake_test/lib/python3.10/site-packages:/home/labdoo/ros2_ws/install/turtlesim/lib/python3.10/site-packages:/home/labdoo/ros2_ws/install/launch_testing_examples/lib/python3.10/site-packages:/home/labdoo/ros2_ws/install/examples_rclpy_pointcloud_publisher/lib/python3.10/site-packages:/home/labdoo/ros2_ws/install/examples_rclpy_minimal_subscriber/lib/python3.10/site-packages:/home/labdoo/ros2_ws/install/examples_rclpy_minimal_service/lib/python3.10/site-packages:/home/labdoo/ros2_ws/install/examples_rclpy_minimal_publisher/lib/python3.10/site-packages:/home/labdoo/ros2_ws/install/examples_rclpy_minimal_client/lib/python3.10/site-packages:/home/labdoo/ros2_ws/install/examples_rclpy_minimal_action_server/lib/python3.10/site-packages:/home/labdoo/ros2_ws/install/examples_rclpy_minimal_action_client/lib/python3.10/site-packages:/home/labdoo/ros2_ws/install/examples_rclpy_guard_conditions/lib/python3.10/site-packages:/home/labdoo/ros2_ws/install/examples_rclpy_executors/lib/python3.10/site-packages:/opt/ros/iron/lib/python3.10/site-packages /usr/bin/cmake /home/labdoo/ros2_ws/ament_cmake/ament_cmake_vendor_package -DCMAKE_INSTALL_PREFIX=/home/labdoo/ros2_ws/install/ament_cmake_vendor_package
[0.179s] -- Found ament_cmake_core: 2.3.2 (/home/labdoo/ros2_ws/install/ament_cmake_core/share/ament_cmake_core/cmake)
[0.522s] -- Found Python3: /usr/bin/python3 (found version "3.10.12") found components: Interpreter 
[0.618s] -- Found ament_cmake_export_dependencies: 2.3.2 (/home/labdoo/ros2_ws/install/ament_cmake_export_dependencies/share/ament_cmake_export_dependencies/cmake)
[0.793s] -- The C compiler identification is GNU 11.4.0
[0.864s] -- The CXX compiler identification is GNU 11.4.0
[0.872s] -- Detecting C compiler ABI info
[0.952s] -- Detecting C compiler ABI info - done
[0.963s] -- Check for working C compiler: /usr/bin/cc - skipped
[0.963s] -- Detecting C compile features
[0.964s] -- Detecting C compile features - done
[0.968s] -- Detecting CXX compiler ABI info
[1.063s] -- Detecting CXX compiler ABI info - done
[1.074s] -- Check for working CXX compiler: /usr/bin/c++ - skipped
[1.074s] -- Detecting CXX compile features
[1.075s] -- Detecting CXX compile features - done
[1.076s] -- Found ament_cmake_test: 2.3.2 (/home/labdoo/ros2_ws/install/ament_cmake_test/share/ament_cmake_test/cmake)
[1.131s] -- Configuring done
[1.153s] -- Generating done
[1.156s] -- Build files have been written to: /home/labdoo/ros2_ws/build/ament_cmake_vendor_package
