[0.304s] Invoking command in '/home/labdoo/ros2_ws/build/urdf_tutorial': /usr/bin/cmake /home/labdoo/ros2_ws/src/urdf_tutorial -DCATKIN_INSTALL_INTO_PREFIX_ROOT=0 -DCMAKE_INSTALL_PREFIX=/home/labdoo/ros2_ws/install/urdf_tutorial
[0.320s] -- Found ament_cmake: 2.0.4 (/opt/ros/iron/share/ament_cmake/cmake)
[0.635s] -- Found ament_lint_auto: 0.14.3 (/opt/ros/iron/share/ament_lint_auto/cmake)
[0.847s] [31mCMake Error at CMakeLists.txt:15 (install):
[0.847s]   install DIRECTORY given no DESTINATION!
[0.848s] 
[0.848s] [0m
[0.848s] [33mCMake Warning (dev) at /opt/ros/iron/share/ament_cmake_core/cmake/core/ament_execute_extensions.cmake:41 (if):
[0.848s]   Policy CMP0057 is not set: Support new IN_LIST if() operator.  Run "cmake
[0.848s]   --help-policy CMP0057" for policy details.  Use the cmake_policy command to
[0.848s]   set the policy and suppress this warning.
[0.848s] 
[0.848s]   IN_LIST will be interpreted as an operator when the policy is set to NEW.
[0.848s]   Since the policy is not set the OLD behavior will be used.
[0.848s] Call Stack (most recent call first):
[0.848s]   /opt/ros/iron/share/ament_cmake_core/cmake/core/ament_package.cmake:66 (ament_execute_extensions)
[0.849s]   CMakeLists.txt:19 (ament_package)
[0.849s] This warning is for project developers.  Use -Wno-dev to suppress it.
[0.849s] [0m
[0.849s] [31mCMake Error at /opt/ros/iron/share/ament_cmake_core/cmake/core/ament_execute_extensions.cmake:41 (if):
[0.849s]   if given arguments:
[0.849s] 
[0.849s]     "ament_cmake_core" "IN_LIST" "_ARG_EXCLUDE"
[0.849s] 
[0.849s]   Unknown arguments specified
[0.849s] Call Stack (most recent call first):
[0.849s]   /opt/ros/iron/share/ament_cmake_core/cmake/core/ament_package.cmake:66 (ament_execute_extensions)
[0.849s]   CMakeLists.txt:19 (ament_package)
[0.849s] 
[0.850s] [0m
[0.850s] -- Configuring incomplete, errors occurred!
[0.850s] See also "/home/labdoo/ros2_ws/build/urdf_tutorial/CMakeFiles/CMakeOutput.log".
[0.852s] Invoked command in '/home/labdoo/ros2_ws/build/urdf_tutorial' returned '1': /usr/bin/cmake /home/labdoo/ros2_ws/src/urdf_tutorial -DCATKIN_INSTALL_INTO_PREFIX_ROOT=0 -DCMAKE_INSTALL_PREFIX=/home/labdoo/ros2_ws/install/urdf_tutorial
