[0.193s] Invoking command in '/home/labdoo/ros2_ws/build/turtlebot3_automatic_parking_vision': /usr/bin/cmake /home/labdoo/ros2_ws/src/turtlebot3_applications/turtlebot3_automatic_parking_vision -DCATKIN_INSTALL_INTO_PREFIX_ROOT=0 -DCMAKE_INSTALL_PREFIX=/home/labdoo/ros2_ws/install/turtlebot3_automatic_parking_vision
[0.216s] [0mCMake Deprecation Warning at CMakeLists.txt:4 (cmake_minimum_required):
[0.216s]   Compatibility with CMake < 2.8.12 will be removed from a future version of
[0.217s]   CMake.
[0.217s] 
[0.217s]   Update the VERSION argument <min> value or use a ...<max> suffix to tell
[0.217s]   CMake that the project does not need compatibility with older versions.
[0.217s] 
[0.217s] [0m
[0.320s] -- The C compiler identification is GNU 11.4.0
[0.452s] -- The CXX compiler identification is GNU 11.4.0
[0.470s] -- Detecting C compiler ABI info
[0.606s] -- Detecting C compiler ABI info - done
[0.631s] -- Check for working C compiler: /usr/bin/cc - skipped
[0.631s] -- Detecting C compile features
[0.632s] -- Detecting C compile features - done
[0.640s] -- Detecting CXX compiler ABI info
[0.802s] -- Detecting CXX compiler ABI info - done
[0.828s] -- Check for working CXX compiler: /usr/bin/c++ - skipped
[0.828s] -- Detecting CXX compile features
[0.829s] -- Detecting CXX compile features - done
[0.859s] [31mCMake Error at CMakeLists.txt:10 (find_package):
[0.859s]   By not providing "Findcatkin.cmake" in CMAKE_MODULE_PATH this project has
[0.859s]   asked CMake to find a package configuration file provided by "catkin", but
[0.859s]   CMake did not find one.
[0.860s] 
[0.860s]   Could not find a package configuration file provided by "catkin" with any
[0.860s]   of the following names:
[0.860s] 
[0.860s]     catkinConfig.cmake
[0.860s]     catkin-config.cmake
[0.860s] 
[0.861s]   Add the installation prefix of "catkin" to CMAKE_PREFIX_PATH or set
[0.861s]   "catkin_DIR" to a directory containing one of the above files.  If "catkin"
[0.861s]   provides a separate development package or SDK, be sure it has been
[0.861s]   installed.
[0.861s] 
[0.861s] [0m
[0.861s] -- Configuring incomplete, errors occurred!
[0.862s] See also "/home/labdoo/ros2_ws/build/turtlebot3_automatic_parking_vision/CMakeFiles/CMakeOutput.log".
[0.867s] Invoked command in '/home/labdoo/ros2_ws/build/turtlebot3_automatic_parking_vision' returned '1': /usr/bin/cmake /home/labdoo/ros2_ws/src/turtlebot3_applications/turtlebot3_automatic_parking_vision -DCATKIN_INSTALL_INTO_PREFIX_ROOT=0 -DCMAKE_INSTALL_PREFIX=/home/labdoo/ros2_ws/install/turtlebot3_automatic_parking_vision
