[0.258s] Invoking command in '/home/labdoo/ros2_ws/build/examples_rclcpp_async_client': CMAKE_PREFIX_PATH=${CMAKE_PREFIX_PATH}:/home/labdoo/ros2_ws/install/urdf_tutorial:/home/labdoo/ros2_ws/install/py_pubsub:/home/labdoo/ros2_ws/install/launch_testing_examples:/home/labdoo/ros2_ws/install/examples_rclpy_pointcloud_publisher:/home/labdoo/ros2_ws/install/examples_rclpy_minimal_subscriber:/home/labdoo/ros2_ws/install/examples_rclpy_minimal_service:/home/labdoo/ros2_ws/install/examples_rclpy_minimal_publisher:/home/labdoo/ros2_ws/install/examples_rclpy_minimal_client:/home/labdoo/ros2_ws/install/examples_rclpy_minimal_action_server:/home/labdoo/ros2_ws/install/examples_rclpy_minimal_action_client:/home/labdoo/ros2_ws/install/examples_rclpy_guard_conditions:/home/labdoo/ros2_ws/install/examples_rclpy_executors:/opt/ros/iron /usr/bin/cmake --build /home/labdoo/ros2_ws/build/examples_rclcpp_async_client -- -j4 -l4
[0.383s] [100%] Built target client_main
[0.431s] Invoked command in '/home/labdoo/ros2_ws/build/examples_rclcpp_async_client' returned '0': CMAKE_PREFIX_PATH=${CMAKE_PREFIX_PATH}:/home/labdoo/ros2_ws/install/urdf_tutorial:/home/labdoo/ros2_ws/install/py_pubsub:/home/labdoo/ros2_ws/install/launch_testing_examples:/home/labdoo/ros2_ws/install/examples_rclpy_pointcloud_publisher:/home/labdoo/ros2_ws/install/examples_rclpy_minimal_subscriber:/home/labdoo/ros2_ws/install/examples_rclpy_minimal_service:/home/labdoo/ros2_ws/install/examples_rclpy_minimal_publisher:/home/labdoo/ros2_ws/install/examples_rclpy_minimal_client:/home/labdoo/ros2_ws/install/examples_rclpy_minimal_action_server:/home/labdoo/ros2_ws/install/examples_rclpy_minimal_action_client:/home/labdoo/ros2_ws/install/examples_rclpy_guard_conditions:/home/labdoo/ros2_ws/install/examples_rclpy_executors:/opt/ros/iron /usr/bin/cmake --build /home/labdoo/ros2_ws/build/examples_rclcpp_async_client -- -j4 -l4
[0.490s] Invoking command in '/home/labdoo/ros2_ws/build/examples_rclcpp_async_client': CMAKE_PREFIX_PATH=${CMAKE_PREFIX_PATH}:/home/labdoo/ros2_ws/install/urdf_tutorial:/home/labdoo/ros2_ws/install/py_pubsub:/home/labdoo/ros2_ws/install/launch_testing_examples:/home/labdoo/ros2_ws/install/examples_rclpy_pointcloud_publisher:/home/labdoo/ros2_ws/install/examples_rclpy_minimal_subscriber:/home/labdoo/ros2_ws/install/examples_rclpy_minimal_service:/home/labdoo/ros2_ws/install/examples_rclpy_minimal_publisher:/home/labdoo/ros2_ws/install/examples_rclpy_minimal_client:/home/labdoo/ros2_ws/install/examples_rclpy_minimal_action_server:/home/labdoo/ros2_ws/install/examples_rclpy_minimal_action_client:/home/labdoo/ros2_ws/install/examples_rclpy_guard_conditions:/home/labdoo/ros2_ws/install/examples_rclpy_executors:/opt/ros/iron /usr/bin/cmake --install /home/labdoo/ros2_ws/build/examples_rclcpp_async_client
[0.511s] -- Install configuration: ""
[0.511s] -- Execute custom install script
[0.511s] -- Up-to-date symlink: /home/labdoo/ros2_ws/install/examples_rclcpp_async_client/lib/examples_rclcpp_async_client/client_main
[0.511s] -- Up-to-date symlink: /home/labdoo/ros2_ws/install/examples_rclcpp_async_client/share/ament_index/resource_index/package_run_dependencies/examples_rclcpp_async_client
[0.511s] -- Up-to-date symlink: /home/labdoo/ros2_ws/install/examples_rclcpp_async_client/share/ament_index/resource_index/parent_prefix_path/examples_rclcpp_async_client
[0.511s] -- Up-to-date symlink: /home/labdoo/ros2_ws/install/examples_rclcpp_async_client/share/examples_rclcpp_async_client/environment/ament_prefix_path.sh
[0.512s] -- Up-to-date symlink: /home/labdoo/ros2_ws/install/examples_rclcpp_async_client/share/examples_rclcpp_async_client/environment/ament_prefix_path.dsv
[0.512s] -- Up-to-date symlink: /home/labdoo/ros2_ws/install/examples_rclcpp_async_client/share/examples_rclcpp_async_client/environment/path.sh
[0.512s] -- Up-to-date symlink: /home/labdoo/ros2_ws/install/examples_rclcpp_async_client/share/examples_rclcpp_async_client/environment/path.dsv
[0.512s] -- Up-to-date symlink: /home/labdoo/ros2_ws/install/examples_rclcpp_async_client/share/examples_rclcpp_async_client/local_setup.bash
[0.512s] -- Up-to-date symlink: /home/labdoo/ros2_ws/install/examples_rclcpp_async_client/share/examples_rclcpp_async_client/local_setup.sh
[0.512s] -- Up-to-date symlink: /home/labdoo/ros2_ws/install/examples_rclcpp_async_client/share/examples_rclcpp_async_client/local_setup.zsh
[0.513s] -- Up-to-date symlink: /home/labdoo/ros2_ws/install/examples_rclcpp_async_client/share/examples_rclcpp_async_client/local_setup.dsv
[0.513s] -- Symlinking: /home/labdoo/ros2_ws/install/examples_rclcpp_async_client/share/examples_rclcpp_async_client/package.dsv
[0.525s] -- Up-to-date symlink: /home/labdoo/ros2_ws/install/examples_rclcpp_async_client/share/ament_index/resource_index/packages/examples_rclcpp_async_client
[0.525s] -- Up-to-date symlink: /home/labdoo/ros2_ws/install/examples_rclcpp_async_client/share/examples_rclcpp_async_client/cmake/examples_rclcpp_async_clientConfig.cmake
[0.525s] -- Up-to-date symlink: /home/labdoo/ros2_ws/install/examples_rclcpp_async_client/share/examples_rclcpp_async_client/cmake/examples_rclcpp_async_clientConfig-version.cmake
[0.525s] -- Up-to-date symlink: /home/labdoo/ros2_ws/install/examples_rclcpp_async_client/share/examples_rclcpp_async_client/package.xml
[0.721s] Invoked command in '/home/labdoo/ros2_ws/build/examples_rclcpp_async_client' returned '0': CMAKE_PREFIX_PATH=${CMAKE_PREFIX_PATH}:/home/labdoo/ros2_ws/install/urdf_tutorial:/home/labdoo/ros2_ws/install/py_pubsub:/home/labdoo/ros2_ws/install/launch_testing_examples:/home/labdoo/ros2_ws/install/examples_rclpy_pointcloud_publisher:/home/labdoo/ros2_ws/install/examples_rclpy_minimal_subscriber:/home/labdoo/ros2_ws/install/examples_rclpy_minimal_service:/home/labdoo/ros2_ws/install/examples_rclpy_minimal_publisher:/home/labdoo/ros2_ws/install/examples_rclpy_minimal_client:/home/labdoo/ros2_ws/install/examples_rclpy_minimal_action_server:/home/labdoo/ros2_ws/install/examples_rclpy_minimal_action_client:/home/labdoo/ros2_ws/install/examples_rclpy_guard_conditions:/home/labdoo/ros2_ws/install/examples_rclpy_executors:/opt/ros/iron /usr/bin/cmake --install /home/labdoo/ros2_ws/build/examples_rclcpp_async_client
