[0.137s] Invoking command in '/home/labdoo/ros2_ws/build/my_bot': CMAKE_PREFIX_PATH=${CMAKE_PREFIX_PATH}:/home/labdoo/ros2_ws/install/urdf_tutorial:/home/labdoo/ros2_ws/install/py_pubsub:/home/labdoo/ros2_ws/install/launch_testing_examples:/home/labdoo/ros2_ws/install/examples_rclpy_pointcloud_publisher:/home/labdoo/ros2_ws/install/examples_rclpy_minimal_subscriber:/home/labdoo/ros2_ws/install/examples_rclpy_minimal_service:/home/labdoo/ros2_ws/install/examples_rclpy_minimal_publisher:/home/labdoo/ros2_ws/install/examples_rclpy_minimal_client:/home/labdoo/ros2_ws/install/examples_rclpy_minimal_action_server:/home/labdoo/ros2_ws/install/examples_rclpy_minimal_action_client:/home/labdoo/ros2_ws/install/examples_rclpy_guard_conditions:/home/labdoo/ros2_ws/install/examples_rclpy_executors:/opt/ros/iron /usr/bin/cmake --build /home/labdoo/ros2_ws/build/my_bot -- -j4 -l4
[0.193s] -- Found ament_cmake: 2.3.2 (/home/labdoo/ros2_ws/install/ament_cmake/share/ament_cmake/cmake)
[0.569s] -- Found ament_lint_auto: 0.14.3 (/opt/ros/iron/share/ament_lint_auto/cmake)
[0.772s] -- Added test 'cppcheck' to perform static code analysis on C / C++ code
[0.772s] -- Configured cppcheck include dirs: $<BUILD_INTERFACE:/home/labdoo/ros2_ws/src/my_bot/include>
[0.773s] -- Configured cppcheck exclude dirs and/or files: 
[0.774s] -- Added test 'flake8' to check Python code syntax and style conventions
[0.774s] -- Configured 'flake8' exclude dirs and/or files: 
[0.779s] -- Added test 'lint_cmake' to check CMake code style
[0.780s] -- Added test 'pep257' to check Python code against some of the docstring style conventions in PEP 257
[0.785s] -- Added test 'uncrustify' to check C / C++ code style
[0.785s] -- Configured uncrustify additional arguments: 
[0.787s] -- Added test 'xmllint' to check XML markup files
[0.789s] -- Configuring done
[0.799s] -- Generating done
[0.801s] -- Build files have been written to: /home/labdoo/ros2_ws/build/my_bot
[0.838s] [35m[1mConsolidate compiler generated dependencies of target my_node[0m
[0.858s] [100%] Built target my_node
[0.879s] Invoked command in '/home/labdoo/ros2_ws/build/my_bot' returned '0': CMAKE_PREFIX_PATH=${CMAKE_PREFIX_PATH}:/home/labdoo/ros2_ws/install/urdf_tutorial:/home/labdoo/ros2_ws/install/py_pubsub:/home/labdoo/ros2_ws/install/launch_testing_examples:/home/labdoo/ros2_ws/install/examples_rclpy_pointcloud_publisher:/home/labdoo/ros2_ws/install/examples_rclpy_minimal_subscriber:/home/labdoo/ros2_ws/install/examples_rclpy_minimal_service:/home/labdoo/ros2_ws/install/examples_rclpy_minimal_publisher:/home/labdoo/ros2_ws/install/examples_rclpy_minimal_client:/home/labdoo/ros2_ws/install/examples_rclpy_minimal_action_server:/home/labdoo/ros2_ws/install/examples_rclpy_minimal_action_client:/home/labdoo/ros2_ws/install/examples_rclpy_guard_conditions:/home/labdoo/ros2_ws/install/examples_rclpy_executors:/opt/ros/iron /usr/bin/cmake --build /home/labdoo/ros2_ws/build/my_bot -- -j4 -l4
[0.936s] Invoking command in '/home/labdoo/ros2_ws/build/my_bot': CMAKE_PREFIX_PATH=${CMAKE_PREFIX_PATH}:/home/labdoo/ros2_ws/install/urdf_tutorial:/home/labdoo/ros2_ws/install/py_pubsub:/home/labdoo/ros2_ws/install/launch_testing_examples:/home/labdoo/ros2_ws/install/examples_rclpy_pointcloud_publisher:/home/labdoo/ros2_ws/install/examples_rclpy_minimal_subscriber:/home/labdoo/ros2_ws/install/examples_rclpy_minimal_service:/home/labdoo/ros2_ws/install/examples_rclpy_minimal_publisher:/home/labdoo/ros2_ws/install/examples_rclpy_minimal_client:/home/labdoo/ros2_ws/install/examples_rclpy_minimal_action_server:/home/labdoo/ros2_ws/install/examples_rclpy_minimal_action_client:/home/labdoo/ros2_ws/install/examples_rclpy_guard_conditions:/home/labdoo/ros2_ws/install/examples_rclpy_executors:/opt/ros/iron /usr/bin/cmake --install /home/labdoo/ros2_ws/build/my_bot
[0.952s] -- Install configuration: ""
[0.952s] -- Up-to-date: /home/labdoo/ros2_ws/install/my_bot/lib/my_bot/my_node
[0.953s] -- Up-to-date: /home/labdoo/ros2_ws/install/my_bot/share/ament_index/resource_index/package_run_dependencies/my_bot
[0.953s] -- Installing: /home/labdoo/ros2_ws/install/my_bot/share/ament_index/resource_index/parent_prefix_path/my_bot
[0.953s] -- Up-to-date: /home/labdoo/ros2_ws/install/my_bot/share/my_bot/environment/ament_prefix_path.sh
[0.954s] -- Up-to-date: /home/labdoo/ros2_ws/install/my_bot/share/my_bot/environment/ament_prefix_path.dsv
[0.954s] -- Up-to-date: /home/labdoo/ros2_ws/install/my_bot/share/my_bot/environment/path.sh
[0.954s] -- Up-to-date: /home/labdoo/ros2_ws/install/my_bot/share/my_bot/environment/path.dsv
[0.954s] -- Up-to-date: /home/labdoo/ros2_ws/install/my_bot/share/my_bot/local_setup.bash
[0.955s] -- Up-to-date: /home/labdoo/ros2_ws/install/my_bot/share/my_bot/local_setup.sh
[0.955s] -- Up-to-date: /home/labdoo/ros2_ws/install/my_bot/share/my_bot/local_setup.zsh
[0.955s] -- Up-to-date: /home/labdoo/ros2_ws/install/my_bot/share/my_bot/local_setup.dsv
[0.955s] -- Installing: /home/labdoo/ros2_ws/install/my_bot/share/my_bot/package.dsv
[0.956s] -- Up-to-date: /home/labdoo/ros2_ws/install/my_bot/share/ament_index/resource_index/packages/my_bot
[0.956s] -- Up-to-date: /home/labdoo/ros2_ws/install/my_bot/share/my_bot/cmake/my_botConfig.cmake
[0.956s] -- Up-to-date: /home/labdoo/ros2_ws/install/my_bot/share/my_bot/cmake/my_botConfig-version.cmake
[0.956s] -- Installing: /home/labdoo/ros2_ws/install/my_bot/share/my_bot/package.xml
[0.968s] Invoked command in '/home/labdoo/ros2_ws/build/my_bot' returned '0': CMAKE_PREFIX_PATH=${CMAKE_PREFIX_PATH}:/home/labdoo/ros2_ws/install/urdf_tutorial:/home/labdoo/ros2_ws/install/py_pubsub:/home/labdoo/ros2_ws/install/launch_testing_examples:/home/labdoo/ros2_ws/install/examples_rclpy_pointcloud_publisher:/home/labdoo/ros2_ws/install/examples_rclpy_minimal_subscriber:/home/labdoo/ros2_ws/install/examples_rclpy_minimal_service:/home/labdoo/ros2_ws/install/examples_rclpy_minimal_publisher:/home/labdoo/ros2_ws/install/examples_rclpy_minimal_client:/home/labdoo/ros2_ws/install/examples_rclpy_minimal_action_server:/home/labdoo/ros2_ws/install/examples_rclpy_minimal_action_client:/home/labdoo/ros2_ws/install/examples_rclpy_guard_conditions:/home/labdoo/ros2_ws/install/examples_rclpy_executors:/opt/ros/iron /usr/bin/cmake --install /home/labdoo/ros2_ws/build/my_bot
