[  8%] Built target ament_generate_version_header__some_lib
[ 25%] Built target gtest
[ 41%] Built target gtest_main
[ 58%] Built target test_ament_generate_version_header
[100%] Built target test_ament_cmake_gen_version_h
-- Install configuration: ""
-- Up-to-date: /home/labdoo/ros2_ws/install/ament_cmake_gen_version_h/share/ament_index/resource_index/package_run_dependencies/ament_cmake_gen_version_h
-- Up-to-date: /home/labdoo/ros2_ws/install/ament_cmake_gen_version_h/share/ament_index/resource_index/parent_prefix_path/ament_cmake_gen_version_h
-- Up-to-date: /home/labdoo/ros2_ws/install/ament_cmake_gen_version_h/share/ament_cmake_gen_version_h/environment/ament_prefix_path.sh
-- Up-to-date: /home/labdoo/ros2_ws/install/ament_cmake_gen_version_h/share/ament_cmake_gen_version_h/environment/ament_prefix_path.dsv
-- Up-to-date: /home/labdoo/ros2_ws/install/ament_cmake_gen_version_h/share/ament_cmake_gen_version_h/environment/path.sh
-- Up-to-date: /home/labdoo/ros2_ws/install/ament_cmake_gen_version_h/share/ament_cmake_gen_version_h/environment/path.dsv
-- Up-to-date: /home/labdoo/ros2_ws/install/ament_cmake_gen_version_h/share/ament_cmake_gen_version_h/local_setup.bash
-- Up-to-date: /home/labdoo/ros2_ws/install/ament_cmake_gen_version_h/share/ament_cmake_gen_version_h/local_setup.sh
-- Up-to-date: /home/labdoo/ros2_ws/install/ament_cmake_gen_version_h/share/ament_cmake_gen_version_h/local_setup.zsh
-- Up-to-date: /home/labdoo/ros2_ws/install/ament_cmake_gen_version_h/share/ament_cmake_gen_version_h/local_setup.dsv
-- Installing: /home/labdoo/ros2_ws/install/ament_cmake_gen_version_h/share/ament_cmake_gen_version_h/package.dsv
-- Up-to-date: /home/labdoo/ros2_ws/install/ament_cmake_gen_version_h/share/ament_index/resource_index/packages/ament_cmake_gen_version_h
-- Up-to-date: /home/labdoo/ros2_ws/install/ament_cmake_gen_version_h/share/ament_cmake_gen_version_h/cmake/ament_cmake_gen_version_h-extras.cmake
-- Up-to-date: /home/labdoo/ros2_ws/install/ament_cmake_gen_version_h/share/ament_cmake_gen_version_h/cmake/ament_cmake_gen_version_hConfig.cmake
-- Up-to-date: /home/labdoo/ros2_ws/install/ament_cmake_gen_version_h/share/ament_cmake_gen_version_h/cmake/ament_cmake_gen_version_hConfig-version.cmake
-- Up-to-date: /home/labdoo/ros2_ws/install/ament_cmake_gen_version_h/share/ament_cmake_gen_version_h/package.xml
-- Up-to-date: /home/labdoo/ros2_ws/install/ament_cmake_gen_version_h/share/ament_cmake_gen_version_h/cmake
-- Up-to-date: /home/labdoo/ros2_ws/install/ament_cmake_gen_version_h/share/ament_cmake_gen_version_h/cmake/ament_cmake_gen_version_h.cmake
-- Up-to-date: /home/labdoo/ros2_ws/install/ament_cmake_gen_version_h/share/ament_cmake_gen_version_h/cmake/version.h.in
-- Up-to-date: /home/labdoo/ros2_ws/install/ament_cmake_gen_version_h/share/ament_cmake_gen_version_h/cmake/ament_generate_version_header.cmake
-- Up-to-date: /home/labdoo/ros2_ws/install/ament_cmake_gen_version_h/share/ament_cmake_gen_version_h/cmake/generate_version_header.cmake.in
