[0.115s] Invoking command in '/home/labdoo/ros2_ws/build/cpp_srvcli': CMAKE_PREFIX_PATH=/opt/ros/iron /usr/bin/cmake /home/labdoo/ros2_ws/src/cpp_srvcli -DCMAKE_INSTALL_PREFIX=/home/labdoo/ros2_ws/install/cpp_srvcli
[0.231s] -- The C compiler identification is GNU 11.4.0
[0.361s] -- The CXX compiler identification is GNU 11.4.0
[0.374s] -- Detecting C compiler ABI info
[0.462s] -- Detecting C compiler ABI info - done
[0.473s] -- Check for working C compiler: /usr/bin/cc - skipped
[0.476s] -- Detecting C compile features
[0.477s] -- Detecting C compile features - done
[0.482s] -- Detecting CXX compiler ABI info
[0.579s] -- Detecting CXX compiler ABI info - done
[0.590s] -- Check for working CXX compiler: /usr/bin/c++ - skipped
[0.591s] -- Detecting CXX compile features
[0.591s] -- Detecting CXX compile features - done
[0.596s] -- Found ament_cmake: 2.0.4 (/opt/ros/iron/share/ament_cmake/cmake)
[0.857s] -- Found Python3: /usr/bin/python3.10 (found version "3.10.12") found components: Interpreter 
[0.991s] -- Found rclcpp: 21.0.5 (/opt/ros/iron/share/rclcpp/cmake)
[1.077s] -- Found rosidl_generator_c: 4.0.1 (/opt/ros/iron/share/rosidl_generator_c/cmake)
[1.099s] -- Found rosidl_generator_cpp: 4.0.1 (/opt/ros/iron/share/rosidl_generator_cpp/cmake)
[1.136s] -- Using all available rosidl_typesupport_c: rosidl_typesupport_fastrtps_c;rosidl_typesupport_introspection_c
[1.177s] -- Using all available rosidl_typesupport_cpp: rosidl_typesupport_fastrtps_cpp;rosidl_typesupport_introspection_cpp
[1.470s] -- Found rmw_implementation_cmake: 7.1.0 (/opt/ros/iron/share/rmw_implementation_cmake/cmake)
[1.474s] -- Found rmw_fastrtps_cpp: 7.1.3 (/opt/ros/iron/share/rmw_fastrtps_cpp/cmake)
[1.673s] -- Found OpenSSL: /usr/lib/x86_64-linux-gnu/libcrypto.so (found version "3.0.2")  
[1.716s] -- Found FastRTPS: /opt/ros/iron/include  
[1.782s] -- Using RMW implementation 'rmw_fastrtps_cpp' as default
[2.062s] -- Found example_interfaces: 0.10.2 (/opt/ros/iron/share/example_interfaces/cmake)
[2.438s] -- Found ament_lint_auto: 0.14.3 (/opt/ros/iron/share/ament_lint_auto/cmake)
[2.555s] -- Added test 'cppcheck' to perform static code analysis on C / C++ code
[2.556s] -- Configured cppcheck include dirs: 
[2.556s] -- Configured cppcheck exclude dirs and/or files: 
[2.557s] -- Added test 'lint_cmake' to check CMake code style
[2.559s] -- Added test 'uncrustify' to check C / C++ code style
[2.559s] -- Configured uncrustify additional arguments: 
[2.560s] -- Added test 'xmllint' to check XML markup files
[2.563s] -- Configuring done
[2.588s] -- Generating done
[2.591s] -- Build files have been written to: /home/labdoo/ros2_ws/build/cpp_srvcli
[2.607s] Invoked command in '/home/labdoo/ros2_ws/build/cpp_srvcli' returned '0': CMAKE_PREFIX_PATH=/opt/ros/iron /usr/bin/cmake /home/labdoo/ros2_ws/src/cpp_srvcli -DCMAKE_INSTALL_PREFIX=/home/labdoo/ros2_ws/install/cpp_srvcli
[2.609s] Invoking command in '/home/labdoo/ros2_ws/build/cpp_srvcli': CMAKE_PREFIX_PATH=/opt/ros/iron /usr/bin/cmake --build /home/labdoo/ros2_ws/build/cpp_srvcli -- -j4 -l4
[2.663s] [ 50%] [32mBuilding CXX object CMakeFiles/client.dir/src/add_two_ints_client.cpp.o[0m
[2.664s] [ 50%] [32mBuilding CXX object CMakeFiles/server.dir/src/add_two_ints_server.cpp.o[0m
[9.058s] [ 75%] [32m[1mLinking CXX executable server[0m
[9.418s] [100%] [32m[1mLinking CXX executable client[0m
[9.504s] [100%] Built target server
[9.693s] [100%] Built target client
[9.706s] Invoked command in '/home/labdoo/ros2_ws/build/cpp_srvcli' returned '0': CMAKE_PREFIX_PATH=/opt/ros/iron /usr/bin/cmake --build /home/labdoo/ros2_ws/build/cpp_srvcli -- -j4 -l4
[9.745s] Invoking command in '/home/labdoo/ros2_ws/build/cpp_srvcli': CMAKE_PREFIX_PATH=/opt/ros/iron /usr/bin/cmake --install /home/labdoo/ros2_ws/build/cpp_srvcli
[9.753s] -- Install configuration: ""
[9.753s] -- Installing: /home/labdoo/ros2_ws/install/cpp_srvcli/lib/cpp_srvcli/server
[9.754s] -- Set runtime path of "/home/labdoo/ros2_ws/install/cpp_srvcli/lib/cpp_srvcli/server" to ""
[9.755s] -- Installing: /home/labdoo/ros2_ws/install/cpp_srvcli/share/ament_index/resource_index/package_run_dependencies/cpp_srvcli
[9.755s] -- Installing: /home/labdoo/ros2_ws/install/cpp_srvcli/share/ament_index/resource_index/parent_prefix_path/cpp_srvcli
[9.755s] -- Installing: /home/labdoo/ros2_ws/install/cpp_srvcli/share/cpp_srvcli/environment/ament_prefix_path.sh
[9.755s] -- Installing: /home/labdoo/ros2_ws/install/cpp_srvcli/share/cpp_srvcli/environment/ament_prefix_path.dsv
[9.755s] -- Installing: /home/labdoo/ros2_ws/install/cpp_srvcli/share/cpp_srvcli/environment/path.sh
[9.756s] -- Installing: /home/labdoo/ros2_ws/install/cpp_srvcli/share/cpp_srvcli/environment/path.dsv
[9.756s] -- Installing: /home/labdoo/ros2_ws/install/cpp_srvcli/share/cpp_srvcli/local_setup.bash
[9.756s] -- Installing: /home/labdoo/ros2_ws/install/cpp_srvcli/share/cpp_srvcli/local_setup.sh
[9.756s] -- Installing: /home/labdoo/ros2_ws/install/cpp_srvcli/share/cpp_srvcli/local_setup.zsh
[9.756s] -- Installing: /home/labdoo/ros2_ws/install/cpp_srvcli/share/cpp_srvcli/local_setup.dsv
[9.757s] -- Installing: /home/labdoo/ros2_ws/install/cpp_srvcli/share/cpp_srvcli/package.dsv
[9.757s] -- Installing: /home/labdoo/ros2_ws/install/cpp_srvcli/share/ament_index/resource_index/packages/cpp_srvcli
[9.757s] -- Installing: /home/labdoo/ros2_ws/install/cpp_srvcli/share/cpp_srvcli/cmake/cpp_srvcliConfig.cmake
[9.757s] -- Installing: /home/labdoo/ros2_ws/install/cpp_srvcli/share/cpp_srvcli/cmake/cpp_srvcliConfig-version.cmake
[9.757s] -- Installing: /home/labdoo/ros2_ws/install/cpp_srvcli/share/cpp_srvcli/package.xml
[9.760s] Invoked command in '/home/labdoo/ros2_ws/build/cpp_srvcli' returned '0': CMAKE_PREFIX_PATH=/opt/ros/iron /usr/bin/cmake --install /home/labdoo/ros2_ws/build/cpp_srvcli
