[0.189s] Invoking command in '/home/labdoo/ros2_ws/build/ament_cmake_export_libraries': AMENT_PREFIX_PATH=/home/labdoo/ros2_ws/install/ament_cmake_core:${AMENT_PREFIX_PATH} CMAKE_PREFIX_PATH=/home/labdoo/ros2_ws/install/ament_cmake_core:/opt/ros/iron /usr/bin/cmake --build /home/labdoo/ros2_ws/build/ament_cmake_export_libraries -- -j4 -l4
[0.255s] Invoked command in '/home/labdoo/ros2_ws/build/ament_cmake_export_libraries' returned '0': AMENT_PREFIX_PATH=/home/labdoo/ros2_ws/install/ament_cmake_core:${AMENT_PREFIX_PATH} CMAKE_PREFIX_PATH=/home/labdoo/ros2_ws/install/ament_cmake_core:/opt/ros/iron /usr/bin/cmake --build /home/labdoo/ros2_ws/build/ament_cmake_export_libraries -- -j4 -l4
[0.315s] Invoking command in '/home/labdoo/ros2_ws/build/ament_cmake_export_libraries': AMENT_PREFIX_PATH=/home/labdoo/ros2_ws/install/ament_cmake_core:${AMENT_PREFIX_PATH} CMAKE_PREFIX_PATH=/home/labdoo/ros2_ws/install/ament_cmake_core:/opt/ros/iron /usr/bin/cmake --install /home/labdoo/ros2_ws/build/ament_cmake_export_libraries
[0.331s] -- Install configuration: ""
[0.331s] -- Up-to-date: /home/labdoo/ros2_ws/install/ament_cmake_export_libraries/share/ament_index/resource_index/package_run_dependencies/ament_cmake_export_libraries
[0.332s] -- Up-to-date: /home/labdoo/ros2_ws/install/ament_cmake_export_libraries/share/ament_index/resource_index/parent_prefix_path/ament_cmake_export_libraries
[0.332s] -- Up-to-date: /home/labdoo/ros2_ws/install/ament_cmake_export_libraries/share/ament_cmake_export_libraries/environment/ament_prefix_path.sh
[0.333s] -- Up-to-date: /home/labdoo/ros2_ws/install/ament_cmake_export_libraries/share/ament_cmake_export_libraries/environment/ament_prefix_path.dsv
[0.334s] -- Up-to-date: /home/labdoo/ros2_ws/install/ament_cmake_export_libraries/share/ament_cmake_export_libraries/environment/path.sh
[0.334s] -- Up-to-date: /home/labdoo/ros2_ws/install/ament_cmake_export_libraries/share/ament_cmake_export_libraries/environment/path.dsv
[0.335s] -- Up-to-date: /home/labdoo/ros2_ws/install/ament_cmake_export_libraries/share/ament_cmake_export_libraries/local_setup.bash
[0.335s] -- Up-to-date: /home/labdoo/ros2_ws/install/ament_cmake_export_libraries/share/ament_cmake_export_libraries/local_setup.sh
[0.335s] -- Up-to-date: /home/labdoo/ros2_ws/install/ament_cmake_export_libraries/share/ament_cmake_export_libraries/local_setup.zsh
[0.336s] -- Up-to-date: /home/labdoo/ros2_ws/install/ament_cmake_export_libraries/share/ament_cmake_export_libraries/local_setup.dsv
[0.336s] -- Installing: /home/labdoo/ros2_ws/install/ament_cmake_export_libraries/share/ament_cmake_export_libraries/package.dsv
[0.337s] -- Up-to-date: /home/labdoo/ros2_ws/install/ament_cmake_export_libraries/share/ament_index/resource_index/packages/ament_cmake_export_libraries
[0.338s] -- Up-to-date: /home/labdoo/ros2_ws/install/ament_cmake_export_libraries/share/ament_cmake_export_libraries/cmake/ament_cmake_export_libraries-extras.cmake
[0.338s] -- Up-to-date: /home/labdoo/ros2_ws/install/ament_cmake_export_libraries/share/ament_cmake_export_libraries/cmake/ament_cmake_export_librariesConfig.cmake
[0.338s] -- Up-to-date: /home/labdoo/ros2_ws/install/ament_cmake_export_libraries/share/ament_cmake_export_libraries/cmake/ament_cmake_export_librariesConfig-version.cmake
[0.339s] -- Up-to-date: /home/labdoo/ros2_ws/install/ament_cmake_export_libraries/share/ament_cmake_export_libraries/package.xml
[0.339s] -- Up-to-date: /home/labdoo/ros2_ws/install/ament_cmake_export_libraries/share/ament_cmake_export_libraries/cmake
[0.340s] -- Up-to-date: /home/labdoo/ros2_ws/install/ament_cmake_export_libraries/share/ament_cmake_export_libraries/cmake/ament_export_libraries.cmake
[0.340s] -- Up-to-date: /home/labdoo/ros2_ws/install/ament_cmake_export_libraries/share/ament_cmake_export_libraries/cmake/ament_export_library_names.cmake
[0.340s] -- Up-to-date: /home/labdoo/ros2_ws/install/ament_cmake_export_libraries/share/ament_cmake_export_libraries/cmake/ament_cmake_export_libraries-extras.cmake.in
[0.341s] -- Up-to-date: /home/labdoo/ros2_ws/install/ament_cmake_export_libraries/share/ament_cmake_export_libraries/cmake/ament_cmake_export_libraries_package_hook.cmake
[0.354s] Invoked command in '/home/labdoo/ros2_ws/build/ament_cmake_export_libraries' returned '0': AMENT_PREFIX_PATH=/home/labdoo/ros2_ws/install/ament_cmake_core:${AMENT_PREFIX_PATH} CMAKE_PREFIX_PATH=/home/labdoo/ros2_ws/install/ament_cmake_core:/opt/ros/iron /usr/bin/cmake --install /home/labdoo/ros2_ws/build/ament_cmake_export_libraries
