[0.437s] Invoking command in '/home/labdoo/ros2_ws/build/examples_rclcpp_minimal_client': CMAKE_PREFIX_PATH=${CMAKE_PREFIX_PATH}:/home/labdoo/ros2_ws/install/urdf_tutorial:/home/labdoo/ros2_ws/install/py_pubsub:/home/labdoo/ros2_ws/install/launch_testing_examples:/home/labdoo/ros2_ws/install/examples_rclpy_pointcloud_publisher:/home/labdoo/ros2_ws/install/examples_rclpy_minimal_subscriber:/home/labdoo/ros2_ws/install/examples_rclpy_minimal_service:/home/labdoo/ros2_ws/install/examples_rclpy_minimal_publisher:/home/labdoo/ros2_ws/install/examples_rclpy_minimal_client:/home/labdoo/ros2_ws/install/examples_rclpy_minimal_action_server:/home/labdoo/ros2_ws/install/examples_rclpy_minimal_action_client:/home/labdoo/ros2_ws/install/examples_rclpy_guard_conditions:/home/labdoo/ros2_ws/install/examples_rclpy_executors:/opt/ros/iron /usr/bin/cmake --build /home/labdoo/ros2_ws/build/examples_rclcpp_minimal_client -- -j4 -l4
[0.532s] [100%] Built target client_main
[0.764s] Invoked command in '/home/labdoo/ros2_ws/build/examples_rclcpp_minimal_client' returned '0': CMAKE_PREFIX_PATH=${CMAKE_PREFIX_PATH}:/home/labdoo/ros2_ws/install/urdf_tutorial:/home/labdoo/ros2_ws/install/py_pubsub:/home/labdoo/ros2_ws/install/launch_testing_examples:/home/labdoo/ros2_ws/install/examples_rclpy_pointcloud_publisher:/home/labdoo/ros2_ws/install/examples_rclpy_minimal_subscriber:/home/labdoo/ros2_ws/install/examples_rclpy_minimal_service:/home/labdoo/ros2_ws/install/examples_rclpy_minimal_publisher:/home/labdoo/ros2_ws/install/examples_rclpy_minimal_client:/home/labdoo/ros2_ws/install/examples_rclpy_minimal_action_server:/home/labdoo/ros2_ws/install/examples_rclpy_minimal_action_client:/home/labdoo/ros2_ws/install/examples_rclpy_guard_conditions:/home/labdoo/ros2_ws/install/examples_rclpy_executors:/opt/ros/iron /usr/bin/cmake --build /home/labdoo/ros2_ws/build/examples_rclcpp_minimal_client -- -j4 -l4
[1.035s] Invoking command in '/home/labdoo/ros2_ws/build/examples_rclcpp_minimal_client': CMAKE_PREFIX_PATH=${CMAKE_PREFIX_PATH}:/home/labdoo/ros2_ws/install/urdf_tutorial:/home/labdoo/ros2_ws/install/py_pubsub:/home/labdoo/ros2_ws/install/launch_testing_examples:/home/labdoo/ros2_ws/install/examples_rclpy_pointcloud_publisher:/home/labdoo/ros2_ws/install/examples_rclpy_minimal_subscriber:/home/labdoo/ros2_ws/install/examples_rclpy_minimal_service:/home/labdoo/ros2_ws/install/examples_rclpy_minimal_publisher:/home/labdoo/ros2_ws/install/examples_rclpy_minimal_client:/home/labdoo/ros2_ws/install/examples_rclpy_minimal_action_server:/home/labdoo/ros2_ws/install/examples_rclpy_minimal_action_client:/home/labdoo/ros2_ws/install/examples_rclpy_guard_conditions:/home/labdoo/ros2_ws/install/examples_rclpy_executors:/opt/ros/iron /usr/bin/cmake --install /home/labdoo/ros2_ws/build/examples_rclcpp_minimal_client
[1.159s] -- Install configuration: ""
[1.159s] -- Execute custom install script
[1.159s] -- Up-to-date symlink: /home/labdoo/ros2_ws/install/examples_rclcpp_minimal_client/lib/examples_rclcpp_minimal_client/client_main
[1.159s] -- Up-to-date symlink: /home/labdoo/ros2_ws/install/examples_rclcpp_minimal_client/share/ament_index/resource_index/package_run_dependencies/examples_rclcpp_minimal_client
[1.160s] -- Up-to-date symlink: /home/labdoo/ros2_ws/install/examples_rclcpp_minimal_client/share/ament_index/resource_index/parent_prefix_path/examples_rclcpp_minimal_client
[1.160s] -- Up-to-date symlink: /home/labdoo/ros2_ws/install/examples_rclcpp_minimal_client/share/examples_rclcpp_minimal_client/environment/ament_prefix_path.sh
[1.160s] -- Up-to-date symlink: /home/labdoo/ros2_ws/install/examples_rclcpp_minimal_client/share/examples_rclcpp_minimal_client/environment/ament_prefix_path.dsv
[1.161s] -- Up-to-date symlink: /home/labdoo/ros2_ws/install/examples_rclcpp_minimal_client/share/examples_rclcpp_minimal_client/environment/path.sh
[1.161s] -- Up-to-date symlink: /home/labdoo/ros2_ws/install/examples_rclcpp_minimal_client/share/examples_rclcpp_minimal_client/environment/path.dsv
[1.162s] -- Up-to-date symlink: /home/labdoo/ros2_ws/install/examples_rclcpp_minimal_client/share/examples_rclcpp_minimal_client/local_setup.bash
[1.162s] -- Up-to-date symlink: /home/labdoo/ros2_ws/install/examples_rclcpp_minimal_client/share/examples_rclcpp_minimal_client/local_setup.sh
[1.162s] -- Up-to-date symlink: /home/labdoo/ros2_ws/install/examples_rclcpp_minimal_client/share/examples_rclcpp_minimal_client/local_setup.zsh
[1.162s] -- Up-to-date symlink: /home/labdoo/ros2_ws/install/examples_rclcpp_minimal_client/share/examples_rclcpp_minimal_client/local_setup.dsv
[1.163s] -- Symlinking: /home/labdoo/ros2_ws/install/examples_rclcpp_minimal_client/share/examples_rclcpp_minimal_client/package.dsv
[1.163s] -- Up-to-date symlink: /home/labdoo/ros2_ws/install/examples_rclcpp_minimal_client/share/ament_index/resource_index/packages/examples_rclcpp_minimal_client
[1.163s] -- Up-to-date symlink: /home/labdoo/ros2_ws/install/examples_rclcpp_minimal_client/share/examples_rclcpp_minimal_client/cmake/examples_rclcpp_minimal_clientConfig.cmake
[1.164s] -- Up-to-date symlink: /home/labdoo/ros2_ws/install/examples_rclcpp_minimal_client/share/examples_rclcpp_minimal_client/cmake/examples_rclcpp_minimal_clientConfig-version.cmake
[1.164s] -- Up-to-date symlink: /home/labdoo/ros2_ws/install/examples_rclcpp_minimal_client/share/examples_rclcpp_minimal_client/package.xml
[1.290s] Invoked command in '/home/labdoo/ros2_ws/build/examples_rclcpp_minimal_client' returned '0': CMAKE_PREFIX_PATH=${CMAKE_PREFIX_PATH}:/home/labdoo/ros2_ws/install/urdf_tutorial:/home/labdoo/ros2_ws/install/py_pubsub:/home/labdoo/ros2_ws/install/launch_testing_examples:/home/labdoo/ros2_ws/install/examples_rclpy_pointcloud_publisher:/home/labdoo/ros2_ws/install/examples_rclpy_minimal_subscriber:/home/labdoo/ros2_ws/install/examples_rclpy_minimal_service:/home/labdoo/ros2_ws/install/examples_rclpy_minimal_publisher:/home/labdoo/ros2_ws/install/examples_rclpy_minimal_client:/home/labdoo/ros2_ws/install/examples_rclpy_minimal_action_server:/home/labdoo/ros2_ws/install/examples_rclpy_minimal_action_client:/home/labdoo/ros2_ws/install/examples_rclpy_guard_conditions:/home/labdoo/ros2_ws/install/examples_rclpy_executors:/opt/ros/iron /usr/bin/cmake --install /home/labdoo/ros2_ws/build/examples_rclcpp_minimal_client
