[0.363s] Invoking command in '/home/labdoo/ros2_ws/build/cpp_pubsub': CMAKE_PREFIX_PATH=/opt/ros/iron /usr/bin/cmake --build /home/labdoo/ros2_ws/build/cpp_pubsub -- -j4 -l4
[0.467s] [ 50%] Built target talker
[0.510s] [100%] Built target listener
[0.535s] Invoked command in '/home/labdoo/ros2_ws/build/cpp_pubsub' returned '0': CMAKE_PREFIX_PATH=/opt/ros/iron /usr/bin/cmake --build /home/labdoo/ros2_ws/build/cpp_pubsub -- -j4 -l4
[0.594s] Invoking command in '/home/labdoo/ros2_ws/build/cpp_pubsub': CMAKE_PREFIX_PATH=/opt/ros/iron /usr/bin/cmake --install /home/labdoo/ros2_ws/build/cpp_pubsub
[0.623s] -- Install configuration: ""
[0.623s] -- Up-to-date: /home/labdoo/ros2_ws/install/cpp_pubsub/lib/cpp_pubsub/talker
[0.624s] -- Up-to-date: /home/labdoo/ros2_ws/install/cpp_pubsub/lib/cpp_pubsub/listener
[0.625s] -- Up-to-date: /home/labdoo/ros2_ws/install/cpp_pubsub/share/ament_index/resource_index/package_run_dependencies/cpp_pubsub
[0.625s] -- Up-to-date: /home/labdoo/ros2_ws/install/cpp_pubsub/share/ament_index/resource_index/parent_prefix_path/cpp_pubsub
[0.626s] -- Up-to-date: /home/labdoo/ros2_ws/install/cpp_pubsub/share/cpp_pubsub/environment/ament_prefix_path.sh
[0.626s] -- Up-to-date: /home/labdoo/ros2_ws/install/cpp_pubsub/share/cpp_pubsub/environment/ament_prefix_path.dsv
[0.627s] -- Up-to-date: /home/labdoo/ros2_ws/install/cpp_pubsub/share/cpp_pubsub/environment/path.sh
[0.627s] -- Up-to-date: /home/labdoo/ros2_ws/install/cpp_pubsub/share/cpp_pubsub/environment/path.dsv
[0.627s] -- Up-to-date: /home/labdoo/ros2_ws/install/cpp_pubsub/share/cpp_pubsub/local_setup.bash
[0.628s] -- Up-to-date: /home/labdoo/ros2_ws/install/cpp_pubsub/share/cpp_pubsub/local_setup.sh
[0.628s] -- Up-to-date: /home/labdoo/ros2_ws/install/cpp_pubsub/share/cpp_pubsub/local_setup.zsh
[0.628s] -- Up-to-date: /home/labdoo/ros2_ws/install/cpp_pubsub/share/cpp_pubsub/local_setup.dsv
[0.628s] -- Installing: /home/labdoo/ros2_ws/install/cpp_pubsub/share/cpp_pubsub/package.dsv
[0.628s] -- Up-to-date: /home/labdoo/ros2_ws/install/cpp_pubsub/share/ament_index/resource_index/packages/cpp_pubsub
[0.629s] -- Up-to-date: /home/labdoo/ros2_ws/install/cpp_pubsub/share/cpp_pubsub/cmake/cpp_pubsubConfig.cmake
[0.629s] -- Up-to-date: /home/labdoo/ros2_ws/install/cpp_pubsub/share/cpp_pubsub/cmake/cpp_pubsubConfig-version.cmake
[0.629s] -- Up-to-date: /home/labdoo/ros2_ws/install/cpp_pubsub/share/cpp_pubsub/package.xml
[0.815s] Invoked command in '/home/labdoo/ros2_ws/build/cpp_pubsub' returned '0': CMAKE_PREFIX_PATH=/opt/ros/iron /usr/bin/cmake --install /home/labdoo/ros2_ws/build/cpp_pubsub
