[100%] Built target my_node
-- Install configuration: ""
-- Up-to-date: /home/labdoo/ros2_ws/install/my_bot/lib/my_bot/my_node
-- Up-to-date: /home/labdoo/ros2_ws/install/my_bot/share/my_bot/launch
-- Installing: /home/labdoo/ros2_ws/install/my_bot/share/my_bot/launch/my_bot_launch.py
-- Up-to-date: /home/labdoo/ros2_ws/install/my_bot/share/my_bot/launch/__pycache__
-- Up-to-date: /home/labdoo/ros2_ws/install/my_bot/share/my_bot/launch/__pycache__/my_bot_launch.cpython-310.pyc
-- Up-to-date: /home/labdoo/ros2_ws/install/my_bot/share/ament_index/resource_index/package_run_dependencies/my_bot
-- Up-to-date: /home/labdoo/ros2_ws/install/my_bot/share/ament_index/resource_index/parent_prefix_path/my_bot
-- Up-to-date: /home/labdoo/ros2_ws/install/my_bot/share/my_bot/environment/ament_prefix_path.sh
-- Up-to-date: /home/labdoo/ros2_ws/install/my_bot/share/my_bot/environment/ament_prefix_path.dsv
-- Up-to-date: /home/labdoo/ros2_ws/install/my_bot/share/my_bot/environment/path.sh
-- Up-to-date: /home/labdoo/ros2_ws/install/my_bot/share/my_bot/environment/path.dsv
-- Up-to-date: /home/labdoo/ros2_ws/install/my_bot/share/my_bot/local_setup.bash
-- Up-to-date: /home/labdoo/ros2_ws/install/my_bot/share/my_bot/local_setup.sh
-- Up-to-date: /home/labdoo/ros2_ws/install/my_bot/share/my_bot/local_setup.zsh
-- Up-to-date: /home/labdoo/ros2_ws/install/my_bot/share/my_bot/local_setup.dsv
-- Installing: /home/labdoo/ros2_ws/install/my_bot/share/my_bot/package.dsv
-- Up-to-date: /home/labdoo/ros2_ws/install/my_bot/share/ament_index/resource_index/packages/my_bot
-- Up-to-date: /home/labdoo/ros2_ws/install/my_bot/share/my_bot/cmake/my_botConfig.cmake
-- Up-to-date: /home/labdoo/ros2_ws/install/my_bot/share/my_bot/cmake/my_botConfig-version.cmake
-- Up-to-date: /home/labdoo/ros2_ws/install/my_bot/share/my_bot/package.xml
