[2.357s] Invoking command in '/home/labdoo/ros2_ws/src/examples/rclpy/actions/minimal_action_server': PYTHONPATH=/home/labdoo/ros2_ws/build/examples_rclpy_minimal_action_server/prefix_override:/home/labdoo/ros2_ws/install/examples_rclpy_minimal_action_server/lib/python3.10/site-packages:${PYTHONPATH} /usr/bin/python3 setup.py egg_info --egg-base ../../../../../build/examples_rclpy_minimal_action_server build --build-base /home/labdoo/ros2_ws/build/examples_rclpy_minimal_action_server/build install --record /home/labdoo/ros2_ws/build/examples_rclpy_minimal_action_server/install.log --single-version-externally-managed
[3.094s] running egg_info
[3.096s] writing ../../../../../build/examples_rclpy_minimal_action_server/examples_rclpy_minimal_action_server.egg-info/PKG-INFO
[3.096s] writing dependency_links to ../../../../../build/examples_rclpy_minimal_action_server/examples_rclpy_minimal_action_server.egg-info/dependency_links.txt
[3.097s] writing entry points to ../../../../../build/examples_rclpy_minimal_action_server/examples_rclpy_minimal_action_server.egg-info/entry_points.txt
[3.098s] writing requirements to ../../../../../build/examples_rclpy_minimal_action_server/examples_rclpy_minimal_action_server.egg-info/requires.txt
[3.098s] writing top-level names to ../../../../../build/examples_rclpy_minimal_action_server/examples_rclpy_minimal_action_server.egg-info/top_level.txt
[3.105s] reading manifest file '../../../../../build/examples_rclpy_minimal_action_server/examples_rclpy_minimal_action_server.egg-info/SOURCES.txt'
[3.108s] writing manifest file '../../../../../build/examples_rclpy_minimal_action_server/examples_rclpy_minimal_action_server.egg-info/SOURCES.txt'
[3.109s] running build
[3.109s] running build_py
[3.109s] running install
[3.110s] /usr/lib/python3/dist-packages/setuptools/command/install.py:34: SetuptoolsDeprecationWarning: setup.py install is deprecated. Use build and pip and other standards-based tools.
[3.110s]   warnings.warn(
[3.110s] running install_lib
[3.113s] running install_data
[3.115s] running install_egg_info
[3.118s] removing '/home/labdoo/ros2_ws/install/examples_rclpy_minimal_action_server/lib/python3.10/site-packages/examples_rclpy_minimal_action_server-0.18.0-py3.10.egg-info' (and everything under it)
[3.119s] Copying ../../../../../build/examples_rclpy_minimal_action_server/examples_rclpy_minimal_action_server.egg-info to /home/labdoo/ros2_ws/install/examples_rclpy_minimal_action_server/lib/python3.10/site-packages/examples_rclpy_minimal_action_server-0.18.0-py3.10.egg-info
[3.121s] running install_scripts
[3.172s] Installing server script to /home/labdoo/ros2_ws/install/examples_rclpy_minimal_action_server/lib/examples_rclpy_minimal_action_server
[3.172s] Installing server_defer script to /home/labdoo/ros2_ws/install/examples_rclpy_minimal_action_server/lib/examples_rclpy_minimal_action_server
[3.172s] Installing server_not_composable script to /home/labdoo/ros2_ws/install/examples_rclpy_minimal_action_server/lib/examples_rclpy_minimal_action_server
[3.173s] Installing server_queue_goals script to /home/labdoo/ros2_ws/install/examples_rclpy_minimal_action_server/lib/examples_rclpy_minimal_action_server
[3.173s] Installing server_single_goal script to /home/labdoo/ros2_ws/install/examples_rclpy_minimal_action_server/lib/examples_rclpy_minimal_action_server
[3.174s] writing list of installed files to '/home/labdoo/ros2_ws/build/examples_rclpy_minimal_action_server/install.log'
[3.351s] Invoked command in '/home/labdoo/ros2_ws/src/examples/rclpy/actions/minimal_action_server' returned '0': PYTHONPATH=/home/labdoo/ros2_ws/build/examples_rclpy_minimal_action_server/prefix_override:/home/labdoo/ros2_ws/install/examples_rclpy_minimal_action_server/lib/python3.10/site-packages:${PYTHONPATH} /usr/bin/python3 setup.py egg_info --egg-base ../../../../../build/examples_rclpy_minimal_action_server build --build-base /home/labdoo/ros2_ws/build/examples_rclpy_minimal_action_server/build install --record /home/labdoo/ros2_ws/build/examples_rclpy_minimal_action_server/install.log --single-version-externally-managed
