[0.194s] Invoking command in '/home/labdoo/ros2_ws1/build/segway_v3_config': /usr/bin/cmake /home/labdoo/ros2_ws1/Person-following-robot/src/segway/segway_v3/segway_v3_config -DCATKIN_INSTALL_INTO_PREFIX_ROOT=0 -DCMAKE_INSTALL_PREFIX=/home/labdoo/ros2_ws1/install/segway_v3_config
[0.218s] [0mCMake Deprecation Warning at CMakeLists.txt:1 (cmake_minimum_required):
[0.219s]   Compatibility with CMake < 2.8.12 will be removed from a future version of
[0.219s]   CMake.
[0.219s] 
[0.219s]   Update the VERSION argument <min> value or use a ...<max> suffix to tell
[0.219s]   CMake that the project does not need compatibility with older versions.
[0.219s] 
[0.219s] [0m
[0.372s] -- The C compiler identification is GNU 11.4.0
[0.541s] -- The CXX compiler identification is GNU 11.4.0
[0.561s] -- Detecting C compiler ABI info
[0.698s] -- Detecting C compiler ABI info - done
[0.718s] -- Check for working C compiler: /usr/bin/cc - skipped
[0.722s] -- Detecting C compile features
[0.722s] -- Detecting C compile features - done
[0.733s] -- Detecting CXX compiler ABI info
[0.893s] -- Detecting CXX compiler ABI info - done
[0.921s] -- Check for working CXX compiler: /usr/bin/c++ - skipped
[0.921s] -- Detecting CXX compile features
[0.923s] -- Detecting CXX compile features - done
[0.949s] [31mCMake Error at CMakeLists.txt:4 (find_package):
[0.949s]   By not providing "Findcatkin.cmake" in CMAKE_MODULE_PATH this project has
[0.950s]   asked CMake to find a package configuration file provided by "catkin", but
[0.950s]   CMake did not find one.
[0.950s] 
[0.950s]   Could not find a package configuration file provided by "catkin" with any
[0.951s]   of the following names:
[0.951s] 
[0.951s]     catkinConfig.cmake
[0.951s]     catkin-config.cmake
[0.951s] 
[0.951s]   Add the installation prefix of "catkin" to CMAKE_PREFIX_PATH or set
[0.951s]   "catkin_DIR" to a directory containing one of the above files.  If "catkin"
[0.952s]   provides a separate development package or SDK, be sure it has been
[0.952s]   installed.
[0.952s] 
[0.952s] [0m
[0.952s] -- Configuring incomplete, errors occurred!
[0.952s] See also "/home/labdoo/ros2_ws1/build/segway_v3_config/CMakeFiles/CMakeOutput.log".
[0.967s] Invoked command in '/home/labdoo/ros2_ws1/build/segway_v3_config' returned '1': /usr/bin/cmake /home/labdoo/ros2_ws1/Person-following-robot/src/segway/segway_v3/segway_v3_config -DCATKIN_INSTALL_INTO_PREFIX_ROOT=0 -DCMAKE_INSTALL_PREFIX=/home/labdoo/ros2_ws1/install/segway_v3_config
