[2.933s] Invoking command in '/home/labdoo/ros2_ws/src/examples/rclpy/guard_conditions': PYTHONPATH=/home/labdoo/ros2_ws/build/examples_rclpy_guard_conditions/prefix_override:/home/labdoo/ros2_ws/install/examples_rclpy_guard_conditions/lib/python3.10/site-packages:${PYTHONPATH} /usr/bin/python3 setup.py egg_info --egg-base ../../../../build/examples_rclpy_guard_conditions build --build-base /home/labdoo/ros2_ws/build/examples_rclpy_guard_conditions/build install --record /home/labdoo/ros2_ws/build/examples_rclpy_guard_conditions/install.log --single-version-externally-managed
[3.469s] running egg_info
[3.472s] writing ../../../../build/examples_rclpy_guard_conditions/examples_rclpy_guard_conditions.egg-info/PKG-INFO
[3.473s] writing dependency_links to ../../../../build/examples_rclpy_guard_conditions/examples_rclpy_guard_conditions.egg-info/dependency_links.txt
[3.473s] writing entry points to ../../../../build/examples_rclpy_guard_conditions/examples_rclpy_guard_conditions.egg-info/entry_points.txt
[3.474s] writing requirements to ../../../../build/examples_rclpy_guard_conditions/examples_rclpy_guard_conditions.egg-info/requires.txt
[3.474s] writing top-level names to ../../../../build/examples_rclpy_guard_conditions/examples_rclpy_guard_conditions.egg-info/top_level.txt
[3.482s] reading manifest file '../../../../build/examples_rclpy_guard_conditions/examples_rclpy_guard_conditions.egg-info/SOURCES.txt'
[3.485s] writing manifest file '../../../../build/examples_rclpy_guard_conditions/examples_rclpy_guard_conditions.egg-info/SOURCES.txt'
[3.485s] running build
[3.486s] running build_py
[3.487s] running install
[3.487s] /usr/lib/python3/dist-packages/setuptools/command/install.py:34: SetuptoolsDeprecationWarning: setup.py install is deprecated. Use build and pip and other standards-based tools.
[3.488s]   warnings.warn(
[3.489s] running install_lib
[3.492s] running install_data
[3.494s] running install_egg_info
[3.498s] removing '/home/labdoo/ros2_ws/install/examples_rclpy_guard_conditions/lib/python3.10/site-packages/examples_rclpy_guard_conditions-0.18.0-py3.10.egg-info' (and everything under it)
[3.502s] Copying ../../../../build/examples_rclpy_guard_conditions/examples_rclpy_guard_conditions.egg-info to /home/labdoo/ros2_ws/install/examples_rclpy_guard_conditions/lib/python3.10/site-packages/examples_rclpy_guard_conditions-0.18.0-py3.10.egg-info
[3.513s] running install_scripts
[3.564s] Installing trigger_guard_condition script to /home/labdoo/ros2_ws/install/examples_rclpy_guard_conditions/lib/examples_rclpy_guard_conditions
[3.565s] writing list of installed files to '/home/labdoo/ros2_ws/build/examples_rclpy_guard_conditions/install.log'
[4.088s] Invoked command in '/home/labdoo/ros2_ws/src/examples/rclpy/guard_conditions' returned '0': PYTHONPATH=/home/labdoo/ros2_ws/build/examples_rclpy_guard_conditions/prefix_override:/home/labdoo/ros2_ws/install/examples_rclpy_guard_conditions/lib/python3.10/site-packages:${PYTHONPATH} /usr/bin/python3 setup.py egg_info --egg-base ../../../../build/examples_rclpy_guard_conditions build --build-base /home/labdoo/ros2_ws/build/examples_rclpy_guard_conditions/build install --record /home/labdoo/ros2_ws/build/examples_rclpy_guard_conditions/install.log --single-version-externally-managed
