[0.176s] Invoking command in '/home/labdoo/ros2_ws/build/my_package': CMAKE_PREFIX_PATH=/opt/ros/iron /usr/bin/cmake --build /home/labdoo/ros2_ws/build/my_package -- -j4 -l4
[0.264s] [100%] Built target my_node
[0.286s] Invoked command in '/home/labdoo/ros2_ws/build/my_package' returned '0': CMAKE_PREFIX_PATH=/opt/ros/iron /usr/bin/cmake --build /home/labdoo/ros2_ws/build/my_package -- -j4 -l4
[0.343s] Invoking command in '/home/labdoo/ros2_ws/build/my_package': CMAKE_PREFIX_PATH=/opt/ros/iron /usr/bin/cmake --install /home/labdoo/ros2_ws/build/my_package
[0.361s] -- Install configuration: ""
[0.362s] -- Up-to-date: /home/labdoo/ros2_ws/install/my_package/lib/my_package/my_node
[0.363s] -- Up-to-date: /home/labdoo/ros2_ws/install/my_package/share/ament_index/resource_index/package_run_dependencies/my_package
[0.363s] -- Up-to-date: /home/labdoo/ros2_ws/install/my_package/share/ament_index/resource_index/parent_prefix_path/my_package
[0.363s] -- Up-to-date: /home/labdoo/ros2_ws/install/my_package/share/my_package/environment/ament_prefix_path.sh
[0.364s] -- Up-to-date: /home/labdoo/ros2_ws/install/my_package/share/my_package/environment/ament_prefix_path.dsv
[0.364s] -- Up-to-date: /home/labdoo/ros2_ws/install/my_package/share/my_package/environment/path.sh
[0.364s] -- Up-to-date: /home/labdoo/ros2_ws/install/my_package/share/my_package/environment/path.dsv
[0.364s] -- Up-to-date: /home/labdoo/ros2_ws/install/my_package/share/my_package/local_setup.bash
[0.365s] -- Up-to-date: /home/labdoo/ros2_ws/install/my_package/share/my_package/local_setup.sh
[0.365s] -- Up-to-date: /home/labdoo/ros2_ws/install/my_package/share/my_package/local_setup.zsh
[0.365s] -- Up-to-date: /home/labdoo/ros2_ws/install/my_package/share/my_package/local_setup.dsv
[0.365s] -- Installing: /home/labdoo/ros2_ws/install/my_package/share/my_package/package.dsv
[0.365s] -- Up-to-date: /home/labdoo/ros2_ws/install/my_package/share/ament_index/resource_index/packages/my_package
[0.366s] -- Up-to-date: /home/labdoo/ros2_ws/install/my_package/share/my_package/cmake/my_packageConfig.cmake
[0.366s] -- Up-to-date: /home/labdoo/ros2_ws/install/my_package/share/my_package/cmake/my_packageConfig-version.cmake
[0.366s] -- Up-to-date: /home/labdoo/ros2_ws/install/my_package/share/my_package/package.xml
[0.660s] Invoked command in '/home/labdoo/ros2_ws/build/my_package' returned '0': CMAKE_PREFIX_PATH=/opt/ros/iron /usr/bin/cmake --install /home/labdoo/ros2_ws/build/my_package
