[3.496s] Invoking command in '/home/labdoo/ros2_ws/src/examples/rclpy/services/minimal_service': PYTHONPATH=/home/labdoo/ros2_ws/build/examples_rclpy_minimal_service/prefix_override:/home/labdoo/ros2_ws/install/examples_rclpy_minimal_service/lib/python3.10/site-packages:${PYTHONPATH} /usr/bin/python3 setup.py egg_info --egg-base ../../../../../build/examples_rclpy_minimal_service build --build-base /home/labdoo/ros2_ws/build/examples_rclpy_minimal_service/build install --record /home/labdoo/ros2_ws/build/examples_rclpy_minimal_service/install.log --single-version-externally-managed
[4.256s] running egg_info
[4.258s] writing ../../../../../build/examples_rclpy_minimal_service/examples_rclpy_minimal_service.egg-info/PKG-INFO
[4.259s] writing dependency_links to ../../../../../build/examples_rclpy_minimal_service/examples_rclpy_minimal_service.egg-info/dependency_links.txt
[4.259s] writing entry points to ../../../../../build/examples_rclpy_minimal_service/examples_rclpy_minimal_service.egg-info/entry_points.txt
[4.259s] writing requirements to ../../../../../build/examples_rclpy_minimal_service/examples_rclpy_minimal_service.egg-info/requires.txt
[4.260s] writing top-level names to ../../../../../build/examples_rclpy_minimal_service/examples_rclpy_minimal_service.egg-info/top_level.txt
[4.267s] reading manifest file '../../../../../build/examples_rclpy_minimal_service/examples_rclpy_minimal_service.egg-info/SOURCES.txt'
[4.269s] writing manifest file '../../../../../build/examples_rclpy_minimal_service/examples_rclpy_minimal_service.egg-info/SOURCES.txt'
[4.269s] running build
[4.269s] running build_py
[4.270s] running install
[4.270s] /usr/lib/python3/dist-packages/setuptools/command/install.py:34: SetuptoolsDeprecationWarning: setup.py install is deprecated. Use build and pip and other standards-based tools.
[4.270s]   warnings.warn(
[4.271s] running install_lib
[4.276s] running install_data
[4.278s] running install_egg_info
[4.285s] removing '/home/labdoo/ros2_ws/install/examples_rclpy_minimal_service/lib/python3.10/site-packages/examples_rclpy_minimal_service-0.18.0-py3.10.egg-info' (and everything under it)
[4.294s] Copying ../../../../../build/examples_rclpy_minimal_service/examples_rclpy_minimal_service.egg-info to /home/labdoo/ros2_ws/install/examples_rclpy_minimal_service/lib/python3.10/site-packages/examples_rclpy_minimal_service-0.18.0-py3.10.egg-info
[4.296s] running install_scripts
[4.351s] Installing service script to /home/labdoo/ros2_ws/install/examples_rclpy_minimal_service/lib/examples_rclpy_minimal_service
[4.351s] Installing service_member_function script to /home/labdoo/ros2_ws/install/examples_rclpy_minimal_service/lib/examples_rclpy_minimal_service
[4.352s] writing list of installed files to '/home/labdoo/ros2_ws/build/examples_rclpy_minimal_service/install.log'
[4.682s] Invoked command in '/home/labdoo/ros2_ws/src/examples/rclpy/services/minimal_service' returned '0': PYTHONPATH=/home/labdoo/ros2_ws/build/examples_rclpy_minimal_service/prefix_override:/home/labdoo/ros2_ws/install/examples_rclpy_minimal_service/lib/python3.10/site-packages:${PYTHONPATH} /usr/bin/python3 setup.py egg_info --egg-base ../../../../../build/examples_rclpy_minimal_service build --build-base /home/labdoo/ros2_ws/build/examples_rclpy_minimal_service/build install --record /home/labdoo/ros2_ws/build/examples_rclpy_minimal_service/install.log --single-version-externally-managed
