[2.196s] Invoking command in '/home/labdoo/ros2_ws/src/examples/rclpy/services/minimal_client': PYTHONPATH=/home/labdoo/ros2_ws/build/examples_rclpy_minimal_client/prefix_override:/home/labdoo/ros2_ws/install/examples_rclpy_minimal_client/lib/python3.10/site-packages:${PYTHONPATH} /usr/bin/python3 setup.py egg_info --egg-base ../../../../../build/examples_rclpy_minimal_client build --build-base /home/labdoo/ros2_ws/build/examples_rclpy_minimal_client/build install --record /home/labdoo/ros2_ws/build/examples_rclpy_minimal_client/install.log --single-version-externally-managed
[2.911s] running egg_info
[2.913s] writing ../../../../../build/examples_rclpy_minimal_client/examples_rclpy_minimal_client.egg-info/PKG-INFO
[2.913s] writing dependency_links to ../../../../../build/examples_rclpy_minimal_client/examples_rclpy_minimal_client.egg-info/dependency_links.txt
[2.913s] writing entry points to ../../../../../build/examples_rclpy_minimal_client/examples_rclpy_minimal_client.egg-info/entry_points.txt
[2.914s] writing requirements to ../../../../../build/examples_rclpy_minimal_client/examples_rclpy_minimal_client.egg-info/requires.txt
[2.914s] writing top-level names to ../../../../../build/examples_rclpy_minimal_client/examples_rclpy_minimal_client.egg-info/top_level.txt
[2.923s] reading manifest file '../../../../../build/examples_rclpy_minimal_client/examples_rclpy_minimal_client.egg-info/SOURCES.txt'
[2.923s] writing manifest file '../../../../../build/examples_rclpy_minimal_client/examples_rclpy_minimal_client.egg-info/SOURCES.txt'
[2.924s] running build
[2.924s] running build_py
[2.924s] running install
[2.925s] /usr/lib/python3/dist-packages/setuptools/command/install.py:34: SetuptoolsDeprecationWarning: setup.py install is deprecated. Use build and pip and other standards-based tools.
[2.925s]   warnings.warn(
[2.926s] running install_lib
[2.937s] running install_data
[2.938s] running install_egg_info
[2.938s] removing '/home/labdoo/ros2_ws/install/examples_rclpy_minimal_client/lib/python3.10/site-packages/examples_rclpy_minimal_client-0.18.0-py3.10.egg-info' (and everything under it)
[2.938s] Copying ../../../../../build/examples_rclpy_minimal_client/examples_rclpy_minimal_client.egg-info to /home/labdoo/ros2_ws/install/examples_rclpy_minimal_client/lib/python3.10/site-packages/examples_rclpy_minimal_client-0.18.0-py3.10.egg-info
[2.939s] running install_scripts
[2.983s] Installing client script to /home/labdoo/ros2_ws/install/examples_rclpy_minimal_client/lib/examples_rclpy_minimal_client
[2.983s] Installing client_async script to /home/labdoo/ros2_ws/install/examples_rclpy_minimal_client/lib/examples_rclpy_minimal_client
[2.984s] Installing client_async_callback script to /home/labdoo/ros2_ws/install/examples_rclpy_minimal_client/lib/examples_rclpy_minimal_client
[2.984s] Installing client_async_member_function script to /home/labdoo/ros2_ws/install/examples_rclpy_minimal_client/lib/examples_rclpy_minimal_client
[2.984s] writing list of installed files to '/home/labdoo/ros2_ws/build/examples_rclpy_minimal_client/install.log'
[3.634s] Invoked command in '/home/labdoo/ros2_ws/src/examples/rclpy/services/minimal_client' returned '0': PYTHONPATH=/home/labdoo/ros2_ws/build/examples_rclpy_minimal_client/prefix_override:/home/labdoo/ros2_ws/install/examples_rclpy_minimal_client/lib/python3.10/site-packages:${PYTHONPATH} /usr/bin/python3 setup.py egg_info --egg-base ../../../../../build/examples_rclpy_minimal_client build --build-base /home/labdoo/ros2_ws/build/examples_rclpy_minimal_client/build install --record /home/labdoo/ros2_ws/build/examples_rclpy_minimal_client/install.log --single-version-externally-managed
