[0.439s] Invoking command in '/home/labdoo/ros2_ws/build/my_bot': CMAKE_PREFIX_PATH=/opt/ros/iron /usr/bin/cmake --build /home/labdoo/ros2_ws/build/my_bot -- -j4 -l4
[0.526s] [100%] Built target my_node
[0.543s] Invoked command in '/home/labdoo/ros2_ws/build/my_bot' returned '0': CMAKE_PREFIX_PATH=/opt/ros/iron /usr/bin/cmake --build /home/labdoo/ros2_ws/build/my_bot -- -j4 -l4
[0.600s] Invoking command in '/home/labdoo/ros2_ws/build/my_bot': CMAKE_PREFIX_PATH=/opt/ros/iron /usr/bin/cmake --install /home/labdoo/ros2_ws/build/my_bot
[0.619s] -- Install configuration: ""
[0.619s] -- Up-to-date: /home/labdoo/ros2_ws/install/my_bot/lib/my_bot/my_node
[0.619s] -- Up-to-date: /home/labdoo/ros2_ws/install/my_bot/share/ament_index/resource_index/package_run_dependencies/my_bot
[0.619s] -- Up-to-date: /home/labdoo/ros2_ws/install/my_bot/share/ament_index/resource_index/parent_prefix_path/my_bot
[0.620s] -- Up-to-date: /home/labdoo/ros2_ws/install/my_bot/share/my_bot/environment/ament_prefix_path.sh
[0.620s] -- Up-to-date: /home/labdoo/ros2_ws/install/my_bot/share/my_bot/environment/ament_prefix_path.dsv
[0.620s] -- Up-to-date: /home/labdoo/ros2_ws/install/my_bot/share/my_bot/environment/path.sh
[0.621s] -- Up-to-date: /home/labdoo/ros2_ws/install/my_bot/share/my_bot/environment/path.dsv
[0.621s] -- Up-to-date: /home/labdoo/ros2_ws/install/my_bot/share/my_bot/local_setup.bash
[0.621s] -- Up-to-date: /home/labdoo/ros2_ws/install/my_bot/share/my_bot/local_setup.sh
[0.621s] -- Up-to-date: /home/labdoo/ros2_ws/install/my_bot/share/my_bot/local_setup.zsh
[0.622s] -- Up-to-date: /home/labdoo/ros2_ws/install/my_bot/share/my_bot/local_setup.dsv
[0.622s] -- Installing: /home/labdoo/ros2_ws/install/my_bot/share/my_bot/package.dsv
[0.622s] -- Up-to-date: /home/labdoo/ros2_ws/install/my_bot/share/ament_index/resource_index/packages/my_bot
[0.623s] -- Up-to-date: /home/labdoo/ros2_ws/install/my_bot/share/my_bot/cmake/my_botConfig.cmake
[0.623s] -- Up-to-date: /home/labdoo/ros2_ws/install/my_bot/share/my_bot/cmake/my_botConfig-version.cmake
[0.623s] -- Up-to-date: /home/labdoo/ros2_ws/install/my_bot/share/my_bot/package.xml
[0.631s] Invoked command in '/home/labdoo/ros2_ws/build/my_bot' returned '0': CMAKE_PREFIX_PATH=/opt/ros/iron /usr/bin/cmake --install /home/labdoo/ros2_ws/build/my_bot
