[0.109s] Invoking command in '/home/labdoo/ros2_ws/build/ament_cmake_export_definitions': AMENT_PREFIX_PATH=/home/labdoo/ros2_ws/install/ament_cmake_core:${AMENT_PREFIX_PATH} CMAKE_PREFIX_PATH=/home/labdoo/ros2_ws/install/ament_cmake_core:/opt/ros/iron /usr/bin/cmake --build /home/labdoo/ros2_ws/build/ament_cmake_export_definitions -- -j4 -l4
[0.171s] Invoked command in '/home/labdoo/ros2_ws/build/ament_cmake_export_definitions' returned '0': AMENT_PREFIX_PATH=/home/labdoo/ros2_ws/install/ament_cmake_core:${AMENT_PREFIX_PATH} CMAKE_PREFIX_PATH=/home/labdoo/ros2_ws/install/ament_cmake_core:/opt/ros/iron /usr/bin/cmake --build /home/labdoo/ros2_ws/build/ament_cmake_export_definitions -- -j4 -l4
[0.206s] Invoking command in '/home/labdoo/ros2_ws/build/ament_cmake_export_definitions': AMENT_PREFIX_PATH=/home/labdoo/ros2_ws/install/ament_cmake_core:${AMENT_PREFIX_PATH} CMAKE_PREFIX_PATH=/home/labdoo/ros2_ws/install/ament_cmake_core:/opt/ros/iron /usr/bin/cmake --install /home/labdoo/ros2_ws/build/ament_cmake_export_definitions
[0.233s] -- Install configuration: ""
[0.233s] -- Up-to-date: /home/labdoo/ros2_ws/install/ament_cmake_export_definitions/share/ament_index/resource_index/package_run_dependencies/ament_cmake_export_definitions
[0.234s] -- Up-to-date: /home/labdoo/ros2_ws/install/ament_cmake_export_definitions/share/ament_index/resource_index/parent_prefix_path/ament_cmake_export_definitions
[0.234s] -- Up-to-date: /home/labdoo/ros2_ws/install/ament_cmake_export_definitions/share/ament_cmake_export_definitions/environment/ament_prefix_path.sh
[0.234s] -- Up-to-date: /home/labdoo/ros2_ws/install/ament_cmake_export_definitions/share/ament_cmake_export_definitions/environment/ament_prefix_path.dsv
[0.234s] -- Up-to-date: /home/labdoo/ros2_ws/install/ament_cmake_export_definitions/share/ament_cmake_export_definitions/environment/path.sh
[0.234s] -- Up-to-date: /home/labdoo/ros2_ws/install/ament_cmake_export_definitions/share/ament_cmake_export_definitions/environment/path.dsv
[0.235s] -- Up-to-date: /home/labdoo/ros2_ws/install/ament_cmake_export_definitions/share/ament_cmake_export_definitions/local_setup.bash
[0.235s] -- Up-to-date: /home/labdoo/ros2_ws/install/ament_cmake_export_definitions/share/ament_cmake_export_definitions/local_setup.sh
[0.235s] -- Up-to-date: /home/labdoo/ros2_ws/install/ament_cmake_export_definitions/share/ament_cmake_export_definitions/local_setup.zsh
[0.236s] -- Up-to-date: /home/labdoo/ros2_ws/install/ament_cmake_export_definitions/share/ament_cmake_export_definitions/local_setup.dsv
[0.236s] -- Installing: /home/labdoo/ros2_ws/install/ament_cmake_export_definitions/share/ament_cmake_export_definitions/package.dsv
[0.236s] -- Up-to-date: /home/labdoo/ros2_ws/install/ament_cmake_export_definitions/share/ament_index/resource_index/packages/ament_cmake_export_definitions
[0.237s] -- Up-to-date: /home/labdoo/ros2_ws/install/ament_cmake_export_definitions/share/ament_cmake_export_definitions/cmake/ament_cmake_export_definitions-extras.cmake
[0.237s] -- Up-to-date: /home/labdoo/ros2_ws/install/ament_cmake_export_definitions/share/ament_cmake_export_definitions/cmake/ament_cmake_export_definitionsConfig.cmake
[0.237s] -- Up-to-date: /home/labdoo/ros2_ws/install/ament_cmake_export_definitions/share/ament_cmake_export_definitions/cmake/ament_cmake_export_definitionsConfig-version.cmake
[0.237s] -- Up-to-date: /home/labdoo/ros2_ws/install/ament_cmake_export_definitions/share/ament_cmake_export_definitions/package.xml
[0.237s] -- Up-to-date: /home/labdoo/ros2_ws/install/ament_cmake_export_definitions/share/ament_cmake_export_definitions/cmake
[0.238s] -- Up-to-date: /home/labdoo/ros2_ws/install/ament_cmake_export_definitions/share/ament_cmake_export_definitions/cmake/ament_cmake_export_definitions-extras.cmake.in
[0.238s] -- Up-to-date: /home/labdoo/ros2_ws/install/ament_cmake_export_definitions/share/ament_cmake_export_definitions/cmake/ament_export_definitions.cmake
[0.238s] -- Up-to-date: /home/labdoo/ros2_ws/install/ament_cmake_export_definitions/share/ament_cmake_export_definitions/cmake/ament_cmake_export_definitions_package_hook.cmake
[0.513s] Invoked command in '/home/labdoo/ros2_ws/build/ament_cmake_export_definitions' returned '0': AMENT_PREFIX_PATH=/home/labdoo/ros2_ws/install/ament_cmake_core:${AMENT_PREFIX_PATH} CMAKE_PREFIX_PATH=/home/labdoo/ros2_ws/install/ament_cmake_core:/opt/ros/iron /usr/bin/cmake --install /home/labdoo/ros2_ws/build/ament_cmake_export_definitions
