[0.210s] Invoking command in '/home/labdoo/ros2_ws/build/ament_cmake_export_link_flags': AMENT_PREFIX_PATH=/home/labdoo/ros2_ws/install/ament_cmake_core:${AMENT_PREFIX_PATH} CMAKE_PREFIX_PATH=/home/labdoo/ros2_ws/install/ament_cmake_core:/opt/ros/iron /usr/bin/cmake --build /home/labdoo/ros2_ws/build/ament_cmake_export_link_flags -- -j4 -l4
[0.277s] Invoked command in '/home/labdoo/ros2_ws/build/ament_cmake_export_link_flags' returned '0': AMENT_PREFIX_PATH=/home/labdoo/ros2_ws/install/ament_cmake_core:${AMENT_PREFIX_PATH} CMAKE_PREFIX_PATH=/home/labdoo/ros2_ws/install/ament_cmake_core:/opt/ros/iron /usr/bin/cmake --build /home/labdoo/ros2_ws/build/ament_cmake_export_link_flags -- -j4 -l4
[0.422s] Invoking command in '/home/labdoo/ros2_ws/build/ament_cmake_export_link_flags': AMENT_PREFIX_PATH=/home/labdoo/ros2_ws/install/ament_cmake_core:${AMENT_PREFIX_PATH} CMAKE_PREFIX_PATH=/home/labdoo/ros2_ws/install/ament_cmake_core:/opt/ros/iron /usr/bin/cmake --install /home/labdoo/ros2_ws/build/ament_cmake_export_link_flags
[0.435s] -- Install configuration: ""
[0.436s] -- Up-to-date: /home/labdoo/ros2_ws/install/ament_cmake_export_link_flags/share/ament_index/resource_index/package_run_dependencies/ament_cmake_export_link_flags
[0.436s] -- Up-to-date: /home/labdoo/ros2_ws/install/ament_cmake_export_link_flags/share/ament_index/resource_index/parent_prefix_path/ament_cmake_export_link_flags
[0.437s] -- Up-to-date: /home/labdoo/ros2_ws/install/ament_cmake_export_link_flags/share/ament_cmake_export_link_flags/environment/ament_prefix_path.sh
[0.437s] -- Up-to-date: /home/labdoo/ros2_ws/install/ament_cmake_export_link_flags/share/ament_cmake_export_link_flags/environment/ament_prefix_path.dsv
[0.437s] -- Up-to-date: /home/labdoo/ros2_ws/install/ament_cmake_export_link_flags/share/ament_cmake_export_link_flags/environment/path.sh
[0.440s] -- Up-to-date: /home/labdoo/ros2_ws/install/ament_cmake_export_link_flags/share/ament_cmake_export_link_flags/environment/path.dsv
[0.441s] -- Up-to-date: /home/labdoo/ros2_ws/install/ament_cmake_export_link_flags/share/ament_cmake_export_link_flags/local_setup.bash
[0.442s] -- Up-to-date: /home/labdoo/ros2_ws/install/ament_cmake_export_link_flags/share/ament_cmake_export_link_flags/local_setup.sh
[0.442s] -- Up-to-date: /home/labdoo/ros2_ws/install/ament_cmake_export_link_flags/share/ament_cmake_export_link_flags/local_setup.zsh
[0.443s] -- Up-to-date: /home/labdoo/ros2_ws/install/ament_cmake_export_link_flags/share/ament_cmake_export_link_flags/local_setup.dsv
[0.443s] -- Installing: /home/labdoo/ros2_ws/install/ament_cmake_export_link_flags/share/ament_cmake_export_link_flags/package.dsv
[0.444s] -- Up-to-date: /home/labdoo/ros2_ws/install/ament_cmake_export_link_flags/share/ament_index/resource_index/packages/ament_cmake_export_link_flags
[0.444s] -- Up-to-date: /home/labdoo/ros2_ws/install/ament_cmake_export_link_flags/share/ament_cmake_export_link_flags/cmake/ament_cmake_export_link_flags-extras.cmake
[0.444s] -- Up-to-date: /home/labdoo/ros2_ws/install/ament_cmake_export_link_flags/share/ament_cmake_export_link_flags/cmake/ament_cmake_export_link_flagsConfig.cmake
[0.444s] -- Up-to-date: /home/labdoo/ros2_ws/install/ament_cmake_export_link_flags/share/ament_cmake_export_link_flags/cmake/ament_cmake_export_link_flagsConfig-version.cmake
[0.444s] -- Up-to-date: /home/labdoo/ros2_ws/install/ament_cmake_export_link_flags/share/ament_cmake_export_link_flags/package.xml
[0.445s] -- Up-to-date: /home/labdoo/ros2_ws/install/ament_cmake_export_link_flags/share/ament_cmake_export_link_flags/cmake
[0.445s] -- Up-to-date: /home/labdoo/ros2_ws/install/ament_cmake_export_link_flags/share/ament_cmake_export_link_flags/cmake/ament_cmake_export_link_flags_package_hook.cmake
[0.445s] -- Up-to-date: /home/labdoo/ros2_ws/install/ament_cmake_export_link_flags/share/ament_cmake_export_link_flags/cmake/ament_cmake_export_link_flags-extras.cmake.in
[0.445s] -- Up-to-date: /home/labdoo/ros2_ws/install/ament_cmake_export_link_flags/share/ament_cmake_export_link_flags/cmake/ament_export_link_flags.cmake
[0.446s] Invoked command in '/home/labdoo/ros2_ws/build/ament_cmake_export_link_flags' returned '0': AMENT_PREFIX_PATH=/home/labdoo/ros2_ws/install/ament_cmake_core:${AMENT_PREFIX_PATH} CMAKE_PREFIX_PATH=/home/labdoo/ros2_ws/install/ament_cmake_core:/opt/ros/iron /usr/bin/cmake --install /home/labdoo/ros2_ws/build/ament_cmake_export_link_flags
