[2.143s] Invoking command in '/home/labdoo/ros2_ws/src/py_pubsub': PYTHONPATH=/home/labdoo/ros2_ws/build/py_pubsub/prefix_override:/home/labdoo/ros2_ws/install/py_pubsub/lib/python3.10/site-packages:${PYTHONPATH} /usr/bin/python3 setup.py egg_info --egg-base ../../build/py_pubsub build --build-base /home/labdoo/ros2_ws/build/py_pubsub/build install --record /home/labdoo/ros2_ws/build/py_pubsub/install.log --single-version-externally-managed
[2.610s] running egg_info
[2.612s] writing ../../build/py_pubsub/py_pubsub.egg-info/PKG-INFO
[2.613s] writing dependency_links to ../../build/py_pubsub/py_pubsub.egg-info/dependency_links.txt
[2.613s] writing entry points to ../../build/py_pubsub/py_pubsub.egg-info/entry_points.txt
[2.613s] writing requirements to ../../build/py_pubsub/py_pubsub.egg-info/requires.txt
[2.614s] writing top-level names to ../../build/py_pubsub/py_pubsub.egg-info/top_level.txt
[2.617s] reading manifest file '../../build/py_pubsub/py_pubsub.egg-info/SOURCES.txt'
[2.618s] adding license file 'LICENSE'
[2.619s] writing manifest file '../../build/py_pubsub/py_pubsub.egg-info/SOURCES.txt'
[2.620s] running build
[2.620s] running build_py
[2.620s] /usr/lib/python3/dist-packages/setuptools/command/install.py:34: SetuptoolsDeprecationWarning: setup.py install is deprecated. Use build and pip and other standards-based tools.
[2.621s]   warnings.warn(
[2.621s] running install
[2.621s] running install_lib
[2.622s] running install_data
[2.622s] running install_egg_info
[2.627s] removing '/home/labdoo/ros2_ws/install/py_pubsub/lib/python3.10/site-packages/py_pubsub-0.0.0-py3.10.egg-info' (and everything under it)
[2.628s] Copying ../../build/py_pubsub/py_pubsub.egg-info to /home/labdoo/ros2_ws/install/py_pubsub/lib/python3.10/site-packages/py_pubsub-0.0.0-py3.10.egg-info
[2.628s] running install_scripts
[2.659s] writing list of installed files to '/home/labdoo/ros2_ws/build/py_pubsub/install.log'
[2.705s] Invoked command in '/home/labdoo/ros2_ws/src/py_pubsub' returned '0': PYTHONPATH=/home/labdoo/ros2_ws/build/py_pubsub/prefix_override:/home/labdoo/ros2_ws/install/py_pubsub/lib/python3.10/site-packages:${PYTHONPATH} /usr/bin/python3 setup.py egg_info --egg-base ../../build/py_pubsub build --build-base /home/labdoo/ros2_ws/build/py_pubsub/build install --record /home/labdoo/ros2_ws/build/py_pubsub/install.log --single-version-externally-managed
