[3.428s] Invoking command in '/home/labdoo/ros2_ws/src/examples/rclpy/services/minimal_client': PYTHONPATH=/home/labdoo/ros2_ws/build/examples_rclpy_minimal_client/prefix_override:/home/labdoo/ros2_ws/install/examples_rclpy_minimal_client/lib/python3.10/site-packages:${PYTHONPATH} /usr/bin/python3 setup.py egg_info --egg-base ../../../../../build/examples_rclpy_minimal_client build --build-base /home/labdoo/ros2_ws/build/examples_rclpy_minimal_client/build install --record /home/labdoo/ros2_ws/build/examples_rclpy_minimal_client/install.log --single-version-externally-managed
[4.185s] running egg_info
[4.187s] writing ../../../../../build/examples_rclpy_minimal_client/examples_rclpy_minimal_client.egg-info/PKG-INFO
[4.188s] writing dependency_links to ../../../../../build/examples_rclpy_minimal_client/examples_rclpy_minimal_client.egg-info/dependency_links.txt
[4.188s] writing entry points to ../../../../../build/examples_rclpy_minimal_client/examples_rclpy_minimal_client.egg-info/entry_points.txt
[4.188s] writing requirements to ../../../../../build/examples_rclpy_minimal_client/examples_rclpy_minimal_client.egg-info/requires.txt
[4.189s] writing top-level names to ../../../../../build/examples_rclpy_minimal_client/examples_rclpy_minimal_client.egg-info/top_level.txt
[4.196s] reading manifest file '../../../../../build/examples_rclpy_minimal_client/examples_rclpy_minimal_client.egg-info/SOURCES.txt'
[4.199s] writing manifest file '../../../../../build/examples_rclpy_minimal_client/examples_rclpy_minimal_client.egg-info/SOURCES.txt'
[4.200s] running build
[4.200s] running build_py
[4.200s] running install
[4.200s] /usr/lib/python3/dist-packages/setuptools/command/install.py:34: SetuptoolsDeprecationWarning: setup.py install is deprecated. Use build and pip and other standards-based tools.
[4.201s]   warnings.warn(
[4.201s] running install_lib
[4.204s] running install_data
[4.205s] running install_egg_info
[4.209s] removing '/home/labdoo/ros2_ws/install/examples_rclpy_minimal_client/lib/python3.10/site-packages/examples_rclpy_minimal_client-0.18.0-py3.10.egg-info' (and everything under it)
[4.209s] Copying ../../../../../build/examples_rclpy_minimal_client/examples_rclpy_minimal_client.egg-info to /home/labdoo/ros2_ws/install/examples_rclpy_minimal_client/lib/python3.10/site-packages/examples_rclpy_minimal_client-0.18.0-py3.10.egg-info
[4.211s] running install_scripts
[4.260s] Installing client script to /home/labdoo/ros2_ws/install/examples_rclpy_minimal_client/lib/examples_rclpy_minimal_client
[4.261s] Installing client_async script to /home/labdoo/ros2_ws/install/examples_rclpy_minimal_client/lib/examples_rclpy_minimal_client
[4.261s] Installing client_async_callback script to /home/labdoo/ros2_ws/install/examples_rclpy_minimal_client/lib/examples_rclpy_minimal_client
[4.261s] Installing client_async_member_function script to /home/labdoo/ros2_ws/install/examples_rclpy_minimal_client/lib/examples_rclpy_minimal_client
[4.262s] writing list of installed files to '/home/labdoo/ros2_ws/build/examples_rclpy_minimal_client/install.log'
[4.482s] Invoked command in '/home/labdoo/ros2_ws/src/examples/rclpy/services/minimal_client' returned '0': PYTHONPATH=/home/labdoo/ros2_ws/build/examples_rclpy_minimal_client/prefix_override:/home/labdoo/ros2_ws/install/examples_rclpy_minimal_client/lib/python3.10/site-packages:${PYTHONPATH} /usr/bin/python3 setup.py egg_info --egg-base ../../../../../build/examples_rclpy_minimal_client build --build-base /home/labdoo/ros2_ws/build/examples_rclpy_minimal_client/build install --record /home/labdoo/ros2_ws/build/examples_rclpy_minimal_client/install.log --single-version-externally-managed
