[0.395s] Invoking command in '/home/labdoo/ros2_ws1/build/segway_description': /usr/bin/cmake /home/labdoo/ros2_ws1/Person-following-robot/src/segway/segway_v3/segway_description -DCATKIN_INSTALL_INTO_PREFIX_ROOT=0 -DCMAKE_INSTALL_PREFIX=/home/labdoo/ros2_ws1/install/segway_description
[0.425s] [0mCMake Deprecation Warning at CMakeLists.txt:1 (cmake_minimum_required):
[0.425s]   Compatibility with CMake < 2.8.12 will be removed from a future version of
[0.425s]   CMake.
[0.425s] 
[0.425s]   Update the VERSION argument <min> value or use a ...<max> suffix to tell
[0.425s]   CMake that the project does not need compatibility with older versions.
[0.425s] 
[0.425s] [0m
[0.569s] -- The C compiler identification is GNU 11.4.0
[0.747s] -- The CXX compiler identification is GNU 11.4.0
[0.768s] -- Detecting C compiler ABI info
[0.910s] -- Detecting C compiler ABI info - done
[0.933s] -- Check for working C compiler: /usr/bin/cc - skipped
[0.934s] -- Detecting C compile features
[0.935s] -- Detecting C compile features - done
[0.943s] -- Detecting CXX compiler ABI info
[1.100s] -- Detecting CXX compiler ABI info - done
[1.125s] -- Check for working CXX compiler: /usr/bin/c++ - skipped
[1.126s] -- Detecting CXX compile features
[1.127s] -- Detecting CXX compile features - done
[1.160s] [31mCMake Error at CMakeLists.txt:4 (find_package):
[1.160s]   By not providing "Findcatkin.cmake" in CMAKE_MODULE_PATH this project has
[1.160s]   asked CMake to find a package configuration file provided by "catkin", but
[1.160s]   CMake did not find one.
[1.160s] 
[1.160s]   Could not find a package configuration file provided by "catkin" with any
[1.160s]   of the following names:
[1.161s] 
[1.161s]     catkinConfig.cmake
[1.161s]     catkin-config.cmake
[1.161s] 
[1.161s]   Add the installation prefix of "catkin" to CMAKE_PREFIX_PATH or set
[1.161s]   "catkin_DIR" to a directory containing one of the above files.  If "catkin"
[1.161s]   provides a separate development package or SDK, be sure it has been
[1.161s]   installed.
[1.162s] 
[1.162s] [0m
[1.162s] -- Configuring incomplete, errors occurred!
[1.162s] See also "/home/labdoo/ros2_ws1/build/segway_description/CMakeFiles/CMakeOutput.log".
[1.167s] Invoked command in '/home/labdoo/ros2_ws1/build/segway_description' returned '1': /usr/bin/cmake /home/labdoo/ros2_ws1/Person-following-robot/src/segway/segway_v3/segway_description -DCATKIN_INSTALL_INTO_PREFIX_ROOT=0 -DCMAKE_INSTALL_PREFIX=/home/labdoo/ros2_ws1/install/segway_description
