[0.356s] Invoking command in '/home/labdoo/ros2_ws/src/build/urdf_tutorial': /usr/bin/cmake /home/labdoo/ros2_ws/src/urdf_tutorial -DCATKIN_INSTALL_INTO_PREFIX_ROOT=0 -DCMAKE_INSTALL_PREFIX=/home/labdoo/ros2_ws/src/install/urdf_tutorial
[0.748s] -- The C compiler identification is GNU 11.4.0
[1.011s] -- The CXX compiler identification is GNU 11.4.0
[1.048s] -- Detecting C compiler ABI info
[1.261s] -- Detecting C compiler ABI info - done
[1.272s] -- Check for working C compiler: /usr/bin/cc - skipped
[1.272s] -- Detecting C compile features
[1.273s] -- Detecting C compile features - done
[1.278s] -- Detecting CXX compiler ABI info
[1.393s] -- Detecting CXX compiler ABI info - done
[1.405s] -- Check for working CXX compiler: /usr/bin/c++ - skipped
[1.406s] -- Detecting CXX compile features
[1.406s] -- Detecting CXX compile features - done
[1.411s] -- Found ament_cmake: 2.0.4 (/opt/ros/iron/share/ament_cmake/cmake)
[1.925s] -- Found Python3: /usr/bin/python3.10 (found version "3.10.12") found components: Interpreter 
[2.174s] -- Found ament_lint_auto: 0.14.3 (/opt/ros/iron/share/ament_lint_auto/cmake)
[2.174s] [31mCMake Error at /opt/ros/iron/share/ament_lint_auto/cmake/ament_lint_auto-extras.cmake:18 (message):
[2.174s]   find_package(ament_lint_auto) must be called before ament_package()
[2.175s] Call Stack (most recent call first):
[2.175s]   /opt/ros/iron/share/ament_lint_auto/cmake/ament_lint_autoConfig.cmake:41 (include)
[2.175s]   CMakeLists.txt:12 (find_package)
[2.175s] 
[2.175s] [0m
[2.175s] -- Configuring incomplete, errors occurred!
[2.175s] See also "/home/labdoo/ros2_ws/src/build/urdf_tutorial/CMakeFiles/CMakeOutput.log".
[2.180s] Invoked command in '/home/labdoo/ros2_ws/src/build/urdf_tutorial' returned '1': /usr/bin/cmake /home/labdoo/ros2_ws/src/urdf_tutorial -DCATKIN_INSTALL_INTO_PREFIX_ROOT=0 -DCMAKE_INSTALL_PREFIX=/home/labdoo/ros2_ws/src/install/urdf_tutorial
