[0.590s] Invoking command in '/home/labdoo/ros2_ws/build/cpp_srvcli': CMAKE_PREFIX_PATH=${CMAKE_PREFIX_PATH}:/home/labdoo/ros2_ws/install/launch_testing_examples:/home/labdoo/ros2_ws/install/examples_rclpy_pointcloud_publisher:/home/labdoo/ros2_ws/install/examples_rclpy_minimal_subscriber:/home/labdoo/ros2_ws/install/examples_rclpy_minimal_service:/home/labdoo/ros2_ws/install/examples_rclpy_minimal_publisher:/home/labdoo/ros2_ws/install/examples_rclpy_minimal_client:/home/labdoo/ros2_ws/install/examples_rclpy_minimal_action_server:/home/labdoo/ros2_ws/install/examples_rclpy_minimal_action_client:/home/labdoo/ros2_ws/install/examples_rclpy_guard_conditions:/home/labdoo/ros2_ws/install/examples_rclpy_executors:/opt/ros/iron /usr/bin/cmake --build /home/labdoo/ros2_ws/build/cpp_srvcli -- -j4 -l4
[0.986s] [ 50%] Built target client
[1.004s] [100%] Built target server
[1.059s] Invoked command in '/home/labdoo/ros2_ws/build/cpp_srvcli' returned '0': CMAKE_PREFIX_PATH=${CMAKE_PREFIX_PATH}:/home/labdoo/ros2_ws/install/launch_testing_examples:/home/labdoo/ros2_ws/install/examples_rclpy_pointcloud_publisher:/home/labdoo/ros2_ws/install/examples_rclpy_minimal_subscriber:/home/labdoo/ros2_ws/install/examples_rclpy_minimal_service:/home/labdoo/ros2_ws/install/examples_rclpy_minimal_publisher:/home/labdoo/ros2_ws/install/examples_rclpy_minimal_client:/home/labdoo/ros2_ws/install/examples_rclpy_minimal_action_server:/home/labdoo/ros2_ws/install/examples_rclpy_minimal_action_client:/home/labdoo/ros2_ws/install/examples_rclpy_guard_conditions:/home/labdoo/ros2_ws/install/examples_rclpy_executors:/opt/ros/iron /usr/bin/cmake --build /home/labdoo/ros2_ws/build/cpp_srvcli -- -j4 -l4
[1.228s] Invoking command in '/home/labdoo/ros2_ws/build/cpp_srvcli': CMAKE_PREFIX_PATH=${CMAKE_PREFIX_PATH}:/home/labdoo/ros2_ws/install/launch_testing_examples:/home/labdoo/ros2_ws/install/examples_rclpy_pointcloud_publisher:/home/labdoo/ros2_ws/install/examples_rclpy_minimal_subscriber:/home/labdoo/ros2_ws/install/examples_rclpy_minimal_service:/home/labdoo/ros2_ws/install/examples_rclpy_minimal_publisher:/home/labdoo/ros2_ws/install/examples_rclpy_minimal_client:/home/labdoo/ros2_ws/install/examples_rclpy_minimal_action_server:/home/labdoo/ros2_ws/install/examples_rclpy_minimal_action_client:/home/labdoo/ros2_ws/install/examples_rclpy_guard_conditions:/home/labdoo/ros2_ws/install/examples_rclpy_executors:/opt/ros/iron /usr/bin/cmake --install /home/labdoo/ros2_ws/build/cpp_srvcli
[1.271s] -- Install configuration: ""
[1.271s] -- Up-to-date: /home/labdoo/ros2_ws/install/cpp_srvcli/lib/cpp_srvcli/server
[1.271s] -- Up-to-date: /home/labdoo/ros2_ws/install/cpp_srvcli/lib/cpp_srvcli/client
[1.272s] -- Up-to-date: /home/labdoo/ros2_ws/install/cpp_srvcli/share/ament_index/resource_index/package_run_dependencies/cpp_srvcli
[1.272s] -- Up-to-date: /home/labdoo/ros2_ws/install/cpp_srvcli/share/ament_index/resource_index/parent_prefix_path/cpp_srvcli
[1.272s] -- Up-to-date: /home/labdoo/ros2_ws/install/cpp_srvcli/share/cpp_srvcli/environment/ament_prefix_path.sh
[1.272s] -- Up-to-date: /home/labdoo/ros2_ws/install/cpp_srvcli/share/cpp_srvcli/environment/ament_prefix_path.dsv
[1.272s] -- Up-to-date: /home/labdoo/ros2_ws/install/cpp_srvcli/share/cpp_srvcli/environment/path.sh
[1.272s] -- Up-to-date: /home/labdoo/ros2_ws/install/cpp_srvcli/share/cpp_srvcli/environment/path.dsv
[1.272s] -- Up-to-date: /home/labdoo/ros2_ws/install/cpp_srvcli/share/cpp_srvcli/local_setup.bash
[1.273s] -- Up-to-date: /home/labdoo/ros2_ws/install/cpp_srvcli/share/cpp_srvcli/local_setup.sh
[1.273s] -- Up-to-date: /home/labdoo/ros2_ws/install/cpp_srvcli/share/cpp_srvcli/local_setup.zsh
[1.273s] -- Up-to-date: /home/labdoo/ros2_ws/install/cpp_srvcli/share/cpp_srvcli/local_setup.dsv
[1.273s] -- Installing: /home/labdoo/ros2_ws/install/cpp_srvcli/share/cpp_srvcli/package.dsv
[1.273s] -- Up-to-date: /home/labdoo/ros2_ws/install/cpp_srvcli/share/ament_index/resource_index/packages/cpp_srvcli
[1.273s] -- Up-to-date: /home/labdoo/ros2_ws/install/cpp_srvcli/share/cpp_srvcli/cmake/cpp_srvcliConfig.cmake
[1.273s] -- Up-to-date: /home/labdoo/ros2_ws/install/cpp_srvcli/share/cpp_srvcli/cmake/cpp_srvcliConfig-version.cmake
[1.274s] -- Up-to-date: /home/labdoo/ros2_ws/install/cpp_srvcli/share/cpp_srvcli/package.xml
[1.694s] Invoked command in '/home/labdoo/ros2_ws/build/cpp_srvcli' returned '0': CMAKE_PREFIX_PATH=${CMAKE_PREFIX_PATH}:/home/labdoo/ros2_ws/install/launch_testing_examples:/home/labdoo/ros2_ws/install/examples_rclpy_pointcloud_publisher:/home/labdoo/ros2_ws/install/examples_rclpy_minimal_subscriber:/home/labdoo/ros2_ws/install/examples_rclpy_minimal_service:/home/labdoo/ros2_ws/install/examples_rclpy_minimal_publisher:/home/labdoo/ros2_ws/install/examples_rclpy_minimal_client:/home/labdoo/ros2_ws/install/examples_rclpy_minimal_action_server:/home/labdoo/ros2_ws/install/examples_rclpy_minimal_action_client:/home/labdoo/ros2_ws/install/examples_rclpy_guard_conditions:/home/labdoo/ros2_ws/install/examples_rclpy_executors:/opt/ros/iron /usr/bin/cmake --install /home/labdoo/ros2_ws/build/cpp_srvcli
