[0.292s] Invoking command in '/home/labdoo/ros2_ws/build/my_package': CMAKE_PREFIX_PATH=/opt/ros/iron /usr/bin/cmake /home/labdoo/ros2_ws/src/my_package -DCMAKE_INSTALL_PREFIX=/home/labdoo/ros2_ws/install/my_package
[0.478s] -- The C compiler identification is GNU 11.4.0
[0.762s] -- The CXX compiler identification is GNU 11.4.0
[0.793s] -- Detecting C compiler ABI info
[1.052s] -- Detecting C compiler ABI info - done
[1.089s] -- Check for working C compiler: /usr/bin/cc - skipped
[1.089s] -- Detecting C compile features
[1.091s] -- Detecting C compile features - done
[1.107s] -- Detecting CXX compiler ABI info
[1.310s] -- Detecting CXX compiler ABI info - done
[1.337s] -- Check for working CXX compiler: /usr/bin/c++ - skipped
[1.338s] -- Detecting CXX compile features
[1.339s] -- Detecting CXX compile features - done
[1.351s] -- Found ament_cmake: 2.0.4 (/opt/ros/iron/share/ament_cmake/cmake)
[1.769s] -- Found Python3: /usr/bin/python3.10 (found version "3.10.12") found components: Interpreter 
[2.007s] -- Found ament_lint_auto: 0.14.3 (/opt/ros/iron/share/ament_lint_auto/cmake)
[2.201s] -- Added test 'cppcheck' to perform static code analysis on C / C++ code
[2.202s] -- Configured cppcheck include dirs: $<BUILD_INTERFACE:/home/labdoo/ros2_ws/src/my_package/include>
[2.202s] -- Configured cppcheck exclude dirs and/or files: 
[2.204s] -- Added test 'lint_cmake' to check CMake code style
[2.206s] -- Added test 'uncrustify' to check C / C++ code style
[2.207s] -- Configured uncrustify additional arguments: 
[2.208s] -- Added test 'xmllint' to check XML markup files
[2.211s] -- Configuring done
[2.221s] -- Generating done
[2.223s] -- Build files have been written to: /home/labdoo/ros2_ws/build/my_package
[2.547s] Invoked command in '/home/labdoo/ros2_ws/build/my_package' returned '0': CMAKE_PREFIX_PATH=/opt/ros/iron /usr/bin/cmake /home/labdoo/ros2_ws/src/my_package -DCMAKE_INSTALL_PREFIX=/home/labdoo/ros2_ws/install/my_package
[2.549s] Invoking command in '/home/labdoo/ros2_ws/build/my_package': CMAKE_PREFIX_PATH=/opt/ros/iron /usr/bin/cmake --build /home/labdoo/ros2_ws/build/my_package -- -j4 -l4
[2.603s] [ 50%] [32mBuilding CXX object CMakeFiles/my_node.dir/src/my_node.cpp.o[0m
[2.644s] [100%] [32m[1mLinking CXX executable my_node[0m
[2.699s] [100%] Built target my_node
[2.775s] Invoked command in '/home/labdoo/ros2_ws/build/my_package' returned '0': CMAKE_PREFIX_PATH=/opt/ros/iron /usr/bin/cmake --build /home/labdoo/ros2_ws/build/my_package -- -j4 -l4
[2.800s] Invoking command in '/home/labdoo/ros2_ws/build/my_package': CMAKE_PREFIX_PATH=/opt/ros/iron /usr/bin/cmake --install /home/labdoo/ros2_ws/build/my_package
[2.809s] -- Install configuration: ""
[2.809s] -- Installing: /home/labdoo/ros2_ws/install/my_package/lib/my_package/my_node
[2.810s] -- Installing: /home/labdoo/ros2_ws/install/my_package/share/ament_index/resource_index/package_run_dependencies/my_package
[2.810s] -- Installing: /home/labdoo/ros2_ws/install/my_package/share/ament_index/resource_index/parent_prefix_path/my_package
[2.810s] -- Installing: /home/labdoo/ros2_ws/install/my_package/share/my_package/environment/ament_prefix_path.sh
[2.810s] -- Installing: /home/labdoo/ros2_ws/install/my_package/share/my_package/environment/ament_prefix_path.dsv
[2.810s] -- Installing: /home/labdoo/ros2_ws/install/my_package/share/my_package/environment/path.sh
[2.811s] -- Installing: /home/labdoo/ros2_ws/install/my_package/share/my_package/environment/path.dsv
[2.811s] -- Installing: /home/labdoo/ros2_ws/install/my_package/share/my_package/local_setup.bash
[2.811s] -- Installing: /home/labdoo/ros2_ws/install/my_package/share/my_package/local_setup.sh
[2.811s] -- Installing: /home/labdoo/ros2_ws/install/my_package/share/my_package/local_setup.zsh
[2.811s] -- Installing: /home/labdoo/ros2_ws/install/my_package/share/my_package/local_setup.dsv
[2.811s] -- Installing: /home/labdoo/ros2_ws/install/my_package/share/my_package/package.dsv
[2.812s] -- Installing: /home/labdoo/ros2_ws/install/my_package/share/ament_index/resource_index/packages/my_package
[2.812s] -- Installing: /home/labdoo/ros2_ws/install/my_package/share/my_package/cmake/my_packageConfig.cmake
[2.812s] -- Installing: /home/labdoo/ros2_ws/install/my_package/share/my_package/cmake/my_packageConfig-version.cmake
[2.812s] -- Installing: /home/labdoo/ros2_ws/install/my_package/share/my_package/package.xml
[2.814s] Invoked command in '/home/labdoo/ros2_ws/build/my_package' returned '0': CMAKE_PREFIX_PATH=/opt/ros/iron /usr/bin/cmake --install /home/labdoo/ros2_ws/build/my_package
