[0.251s] Invoking command in '/home/labdoo/ros2_ws/build/my_package': CMAKE_PREFIX_PATH=${CMAKE_PREFIX_PATH}:/home/labdoo/ros2_ws/install/urdf_tutorial:/home/labdoo/ros2_ws/install/py_pubsub:/home/labdoo/ros2_ws/install/launch_testing_examples:/home/labdoo/ros2_ws/install/examples_rclpy_pointcloud_publisher:/home/labdoo/ros2_ws/install/examples_rclpy_minimal_subscriber:/home/labdoo/ros2_ws/install/examples_rclpy_minimal_service:/home/labdoo/ros2_ws/install/examples_rclpy_minimal_publisher:/home/labdoo/ros2_ws/install/examples_rclpy_minimal_client:/home/labdoo/ros2_ws/install/examples_rclpy_minimal_action_server:/home/labdoo/ros2_ws/install/examples_rclpy_minimal_action_client:/home/labdoo/ros2_ws/install/examples_rclpy_guard_conditions:/home/labdoo/ros2_ws/install/examples_rclpy_executors:/opt/ros/iron /usr/bin/cmake --build /home/labdoo/ros2_ws/build/my_package -- -j4 -l4
[0.346s] [100%] Built target my_node
[0.603s] Invoked command in '/home/labdoo/ros2_ws/build/my_package' returned '0': CMAKE_PREFIX_PATH=${CMAKE_PREFIX_PATH}:/home/labdoo/ros2_ws/install/urdf_tutorial:/home/labdoo/ros2_ws/install/py_pubsub:/home/labdoo/ros2_ws/install/launch_testing_examples:/home/labdoo/ros2_ws/install/examples_rclpy_pointcloud_publisher:/home/labdoo/ros2_ws/install/examples_rclpy_minimal_subscriber:/home/labdoo/ros2_ws/install/examples_rclpy_minimal_service:/home/labdoo/ros2_ws/install/examples_rclpy_minimal_publisher:/home/labdoo/ros2_ws/install/examples_rclpy_minimal_client:/home/labdoo/ros2_ws/install/examples_rclpy_minimal_action_server:/home/labdoo/ros2_ws/install/examples_rclpy_minimal_action_client:/home/labdoo/ros2_ws/install/examples_rclpy_guard_conditions:/home/labdoo/ros2_ws/install/examples_rclpy_executors:/opt/ros/iron /usr/bin/cmake --build /home/labdoo/ros2_ws/build/my_package -- -j4 -l4
[1.631s] Invoking command in '/home/labdoo/ros2_ws/build/my_package': CMAKE_PREFIX_PATH=${CMAKE_PREFIX_PATH}:/home/labdoo/ros2_ws/install/urdf_tutorial:/home/labdoo/ros2_ws/install/py_pubsub:/home/labdoo/ros2_ws/install/launch_testing_examples:/home/labdoo/ros2_ws/install/examples_rclpy_pointcloud_publisher:/home/labdoo/ros2_ws/install/examples_rclpy_minimal_subscriber:/home/labdoo/ros2_ws/install/examples_rclpy_minimal_service:/home/labdoo/ros2_ws/install/examples_rclpy_minimal_publisher:/home/labdoo/ros2_ws/install/examples_rclpy_minimal_client:/home/labdoo/ros2_ws/install/examples_rclpy_minimal_action_server:/home/labdoo/ros2_ws/install/examples_rclpy_minimal_action_client:/home/labdoo/ros2_ws/install/examples_rclpy_guard_conditions:/home/labdoo/ros2_ws/install/examples_rclpy_executors:/opt/ros/iron /usr/bin/cmake --install /home/labdoo/ros2_ws/build/my_package
[1.849s] -- Install configuration: ""
[1.849s] -- Up-to-date: /home/labdoo/ros2_ws/install/my_package/lib/my_package/my_node
[1.849s] -- Up-to-date: /home/labdoo/ros2_ws/install/my_package/share/ament_index/resource_index/package_run_dependencies/my_package
[1.850s] -- Up-to-date: /home/labdoo/ros2_ws/install/my_package/share/ament_index/resource_index/parent_prefix_path/my_package
[1.851s] -- Up-to-date: /home/labdoo/ros2_ws/install/my_package/share/my_package/environment/ament_prefix_path.sh
[1.852s] -- Up-to-date: /home/labdoo/ros2_ws/install/my_package/share/my_package/environment/ament_prefix_path.dsv
[1.852s] -- Up-to-date: /home/labdoo/ros2_ws/install/my_package/share/my_package/environment/path.sh
[1.853s] -- Up-to-date: /home/labdoo/ros2_ws/install/my_package/share/my_package/environment/path.dsv
[1.853s] -- Up-to-date: /home/labdoo/ros2_ws/install/my_package/share/my_package/local_setup.bash
[1.853s] -- Up-to-date: /home/labdoo/ros2_ws/install/my_package/share/my_package/local_setup.sh
[1.853s] -- Up-to-date: /home/labdoo/ros2_ws/install/my_package/share/my_package/local_setup.zsh
[1.854s] -- Up-to-date: /home/labdoo/ros2_ws/install/my_package/share/my_package/local_setup.dsv
[1.854s] -- Installing: /home/labdoo/ros2_ws/install/my_package/share/my_package/package.dsv
[1.854s] -- Up-to-date: /home/labdoo/ros2_ws/install/my_package/share/ament_index/resource_index/packages/my_package
[1.855s] -- Up-to-date: /home/labdoo/ros2_ws/install/my_package/share/my_package/cmake/my_packageConfig.cmake
[1.855s] -- Up-to-date: /home/labdoo/ros2_ws/install/my_package/share/my_package/cmake/my_packageConfig-version.cmake
[1.856s] -- Up-to-date: /home/labdoo/ros2_ws/install/my_package/share/my_package/package.xml
[1.856s] Invoked command in '/home/labdoo/ros2_ws/build/my_package' returned '0': CMAKE_PREFIX_PATH=${CMAKE_PREFIX_PATH}:/home/labdoo/ros2_ws/install/urdf_tutorial:/home/labdoo/ros2_ws/install/py_pubsub:/home/labdoo/ros2_ws/install/launch_testing_examples:/home/labdoo/ros2_ws/install/examples_rclpy_pointcloud_publisher:/home/labdoo/ros2_ws/install/examples_rclpy_minimal_subscriber:/home/labdoo/ros2_ws/install/examples_rclpy_minimal_service:/home/labdoo/ros2_ws/install/examples_rclpy_minimal_publisher:/home/labdoo/ros2_ws/install/examples_rclpy_minimal_client:/home/labdoo/ros2_ws/install/examples_rclpy_minimal_action_server:/home/labdoo/ros2_ws/install/examples_rclpy_minimal_action_client:/home/labdoo/ros2_ws/install/examples_rclpy_guard_conditions:/home/labdoo/ros2_ws/install/examples_rclpy_executors:/opt/ros/iron /usr/bin/cmake --install /home/labdoo/ros2_ws/build/my_package
