[0.116s] Invoking command in '/home/labdoo/ros2_ws1/build/si_utils': /usr/bin/cmake /home/labdoo/ros2_ws1/Person-following-robot/src/segway/segway_v3/si_utils -DCATKIN_INSTALL_INTO_PREFIX_ROOT=0 -DCMAKE_INSTALL_PREFIX=/home/labdoo/ros2_ws1/install/si_utils
[0.126s] [0mCMake Deprecation Warning at CMakeLists.txt:1 (cmake_minimum_required):
[0.126s]   Compatibility with CMake < 2.8.12 will be removed from a future version of
[0.126s]   CMake.
[0.126s] 
[0.126s]   Update the VERSION argument <min> value or use a ...<max> suffix to tell
[0.126s]   CMake that the project does not need compatibility with older versions.
[0.126s] 
[0.127s] [0m
[0.275s] -- The C compiler identification is GNU 11.4.0
[0.450s] -- The CXX compiler identification is GNU 11.4.0
[0.469s] -- Detecting C compiler ABI info
[0.607s] -- Detecting C compiler ABI info - done
[0.633s] -- Check for working C compiler: /usr/bin/cc - skipped
[0.634s] -- Detecting C compile features
[0.635s] -- Detecting C compile features - done
[0.643s] -- Detecting CXX compiler ABI info
[0.816s] -- Detecting CXX compiler ABI info - done
[0.833s] -- Check for working CXX compiler: /usr/bin/c++ - skipped
[0.834s] -- Detecting CXX compile features
[0.835s] -- Detecting CXX compile features - done
[0.870s] [31mCMake Error at CMakeLists.txt:7 (find_package):
[0.870s]   By not providing "Findcatkin.cmake" in CMAKE_MODULE_PATH this project has
[0.870s]   asked CMake to find a package configuration file provided by "catkin", but
[0.871s]   CMake did not find one.
[0.871s] 
[0.871s]   Could not find a package configuration file provided by "catkin" with any
[0.871s]   of the following names:
[0.871s] 
[0.871s]     catkinConfig.cmake
[0.871s]     catkin-config.cmake
[0.872s] 
[0.872s]   Add the installation prefix of "catkin" to CMAKE_PREFIX_PATH or set
[0.872s]   "catkin_DIR" to a directory containing one of the above files.  If "catkin"
[0.872s]   provides a separate development package or SDK, be sure it has been
[0.873s]   installed.
[0.873s] 
[0.873s] [0m
[0.876s] -- Configuring incomplete, errors occurred!
[0.876s] See also "/home/labdoo/ros2_ws1/build/si_utils/CMakeFiles/CMakeOutput.log".
[0.882s] Invoked command in '/home/labdoo/ros2_ws1/build/si_utils' returned '1': /usr/bin/cmake /home/labdoo/ros2_ws1/Person-following-robot/src/segway/segway_v3/si_utils -DCATKIN_INSTALL_INTO_PREFIX_ROOT=0 -DCMAKE_INSTALL_PREFIX=/home/labdoo/ros2_ws1/install/si_utils
