[0.723s] Invoking command in '/home/labdoo/ros2_ws/build/turtlesim': CMAKE_PREFIX_PATH=/opt/ros/iron /usr/bin/cmake --build /home/labdoo/ros2_ws/build/turtlesim -- -j4 -l4
[0.812s] [  0%] Built target turtlesim__rosidl_generator_type_description
[0.830s] [  0%] Built target ament_cmake_python_copy_turtlesim
[0.850s] [  1%] Built target turtlesim__cpp
[0.866s] [ 24%] Built target turtlesim__rosidl_generator_c
[0.954s] [ 32%] Built target turtlesim__rosidl_typesupport_cpp
[1.004s] [ 41%] Built target turtlesim__rosidl_typesupport_fastrtps_c
[1.011s] [ 49%] Built target turtlesim__rosidl_typesupport_fastrtps_cpp
[1.130s] [ 58%] Built target turtlesim__rosidl_typesupport_introspection_c
[1.146s] [ 67%] Built target turtlesim__rosidl_typesupport_c
[1.171s] [ 75%] Built target turtlesim__rosidl_typesupport_introspection_cpp
[1.269s] [ 77%] Built target turtle_teleop_key
[1.279s] [ 78%] Built target draw_square
[1.355s] [ 84%] Built target turtlesim_node
[1.393s] [ 84%] Built target turtlesim
[1.393s] [ 86%] Built target mimic
[1.429s] [ 86%] Built target turtlesim__py
[1.482s] [ 94%] Built target turtlesim__rosidl_generator_py
[1.531s] [ 96%] Built target turtlesim__rosidl_typesupport_fastrtps_c__pyext
[1.532s] [ 98%] Built target turtlesim__rosidl_typesupport_c__pyext
[1.545s] [100%] Built target turtlesim__rosidl_typesupport_introspection_c__pyext
[1.617s] running egg_info
[1.618s] writing turtlesim.egg-info/PKG-INFO
[1.618s] writing dependency_links to turtlesim.egg-info/dependency_links.txt
[1.619s] writing top-level names to turtlesim.egg-info/top_level.txt
[1.624s] reading manifest file 'turtlesim.egg-info/SOURCES.txt'
[1.626s] writing manifest file 'turtlesim.egg-info/SOURCES.txt'
[1.678s] [100%] Built target ament_cmake_python_build_turtlesim_egg
