[3.347s] Invoking command in '/home/labdoo/ros2_ws/src/examples/rclpy/executors': PYTHONPATH=/home/labdoo/ros2_ws/build/examples_rclpy_executors/prefix_override:/home/labdoo/ros2_ws/install/examples_rclpy_executors/lib/python3.10/site-packages:${PYTHONPATH} /usr/bin/python3 setup.py egg_info --egg-base ../../../../build/examples_rclpy_executors build --build-base /home/labdoo/ros2_ws/build/examples_rclpy_executors/build install --record /home/labdoo/ros2_ws/build/examples_rclpy_executors/install.log --single-version-externally-managed
[4.125s] running egg_info
[4.126s] writing ../../../../build/examples_rclpy_executors/examples_rclpy_executors.egg-info/PKG-INFO
[4.127s] writing dependency_links to ../../../../build/examples_rclpy_executors/examples_rclpy_executors.egg-info/dependency_links.txt
[4.127s] writing entry points to ../../../../build/examples_rclpy_executors/examples_rclpy_executors.egg-info/entry_points.txt
[4.128s] writing requirements to ../../../../build/examples_rclpy_executors/examples_rclpy_executors.egg-info/requires.txt
[4.128s] writing top-level names to ../../../../build/examples_rclpy_executors/examples_rclpy_executors.egg-info/top_level.txt
[4.135s] reading manifest file '../../../../build/examples_rclpy_executors/examples_rclpy_executors.egg-info/SOURCES.txt'
[4.138s] writing manifest file '../../../../build/examples_rclpy_executors/examples_rclpy_executors.egg-info/SOURCES.txt'
[4.138s] running build
[4.138s] running build_py
[4.140s] running install
[4.140s] /usr/lib/python3/dist-packages/setuptools/command/install.py:34: SetuptoolsDeprecationWarning: setup.py install is deprecated. Use build and pip and other standards-based tools.
[4.140s]   warnings.warn(
[4.141s] running install_lib
[4.144s] running install_data
[4.145s] running install_egg_info
[4.149s] removing '/home/labdoo/ros2_ws/install/examples_rclpy_executors/lib/python3.10/site-packages/examples_rclpy_executors-0.18.0-py3.10.egg-info' (and everything under it)
[4.150s] Copying ../../../../build/examples_rclpy_executors/examples_rclpy_executors.egg-info to /home/labdoo/ros2_ws/install/examples_rclpy_executors/lib/python3.10/site-packages/examples_rclpy_executors-0.18.0-py3.10.egg-info
[4.152s] running install_scripts
[4.202s] Installing callback_group script to /home/labdoo/ros2_ws/install/examples_rclpy_executors/lib/examples_rclpy_executors
[4.203s] Installing composed script to /home/labdoo/ros2_ws/install/examples_rclpy_executors/lib/examples_rclpy_executors
[4.203s] Installing custom_callback_group script to /home/labdoo/ros2_ws/install/examples_rclpy_executors/lib/examples_rclpy_executors
[4.203s] Installing custom_executor script to /home/labdoo/ros2_ws/install/examples_rclpy_executors/lib/examples_rclpy_executors
[4.204s] Installing listener script to /home/labdoo/ros2_ws/install/examples_rclpy_executors/lib/examples_rclpy_executors
[4.204s] Installing talker script to /home/labdoo/ros2_ws/install/examples_rclpy_executors/lib/examples_rclpy_executors
[4.205s] writing list of installed files to '/home/labdoo/ros2_ws/build/examples_rclpy_executors/install.log'
[4.508s] Invoked command in '/home/labdoo/ros2_ws/src/examples/rclpy/executors' returned '0': PYTHONPATH=/home/labdoo/ros2_ws/build/examples_rclpy_executors/prefix_override:/home/labdoo/ros2_ws/install/examples_rclpy_executors/lib/python3.10/site-packages:${PYTHONPATH} /usr/bin/python3 setup.py egg_info --egg-base ../../../../build/examples_rclpy_executors build --build-base /home/labdoo/ros2_ws/build/examples_rclpy_executors/build install --record /home/labdoo/ros2_ws/build/examples_rclpy_executors/install.log --single-version-externally-managed
