[4.374s] Invoking command in '/home/labdoo/ros2_ws/build/examples_rclpy_minimal_action_client': PYTHONPATH=/home/labdoo/ros2_ws/build/examples_rclpy_minimal_action_client/prefix_override:/home/labdoo/ros2_ws/install/examples_rclpy_minimal_action_client/lib/python3.10/site-packages:${PYTHONPATH} /usr/bin/python3 setup.py develop --uninstall --editable --build-directory /home/labdoo/ros2_ws/build/examples_rclpy_minimal_action_client/build
[5.246s] /usr/lib/python3/dist-packages/setuptools/command/easy_install.py:158: EasyInstallDeprecationWarning: easy_install command is deprecated. Use build and pip and other standards-based tools.
[5.246s]   warnings.warn(
[5.246s] running develop
[5.251s] /usr/lib/python3/dist-packages/setuptools/command/install.py:34: SetuptoolsDeprecationWarning: setup.py install is deprecated. Use build and pip and other standards-based tools.
[5.252s]   warnings.warn(
[5.968s] Removing /home/labdoo/ros2_ws/install/examples_rclpy_minimal_action_client/lib/python3.10/site-packages/examples-rclpy-minimal-action-client.egg-link (link to .)
[6.143s] Invoked command in '/home/labdoo/ros2_ws/build/examples_rclpy_minimal_action_client' returned '0': PYTHONPATH=/home/labdoo/ros2_ws/build/examples_rclpy_minimal_action_client/prefix_override:/home/labdoo/ros2_ws/install/examples_rclpy_minimal_action_client/lib/python3.10/site-packages:${PYTHONPATH} /usr/bin/python3 setup.py develop --uninstall --editable --build-directory /home/labdoo/ros2_ws/build/examples_rclpy_minimal_action_client/build
[6.146s] Invoking command in '/home/labdoo/ros2_ws/src/examples/rclpy/actions/minimal_action_client': PYTHONPATH=/home/labdoo/ros2_ws/build/examples_rclpy_minimal_action_client/prefix_override:/home/labdoo/ros2_ws/install/examples_rclpy_minimal_action_client/lib/python3.10/site-packages:${PYTHONPATH} /usr/bin/python3 setup.py egg_info --egg-base ../../../../../build/examples_rclpy_minimal_action_client build --build-base /home/labdoo/ros2_ws/build/examples_rclpy_minimal_action_client/build install --record /home/labdoo/ros2_ws/build/examples_rclpy_minimal_action_client/install.log --single-version-externally-managed
[7.096s] /usr/lib/python3/dist-packages/setuptools/command/install.py:34: SetuptoolsDeprecationWarning: setup.py install is deprecated. Use build and pip and other standards-based tools.
[7.096s]   warnings.warn(
[7.096s] running egg_info
[7.097s] writing ../../../../../build/examples_rclpy_minimal_action_client/examples_rclpy_minimal_action_client.egg-info/PKG-INFO
[7.097s] writing dependency_links to ../../../../../build/examples_rclpy_minimal_action_client/examples_rclpy_minimal_action_client.egg-info/dependency_links.txt
[7.098s] writing entry points to ../../../../../build/examples_rclpy_minimal_action_client/examples_rclpy_minimal_action_client.egg-info/entry_points.txt
[7.098s] writing requirements to ../../../../../build/examples_rclpy_minimal_action_client/examples_rclpy_minimal_action_client.egg-info/requires.txt
[7.098s] writing top-level names to ../../../../../build/examples_rclpy_minimal_action_client/examples_rclpy_minimal_action_client.egg-info/top_level.txt
[7.098s] reading manifest file '../../../../../build/examples_rclpy_minimal_action_client/examples_rclpy_minimal_action_client.egg-info/SOURCES.txt'
[7.098s] writing manifest file '../../../../../build/examples_rclpy_minimal_action_client/examples_rclpy_minimal_action_client.egg-info/SOURCES.txt'
[7.099s] running build
[7.099s] running build_py
[7.099s] creating /home/labdoo/ros2_ws/build/examples_rclpy_minimal_action_client/build
[7.099s] creating /home/labdoo/ros2_ws/build/examples_rclpy_minimal_action_client/build/lib
[7.099s] creating /home/labdoo/ros2_ws/build/examples_rclpy_minimal_action_client/build/lib/examples_rclpy_minimal_action_client
[7.100s] copying examples_rclpy_minimal_action_client/client_asyncio.py -> /home/labdoo/ros2_ws/build/examples_rclpy_minimal_action_client/build/lib/examples_rclpy_minimal_action_client
[7.100s] copying examples_rclpy_minimal_action_client/client_cancel.py -> /home/labdoo/ros2_ws/build/examples_rclpy_minimal_action_client/build/lib/examples_rclpy_minimal_action_client
[7.100s] copying examples_rclpy_minimal_action_client/__init__.py -> /home/labdoo/ros2_ws/build/examples_rclpy_minimal_action_client/build/lib/examples_rclpy_minimal_action_client
[7.100s] copying examples_rclpy_minimal_action_client/client_not_composable.py -> /home/labdoo/ros2_ws/build/examples_rclpy_minimal_action_client/build/lib/examples_rclpy_minimal_action_client
[7.100s] copying examples_rclpy_minimal_action_client/client.py -> /home/labdoo/ros2_ws/build/examples_rclpy_minimal_action_client/build/lib/examples_rclpy_minimal_action_client
[7.100s] running install
[7.100s] running install_lib
[7.101s] creating /home/labdoo/ros2_ws/install/examples_rclpy_minimal_action_client/lib/python3.10/site-packages/examples_rclpy_minimal_action_client
[7.101s] copying /home/labdoo/ros2_ws/build/examples_rclpy_minimal_action_client/build/lib/examples_rclpy_minimal_action_client/client_asyncio.py -> /home/labdoo/ros2_ws/install/examples_rclpy_minimal_action_client/lib/python3.10/site-packages/examples_rclpy_minimal_action_client
[7.101s] copying /home/labdoo/ros2_ws/build/examples_rclpy_minimal_action_client/build/lib/examples_rclpy_minimal_action_client/client_cancel.py -> /home/labdoo/ros2_ws/install/examples_rclpy_minimal_action_client/lib/python3.10/site-packages/examples_rclpy_minimal_action_client
[7.101s] copying /home/labdoo/ros2_ws/build/examples_rclpy_minimal_action_client/build/lib/examples_rclpy_minimal_action_client/__init__.py -> /home/labdoo/ros2_ws/install/examples_rclpy_minimal_action_client/lib/python3.10/site-packages/examples_rclpy_minimal_action_client
[7.101s] copying /home/labdoo/ros2_ws/build/examples_rclpy_minimal_action_client/build/lib/examples_rclpy_minimal_action_client/client_not_composable.py -> /home/labdoo/ros2_ws/install/examples_rclpy_minimal_action_client/lib/python3.10/site-packages/examples_rclpy_minimal_action_client
[7.101s] copying /home/labdoo/ros2_ws/build/examples_rclpy_minimal_action_client/build/lib/examples_rclpy_minimal_action_client/client.py -> /home/labdoo/ros2_ws/install/examples_rclpy_minimal_action_client/lib/python3.10/site-packages/examples_rclpy_minimal_action_client
[7.102s] byte-compiling /home/labdoo/ros2_ws/install/examples_rclpy_minimal_action_client/lib/python3.10/site-packages/examples_rclpy_minimal_action_client/client_asyncio.py to client_asyncio.cpython-310.pyc
[7.102s] byte-compiling /home/labdoo/ros2_ws/install/examples_rclpy_minimal_action_client/lib/python3.10/site-packages/examples_rclpy_minimal_action_client/client_cancel.py to client_cancel.cpython-310.pyc
[7.102s] byte-compiling /home/labdoo/ros2_ws/install/examples_rclpy_minimal_action_client/lib/python3.10/site-packages/examples_rclpy_minimal_action_client/__init__.py to __init__.cpython-310.pyc
[7.102s] byte-compiling /home/labdoo/ros2_ws/install/examples_rclpy_minimal_action_client/lib/python3.10/site-packages/examples_rclpy_minimal_action_client/client_not_composable.py to client_not_composable.cpython-310.pyc
[7.102s] byte-compiling /home/labdoo/ros2_ws/install/examples_rclpy_minimal_action_client/lib/python3.10/site-packages/examples_rclpy_minimal_action_client/client.py to client.cpython-310.pyc
[7.102s] running install_data
[7.103s] running install_egg_info
[7.103s] Copying ../../../../../build/examples_rclpy_minimal_action_client/examples_rclpy_minimal_action_client.egg-info to /home/labdoo/ros2_ws/install/examples_rclpy_minimal_action_client/lib/python3.10/site-packages/examples_rclpy_minimal_action_client-0.18.0-py3.10.egg-info
[7.103s] running install_scripts
[7.103s] Installing client script to /home/labdoo/ros2_ws/install/examples_rclpy_minimal_action_client/lib/examples_rclpy_minimal_action_client
[7.103s] Installing client_asyncio script to /home/labdoo/ros2_ws/install/examples_rclpy_minimal_action_client/lib/examples_rclpy_minimal_action_client
[7.103s] Installing client_cancel script to /home/labdoo/ros2_ws/install/examples_rclpy_minimal_action_client/lib/examples_rclpy_minimal_action_client
[7.104s] Installing client_not_composable script to /home/labdoo/ros2_ws/install/examples_rclpy_minimal_action_client/lib/examples_rclpy_minimal_action_client
[7.104s] writing list of installed files to '/home/labdoo/ros2_ws/build/examples_rclpy_minimal_action_client/install.log'
[7.126s] Invoked command in '/home/labdoo/ros2_ws/src/examples/rclpy/actions/minimal_action_client' returned '0': PYTHONPATH=/home/labdoo/ros2_ws/build/examples_rclpy_minimal_action_client/prefix_override:/home/labdoo/ros2_ws/install/examples_rclpy_minimal_action_client/lib/python3.10/site-packages:${PYTHONPATH} /usr/bin/python3 setup.py egg_info --egg-base ../../../../../build/examples_rclpy_minimal_action_client build --build-base /home/labdoo/ros2_ws/build/examples_rclpy_minimal_action_client/build install --record /home/labdoo/ros2_ws/build/examples_rclpy_minimal_action_client/install.log --single-version-externally-managed
