[0.208s] Invoking command in '/home/labdoo/ros2_ws/build/examples_rclcpp_minimal_publisher': CMAKE_PREFIX_PATH=/opt/ros/iron /usr/bin/cmake --build /home/labdoo/ros2_ws/build/examples_rclcpp_minimal_publisher -- -j4 -l4
[0.376s] [ 16%] Built target publisher_lambda
[0.376s] [ 33%] Built target publisher_member_function_with_type_adapter
[0.376s] [ 50%] Built target publisher_member_function
[0.376s] [ 66%] Built target publisher_member_function_with_unique_network_flow_endpoints
[0.376s] [ 83%] Built target publisher_wait_for_all_acked
[0.376s] [100%] Built target publisher_not_composable
[0.813s] Invoked command in '/home/labdoo/ros2_ws/build/examples_rclcpp_minimal_publisher' returned '0': CMAKE_PREFIX_PATH=/opt/ros/iron /usr/bin/cmake --build /home/labdoo/ros2_ws/build/examples_rclcpp_minimal_publisher -- -j4 -l4
[1.116s] Invoking command in '/home/labdoo/ros2_ws/build/examples_rclcpp_minimal_publisher': CMAKE_PREFIX_PATH=/opt/ros/iron /usr/bin/cmake --install /home/labdoo/ros2_ws/build/examples_rclcpp_minimal_publisher
[1.129s] -- Install configuration: ""
[1.130s] -- Execute custom install script
[1.130s] -- Up-to-date symlink: /home/labdoo/ros2_ws/install/examples_rclcpp_minimal_publisher/lib/examples_rclcpp_minimal_publisher/publisher_lambda
[1.130s] -- Up-to-date symlink: /home/labdoo/ros2_ws/install/examples_rclcpp_minimal_publisher/lib/examples_rclcpp_minimal_publisher/publisher_member_function
[1.131s] -- Up-to-date symlink: /home/labdoo/ros2_ws/install/examples_rclcpp_minimal_publisher/lib/examples_rclcpp_minimal_publisher/publisher_member_function_with_type_adapter
[1.131s] -- Up-to-date symlink: /home/labdoo/ros2_ws/install/examples_rclcpp_minimal_publisher/lib/examples_rclcpp_minimal_publisher/publisher_member_function_with_unique_network_flow_endpoints
[1.131s] -- Up-to-date symlink: /home/labdoo/ros2_ws/install/examples_rclcpp_minimal_publisher/lib/examples_rclcpp_minimal_publisher/publisher_wait_for_all_acked
[1.131s] -- Up-to-date symlink: /home/labdoo/ros2_ws/install/examples_rclcpp_minimal_publisher/lib/examples_rclcpp_minimal_publisher/publisher_not_composable
[1.132s] -- Up-to-date symlink: /home/labdoo/ros2_ws/install/examples_rclcpp_minimal_publisher/share/ament_index/resource_index/package_run_dependencies/examples_rclcpp_minimal_publisher
[1.132s] -- Up-to-date symlink: /home/labdoo/ros2_ws/install/examples_rclcpp_minimal_publisher/share/ament_index/resource_index/parent_prefix_path/examples_rclcpp_minimal_publisher
[1.132s] -- Up-to-date symlink: /home/labdoo/ros2_ws/install/examples_rclcpp_minimal_publisher/share/examples_rclcpp_minimal_publisher/environment/ament_prefix_path.sh
[1.132s] -- Up-to-date symlink: /home/labdoo/ros2_ws/install/examples_rclcpp_minimal_publisher/share/examples_rclcpp_minimal_publisher/environment/ament_prefix_path.dsv
[1.132s] -- Up-to-date symlink: /home/labdoo/ros2_ws/install/examples_rclcpp_minimal_publisher/share/examples_rclcpp_minimal_publisher/environment/path.sh
[1.133s] -- Up-to-date symlink: /home/labdoo/ros2_ws/install/examples_rclcpp_minimal_publisher/share/examples_rclcpp_minimal_publisher/environment/path.dsv
[1.133s] -- Up-to-date symlink: /home/labdoo/ros2_ws/install/examples_rclcpp_minimal_publisher/share/examples_rclcpp_minimal_publisher/local_setup.bash
[1.133s] -- Up-to-date symlink: /home/labdoo/ros2_ws/install/examples_rclcpp_minimal_publisher/share/examples_rclcpp_minimal_publisher/local_setup.sh
[1.133s] -- Up-to-date symlink: /home/labdoo/ros2_ws/install/examples_rclcpp_minimal_publisher/share/examples_rclcpp_minimal_publisher/local_setup.zsh
[1.133s] -- Up-to-date symlink: /home/labdoo/ros2_ws/install/examples_rclcpp_minimal_publisher/share/examples_rclcpp_minimal_publisher/local_setup.dsv
[1.133s] -- Symlinking: /home/labdoo/ros2_ws/install/examples_rclcpp_minimal_publisher/share/examples_rclcpp_minimal_publisher/package.dsv
[1.146s] -- Up-to-date symlink: /home/labdoo/ros2_ws/install/examples_rclcpp_minimal_publisher/share/ament_index/resource_index/packages/examples_rclcpp_minimal_publisher
[1.147s] -- Up-to-date symlink: /home/labdoo/ros2_ws/install/examples_rclcpp_minimal_publisher/share/examples_rclcpp_minimal_publisher/cmake/examples_rclcpp_minimal_publisherConfig.cmake
[1.147s] -- Up-to-date symlink: /home/labdoo/ros2_ws/install/examples_rclcpp_minimal_publisher/share/examples_rclcpp_minimal_publisher/cmake/examples_rclcpp_minimal_publisherConfig-version.cmake
[1.147s] -- Up-to-date symlink: /home/labdoo/ros2_ws/install/examples_rclcpp_minimal_publisher/share/examples_rclcpp_minimal_publisher/package.xml
[1.163s] Invoked command in '/home/labdoo/ros2_ws/build/examples_rclcpp_minimal_publisher' returned '0': CMAKE_PREFIX_PATH=/opt/ros/iron /usr/bin/cmake --install /home/labdoo/ros2_ws/build/examples_rclcpp_minimal_publisher
