[0.207s] Invoking command in '/home/labdoo/ros2_ws/build/examples_rclcpp_minimal_service': CMAKE_PREFIX_PATH=${CMAKE_PREFIX_PATH}:/home/labdoo/ros2_ws/install/launch_testing_examples:/home/labdoo/ros2_ws/install/examples_rclpy_pointcloud_publisher:/home/labdoo/ros2_ws/install/examples_rclpy_minimal_subscriber:/home/labdoo/ros2_ws/install/examples_rclpy_minimal_service:/home/labdoo/ros2_ws/install/examples_rclpy_minimal_publisher:/home/labdoo/ros2_ws/install/examples_rclpy_minimal_client:/home/labdoo/ros2_ws/install/examples_rclpy_minimal_action_server:/home/labdoo/ros2_ws/install/examples_rclpy_minimal_action_client:/home/labdoo/ros2_ws/install/examples_rclpy_guard_conditions:/home/labdoo/ros2_ws/install/examples_rclpy_executors:/opt/ros/iron:/home/labdoo/turtlebot3_ws/install/turtlebot3_teleop:/home/labdoo/turtlebot3_ws/install/turtlebot3_example:/home/labdoo/turtlebot3_ws/install/newpackage /usr/bin/cmake /home/labdoo/ros2_ws/src/examples/rclcpp/services/minimal_service -DCMAKE_INSTALL_PREFIX=/home/labdoo/ros2_ws/install/examples_rclcpp_minimal_service
[0.240s] -- Found ament_cmake: 2.0.4 (/opt/ros/iron/share/ament_cmake/cmake)
[0.650s] -- Override CMake install command with custom implementation using symlinks instead of copying resources
[0.659s] -- Found example_interfaces: 0.10.2 (/opt/ros/iron/share/example_interfaces/cmake)
[0.726s] -- Found rosidl_generator_c: 4.0.1 (/opt/ros/iron/share/rosidl_generator_c/cmake)
[0.749s] -- Found rosidl_generator_cpp: 4.0.1 (/opt/ros/iron/share/rosidl_generator_cpp/cmake)
[0.786s] -- Using all available rosidl_typesupport_c: rosidl_typesupport_fastrtps_c;rosidl_typesupport_introspection_c
[0.829s] -- Using all available rosidl_typesupport_cpp: rosidl_typesupport_fastrtps_cpp;rosidl_typesupport_introspection_cpp
[1.501s] -- Found rclcpp: 21.0.5 (/opt/ros/iron/share/rclcpp/cmake)
[1.752s] -- Found rmw_implementation_cmake: 7.1.0 (/opt/ros/iron/share/rmw_implementation_cmake/cmake)
[1.760s] -- Found rmw_fastrtps_cpp: 7.1.3 (/opt/ros/iron/share/rmw_fastrtps_cpp/cmake)
[2.102s] -- Using RMW implementation 'rmw_fastrtps_cpp' as default
[2.645s] -- Found ament_lint_auto: 0.14.3 (/opt/ros/iron/share/ament_lint_auto/cmake)
[2.943s] -- Added test 'copyright' to check source files copyright and LICENSE
[2.943s] -- Added test 'cppcheck' to perform static code analysis on C / C++ code
[2.944s] -- Configured cppcheck include dirs: 
[2.944s] -- Configured cppcheck exclude dirs and/or files: 
[2.949s] -- Added test 'cpplint' to check C / C++ code against the Google style
[2.950s] -- Configured cpplint exclude dirs and/or files: 
[2.951s] -- Added test 'lint_cmake' to check CMake code style
[2.953s] -- Added test 'uncrustify' to check C / C++ code style
[2.953s] -- Configured uncrustify additional arguments: 
[2.954s] -- Added test 'xmllint' to check XML markup files
[2.958s] -- Configuring done
[2.989s] -- Generating done
[2.998s] -- Build files have been written to: /home/labdoo/ros2_ws/build/examples_rclcpp_minimal_service
[3.191s] Invoked command in '/home/labdoo/ros2_ws/build/examples_rclcpp_minimal_service' returned '0': CMAKE_PREFIX_PATH=${CMAKE_PREFIX_PATH}:/home/labdoo/ros2_ws/install/launch_testing_examples:/home/labdoo/ros2_ws/install/examples_rclpy_pointcloud_publisher:/home/labdoo/ros2_ws/install/examples_rclpy_minimal_subscriber:/home/labdoo/ros2_ws/install/examples_rclpy_minimal_service:/home/labdoo/ros2_ws/install/examples_rclpy_minimal_publisher:/home/labdoo/ros2_ws/install/examples_rclpy_minimal_client:/home/labdoo/ros2_ws/install/examples_rclpy_minimal_action_server:/home/labdoo/ros2_ws/install/examples_rclpy_minimal_action_client:/home/labdoo/ros2_ws/install/examples_rclpy_guard_conditions:/home/labdoo/ros2_ws/install/examples_rclpy_executors:/opt/ros/iron:/home/labdoo/turtlebot3_ws/install/turtlebot3_teleop:/home/labdoo/turtlebot3_ws/install/turtlebot3_example:/home/labdoo/turtlebot3_ws/install/newpackage /usr/bin/cmake /home/labdoo/ros2_ws/src/examples/rclcpp/services/minimal_service -DCMAKE_INSTALL_PREFIX=/home/labdoo/ros2_ws/install/examples_rclcpp_minimal_service
[3.193s] Invoking command in '/home/labdoo/ros2_ws/build/examples_rclcpp_minimal_service': CMAKE_PREFIX_PATH=${CMAKE_PREFIX_PATH}:/home/labdoo/ros2_ws/install/launch_testing_examples:/home/labdoo/ros2_ws/install/examples_rclpy_pointcloud_publisher:/home/labdoo/ros2_ws/install/examples_rclpy_minimal_subscriber:/home/labdoo/ros2_ws/install/examples_rclpy_minimal_service:/home/labdoo/ros2_ws/install/examples_rclpy_minimal_publisher:/home/labdoo/ros2_ws/install/examples_rclpy_minimal_client:/home/labdoo/ros2_ws/install/examples_rclpy_minimal_action_server:/home/labdoo/ros2_ws/install/examples_rclpy_minimal_action_client:/home/labdoo/ros2_ws/install/examples_rclpy_guard_conditions:/home/labdoo/ros2_ws/install/examples_rclpy_executors:/opt/ros/iron:/home/labdoo/turtlebot3_ws/install/turtlebot3_teleop:/home/labdoo/turtlebot3_ws/install/turtlebot3_example:/home/labdoo/turtlebot3_ws/install/newpackage /usr/bin/cmake --build /home/labdoo/ros2_ws/build/examples_rclcpp_minimal_service -- -j4 -l4
[3.264s] [35m[1mConsolidate compiler generated dependencies of target service_main[0m
[3.288s] [100%] Built target service_main
[3.444s] Invoked command in '/home/labdoo/ros2_ws/build/examples_rclcpp_minimal_service' returned '0': CMAKE_PREFIX_PATH=${CMAKE_PREFIX_PATH}:/home/labdoo/ros2_ws/install/launch_testing_examples:/home/labdoo/ros2_ws/install/examples_rclpy_pointcloud_publisher:/home/labdoo/ros2_ws/install/examples_rclpy_minimal_subscriber:/home/labdoo/ros2_ws/install/examples_rclpy_minimal_service:/home/labdoo/ros2_ws/install/examples_rclpy_minimal_publisher:/home/labdoo/ros2_ws/install/examples_rclpy_minimal_client:/home/labdoo/ros2_ws/install/examples_rclpy_minimal_action_server:/home/labdoo/ros2_ws/install/examples_rclpy_minimal_action_client:/home/labdoo/ros2_ws/install/examples_rclpy_guard_conditions:/home/labdoo/ros2_ws/install/examples_rclpy_executors:/opt/ros/iron:/home/labdoo/turtlebot3_ws/install/turtlebot3_teleop:/home/labdoo/turtlebot3_ws/install/turtlebot3_example:/home/labdoo/turtlebot3_ws/install/newpackage /usr/bin/cmake --build /home/labdoo/ros2_ws/build/examples_rclcpp_minimal_service -- -j4 -l4
[4.059s] Invoking command in '/home/labdoo/ros2_ws/build/examples_rclcpp_minimal_service': CMAKE_PREFIX_PATH=${CMAKE_PREFIX_PATH}:/home/labdoo/ros2_ws/install/launch_testing_examples:/home/labdoo/ros2_ws/install/examples_rclpy_pointcloud_publisher:/home/labdoo/ros2_ws/install/examples_rclpy_minimal_subscriber:/home/labdoo/ros2_ws/install/examples_rclpy_minimal_service:/home/labdoo/ros2_ws/install/examples_rclpy_minimal_publisher:/home/labdoo/ros2_ws/install/examples_rclpy_minimal_client:/home/labdoo/ros2_ws/install/examples_rclpy_minimal_action_server:/home/labdoo/ros2_ws/install/examples_rclpy_minimal_action_client:/home/labdoo/ros2_ws/install/examples_rclpy_guard_conditions:/home/labdoo/ros2_ws/install/examples_rclpy_executors:/opt/ros/iron:/home/labdoo/turtlebot3_ws/install/turtlebot3_teleop:/home/labdoo/turtlebot3_ws/install/turtlebot3_example:/home/labdoo/turtlebot3_ws/install/newpackage /usr/bin/cmake --install /home/labdoo/ros2_ws/build/examples_rclcpp_minimal_service
[4.333s] -- Install configuration: ""
[4.334s] -- Execute custom install script
[4.334s] -- Up-to-date symlink: /home/labdoo/ros2_ws/install/examples_rclcpp_minimal_service/lib/examples_rclcpp_minimal_service/service_main
[4.334s] -- Up-to-date symlink: /home/labdoo/ros2_ws/install/examples_rclcpp_minimal_service/share/ament_index/resource_index/package_run_dependencies/examples_rclcpp_minimal_service
[4.335s] -- Up-to-date symlink: /home/labdoo/ros2_ws/install/examples_rclcpp_minimal_service/share/ament_index/resource_index/parent_prefix_path/examples_rclcpp_minimal_service
[4.335s] -- Up-to-date symlink: /home/labdoo/ros2_ws/install/examples_rclcpp_minimal_service/share/examples_rclcpp_minimal_service/environment/ament_prefix_path.sh
[4.335s] -- Up-to-date symlink: /home/labdoo/ros2_ws/install/examples_rclcpp_minimal_service/share/examples_rclcpp_minimal_service/environment/ament_prefix_path.dsv
[4.336s] -- Up-to-date symlink: /home/labdoo/ros2_ws/install/examples_rclcpp_minimal_service/share/examples_rclcpp_minimal_service/environment/path.sh
[4.336s] -- Up-to-date symlink: /home/labdoo/ros2_ws/install/examples_rclcpp_minimal_service/share/examples_rclcpp_minimal_service/environment/path.dsv
[4.336s] -- Up-to-date symlink: /home/labdoo/ros2_ws/install/examples_rclcpp_minimal_service/share/examples_rclcpp_minimal_service/local_setup.bash
[4.337s] -- Up-to-date symlink: /home/labdoo/ros2_ws/install/examples_rclcpp_minimal_service/share/examples_rclcpp_minimal_service/local_setup.sh
[4.337s] -- Up-to-date symlink: /home/labdoo/ros2_ws/install/examples_rclcpp_minimal_service/share/examples_rclcpp_minimal_service/local_setup.zsh
[4.337s] -- Up-to-date symlink: /home/labdoo/ros2_ws/install/examples_rclcpp_minimal_service/share/examples_rclcpp_minimal_service/local_setup.dsv
[4.338s] -- Symlinking: /home/labdoo/ros2_ws/install/examples_rclcpp_minimal_service/share/examples_rclcpp_minimal_service/package.dsv
[4.338s] -- Up-to-date symlink: /home/labdoo/ros2_ws/install/examples_rclcpp_minimal_service/share/ament_index/resource_index/packages/examples_rclcpp_minimal_service
[4.338s] -- Up-to-date symlink: /home/labdoo/ros2_ws/install/examples_rclcpp_minimal_service/share/examples_rclcpp_minimal_service/cmake/examples_rclcpp_minimal_serviceConfig.cmake
[4.339s] -- Up-to-date symlink: /home/labdoo/ros2_ws/install/examples_rclcpp_minimal_service/share/examples_rclcpp_minimal_service/cmake/examples_rclcpp_minimal_serviceConfig-version.cmake
[4.339s] -- Up-to-date symlink: /home/labdoo/ros2_ws/install/examples_rclcpp_minimal_service/share/examples_rclcpp_minimal_service/package.xml
[4.473s] Invoked command in '/home/labdoo/ros2_ws/build/examples_rclcpp_minimal_service' returned '0': CMAKE_PREFIX_PATH=${CMAKE_PREFIX_PATH}:/home/labdoo/ros2_ws/install/launch_testing_examples:/home/labdoo/ros2_ws/install/examples_rclpy_pointcloud_publisher:/home/labdoo/ros2_ws/install/examples_rclpy_minimal_subscriber:/home/labdoo/ros2_ws/install/examples_rclpy_minimal_service:/home/labdoo/ros2_ws/install/examples_rclpy_minimal_publisher:/home/labdoo/ros2_ws/install/examples_rclpy_minimal_client:/home/labdoo/ros2_ws/install/examples_rclpy_minimal_action_server:/home/labdoo/ros2_ws/install/examples_rclpy_minimal_action_client:/home/labdoo/ros2_ws/install/examples_rclpy_guard_conditions:/home/labdoo/ros2_ws/install/examples_rclpy_executors:/opt/ros/iron:/home/labdoo/turtlebot3_ws/install/turtlebot3_teleop:/home/labdoo/turtlebot3_ws/install/turtlebot3_example:/home/labdoo/turtlebot3_ws/install/newpackage /usr/bin/cmake --install /home/labdoo/ros2_ws/build/examples_rclcpp_minimal_service
