[0.144s] Invoking command in '/home/labdoo/ros2_ws1/build/my_package': CMAKE_PREFIX_PATH=/opt/ros/iron /usr/bin/cmake /home/labdoo/ros2_ws1/src/my_package -DCMAKE_INSTALL_PREFIX=/home/labdoo/ros2_ws1/install/my_package
[0.210s] -- The C compiler identification is GNU 11.4.0
[0.282s] -- The CXX compiler identification is GNU 11.4.0
[0.291s] -- Detecting C compiler ABI info
[0.370s] -- Detecting C compiler ABI info - done
[0.381s] -- Check for working C compiler: /usr/bin/cc - skipped
[0.381s] -- Detecting C compile features
[0.381s] -- Detecting C compile features - done
[0.386s] -- Detecting CXX compiler ABI info
[0.486s] -- Detecting CXX compiler ABI info - done
[0.497s] -- Check for working CXX compiler: /usr/bin/c++ - skipped
[0.497s] -- Detecting CXX compile features
[0.498s] -- Detecting CXX compile features - done
[0.504s] -- Found ament_cmake: 2.0.4 (/opt/ros/iron/share/ament_cmake/cmake)
[0.746s] -- Found Python3: /usr/bin/python3.10 (found version "3.10.12") found components: Interpreter 
[0.875s] -- Found ament_lint_auto: 0.14.3 (/opt/ros/iron/share/ament_lint_auto/cmake)
[0.991s] -- Added test 'cppcheck' to perform static code analysis on C / C++ code
[0.992s] -- Configured cppcheck include dirs: $<BUILD_INTERFACE:/home/labdoo/ros2_ws1/src/my_package/include>
[0.992s] -- Configured cppcheck exclude dirs and/or files: 
[0.993s] -- Added test 'lint_cmake' to check CMake code style
[0.994s] -- Added test 'uncrustify' to check C / C++ code style
[0.995s] -- Configured uncrustify additional arguments: 
[0.996s] -- Added test 'xmllint' to check XML markup files
[0.998s] -- Configuring done
[1.003s] -- Generating done
[1.005s] -- Build files have been written to: /home/labdoo/ros2_ws1/build/my_package
[1.010s] Invoked command in '/home/labdoo/ros2_ws1/build/my_package' returned '0': CMAKE_PREFIX_PATH=/opt/ros/iron /usr/bin/cmake /home/labdoo/ros2_ws1/src/my_package -DCMAKE_INSTALL_PREFIX=/home/labdoo/ros2_ws1/install/my_package
[1.014s] Invoking command in '/home/labdoo/ros2_ws1/build/my_package': CMAKE_PREFIX_PATH=/opt/ros/iron /usr/bin/cmake --build /home/labdoo/ros2_ws1/build/my_package -- -j4 -l4
[1.070s] [ 50%] [32mBuilding CXX object CMakeFiles/my_node.dir/src/my_node.cpp.o[0m
[1.120s] [100%] [32m[1mLinking CXX executable my_node[0m
[1.181s] [100%] Built target my_node
[1.193s] Invoked command in '/home/labdoo/ros2_ws1/build/my_package' returned '0': CMAKE_PREFIX_PATH=/opt/ros/iron /usr/bin/cmake --build /home/labdoo/ros2_ws1/build/my_package -- -j4 -l4
[1.229s] Invoking command in '/home/labdoo/ros2_ws1/build/my_package': CMAKE_PREFIX_PATH=/opt/ros/iron /usr/bin/cmake --install /home/labdoo/ros2_ws1/build/my_package
[1.238s] -- Install configuration: ""
[1.238s] -- Installing: /home/labdoo/ros2_ws1/install/my_package/lib/my_package/my_node
[1.239s] -- Installing: /home/labdoo/ros2_ws1/install/my_package/share/ament_index/resource_index/package_run_dependencies/my_package
[1.239s] -- Installing: /home/labdoo/ros2_ws1/install/my_package/share/ament_index/resource_index/parent_prefix_path/my_package
[1.239s] -- Installing: /home/labdoo/ros2_ws1/install/my_package/share/my_package/environment/ament_prefix_path.sh
[1.240s] -- Installing: /home/labdoo/ros2_ws1/install/my_package/share/my_package/environment/ament_prefix_path.dsv
[1.240s] -- Installing: /home/labdoo/ros2_ws1/install/my_package/share/my_package/environment/path.sh
[1.240s] -- Installing: /home/labdoo/ros2_ws1/install/my_package/share/my_package/environment/path.dsv
[1.240s] -- Installing: /home/labdoo/ros2_ws1/install/my_package/share/my_package/local_setup.bash
[1.241s] -- Installing: /home/labdoo/ros2_ws1/install/my_package/share/my_package/local_setup.sh
[1.241s] -- Installing: /home/labdoo/ros2_ws1/install/my_package/share/my_package/local_setup.zsh
[1.241s] -- Installing: /home/labdoo/ros2_ws1/install/my_package/share/my_package/local_setup.dsv
[1.241s] -- Installing: /home/labdoo/ros2_ws1/install/my_package/share/my_package/package.dsv
[1.242s] -- Installing: /home/labdoo/ros2_ws1/install/my_package/share/ament_index/resource_index/packages/my_package
[1.242s] -- Installing: /home/labdoo/ros2_ws1/install/my_package/share/my_package/cmake/my_packageConfig.cmake
[1.242s] -- Installing: /home/labdoo/ros2_ws1/install/my_package/share/my_package/cmake/my_packageConfig-version.cmake
[1.242s] -- Installing: /home/labdoo/ros2_ws1/install/my_package/share/my_package/package.xml
[1.245s] Invoked command in '/home/labdoo/ros2_ws1/build/my_package' returned '0': CMAKE_PREFIX_PATH=/opt/ros/iron /usr/bin/cmake --install /home/labdoo/ros2_ws1/build/my_package
