[0.959s] Invoking command in '/home/labdoo/ros2_ws/build/urdf_tutorial': /usr/bin/cmake /home/labdoo/ros2_ws/src/urdf_tutorial -DCATKIN_INSTALL_INTO_PREFIX_ROOT=0 -DCMAKE_INSTALL_PREFIX=/home/labdoo/ros2_ws/install/urdf_tutorial
[0.981s] -- Found ament_cmake: 2.0.4 (/opt/ros/iron/share/ament_cmake/cmake)
[1.213s] -- Found ament_lint_auto: 0.14.3 (/opt/ros/iron/share/ament_lint_auto/cmake)
[1.313s] -- Found ament_cmake_gtest: 2.3.2 (/home/labdoo/ros2_ws/install/ament_cmake_gtest/share/ament_cmake_gtest/cmake)
[1.314s] -- Found gtest sources under '/opt/ros/iron/src/gtest_vendor': C++ tests using 'Google Test' will be built
[1.318s] -- Configuring done
[1.320s] [31mCMake Error at /home/labdoo/ros2_ws/install/ament_cmake_gtest/share/ament_cmake_gtest/cmake/ament_add_gtest_executable.cmake:50 (add_executable):
[1.320s]   Cannot find source file:
[1.321s] 
[1.321s]     test/urdf_tutorial_test.cpp
[1.321s] 
[1.321s]   Tried extensions .c .C .c++ .cc .cpp .cxx .cu .mpp .m .M .mm .ixx .cppm .h
[1.322s]   .hh .h++ .hm .hpp .hxx .in .txx .f .F .for .f77 .f90 .f95 .f03 .hip .ispc
[1.322s] Call Stack (most recent call first):
[1.322s]   /home/labdoo/ros2_ws/install/ament_cmake_gtest/share/ament_cmake_gtest/cmake/ament_add_gtest_executable.cmake:37 (_ament_add_gtest_executable)
[1.323s]   /home/labdoo/ros2_ws/install/ament_cmake_gtest/share/ament_cmake_gtest/cmake/ament_add_gtest.cmake:68 (ament_add_gtest_executable)
[1.323s]   CMakeLists.txt:12 (ament_add_gtest)
[1.323s] 
[1.324s] [0m
[1.324s] [31mCMake Error at /home/labdoo/ros2_ws/install/ament_cmake_gtest/share/ament_cmake_gtest/cmake/ament_add_gtest_executable.cmake:50 (add_executable):
[1.324s]   No SOURCES given to target: urdf_tutorial_test
[1.325s] Call Stack (most recent call first):
[1.325s]   /home/labdoo/ros2_ws/install/ament_cmake_gtest/share/ament_cmake_gtest/cmake/ament_add_gtest_executable.cmake:37 (_ament_add_gtest_executable)
[1.325s]   /home/labdoo/ros2_ws/install/ament_cmake_gtest/share/ament_cmake_gtest/cmake/ament_add_gtest.cmake:68 (ament_add_gtest_executable)
[1.326s]   CMakeLists.txt:12 (ament_add_gtest)
[1.326s] 
[1.326s] [0m
[1.326s] [0mCMake Generate step failed.  Build files cannot be regenerated correctly.[0m
[1.469s] Invoked command in '/home/labdoo/ros2_ws/build/urdf_tutorial' returned '1': /usr/bin/cmake /home/labdoo/ros2_ws/src/urdf_tutorial -DCATKIN_INSTALL_INTO_PREFIX_ROOT=0 -DCMAKE_INSTALL_PREFIX=/home/labdoo/ros2_ws/install/urdf_tutorial
