[3.155s] Invoking command in '/home/labdoo/ros2_ws/src/examples/rclpy/topics/pointcloud_publisher': PYTHONPATH=/home/labdoo/ros2_ws/build/examples_rclpy_pointcloud_publisher/prefix_override:/home/labdoo/ros2_ws/install/examples_rclpy_pointcloud_publisher/lib/python3.10/site-packages:${PYTHONPATH} /usr/bin/python3 setup.py egg_info --egg-base ../../../../../build/examples_rclpy_pointcloud_publisher build --build-base /home/labdoo/ros2_ws/build/examples_rclpy_pointcloud_publisher/build install --record /home/labdoo/ros2_ws/build/examples_rclpy_pointcloud_publisher/install.log --single-version-externally-managed
[3.887s] running egg_info
[3.889s] writing ../../../../../build/examples_rclpy_pointcloud_publisher/examples_rclpy_pointcloud_publisher.egg-info/PKG-INFO
[3.890s] writing dependency_links to ../../../../../build/examples_rclpy_pointcloud_publisher/examples_rclpy_pointcloud_publisher.egg-info/dependency_links.txt
[3.890s] writing entry points to ../../../../../build/examples_rclpy_pointcloud_publisher/examples_rclpy_pointcloud_publisher.egg-info/entry_points.txt
[3.890s] writing requirements to ../../../../../build/examples_rclpy_pointcloud_publisher/examples_rclpy_pointcloud_publisher.egg-info/requires.txt
[3.890s] writing top-level names to ../../../../../build/examples_rclpy_pointcloud_publisher/examples_rclpy_pointcloud_publisher.egg-info/top_level.txt
[3.898s] reading manifest file '../../../../../build/examples_rclpy_pointcloud_publisher/examples_rclpy_pointcloud_publisher.egg-info/SOURCES.txt'
[3.900s] writing manifest file '../../../../../build/examples_rclpy_pointcloud_publisher/examples_rclpy_pointcloud_publisher.egg-info/SOURCES.txt'
[3.901s] running build
[3.901s] running build_py
[3.901s] running install
[3.901s] /usr/lib/python3/dist-packages/setuptools/command/install.py:34: SetuptoolsDeprecationWarning: setup.py install is deprecated. Use build and pip and other standards-based tools.
[3.901s]   warnings.warn(
[3.902s] running install_lib
[3.906s] running install_data
[3.907s] running install_egg_info
[3.911s] removing '/home/labdoo/ros2_ws/install/examples_rclpy_pointcloud_publisher/lib/python3.10/site-packages/examples_rclpy_pointcloud_publisher-0.18.0-py3.10.egg-info' (and everything under it)
[3.911s] Copying ../../../../../build/examples_rclpy_pointcloud_publisher/examples_rclpy_pointcloud_publisher.egg-info to /home/labdoo/ros2_ws/install/examples_rclpy_pointcloud_publisher/lib/python3.10/site-packages/examples_rclpy_pointcloud_publisher-0.18.0-py3.10.egg-info
[3.913s] running install_scripts
[3.951s] Installing pointcloud_publisher script to /home/labdoo/ros2_ws/install/examples_rclpy_pointcloud_publisher/lib/examples_rclpy_pointcloud_publisher
[3.952s] writing list of installed files to '/home/labdoo/ros2_ws/build/examples_rclpy_pointcloud_publisher/install.log'
[4.154s] Invoked command in '/home/labdoo/ros2_ws/src/examples/rclpy/topics/pointcloud_publisher' returned '0': PYTHONPATH=/home/labdoo/ros2_ws/build/examples_rclpy_pointcloud_publisher/prefix_override:/home/labdoo/ros2_ws/install/examples_rclpy_pointcloud_publisher/lib/python3.10/site-packages:${PYTHONPATH} /usr/bin/python3 setup.py egg_info --egg-base ../../../../../build/examples_rclpy_pointcloud_publisher build --build-base /home/labdoo/ros2_ws/build/examples_rclpy_pointcloud_publisher/build install --record /home/labdoo/ros2_ws/build/examples_rclpy_pointcloud_publisher/install.log --single-version-externally-managed
