[0.397s] Invoking command in '/home/labdoo/ros2_ws/build/cpp_srvcli': CMAKE_PREFIX_PATH=/opt/ros/iron /usr/bin/cmake --build /home/labdoo/ros2_ws/build/cpp_srvcli -- -j4 -l4
[0.475s] -- Found ament_cmake: 2.0.4 (/opt/ros/iron/share/ament_cmake/cmake)
[0.812s] -- Found rclcpp: 21.0.5 (/opt/ros/iron/share/rclcpp/cmake)
[0.888s] -- Found rosidl_generator_c: 4.0.1 (/opt/ros/iron/share/rosidl_generator_c/cmake)
[0.902s] -- Found rosidl_generator_cpp: 4.0.1 (/opt/ros/iron/share/rosidl_generator_cpp/cmake)
[0.925s] -- Using all available rosidl_typesupport_c: rosidl_typesupport_fastrtps_c;rosidl_typesupport_introspection_c
[0.974s] -- Using all available rosidl_typesupport_cpp: rosidl_typesupport_fastrtps_cpp;rosidl_typesupport_introspection_cpp
[1.237s] -- Found rmw_implementation_cmake: 7.1.0 (/opt/ros/iron/share/rmw_implementation_cmake/cmake)
[1.240s] -- Found rmw_fastrtps_cpp: 7.1.3 (/opt/ros/iron/share/rmw_fastrtps_cpp/cmake)
[1.439s] -- Using RMW implementation 'rmw_fastrtps_cpp' as default
[1.707s] -- Found example_interfaces: 0.10.2 (/opt/ros/iron/share/example_interfaces/cmake)
[2.245s] -- Configuring done
[2.269s] -- Generating done
[2.272s] -- Build files have been written to: /home/labdoo/ros2_ws/build/cpp_srvcli
[2.311s] [35m[1mConsolidate compiler generated dependencies of target server[0m
[2.317s] [35m[1mConsolidate compiler generated dependencies of target client[0m
[2.340s] [ 25%] [32mBuilding CXX object CMakeFiles/client.dir/src/add_two_ints_client.cpp.o[0m
[2.344s] [ 50%] [32mBuilding CXX object CMakeFiles/server.dir/src/add_two_ints_server.cpp.o[0m
[11.623s] [ 75%] [32m[1mLinking CXX executable server[0m
[12.018s] [100%] [32m[1mLinking CXX executable client[0m
[12.254s] [100%] Built target server
[12.323s] [100%] Built target client
[12.605s] Invoked command in '/home/labdoo/ros2_ws/build/cpp_srvcli' returned '0': CMAKE_PREFIX_PATH=/opt/ros/iron /usr/bin/cmake --build /home/labdoo/ros2_ws/build/cpp_srvcli -- -j4 -l4
[13.640s] Invoking command in '/home/labdoo/ros2_ws/build/cpp_srvcli': CMAKE_PREFIX_PATH=/opt/ros/iron /usr/bin/cmake --install /home/labdoo/ros2_ws/build/cpp_srvcli
[13.656s] -- Install configuration: ""
[13.656s] -- Installing: /home/labdoo/ros2_ws/install/cpp_srvcli/lib/cpp_srvcli/server
[13.657s] -- Set runtime path of "/home/labdoo/ros2_ws/install/cpp_srvcli/lib/cpp_srvcli/server" to ""
[13.657s] -- Installing: /home/labdoo/ros2_ws/install/cpp_srvcli/lib/cpp_srvcli/client
[13.657s] -- Set runtime path of "/home/labdoo/ros2_ws/install/cpp_srvcli/lib/cpp_srvcli/client" to ""
[13.658s] -- Up-to-date: /home/labdoo/ros2_ws/install/cpp_srvcli/share/ament_index/resource_index/package_run_dependencies/cpp_srvcli
[13.658s] -- Up-to-date: /home/labdoo/ros2_ws/install/cpp_srvcli/share/ament_index/resource_index/parent_prefix_path/cpp_srvcli
[13.658s] -- Up-to-date: /home/labdoo/ros2_ws/install/cpp_srvcli/share/cpp_srvcli/environment/ament_prefix_path.sh
[13.658s] -- Up-to-date: /home/labdoo/ros2_ws/install/cpp_srvcli/share/cpp_srvcli/environment/ament_prefix_path.dsv
[13.659s] -- Up-to-date: /home/labdoo/ros2_ws/install/cpp_srvcli/share/cpp_srvcli/environment/path.sh
[13.659s] -- Up-to-date: /home/labdoo/ros2_ws/install/cpp_srvcli/share/cpp_srvcli/environment/path.dsv
[13.659s] -- Up-to-date: /home/labdoo/ros2_ws/install/cpp_srvcli/share/cpp_srvcli/local_setup.bash
[13.660s] -- Up-to-date: /home/labdoo/ros2_ws/install/cpp_srvcli/share/cpp_srvcli/local_setup.sh
[13.660s] -- Up-to-date: /home/labdoo/ros2_ws/install/cpp_srvcli/share/cpp_srvcli/local_setup.zsh
[13.661s] -- Up-to-date: /home/labdoo/ros2_ws/install/cpp_srvcli/share/cpp_srvcli/local_setup.dsv
[13.661s] -- Installing: /home/labdoo/ros2_ws/install/cpp_srvcli/share/cpp_srvcli/package.dsv
[13.661s] -- Up-to-date: /home/labdoo/ros2_ws/install/cpp_srvcli/share/ament_index/resource_index/packages/cpp_srvcli
[13.663s] -- Up-to-date: /home/labdoo/ros2_ws/install/cpp_srvcli/share/cpp_srvcli/cmake/cpp_srvcliConfig.cmake
[13.664s] -- Up-to-date: /home/labdoo/ros2_ws/install/cpp_srvcli/share/cpp_srvcli/cmake/cpp_srvcliConfig-version.cmake
[13.664s] -- Installing: /home/labdoo/ros2_ws/install/cpp_srvcli/share/cpp_srvcli/package.xml
[13.669s] Invoked command in '/home/labdoo/ros2_ws/build/cpp_srvcli' returned '0': CMAKE_PREFIX_PATH=/opt/ros/iron /usr/bin/cmake --install /home/labdoo/ros2_ws/build/cpp_srvcli
