[3.771s] Invoking command in '/home/labdoo/ros2_ws/src/examples/rclpy/topics/pointcloud_publisher': PYTHONPATH=/home/labdoo/ros2_ws/build/examples_rclpy_pointcloud_publisher/prefix_override:/home/labdoo/ros2_ws/install/examples_rclpy_pointcloud_publisher/lib/python3.10/site-packages:${PYTHONPATH} /usr/bin/python3 setup.py egg_info --egg-base ../../../../../build/examples_rclpy_pointcloud_publisher build --build-base /home/labdoo/ros2_ws/build/examples_rclpy_pointcloud_publisher/build install --record /home/labdoo/ros2_ws/build/examples_rclpy_pointcloud_publisher/install.log --single-version-externally-managed
[4.694s] running egg_info
[4.696s] writing ../../../../../build/examples_rclpy_pointcloud_publisher/examples_rclpy_pointcloud_publisher.egg-info/PKG-INFO
[4.696s] writing dependency_links to ../../../../../build/examples_rclpy_pointcloud_publisher/examples_rclpy_pointcloud_publisher.egg-info/dependency_links.txt
[4.697s] writing entry points to ../../../../../build/examples_rclpy_pointcloud_publisher/examples_rclpy_pointcloud_publisher.egg-info/entry_points.txt
[4.697s] writing requirements to ../../../../../build/examples_rclpy_pointcloud_publisher/examples_rclpy_pointcloud_publisher.egg-info/requires.txt
[4.697s] writing top-level names to ../../../../../build/examples_rclpy_pointcloud_publisher/examples_rclpy_pointcloud_publisher.egg-info/top_level.txt
[4.706s] reading manifest file '../../../../../build/examples_rclpy_pointcloud_publisher/examples_rclpy_pointcloud_publisher.egg-info/SOURCES.txt'
[4.709s] writing manifest file '../../../../../build/examples_rclpy_pointcloud_publisher/examples_rclpy_pointcloud_publisher.egg-info/SOURCES.txt'
[4.709s] running build
[4.710s] running build_py
[4.710s] running install
[4.711s] /usr/lib/python3/dist-packages/setuptools/command/install.py:34: SetuptoolsDeprecationWarning: setup.py install is deprecated. Use build and pip and other standards-based tools.
[4.711s]   warnings.warn(
[4.711s] running install_lib
[4.716s] running install_data
[4.718s] running install_egg_info
[4.724s] removing '/home/labdoo/ros2_ws/install/examples_rclpy_pointcloud_publisher/lib/python3.10/site-packages/examples_rclpy_pointcloud_publisher-0.18.0-py3.10.egg-info' (and everything under it)
[4.724s] Copying ../../../../../build/examples_rclpy_pointcloud_publisher/examples_rclpy_pointcloud_publisher.egg-info to /home/labdoo/ros2_ws/install/examples_rclpy_pointcloud_publisher/lib/python3.10/site-packages/examples_rclpy_pointcloud_publisher-0.18.0-py3.10.egg-info
[4.727s] running install_scripts
[4.794s] Installing pointcloud_publisher script to /home/labdoo/ros2_ws/install/examples_rclpy_pointcloud_publisher/lib/examples_rclpy_pointcloud_publisher
[4.795s] writing list of installed files to '/home/labdoo/ros2_ws/build/examples_rclpy_pointcloud_publisher/install.log'
[5.197s] Invoked command in '/home/labdoo/ros2_ws/src/examples/rclpy/topics/pointcloud_publisher' returned '0': PYTHONPATH=/home/labdoo/ros2_ws/build/examples_rclpy_pointcloud_publisher/prefix_override:/home/labdoo/ros2_ws/install/examples_rclpy_pointcloud_publisher/lib/python3.10/site-packages:${PYTHONPATH} /usr/bin/python3 setup.py egg_info --egg-base ../../../../../build/examples_rclpy_pointcloud_publisher build --build-base /home/labdoo/ros2_ws/build/examples_rclpy_pointcloud_publisher/build install --record /home/labdoo/ros2_ws/build/examples_rclpy_pointcloud_publisher/install.log --single-version-externally-managed
